Thu Nov 12 15:55:03 CST 2015 Executing: /usr/dhafw/bin/mpread
Thu Nov 12 15:55:03 2015
Geo Red status    ACTIVE
DB zone           2
DB access         OK_RW
Operator Status   MASTER
Global Status     The master is secured
Mode              BACKEND
Global checkpoint 2551176
Size of data      411
Automatic Swo     enable
Manage stale status     yes
Read on standby         enable
Stale Status            no
Max replication latency 5
Low replication latency 2

Thu Nov 12 16:00:03 CST 2015 Executing: /usr/dhafw/bin/mpread
Thu Nov 12 16:00:04 2015
Geo Red status    ACTIVE
DB zone           2
DB access         OK_RW
Operator Status   MASTER
Global Status     The master is secured
Mode              BACKEND
Global checkpoint 2551466
Size of data      434
Automatic Swo     enable
Manage stale status     yes
Read on standby         enable
Stale Status            no
Max replication latency 5
Low replication latency 2

Thu Nov 12 16:05:04 CST 2015 Executing: /usr/dhafw/bin/mpread
Thu Nov 12 16:05:04 2015
Geo Red status    ACTIVE
DB zone           2
DB access         OK_RW
Operator Status   MASTER
Global Status     The master is secured
Mode              BACKEND
Global checkpoint 2551744
Size of data      389
Automatic Swo     enable
Manage stale status     yes
Read on standby         enable
Stale Status            no
Max replication latency 5
Low replication latency 2

Thu Nov 12 16:10:04 CST 2015 Executing: /usr/dhafw/bin/mpread
Thu Nov 12 16:10:04 2015
Geo Red status    ACTIVE
DB zone           2
DB access         OK_RW
Operator Status   MASTER
Global Status     The master is secured
Mode              BACKEND
Global checkpoint 2552033
Size of data      398
Automatic Swo     enable
Manage stale status     yes
Read on standby         enable
Stale Status            no
Max replication latency 5
Low replication latency 2

Thu Nov 12 16:15:04 CST 2015 Executing: /usr/dhafw/bin/mpread
Thu Nov 12 16:15:04 2015
Geo Red status    ACTIVE
DB zone           2
DB access         OK_RW
Operator Status   MASTER
Global Status     The master is secured
Mode              BACKEND
Global checkpoint 2552322
Size of data      411
Automatic Swo     enable
Manage stale status     yes
Read on standby         enable
Stale Status            no
Max replication latency 5
Low replication latency 2

