procs -----------memory---------- ---swap-- -----io---- --system-- -----cpu-----
 r  b   swpd   free   buff  cache   si   so    bi    bo   in   cs us sy id wa st
 7  0 1001164 178360 1981992 2184252    0    0    29   490    3    1  9 12 76  3  0	
 2  0 1001164 158484 1982288 2185844    0    0   155   577 13023 13851 35 42 22  1  0	
 0  0 1001164 158484 1978400 2186824    0    0    26   435 14444 13377 21 25 53  1  0	
 2  0 1001484 238672 1958296 2138572    0   64    58  1905 14928 14625 26 44 27  2  0	
 8  0 1001484 235004 1958704 2139544    0    0    77   566 14987 15935 27 50 23  1  0	
25  0 1001484 223716 1958992 2140568    0    0    52   655 14835 15964 26 51 23  0  0	
 3  0 1001484 220504 1959288 2141560    0    0    51  1864 14190 14934 27 49 22  2  0	
 0  0 1001484 217460 1959452 2142584    0    0    26   410 15794 14584 15 19 65  2  0	
 3  1 1001484 225704 1959880 2143600    0    0    77   510 14190 15444 31 45 23  0  0	
 3  0 1001484 218644 1960160 2144608    0    0    51  1922 15651 16234 23 53 21  3  0	
 3  0 1001484 219736 1960460 2145616    0    0    51   482 14168 15636 27 55 17  1  0	
 3  0 1001484 218124 1960768 2146612    0    0    51   632 13762 15550 27 57 16  0  0	
 3  0 1001484 216388 1961068 2147624    0    0    53  1700 14697 15468 25 56 18  2  0	
 3  0 1001484 217512 1961372 2148616    0    0    51   302 13885 15672 29 56 15  0  0	
 3  1 1001484 218272 1961672 2149620    0    0    51  1920 15445 15578 23 49 27  2  0	
 1  0 1001484 213828 1961968 2150588    0    0    51   696 13651 15662 29 56 14  1  0	
 4  0 1001484 211752 1962236 2151592    0    0    51   241 15301 15744 22 54 24  0  0	
 2  0 1001484 208596 1962524 2152620    0    0    51  2211 14280 15651 27 56 16  1  0	
 2  0 1001484 209208 1962824 2153596    0    0    51   460 14674 15788 24 54 22  1  0	
 3  0 1001484 204304 1963132 2154604    0    0    51   690 14575 15583 27 56 17  0  0	
 3  0 1001484 205808 1963436 2155588    0    0    51  1721 15775 16261 23 50 24  3  0	
procs -----------memory---------- ---swap-- -----io---- --system-- -----cpu-----
 r  b   swpd   free   buff  cache   si   so    bi    bo   in   cs us sy id wa st
 0  0 1001484 207004 1963724 2156576    0    0    51   390 15888 16254 18 52 29  0  0	
44  0 1001484 202280 1964020 2157580    0    0    51   350 14761 16052 26 50 23  0  0	
 5  1 1001484 204124 1964068 2158564    0    0     0  1854 16033 16074 20 52 25  3  0	
 3  0 1001484 203628 1964624 2159544    0    0   102   785 15542 16289 22 53 25  1  0	
 3  0 1001484 202400 1964912 2160552    0    0    51   149 14878 15868 24 54 22  0  0	
 2  0 1001484 199896 1965196 2161544    0    0    51  2198 15731 15982 23 51 23  2  0	
 3  0 1001484 193132 1965492 2162532    0    0    51   326 15109 16011 23 53 24  0  0	
 2  0 1001484 194960 1965792 2163540    0    0    51   446 15502 15757 22 48 30  1  0	
 3  1 1001484 194960 1966088 2164540    0    0    51   689 15214 16067 25 52 23  0  0	
 1  0 1001484 196932 1966392 2165536    0    0    51  1817 15564 15694 21 52 24  2  0	
 1  0 1001484 194592 1966684 2166520    0    0    51   311 15282 15913 22 53 25  0  0	
 2  1 1001484 189692 1966964 2167528    0    0    51  1599 15668 16167 24 52 23  1  0	
 1  0 1001484 191344 1967268 2168516    0    0    51   948 14995 15763 23 51 25  1  0	
 2  0 1001484 190228 1967552 2169532    0    0    51   358 15474 16091 23 50 27  0  0	
 3  0 1001484 179180 1967848 2170520    0    0    51   981 16059 16464 21 49 28  2  0	
 5  0 1001484 185112 1968120 2171520    0    0    51  1571 15357 16077 24 55 20  1  0	
 1  0 1001484 186244 1968428 2172516    0    0    51   355 15735 16010 21 51 28  0  0	
 2  0 1001484 183124 1968736 2173504    0    0    51   682 14819 15594 23 49 27  1  0	
 2  0 1001484 183276 1969028 2174500    0    0    51  1845 16231 16338 22 49 28  2  0	
 1  0 1001484 184440 1969312 2175492    0    0    51   335 15365 15981 21 52 27  0  0	
 2  1 1001484 181100 1969608 2176488    0    0    51  1022 15472 16354 23 51 24  2  0	
procs -----------memory---------- ---swap-- -----io---- --system-- -----cpu-----
 r  b   swpd   free   buff  cache   si   so    bi    bo   in   cs us sy id wa st
 6  0 1001484 177668 1969900 2177492    0    0    51  1588 15872 16304 22 53 23  2  0	
 4  0 1001484 170808 1970192 2178500    0    0    51   338 15542 16287 23 52 24  1  0	
 1  0 1001484 176424 1970496 2179468    0    0    51   598 15587 16120 21 50 28  1  0	
 5  0 1001484 175744 1966740 2180552    0    0    51  1872 15434 15899 24 53 22  1  0	
 1  1 1001484 180204 1966912 2181440    0    0    36   386 15380 15849 22 49 29  0  0	
 2  0 1001484 174864 1967336 2182444    0    0    77   562 15215 16001 24 53 22  1  0	
 1  0 1001484 176664 1967624 2183456    0    0    52  1996 15634 16252 24 52 22  2  0	
 4  0 1001484 174524 1967924 2184444    0    0    51   271 14940 15850 23 54 22  1  0	
 4  0 1001484 170592 1968228 2185436    0    0    51   489 15405 16156 23 53 24  0  0	
 4  0 1001532 157472 1964428 2186260    0   10    51  2063 15678 15978 24 52 22  2  0	
 3  0 1001756 168060 1956288 2187172    0   45     0   227 15770 16378 25 53 22  0  0	
 2  0 1001756 163240 1956844 2188152    0    0   102   698 17111 17888 23 53 23  2  0	
 3  0 1001756 224852 1957144 2140332    0    0    51  2059 17140 18681 25 51 22  2  0	
 4  0 1001828 229784 1957436 2140900    0   14    52   386 14962 15583 24 55 21  0  0	
 9  0 1001828 229752 1957736 2141884    0    0    51   566 15771 16164 21 53 25  1  0	
 7  0 1001828 223464 1958044 2142904    0    0    51  1954 15641 16247 24 53 21  1  0	
 3  0 1001828 226164 1958336 2143916    0    0    52   412 15725 16431 22 54 24  0  0	
 5  0 1001828 221164 1958632 2144904    0    0    51   704 15985 16385 22 53 24  1  0	
 6  0 1001828 219148 1958928 2146088    0    0    51  2078 15096 15751 27 53 17  3  0	
 1  0 1001828 217628 1959228 2147096    0    0    58   437 14042 16032 27 54 19  0  0	
 3  1 1001828 218568 1959544 2148096    0    0    51   942 15950 16352 22 53 24  1  0	
procs -----------memory---------- ---swap-- -----io---- --system-- -----cpu-----
 r  b   swpd   free   buff  cache   si   so    bi    bo   in   cs us sy id wa st
 3  0 1001828 218848 1959844 2149076    0    0    51  2502 15492 15801 24 53 21  2  0	
 3  0 1001828 218676 1960160 2150088    0    0    51   230 15245 15936 24 50 26  0  0	
 3  0 1001828 214816 1960452 2150936    0    0    52  2179 15059 15190 24 55 19  3  0	
 4  0 1001828 215312 1960508 2151948    0    0     0   520 15592 16481 22 55 21  2  0	
 0  0 1001828 199468 1961052 2152952    0    0   102   285 14932 15387 23 49 27  0  0	
 5  1 1001828 200588 1961092 2153980    0    0     0  1916 14995 13648 21 26 50  4  0	
 0  0 1001828 211420 1961640 2154980    0    0   102   620 14288 12495 13 14 72  1  0	
 1  0 1001828 212412 1961924 2155968    0    0    51   212 13859 11993 10 13 77  1  0	
 1  0 1001828 205116 1962236 2156984    0    0    51  2161 15110 13609 16 19 59  6  0	
 0  0 1001828 209148 1962520 2157996    0    0    54   630 14085 12357 13 18 68  2  0	
 1  0 1001828 205084 1962812 2159020    0    0    51   289 13915 12678 14 19 66  1  0	
 2  0 1001828 206992 1963112 2160020    0    0    51  2111 14401 12607 14 17 62  7  0	
 2  1 1001828 200052 1963412 2161028    0    0    51   332 14005 12459 12 15 71  1  0	
 0  1 1002008 203120 1963456 2161904    0   36     0   497 14217 12616 15 20 64  1  0	
 1  1 1002008 201416 1964004 2162896    0    0   102  1931 14223 12206  9 10 75  6  0	
 1  1 1002008 202664 1964296 2163920    0    0    51   629 14459 13383 16 19 64  1  0	
 1  1 1002008 200736 1964592 2164948    0    0    51   201 13734 12606 13 17 70  1  0	
 5  1 1002008 195476 1964892 2165948    0    0    51  2138 14410 12819 14 18 64  4  0	
 3  1 1002008 191340 1965204 2166944    0    0    51   397 14264 12727 13 16 69  2  0	
 1  1 1002008 198192 1965516 2167968    0    0    51   446 13889 12333 13 19 66  2  0	
 0  0 1002008 193192 1965820 2168996    0    0    51  2073 14450 13201 16 21 55  8  0	
procs -----------memory---------- ---swap-- -----io---- --system-- -----cpu-----
 r  b   swpd   free   buff  cache   si   so    bi    bo   in   cs us sy id wa st
 0  0 1002008 192176 1966120 2169992    0    0    51   530 13944 12419 11 14 74  2  0	
 1  0 1002008 189428 1966424 2171000    0    0    51   450 14323 13211 19 23 56  1  0	
 1  0 1002008 193080 1966736 2172000    0    0    51  1970 14317 12054  9 13 70  8  0	
 0  0 1002008 189912 1967028 2172988    0    0    51   419 14005 12859 16 19 65  1  0	
 0  0 1002008 190656 1967332 2173996    0    0    51   347 14019 12289 12 12 75  1  0	
 4  0 1002008 183696 1967636 2175000    0    0    51  2172 14353 12312 11 14 68  6  0	
 0  1 1002008 187652 1967924 2175980    0    0    51   420 14135 12761 14 17 67  1  0	
 0  1 1002008 182148 1968236 2177000    0    0    51   334 14345 12663 12 16 71  1  0	
 0  1 1002008 184208 1968524 2178016    0    0    51  2046 14898 13094 16 20 59  6  0	
 3  1 1002008 182404 1968928 2178988    0    0    74   476 13782 12021  7 10 82  1  0	
 4  1 1002008 177632 1969216 2180004    0    0    51   332 14849 13349 17 20 62  1  0	
 0  2 1002008 179148 1969512 2180996    0    0    51  2114 14381 12262 11 14 68  7  0	
 2  1 1002008 176256 1969816 2181992    0    0    51   467 14140 12714 12 15 71  1  0	
 0  1 1002008 176304 1970120 2183004    0    0    51   393 13883 12412 13 16 71  1  0	
 1  1 1002008 179648 1966060 2184004    0    0     0  1994 14627 13038 17 24 54  5  0	
 0  1 1002008 178216 1966608 2185012    0    0   102   263 13989 12633 13 15 71  1  0	
 5  1 1002008 172352 1966900 2185988    0    0    51   363 13683 12083 14 19 66  1  0	
 4  1 1002008 172572 1967188 2187028    0    0    51  2250 14861 13173 16 19 57  8  0	
 1  1 1002008 175800 1967488 2187984    0    0    51   359 13756 12032  7 11 81  1  0	
 3  1 1002008 169520 1967788 2189012    0    0    51   341 14022 13093 19 23 57  1  0	
 0  0 1002008 221308 1968084 2141180    0    0    51  2107 14595 12556 11 13 70  5  0	
procs -----------memory---------- ---swap-- -----io---- --system-- -----cpu-----
 r  b   swpd   free   buff  cache   si   so    bi    bo   in   cs us sy id wa st
 0  1 1002008 218740 1968368 2142164    0    0    51   458 13927 12440 13 16 71  1  0	
 0  0 1002008 219152 1968660 2143172    0    0    51   393 13843 12722 15 18 67  0  0	
10  0 1002008 205940 1968960 2144172    0    0    51  2078 14799 12900 12 13 68  7  0	
 2  0 1002008 214152 1969256 2145176    0    0    51   470 14473 13031 14 17 69  0  0	
 0  0 1002008 213764 1969560 2146172    0    0    51   355 13966 12248 12 15 72  1  0	
 1  0 1002008 211280 1969856 2147196    0    0    51  2042 14541 12983 15 18 62  5  0	
 0  0 1002008 209936 1970144 2148192    0    0    51   491 14223 12645 12 15 72  1  0	
 0  0 1002008 211952 1970440 2149168    0    0    51   296 13924 12492 11 15 73  1  0	
 0  0 1002008 209356 1970732 2150180    0    0    51  2155 14697 12714 12 13 68  7  0	
 1  0 1002008 204548 1971032 2151184    0    0    51   415 14078 12666 14 17 67  2  0	
 1  0 1002056 209856 1967132 2151872    0   10    51   350 14523 13327 17 24 58  1  0	
 1  0 1002056 209400 1967172 2152856    0    0     0  2085 14776 13075 15 17 64  5  0	
 3  0 1002056 186808 1967708 2153924    0    0   102   256 15579 14607 20 25 54  1  0	
 1  0 1002056 205944 1968016 2154932    0    0    51   375 15523 15194 15 22 62  1  0	
 0  0 1002056 203408 1968324 2155920    0    0    51  2084 15643 15753 16 20 58  5  0	
 3  0 1002056 198816 1968344 2156952    0    0     0   551 14209 12997 14 17 68  1  0	
 1  0 1002056 200152 1968904 2157936    0    0   102   356 13930 12560 14 18 66  2  0	
 4  0 1002056 202680 1969192 2158944    0    0    51  2178 14601 12771 15 18 60  7  0	
 1  0 1002056 198680 1969488 2159956    0    0    51   321 14034 12269 11 13 75  1  0	
 0  0 1002056 200012 1969776 2160956    0    0    51   365 14376 12988 15 16 69  1  0	
 1  0 1002056 196828 1970056 2161944    0    0    51  2034 14567 12605 12 16 67  5  0	
procs -----------memory---------- ---swap-- -----io---- --system-- -----cpu-----
 r  b   swpd   free   buff  cache   si   so    bi    bo   in   cs us sy id wa st
 0  0 1002056 197836 1970348 2162964    0    0    51   547 14177 12779 12 14 74  1  0	
 0  0 1002056 195008 1970652 2163948    0    0    51   275 14418 12821 16 20 63  1  0	
 3  0 1002056 194176 1970944 2164956    0    0    51  2143 14906 12712 12 14 68  5  0	
 0  0 1002056 193052 1971228 2165960    0    0    51   433 14180 12719 13 15 71  1  0	
 0  0 1002132 195720 1967456 2166928    0   15    51   214 13831 12420 13 18 68  1  0	
 2  0 1002132 191108 1967480 2167928    0    0     0  2207 14740 12968 13 16 64  7  0	
 0  0 1002132 195008 1968024 2168920    0    0   102   363 14111 12233 10 12 77  1  0	
 3  0 1002132 184968 1968320 2169944    0    0    51   458 14139 12938 19 24 56  1  0	
 0  1 1002132 191576 1968632 2170924    0    0    51  2284 14724 12664 12 17 65  6  0	
 3  0 1002132 187816 1968936 2171916    0    0    51   966 14094 12567 15 21 62  3  0	
 1  0 1002132 189624 1969232 2172912    0    0    51   278 14005 12643 14 17 69  1  0	
 1  1 1002132 184684 1969516 2173920    0    0    51  2264 14756 12491 12 14 67  7  0	
 1  1 1002132 185748 1969820 2174888    0    0    51   311 13889 12942 17 20 61  1  0	
 3  0 1002132 181160 1970132 2175936    0    0    51   319 14102 12216 10 15 73  2  0	
 0  0 1002132 178268 1970412 2176940    0    0    51  2035 14757 12531 12 14 68  6  0	
 0  0 1002132 181060 1970692 2177932    0    0    51   486 14256 13067 14 19 67  0  0	
 0  0 1002132 181828 1970984 2178952    0    0    51   398 13873 12337 12 15 72  1  0	
 1  1 1002132 177144 1971276 2179960    0    0    51  1360 14826 13300 15 16 66  3  0	
 0  0 1002132 179020 1971564 2180952    0    0    51  1248 14368 12452 13 15 69  3  0	
 0  0 1002132 173048 1971860 2181964    0    0    51   380 14403 13201 15 20 64  1  0	
 1  1 1002132 173700 1972144 2182956    0    0    51  1800 14340 12379 14 17 64  5  0	
procs -----------memory---------- ---swap-- -----io---- --system-- -----cpu-----
 r  b   swpd   free   buff  cache   si   so    bi    bo   in   cs us sy id wa st
 0  0 1002132 174024 1972440 2183968    0    0    51   551 13932 12256 11 12 75  2  0	
 3  0 1002132 171356 1972732 2184964    0    0    51   416 14071 12555 12 14 73  1  0	
 1  0 1002132 169224 1973032 2185972    0    0    51  2130 14717 12703 12 16 65  6  0	
 1  1 1002132 169976 1973332 2186984    0    0    51   543 14367 12863 14 16 69  1  0	
 2  0 1002132 167660 1973636 2187976    0    0    51   299 14591 13168 14 19 66  1  0	
 0  1 1002132 165128 1973932 2188996    0    0    51   734 14024 12662 15 19 64  2  0	
 1  0 1002212 162604 1970196 2189580    0   16    53  1698 14633 12630 15 20 60  6  0	
 2  0 1002212 215688 1970496 2141752    0    0    51   396 14201 12518 13 18 68  1  0	
 0  1 1002212 215908 1970792 2142748    0    0    51  1357 14537 12724 12 14 70  4  0	
 3  0 1002212 216668 1971092 2143764    0    0    54  1322 14433 12656 14 18 63  5  0	
 1  0 1002212 213468 1971388 2144776    0    0    51   346 14239 12907 15 20 64  1  0	
 1  0 1002212 213344 1971680 2145776    0    0    51   583 14194 12835 12 17 69  2  0	
 1  0 1002212 208520 1971968 2146772    0    0    51  1769 14415 12606 13 15 66  6  0	
 0  0 1002212 208124 1972268 2147780    0    0    51   312 13739 12395 13 16 70  1  0	
 0  0 1002212 208824 1972564 2148752    0    0    51  1408 13761 11915  9 12 76  3  0	
 2  0 1002212 205964 1972856 2149772    0    0    51  1231 14487 13064 14 18 64  4  0	
 2  0 1002212 204732 1973160 2150764    0    0    51   316 14094 12463 13 18 68  1  0	
 0  0 1002212 205772 1973448 2151780    0    0    51  2035 14737 12961 12 14 69  5  0	
 0  0 1002212 203400 1973740 2152724    0    0    51   547 13881 12501 12 16 70  1  0	
 1  0 1002212 202468 1974024 2153656    0    0    51   208 14176 12881 14 17 69  1  0	
 0  1 1002212 200580 1974332 2154592    0    0    51  1946 14283 12666 12 15 66  6  0	
procs -----------memory---------- ---swap-- -----io---- --system-- -----cpu-----
 r  b   swpd   free   buff  cache   si   so    bi    bo   in   cs us sy id wa st
 2  0 1002212 200540 1974628 2155544    0    0    51   755 13816 12316 12 16 70  1  0	
 5  0 1002212 193044 1974932 2156504    0    0    51   190 13802 12862 16 21 62  1  0	
 1  0 1002212 197108 1975228 2157456    0    0    51  2179 14157 12295 13 17 65  5  0	
 0  0 1002212 196528 1975516 2158400    0    0    51   310 14090 12896 14 18 67  1  0	
 1  0 1002212 200388 1971780 2159272    0    0    51   354 13654 12312 14 17 69  1  0	
 0  0 1002212 198256 1971820 2160236    0    0     0  2065 14648 13166 16 20 60  4  0	
 0  0 1002212 197676 1972376 2161180    0    0   102   550 13994 12591 11 13 75  1  0	
 0  0 1002212 195444 1972680 2162112    0    0    51   245 14031 12953 11 15 72  1  0	
 1  0 1002212 192744 1972980 2163084    0    0    51  2114 14541 13205 17 20 55  8  0	
 1  0 1002212 192652 1973268 2164052    0    0    51   414 13959 12541 10 12 77  1  0	
 2  0 1002212 188456 1973572 2165000    0    0    51   410 13540 12311 12 15 71  1  0	
 1  0 1002212 189972 1973888 2165956    0    0    51  2007 14928 13177 15 18 60  7  0	
 0  0 1002260 182344 1970100 2166936    0   10    51   552 14341 12829 16 17 66  1  0	
 1  0 1002260 180720 1966060 2167932    0    0     0   277 15146 14512 20 25 54  1  0	
 3  0 1002260 175084 1966624 2168896    0    0   105  2159 16296 14476 13 16 64  7  0	
 0  0 1002260 189048 1966904 2169924    0    0    51   265 15503 16393 15 18 66  1  0	
 0  0 1002340 193292 1963116 2170560    0   16    51   387 14821 15416 15 19 65  1  0	
 0  0 1002340 190424 1963396 2171580    0    0    51  2197 14688 12686 15 17 62  6  0	
 3  0 1002340 193976 1963708 2172564    0    0    51   424 14033 12836 13 15 71  1  0	
 1  0 1002340 190660 1964016 2173592    0    0    54   406 14137 13055 16 21 62  1  0	
 1  0 1002340 189952 1964312 2174604    0    0    51  2037 14391 12962 14 20 58  7  0	
procs -----------memory---------- ---swap-- -----io---- --system-- -----cpu-----
 r  b   swpd   free   buff  cache   si   so    bi    bo   in   cs us sy id wa st
 3  0 1002340 180424 1964608 2175600    0    0    51   488 14147 12551 13 17 69  1  0	
 1  0 1002340 185776 1964908 2176556    0    0    51   325 14192 12879 13 16 71  1  0	
 1  0 1002340 187080 1965216 2177572    0    0    51  2109 14076 12267 11 14 64 11  0	
 0  0 1002340 184712 1965512 2178556    0    0    51   474 14122 12741 16 18 64  1  0	
 1  0 1002340 185072 1965804 2179564    0    0    51   331 13990 12303 11 14 74  1  0	
 1  0 1002340 185288 1966112 2180548    0    0    51  2106 14410 12704 12 14 68  6  0	
 1  0 1002340 181964 1966408 2181576    0    0    51   359 14284 13016 16 19 64  1  0	
 1  0 1002340 180816 1966696 2182568    0    0    51   450 13733 12269 12 14 72  2  0	
 1  0 1002340 176808 1966992 2183544    0    0    51  2049 14454 12744 13 16 67  4  0	
 0  0 1002340 176276 1967284 2184540    0    0    51   500 14290 12578 10 13 76  1  0	
 1  0 1002340 176796 1967568 2185540    0    0    51   338 13965 13036 15 18 66  1  0	
 1  0 1002340 175804 1967856 2186560    0    0    51  2051 14512 12369 12 15 68  5  0	
 1  0 1002340 172144 1968148 2187556    0    0    51   383 13890 12605 13 15 71  1  0	
 2  0 1002340 174960 1968444 2188544    0    0    51   338 13762 12278 12 15 73  1  0	
 0  0 1002340 171416 1968748 2189532    0    0    51  2058 14849 13362 15 20 60  5  0	
 0  0 1002340 171828 1969068 2190536    0    0    51   380 13882 12526 13 15 71  1  0	
 4  0 1002340 213484 1969120 2142700    0    0     0   426 13988 12715 15 23 60  2  0	
 1  0 1002340 215376 1969676 2143720    0    0   102  2948 14746 12648 14 19 61  6  0	
 0  0 1002340 216300 1969972 2144684    0    0    51   590 13930 12410 12 15 72  1  0	
 2  1 1002340 214064 1970264 2145684    0    0    51   202 14179 12931 16 20 63  1  0	
 0  0 1002340 210424 1970544 2146708    0    0    51  2128 14230 12257 10 12 70  7  0	
procs -----------memory---------- ---swap-- -----io---- --system-- -----cpu-----
 r  b   swpd   free   buff  cache   si   so    bi    bo   in   cs us sy id wa st
 0  0 1002340 213052 1970856 2147696    0    0    51   499 14084 12576 11 14 73  1  0	
 0  0 1002340 210208 1971168 2148716    0    0    51   489 14468 13307 15 20 65  1  0	
 1  0 1002340 205268 1971472 2149708    0    0    51  1913 14401 12464 13 16 64  6  0	
 3  0 1002340 203880 1971756 2150716    0    0    51   448 14090 12718 13 16 70  1  0	
 1  0 1002340 207776 1972056 2151696    0    0    51   426 14070 12526 10 15 74  1  0	
 0  0 1002340 205596 1972348 2152700    0    0    51  2010 14776 12860 13 15 65  7  0	
 1  0 1002340 205440 1972636 2153704    0    0    51   519 14039 12574 13 16 69  1  0	
 0  0 1002340 199864 1972936 2154716    0    0    51   315 13870 12758 13 16 69  1  0	
 2  0 1002340 202276 1973228 2155704    0    0    51  2088 14775 13212 13 16 59 11  0	
 0  0 1002340 198448 1973520 2156724    0    0    51   416 14076 12472 13 16 69  1  0	
 5  0 1002340 197496 1973816 2157728    0    0    51   445 14026 12582 12 14 73  1  0	
 1  0 1002340 195752 1974124 2158708    0    0    51  2059 14522 12361 12 16 65  7  0	
 2  0 1002340 194576 1974436 2159720    0    0    51   482 14347 13245 14 18 67  1  0	
 2  0 1002340 194204 1974732 2160704    0    0    51   270 13987 13007 14 20 65  1  0	
 1  0 1002340 194628 1975024 2161700    0    0    51  2048 15319 13290 16 22 57  6  0	
 0  0 1002340 190660 1975328 2162720    0    0    51   462 14123 12653 12 15 72  1  0	
 1  0 1002340 191080 1975624 2163712    0    0    51   197 13936 12506 12 16 71  1  0	
 0  0 1002340 189360 1975920 2164720    0    0    51  2157 15152 13398 15 19 62  5  0	
 0  0 1002516 190092 1971868 2165732    0   35     0   467 13992 12338 11 14 73  1  0	
 5  0 1002516 181896 1972428 2166720    0    0   102   334 14315 13420 14 18 66  1  0	
 3  0 1002516 189528 1972728 2167736    0    0    51  2176 14455 12225 11 15 65  9  0	
procs -----------memory---------- ---swap-- -----io---- --system-- -----cpu-----
 r  b   swpd   free   buff  cache   si   so    bi    bo   in   cs us sy id wa st
 0  0 1002516 189188 1973024 2168720    0    0    52   449 14043 12635 13 15 71  2  0	
 0  0 1002516 188032 1973312 2169724    0    0    51   354 13899 12560 14 17 69  1  0	
 0  0 1002516 183868 1973604 2170740    0    0    51  2096 14382 12400 11 14 65 10  0	
 3  0 1002516 185404 1973896 2171716    0    0    51   464 14053 12467 12 14 73  1  0	
 0  0 1002516 183228 1974184 2172732    0    0    51   374 14360 13112 14 18 67  1  0	
 0  0 1002516 181288 1974476 2173732    0    0    51  2007 14562 12601 13 17 64  6  0	
 1  0 1002516 180320 1974764 2174716    0    0    51   418 14021 12274 10 12 77  1  0	
 0  0 1002516 181320 1975072 2175736    0    0    51   329 14046 12828 15 19 65  1  0	
 1  0 1002516 178684 1975380 2176732    0    0    51  2059 14328 12529 14 17 64  5  0	
 2  0 1002516 175164 1975676 2177768    0    0    51   530 14585 13673 15 20 64  1  0	
 1  0 1002516 173968 1975972 2178760    0    0    51   334 13911 12636 19 24 56  1  0	
 0  0 1002516 174232 1976264 2179724    0    0    51  2097 14660 12653 10 13 70  7  0	
 0  0 1002516 171420 1976544 2180764    0    0    51   269 14036 12759 14 20 65  1  0	
 1  0 1002516 169336 1976828 2181780    0    0    51   457 14300 12449 13 15 71  1  0	
 1  0 1002564 171300 1972896 2182736    0   10    26  1970 14550 12810 15 16 63  6  0	
 0  0 1002564 164472 1969112 2183484    0    0    55   582 15114 14197 18 21 61  1  0	
 0  0 1002564 159240 1969564 2184500    0    0    77   378 15349 14850 16 19 65  1  0	
 1  0 1002564 173168 1969852 2185508    0    0    51  2134 16022 15658 15 19 55 11  0	
 2  0 1002644 176892 1966056 2186396    0   16    51   362 14766 15293 16 20 64  1  0	
 0  0 1002644 175064 1966228 2187396    0    0    26   443 14110 12396 12 15 73  1  0	
 0  0 1002644 171576 1966660 2188380    0    0    77  2024 14489 12788 13 16 62  8  0	
procs -----------memory---------- ---swap-- -----io---- --system-- -----cpu-----
 r  b   swpd   free   buff  cache   si   so    bi    bo   in   cs us sy id wa st
 2  0 1002644 172592 1966944 2189372    0    0    51   472 13834 12241 11 14 73  1  0	
 2  0 1002644 167676 1967244 2190500    0    0    51   316 13849 12797 12 14 73  1  0	
 0  0 1002644 169180 1967548 2191368    0    0    51  2011 14370 12612 16 18 61  6  0	
 0  0 1002644 170036 1967836 2192380    0    0    51   455 13893 12376 11 14 74  1  0	
 3  0 1002644 215636 1968136 2144540    0    0    51   483 13758 12852 16 19 64  1  0	
 0  0 1002644 214760 1968436 2145540    0    0    51  2102 14591 12569 14 18 61  7  0	
 0  0 1002644 210232 1968740 2146544    0    0    51   446 13826 12370 12 15 72  1  0	
 0  0 1002644 211032 1969040 2147540    0    0    51   330 14400 13300 16 24 59  1  0	
 2  0 1002644 214268 1969336 2148524    0    0    51  2089 14219 11825  9 12 71  7  0	
 1  0 1002644 208916 1969364 2149532    0    0     0   461 13872 12824 16 19 64  1  0	
 1  0 1002644 209964 1969912 2150516    0    0   102   334 14260 12673 12 16 71  1  0	
10  0 1002644 203476 1970204 2151532    0    0    51  2106 14489 12756 15 18 61  7  0	
 1  0 1002644 206664 1970508 2152520    0    0    51   500 14280 12907 11 12 76  1  0	
15  0 1002644 193932 1970804 2153544    0    0    51   133 13699 12579 12 18 68  1  0	
 1  0 1002644 202168 1971096 2154540    0    0    51  2215 14563 12878 13 16 65  6  0	
 0  0 1002644 202528 1971392 2155512    0    0    51   315 14056 12330 10 12 77  1  0	
 0  0 1002644 199524 1971684 2156536    0    0    51   499 14423 13412 18 21 60  1  0	
 1  0 1002644 200784 1971996 2157512    0    0    51  1974 14137 12142  8  9 77  6  0	
 0  0 1002644 195648 1972292 2158564    0    0    51   487 14373 13256 17 20 62  1  0	
 0  0 1002644 197156 1972584 2159556    0    0    51   346 13732 12256 11 14 75  1  0	
 1  0 1002644 194992 1972872 2160556    0    0    51  2077 14388 12193  9 12 73  6  0	
procs -----------memory---------- ---swap-- -----io---- --system-- -----cpu-----
 r  b   swpd   free   buff  cache   si   so    bi    bo   in   cs us sy id wa st
 3  0 1002644 194548 1973168 2161532    0    0    51   432 14045 13084 18 21 60  1  0	
 1  0 1002644 196240 1973472 2162560    0    0    51   544 13797 12105 10 16 73  1  0	
 0  0 1002644 191384 1973792 2163552    0    0    51  1930 14648 13582 18 22 55  5  0	
 0  0 1002644 191604 1974096 2164544    0    0    51   573 13912 12117 13 17 69  1  0	
 0  0 1002644 184124 1974408 2165560    0    0    51   268 13700 12226 12 15 72  1  0	
 0  0 1002644 188768 1974684 2166552    0    0    51  2906 14802 13164 14 18 61  8  0	
 0  0 1002644 184652 1974972 2167552    0    0    51   393 13824 12212 12 16 71  1  0	
 0  0 1002644 185956 1975264 2168548    0    0    51   324 14199 13200 15 19 65  1  0	
