procs -----------memory---------- ---swap-- -----io---- --system-- -----cpu-----
 r  b   swpd   free   buff  cache   si   so    bi    bo   in   cs us sy id wa st
 1  0 280188 170260 5304516 1034992    0    0    27   382    3    5  3  4 90  3  0	
 0  0 280188 168300 5304772 1036016    0    0    51   606 9759 7396  3  5 90  2  0	
 0  0 280188 167168 5305036 1037008    0    0    51   145 9825 7448  3  5 91  1  0	
 0  0 280188 165664 5305300 1037988    0    0    51  2154 10474 7765  6  8 79  6  0	
 1  0 280188 164356 5305564 1038980    0    0    51   234 9698 7494  3  5 91  2  0	
 0  0 280188 163108 5305828 1039952    0    0    51   274 9535 7610  5  8 86  1  0	
 0  0 280188 161984 5306096 1040948    0    0    51  2010 10214 7674  4  7 81  8  0	
 0  0 280188 161044 5306360 1041940    0    0    51   466 9794 7744  5  8 87  0  0	
 0  0 280188 159144 5306624 1042924    0    0    51   350 10150 7800  5  9 85  1  0	
 0  0 280188 158796 5306888 1043892    0    0    51  2050 10231 7444  3  6 84  7  0	
 3  0 280188 157440 5307152 1044868    0    0    51   345 10046 7543  3  5 91  1  0	
 2  1 280188 155960 5307416 1045820    0    0    51   326 9926 7773  6  8 86  0  0	
 0  1 280188 155076 5307680 1046800    0    0    51  1945 10191 7594  3  6 85  6  0	
 1  1 280188 151828 5307948 1047784    0    0    51   427 9954 7604  3  5 90  1  0	
 0  1 280188 152048 5308208 1048756    0    0    51   350 9823 7844  5  9 85  1  0	
 0  1 280188 150916 5308472 1049724    0    0    51  1995 10184 7568  3  5 85  7  0	
 3  1 280188 148016 5308736 1050716    0    0    51   415 9956 7649  3  6 90  1  0	
 1  0 280188 148544 5308996 1051708    0    0    51   261 10226 7910  5  8 87  1  0	
 0  0 280188 148172 5309260 1052672    0    0    51  2014 10327 7502  3  5 85  7  0	
 0  0 280188 146252 5309524 1053640    0    0    51   438 9953 7658  3  6 89  1  0	
 0  0 280188 145384 5309788 1054624    0    0    51   267 9613 7532  3  6 89  1  0	
procs -----------memory---------- ---swap-- -----io---- --system-- -----cpu-----
 r  b   swpd   free   buff  cache   si   so    bi    bo   in   cs us sy id wa st
 0  0 280188 144440 5310052 1055592    0    0    51  2011 9814 7370  2  4 88  6  0	
 0  0 280188 142144 5310316 1056572    0    0    51   422 10055 7754  4  8 86  2  0	
 1  0 280188 141672 5310580 1057548    0    0    51   262 9832 7586  4  6 89  1  0	
 0  3 280188 138804 5310840 1058516    0    0    51  1109 9986 7549  3  6 87  4  0	
 1  1 280188 139184 5311108 1059504    0    0    51  1210 10171 7635  4  8 85  3  0	
 3  1 280188 138208 5311368 1060480    0    0    51   369 9841 7418  2  5 92  1  0	
 0  2 280188 136060 5311632 1061456    0    0    51  1815 10541 7758  5  8 81  6  0	
 1  1 280188 135316 5311896 1062424    0    0    51   618 9643 7454  2  4 92  2  0	
 0  1 280188 133968 5312160 1063424    0    0    51   138 9505 7562  3  6 90  1  0	
 1  1 280188 132728 5312424 1064376    0    0    51  2181 9606 7341  3  7 83  7  0	
 0  1 280188 131008 5312692 1065364    0    0    51   266 9733 7519  3  5 91  1  0	
 0  1 280188 130512 5312952 1066348    0    0    51   370 9678 7410  2  4 93  1  0	
 0  1 280188 128380 5313216 1067312    0    0    51  1963 10388 7651  5  8 80  7  0	
 0  0 280188 128056 5313476 1068300    0    0    51   359 9867 7373  2  3 95  1  0	
 0  0 280188 125924 5313740 1069292    0    0    51   234 10101 7791  4  7 88  1  0	
 0  1 280188 125156 5314004 1070268    0    0    51  1892 9859 7496  3  5 85  7  0	
 0  0 280188 124360 5314268 1071236    0    0    51   702 9895 7472  2  4 92  2  0	
 0  0 280188 122576 5314532 1072212    0    0    51   257 9828 7740  5  8 86  1  0	
 1  0 280188 122012 5314796 1073196    0    0    51  2026 9904 7325  2  4 87  8  0	
 0  0 280288 137936 5296628 1074180    0   20    51   432 9922 7543  4  7 86  3  0	
 2  0 280288 186156 5296892 1026308    0    0    51   234 10019 7704  4  8 87  1  0	
procs -----------memory---------- ---swap-- -----io---- --system-- -----cpu-----
 r  b   swpd   free   buff  cache   si   so    bi    bo   in   cs us sy id wa st
 0  3 280288 184420 5297152 1027296    0    0    51  1058 10025 7632  5  7 85  3  0	
 0  0 280288 183056 5297420 1028268    0    0    51  1492 10158 7703  4  6 85  6  0	
 1  1 280288 181832 5297684 1029252    0    0    51   300 9678 7521  3  6 91  1  0	
 0  3 280288 181632 5297944 1030224    0    0    51  1467 9556 7250  2  4 88  6  0	
 0  0 280288 178856 5298212 1031188    0    0    51   754 9935 7605  4  7 86  4  0	
 0  0 280288 178756 5298476 1032172    0    0    51   406 9693 7675  4  6 90  1  0	
 0  0 280288 177764 5298740 1033160    0    0    51   391 9772 7389  2  4 93  1  0	
 0  0 280288 176360 5299004 1034124    0    0    51  2039 10349 7747  5  8 81  6  0	
 0  0 280288 175556 5299260 1035124    0    0    51    96 9761 7363  2  4 94  1  0	
 1  0 280288 171772 5299524 1036084    0    0    51   550 10016 7615  4  6 89  2  0	
 0  0 280288 172804 5299788 1037084    0    0    51  1894 10147 7772  3  6 83  7  0	
 0  0 280288 171284 5300052 1038052    0    0    51   383 9751 7600  3  5 91  1  0	
 1  0 280288 169912 5300316 1039016    0    0    51   538 10044 7820  4  8 87  1  0	
 0  0 280288 168300 5300580 1040012    0    0    51  1898 10252 7583  3  6 86  5  0	
 2  0 280288 167936 5300844 1040996    0    0    51   289 9927 7598  2  4 93  1  0	
 3  0 280288 164744 5301108 1041972    0    0    51   510 10153 7763  4  7 88  1  0	
 1  0 280288 164628 5301372 1042968    0    0    51  1894 10545 7951  4  8 80  8  0	
 2  0 280288 160892 5301636 1043952    0    0    51   309 9895 7610  3  6 90  1  0	
 0  0 280288 162580 5301900 1044924    0    0    51   622 10004 7914  5  9 84  2  0	
 0  0 280288 161660 5302164 1045892    0    0    51  2616 10441 7623  2  4 87  7  0	
 0  0 280288 159504 5302428 1046872    0    0    51   309 9841 7824  5  7 87  1  0	
procs -----------memory---------- ---swap-- -----io---- --system-- -----cpu-----
 r  b   swpd   free   buff  cache   si   so    bi    bo   in   cs us sy id wa st
 0  0 280288 159272 5302692 1047872    0    0    51   557 9458 7275  2  4 92  2  0	
 0  0 280288 156900 5302956 1048836    0    0    51  1886 10295 7500  3  5 86  6  0	
 0  0 280288 156164 5303220 1049824    0    0    51   263 9952 7763  4  7 87  1  0	
 0  0 280288 154964 5303484 1050804    0    0    51   392 10094 7679  2  4 92  2  0	
 0  0 280288 154048 5303748 1051820    0    0    51  1879 10124 7455  3  5 84  8  0	
 0  0 280288 152552 5304012 1052812    0    0    51   437 9697 7615  4  7 88  1  0	
 0  0 280288 151816 5304276 1053788    0    0    51   374 9791 7610  3  6 89  2  0	
 0  0 280288 149848 5304540 1054792    0    0    51  2010 10213 7839  4  7 80  8  0	
 0  0 280288 148824 5304804 1055776    0    0    51   200 9506 7574  3  5 91  1  0	
 0  0 280288 148072 5305068 1056776    0    0    51   643 9809 7426  2  4 92  2  0	
 0  0 280288 145120 5305332 1057760    0    0    51  1822 10366 7645  4  7 82  7  0	
 0  0 280288 145688 5305596 1058764    0    0    51   372 9697 7413  2  5 92  1  0	
 0  0 280288 143456 5305860 1059748    0    0    51   444 9986 7650  3  5 90  2  0	
 0  0 280288 142880 5306124 1060760    0    0    51  1840 10015 7790  6 10 79  6  0	
 0  0 280288 141208 5306388 1061736    0    0    51   299 9501 7499  3  6 90  1  0	
 1  0 280288 138400 5306652 1062740    0    0    51   551 10017 7742  5  8 86  2  0	
 1  0 280288 139036 5306908 1063728    0    0    51  1980 10131 7580  2  4 87  6  0	
 1  0 280288 137564 5307172 1064724    0    0    51   298 9618 7469  3  5 91  1  0	
 0  0 280288 135944 5307436 1065704    0    0    51   467 10184 7851  4  7 87  2  0	
 0  0 280288 134820 5307700 1066700    0    0    51  1920 10324 7561  3  6 86  5  0	
 1  0 280288 133852 5307964 1067696    0    0    51   268 9962 7405  2  4 93  1  0	
procs -----------memory---------- ---swap-- -----io---- --system-- -----cpu-----
 r  b   swpd   free   buff  cache   si   so    bi    bo   in   cs us sy id wa st
 2  0 280288 131920 5308228 1068680    0    0    51   614 9978 7857  5  8 84  2  0	
 0  0 280288 131776 5308492 1069672    0    0    51  1830 9997 7358  2  4 88  7  0	
 1  0 280288 128288 5308756 1070644    0    0    51   266 9588 7400  2  4 94  1  0	
 0  0 280288 128728 5309020 1071640    0    0    51   366 9815 7717  5  9 84  2  0	
 0  0 280288 127792 5309284 1072640    0    0    51  2112 10249 7463  2  4 89  6  0	
 0  0 280288 126164 5309548 1073628    0    0    51   247 10096 7763  5  8 86  1  0	
 1  0 280288 125204 5309812 1074600    0    0    51   506 9688 7466  2  4 93  2  0	
 1  0 280288 124040 5310076 1075604    0    0    51  1947 10319 7583  3  5 85  8  0	
 0  0 280288 171432 5310340 1027744    0    0    51   187 9762 7782  4  7 89  1  0	
 0  0 280288 169796 5310604 1028736    0    0    51   686 10114 7746  5  8 85  2  0	
 0  1 280288 168976 5310864 1029716    0    0    51  1787 10159 7426  2  4 88  7  0	
 0  0 280288 166928 5311132 1030708    0    0    51   414 10055 7924  6 10 82  1  0	
 0  0 280288 166556 5311396 1031692    0    0    51   410 9917 7487  2  4 92  2  0	
 5  0 280288 161468 5311660 1032696    0    0    51  1884 10653 7911  4  8 82  6  0	
 0  0 280288 163160 5311916 1033676    0    0    51   258 10094 7627  2  4 93  1  0	
 1  0 280288 162968 5312180 1034668    0    0    51   629 9855 7540  2  4 93  2  0	
 0  0 280288 161356 5312444 1035672    0    0    51  1885 10481 7877  4  8 79  8  0	
 2  0 280288 160048 5312708 1036648    0    0    51   340 9711 7504  2  4 93  1  0	
 0  0 280288 159008 5312972 1037640    0    0    51   414 9796 7525  3  5 90  1  0	
 0  0 280288 157892 5313236 1038616    0    0    51  1918 10432 7780  4  7 82  8  0	
 0  0 280288 156188 5313500 1039604    0    0    51   284 10008 7787  3  5 91  1  0	
procs -----------memory---------- ---swap-- -----io---- --system-- -----cpu-----
 r  b   swpd   free   buff  cache   si   so    bi    bo   in   cs us sy id wa st
 0  0 280288 154584 5313764 1040580    0    0    51   572 9984 7682  4  7 88  2  0	
 0  0 280288 153164 5314028 1041580    0    0    51  1899 10271 7583  3  5 84  8  0	
 0  0 280288 152832 5314292 1042560    0    0    51   256 9828 7453  2  3 94  1  0	
 0  0 280288 151460 5314556 1043568    0    0    51   505 10079 7887  4  8 87  1  0	
 0  0 280288 150392 5314820 1044540    0    0    51  1882 10210 7570  3  5 86  6  0	
 1  0 280288 148392 5315084 1045536    0    0    51   308 9469 7428  2  5 93  1  0	
 1  0 280288 147724 5315340 1046536    0    0    51   544 10065 8058  7 11 82  1  0	
 0  1 280288 146168 5315604 1047532    0    0    51  1317 10086 7547  3  5 85  6  0	
 1  0 280288 143516 5315868 1048524    0    0    51   694 10330 7793  5  8 85  3  0	
 1  0 280288 144416 5316132 1049528    0    0    51   706 9864 7419  2  5 91  2  0	
 0  0 280288 141656 5316396 1050520    0    0    51   234 9935 7506  2  4 93  0  0	
 0  0 280288 141648 5316660 1051516    0    0    51  1884 10279 7747  4  8 83  5  0	
 0  0 280288 140828 5316924 1052512    0    0    51   396 9620 7444  2  4 92  2  0	
 0  1 280288 139052 5317188 1053496    0    0    51   566 9714 7650  3  6 90  2  0	
 0  0 280288 138308 5317452 1054492    0    0    51  1643 10144 7744  4  7 84  6  0	
 0  0 280288 136572 5317716 1055484    0    0    51   492 10058 7613  3  5 91  1  0	
 3  0 280288 133612 5317980 1056460    0    0    51   508 9951 7561  3  4 91  2  0	
 0  0 280288 133968 5318244 1057456    0    0    51  1850 10566 7859  5  8 81  6  0	
 0  0 280288 133024 5318508 1058428    0    0    51   417 9807 7465  2  3 93  2  0	
 0  0 280288 130944 5318772 1059416    0    0    51   511 10049 7872  5  8 85  2  0	
 0  0 280288 130504 5319036 1060416    0    0    51  1695 10191 7580  2  4 88  5  0	
procs -----------memory---------- ---swap-- -----io---- --system-- -----cpu-----
 r  b   swpd   free   buff  cache   si   so    bi    bo   in   cs us sy id wa st
 0  0 280288 128460 5319300 1061404    0    0    51   491 9744 7485  2  4 92  2  0	
 1  0 280288 127660 5319564 1062396    0    0    51   418 9832 7794  5  8 86  1  0	
 1  0 280288 125700 5319828 1063372    0    0    51  1838 10201 7565  3  6 84  6  0	
 2  1 280288 125280 5320092 1064368    0    0    51   510 9910 7627  3  5 90  2  0	
 0  0 280288 123792 5320356 1065364    0    0    51   245 9883 7824  5  8 86  1  0	
 0  0 280288 122528 5320620 1066340    0    0    51  1934 10228 7564  3  5 86  6  0	
 1  0 280372 143996 5300720 1064480    0   17    56   497 10077 7828  4  8 85  3  0	
 1  0 280372 142632 5300984 1065472    0    0    51   582 9799 7525  3  5 90  2  0	
 0  0 280372 142316 5301248 1066448    0    0    51  2359 10297 7613  2  4 85  9  0	
 0  0 280372 139160 5301512 1067448    0    0    51   478 10051 7676  5  7 87  1  0	
 0  0 280372 139424 5301776 1068428    0    0    51   418 9853 7501  3  4 92  1  0	
 1  0 280372 138248 5302040 1069432    0    0    51  1788 10073 7346  2  4 84 10  0	
 0  0 280372 136780 5302304 1070424    0    0    51   604 10085 7784  5  9 84  2  0	
 0  0 280372 135728 5302560 1071416    0    0    51   506 9841 7484  2  3 94  1  0	
 0  0 280372 133696 5302824 1072420    0    0    51  1699 10334 7941  5  8 82  6  0	
 0  0 280372 133396 5303088 1073416    0    0    51   594 9543 7445  2  4 92  2  0	
 0  0 280372 180368 5303352 1025548    0    0    51   469 10079 7741  3  6 89  2  0	
 0  0 280372 179376 5303616 1026548    0    0    51  1779 10149 7648  4  7 83  5  0	
 4  0 280372 177376 5303880 1027528    0    0    51   494 10000 7507  2  4 93  1  0	
 1  0 280372 177052 5304144 1028524    0    0    51   458 9985 7503  3  4 92  1  0	
 0  0 280372 175540 5304408 1029512    0    0    51  1718 10564 7942  5  9 80  6  0	
procs -----------memory---------- ---swap-- -----io---- --system-- -----cpu-----
 r  b   swpd   free   buff  cache   si   so    bi    bo   in   cs us sy id wa st
 0  0 280372 173716 5304672 1030500    0    0    51   545 10030 7801  4  7 87  2  0	
 1  2 280372 171228 5304936 1031480    0    0    51  1056 9858 7705  4  6 88  2  0	
 0  0 280372 172068 5305200 1032480    0    0    51  1143 10210 7837  3  6 87  4  0	
 0  0 280372 170844 5305464 1033468    0    0    51   543 9916 7621  2  4 92  2  0	
 1  0 280372 169084 5305728 1034452    0    0    51   421 9824 7761  5  8 87  1  0	
 0  0 280372 168596 5305992 1035452    0    0    51  1767 10219 7525  2  3 88  6  0	
 1  0 280372 166612 5306256 1036440    0    0    51   499 9968 7657  3  5 90  2  0	
 1  0 280372 165108 5306520 1037428    0    0    51   416 9949 7759  4  7 86  2  0	
 0  0 280372 163752 5306784 1038412    0    0    51  1779 9998 7405  3  5 84  7  0	
 2  0 280372 161860 5307048 1039392    0    0    51   490 9461 7592  2  4 92  1  0	
 0  2 280372 162164 5307308 1040392    0    0    51   706 9636 7549  3  6 89  2  0	
 1  0 280372 160868 5307576 1041376    0    0    51  1317 9829 7499  3  5 87  6  0	
 0  0 280372 159040 5307840 1042372    0    0    51   546 9877 7699  4  7 87  2  0	
 2  2 280372 158140 5308104 1043352    0    0    51  1615 10306 7769  3  6 86  6  0	
 0  0 280372 157212 5308368 1044348    0    0    51   591 10063 7514  2  4 92  3  0	
 0  0 280372 155372 5308632 1045320    0    0    51   606 10289 7952  5  9 84  2  0	
 0  0 280372 153792 5308896 1046264    0    0    51   284 9776 7481  3  5 92  1  0	
 1  0 280372 152660 5309160 1047200    0    0    51  1766 10051 7669  3  6 85  5  0	
 0  0 280372 152072 5309424 1048136    0    0    51   493 9836 7831  5  8 85  1  0	
 0  0 280372 151484 5309688 1049056    0    0    51   450 9726 7580  3  5 92  1  0	
 0  0 280372 149452 5309952 1050000    0    0    51  1798 10116 7775  5  8 81  6  0	
procs -----------memory---------- ---swap-- -----io---- --system-- -----cpu-----
 r  b   swpd   free   buff  cache   si   so    bi    bo   in   cs us sy id wa st
 0  0 280372 148708 5310216 1050932    0    0    51   538 9767 7409  2  4 93  2  0	
 0  0 280372 147236 5310480 1051860    0    0    51   302 9713 7646  3  5 92  1  0	
 1  0 280372 145872 5310744 1052796    0    0    51  1796 10258 7674  4  6 82  7  0	
 2  0 280372 144880 5311008 1053724    0    0    51   518 9695 7585  3  5 90  2  0	
 1  0 280372 143812 5311272 1054668    0    0    51   452 9414 7420  2  4 93  1  0	
 1  0 280372 142252 5311536 1055604    0    0    51  1725 10164 7771  5  8 82  5  0	
 0  0 280372 141564 5311800 1056532    0    0    51   539 9400 7377  2  4 93  2  0	
 0  0 280372 139228 5312064 1057480    0    0    51   375 9618 7764  5  9 84  2  0	
 0  0 280372 139012 5312328 1058412    0    0    51  1762 10100 7412  2  4 88  6  0	
 0  0 280372 137860 5312592 1059380    0    0    51   502 9775 7513  2  4 92  2  0	
 0  0 280372 135820 5312856 1060360    0    0    51   442 10052 7782  5  8 86  1  0	
 0  0 280372 134868 5313120 1061320    0    0    51  1778 10526 7791  2  5 87  6  0	
 3  0 280372 133976 5313384 1062300    0    0    51   334 9646 7597  3  6 89  2  0	
 0  0 280372 132612 5313648 1063284    0    0    51   588 9512 7628  5  9 85  1  0	
 0  0 280372 130868 5313912 1064300    0    0    51  1637 9780 7520  3  6 85  6  0	
 1  0 280372 128092 5314176 1065276    0    0    51   671 9719 7717  5  8 85  2  0	
 0  2 280372 128644 5314436 1066276    0    0    51   455 10017 7742  3  6 87  3  0	
 0  0 280372 128180 5314704 1067248    0    0    51  1587 10204 7450  2  4 88  6  0	
 0  0 280372 125900 5314968 1068220    0    0    51   494 10055 7931  5  8 85  2  0	
 0  1 280372 125404 5315232 1069220    0    0    51  1250 10109 7504  2  3 91  4  0	
 0  0 280372 123552 5315496 1070196    0    0    51  1114 9960 7692  2  5 90  3  0	
procs -----------memory---------- ---swap-- -----io---- --system-- -----cpu-----
 r  b   swpd   free   buff  cache   si   so    bi    bo   in   cs us sy id wa st
 2  0 280372 122496 5315760 1071188    0    0    51   488 9932 7830  5  9 85  1  0	
 1  0 280372 121800 5316016 1072188    0    0    51  1820 9973 7518  2  4 88  6  0	
 0  0 280400 138484 5299108 1071916    0    6    54   359 9832 7662  3  6 91  1  0	
 0  0 280400 186192 5299372 1024068    0    0    51   466 10052 7891  4  7 87  2  0	
 0  0 280400 184900 5299636 1025064    0    0    51  1991 10331 7730  3  5 86  6  0	
 0  0 280400 183296 5299900 1026040    0    0    51   286 10198 7802  4  7 88  1  0	
 0  0 280400 182164 5300164 1027004    0    0    51   536 9755 7542  3  5 90  2  0	
 1  0 280400 181172 5300428 1027988    0    0    51  1930 9910 7437  2  4 88  6  0	
 0  0 280400 179312 5300692 1028980    0    0    51   110 9631 7796  5  8 86  1  0	
 0  0 280400 178064 5300956 1029980    0    0    51   712 9616 7487  2  4 91  2  0	
 1  0 280400 177176 5301220 1030952    0    0    51  1712 9986 7567  3  7 85  5  0	
 0  0 280400 175616 5301484 1031924    0    0    51   402 9941 7838  6 10 83  1  0	
 0  0 280400 174796 5301748 1032920    0    0    51   364 9687 7393  2  4 92  2  0	
 0  0 280400 173136 5302012 1033928    0    0    51  1883 10464 7815  5  8 82  4  0	
 0  0 280400 172208 5302276 1034888    0    0    51   334 9588 7325  2  3 94  1  0	
 0  0 280400 170772 5302540 1035844    0    0    51   669 9576 7514  3  6 89  2  0	
 0  1 280400 169532 5302804 1036868    0    0    51   994 9930 7788  4  7 86  3  0	
 0  0 280400 168160 5303068 1037852    0    0    51  1988 9798 7490  3  5 87  5  0	
 0  0 280400 167216 5303324 1038840    0    0    51   569 9619 7518  2  4 92  2  0	
 0  0 280400 164144 5303588 1039852    0    0    51   400 10193 7814  5  8 86  2  0	
 0  0 280400 164704 5303852 1040828    0    0    51  1724 10137 7480  2  3 89  6  0	
procs -----------memory---------- ---swap-- -----io---- --system-- -----cpu-----
 r  b   swpd   free   buff  cache   si   so    bi    bo   in   cs us sy id wa st
 0  0 280400 162860 5304116 1041816    0    0    51   498 9838 7830  4  8 87  1  0	
 0  0 280400 161992 5304380 1042792    0    0    51   496 9735 7423  3  5 92  1  0	
 0  0 280400 160692 5304644 1043768    0    0    51  1689 9890 7433  2  4 89  6  0	
 0  0 280400 159356 5304908 1044732    0    0    51   540 9907 7778  5  8 85  2  0	
 0  2 280400 158240 5305172 1045728    0    0    51   961 9750 7404  2  3 92  2  0	
 0  0 280400 156776 5305436 1046728    0    0    51  1233 10070 7668  4  6 86  5  0	
 1  0 280400 155308 5305700 1047724    0    0    51   503 10097 7923  6 10 82  2  0	
 0  1 280400 154088 5305964 1048692    0    0    51  1594 9984 7359  2  4 86  8  0	
 1  0 280400 151900 5306228 1049700    0    0    51   635 10205 7707  4  8 85  2  0	
 0  0 280400 152128 5306484 1050688    0    0    51   489 9974 7633  4  6 90  1  0	
 1  0 280400 151484 5306748 1051684    0    0    51  1879 10110 7561  3  5 85  6  0	
 0  0 280400 149872 5307012 1052664    0    0    51   305 9757 7724  3  7 89  1  0	
 0  0 280400 148864 5307276 1053648    0    0    51   390 9930 7637  4  7 88  2  0	
 0  2 280400 147920 5307540 1054656    0    0    51   794 9713 7470  2  4 91  3  0	
 0  0 280400 145832 5307804 1055628    0    0    51  1535 10414 7814  5  8 81  6  0	
 0  0 280400 145072 5308068 1056620    0    0    51   438 9735 7387  2  3 93  2  0	
 0  0 280400 142972 5308332 1057604    0    0    51   424 9902 7648  3  5 89  2  0	
 0  0 280400 142348 5308596 1058612    0    0    51  1805 10316 7840  4  7 84  5  0	
 0  0 280400 141596 5308860 1059588    0    0    51   542 9585 7479  2  3 93  2  0	
 0  0 280400 139820 5309124 1060560    0    0    51   382 10046 7944  5  9 84  2  0	
 1  0 280400 139084 5309388 1061548    0    0    51  1835 9901 7468  2  4 87  7  0	
procs -----------memory---------- ---swap-- -----io---- --system-- -----cpu-----
 r  b   swpd   free   buff  cache   si   so    bi    bo   in   cs us sy id wa st
 2  1 280400 137564 5309644 1062532    0    0    51   487 9734 7664  3  6 90  2  0	
 0  1 280400 136076 5309908 1063532    0    0    51   695 9930 7716  4  7 88  2  0	
 0  0 280400 135076 5310172 1064540    0    0    51  1478 10288 7638  3  6 85  6  0	
 0  0 280400 133644 5310436 1065508    0    0    51   518 9903 7684  4  7 87  2  0	
 0  0 280400 131764 5310700 1066508    0    0    51   418 9989 7942  6  9 84  1  0	
 1  0 280400 131380 5310964 1067476    0    0    51  1754 9898 7430  2  4 89  5  0	
 1  0 280400 129612 5311228 1068472    0    0    51   532 9947 7798  5  8 86  1  0	
 0  0 280400 128504 5311492 1069448    0    0    51   226 9683 7702  3  5 92  1  0	
 0  0 280400 126280 5311760 1070440    0    0    51  1846 10038 7549  2  4 87  7  0	
 0  0 280400 126032 5312024 1071392    0    0    51   618 10132 7847  4  7 87  1  0	
 0  0 280400 125468 5312288 1072412    0    0    51   294 9711 7438  2  4 93  1  0	
 0  0 280400 123592 5312552 1073396    0    0    51  1915 10385 7680  3  6 82  9  0	
 0  0 280400 170828 5312816 1025556    0    0    51   443 9905 7689  4  7 88  2  0	
 0  0 280400 169548 5313080 1026560    0    0    51   608 9443 7493  4  6 90  1  0	
 0  0 280400 167960 5313344 1027548    0    0    51  1654 10002 7655  4  7 83  6  0	
 0  0 280400 166952 5313600 1028540    0    0    51   614 9779 7597  3  5 91  1  0	
 0  0 280400 166024 5313864 1029516    0    0    51   342 9746 7535  2  4 93  1  0	
 2  0 280400 161644 5314128 1030516    0    0    51  1776 10364 7708  4  7 81  7  0	
 2  0 280400 163164 5314392 1031508    0    0    51   504 9828 7424  2  4 92  2  0	
 1  0 280400 161940 5314656 1032484    0    0    51   426 9687 7341  2  5 91  2  0	
 1  0 280400 160540 5314920 1033340    0    0    51  1602 10119 7819  6 10 79  5  0	
procs -----------memory---------- ---swap-- -----io---- --system-- -----cpu-----
 r  b   swpd   free   buff  cache   si   so    bi    bo   in   cs us sy id wa st
 0  0 280400 159676 5315184 1034440    0    0    51   600 9408 7428  2  5 90  3  0	
 2  0 280400 156776 5315448 1035416    0    0    51   548 10003 7735  5  8 86  1  0	
 0  0 280400 157016 5315704 1036388    0    0    51  1633 10027 7578  3  6 84  7  0	
 0  0 280400 155776 5315968 1037392    0    0    51   621 9612 7501  3  6 90  2  0	
 0  0 280400 154412 5316232 1038368    0    0    51   315 9875 7643  4  7 88  1  0	
 0  0 280400 153172 5316496 1039364    0    0    51  1767 10224 7417  3  6 85  7  0	
 0  0 280400 151808 5316760 1040356    0    0    51   501 9673 7314  2  4 93  1  0	
 0  0 280400 150328 5317024 1041324    0    0    51   543 9959 7712  4  7 87  2  0	
 0  0 280400 149584 5317288 1042308    0    0    51  1710 9908 7466  3  5 86  6  0	
 1  0 280400 148028 5317552 1043308    0    0    51   388 9490 7667  2  4 92  2  0	
 0  0 280400 146740 5317808 1044296    0    0    51   595 9812 7880  5  9 85  1  0	
 0  0 280400 145564 5318072 1045272    0    0    51  1617 9751 7366  2  4 88  6  0	
 0  0 280400 144508 5318336 1046284    0    0    51   646 10160 7846  5  7 86  1  0	
 0  0 280400 143912 5318600 1047236    0    0    51   285 9695 7501  2  4 93  1  0	
 0  0 280400 142292 5318864 1048268    0    0    51  1778 10546 7630  3  6 85  6  0	
 0  0 280400 141168 5319128 1049244    0    0    51   523 10214 7889  4  6 88  2  0	
 0  0 280400 140232 5319396 1050240    0    0    51   471 9868 7694  2  4 93  1  0	
 0  0 280400 138596 5319660 1051220    0    0    51  1820 9930 7726  4  8 81  7  0	
 0  0 280400 137580 5319924 1052220    0    0    51   537 9997 7739  4  7 88  2  0	
 0  0 280400 136216 5320188 1053196    0    0    51   331 10021 7765  4  8 87  1  0	
 0  0 280400 134712 5320452 1054200    0    0    51  1812 10470 7721  4  7 83  6  0	
procs -----------memory---------- ---swap-- -----io---- --system-- -----cpu-----
 r  b   swpd   free   buff  cache   si   so    bi    bo   in   cs us sy id wa st
 0  0 280400 132480 5320716 1055180    0    0    51   273 9914 7572  2  3 93  1  0	
 0  0 280400 132496 5320980 1056156    0    0    51   544 9949 7547  3  5 90  2  0	
 0  0 280400 131008 5321244 1057148    0    0    51  1896 10340 7578  4  6 84  6  0	
 0  0 280400 130008 5321508 1058132    0    0    51   288 9589 7495  3  5 92  1  0	
 1  0 280400 128576 5321772 1059136    0    0    51   719 9499 7417  2  4 91  2  0	
 0  0 280400 127256 5322036 1060084    0    0    51  2695 10527 7854  5  9 80  7  0	
