procs -----------memory---------- ---swap-- -----io---- --system-- -----cpu-----
 r  b   swpd   free   buff  cache   si   so    bi    bo   in   cs us sy id wa st
 6  0 1170292 124944 298940 244104    0    0    28  1698    3    2  9  9 77  5  0	
 6  1 1170292 119352 299216 244296    0    0    75   825 21723 20535 38 36 23  3  0	
 2  0 1170292 121532 299504 244324    0    0    51  7598 22625 20659 38 29 29  4  0	
 1  0 1170292 121672 299772 244380    0    0    51 10608 21476 19062 42 34 22  2  0	
 0  0 1170292 120960 300064 244416    0    0    51 10377 22524 20780 36 28 32  4  0	
 6  0 1170292 118028 300336 244472    0    0    51 10358 21658 19227 40 34 24  2  0	
 1  0 1170292 120456 300624 244512    0    0    51 10608 22623 20899 37 28 32  3  0	
 1  0 1170292 120596 300908 244568    0    0    51  8543 22320 20303 38 34 26  3  0	
 5  0 1170292 119564 301200 244604    0    0    51  8795 22676 21219 37 29 32  2  0	
 5  0 1170292 119852 301472 244644    0    0    51  5965 21836 20323 37 32 28  4  0	
 2  0 1170292 119340 301764 244692    0    0    51 10631 22243 20705 36 29 31  3  0	
 2  0 1170292 117208 302044 244732    0    0    51 10290 22174 20661 37 29 31  3  0	
 1  0 1170292 117712 302324 244776    0    0    51 10611 21852 20080 38 32 27  3  0	
 0  0 1170292 118720 302604 244844    0    0    51  6517 22566 21382 35 31 32  2  0	
 5  1 1170292 118364 302896 244880    0    0    51   908 22942 22039 34 31 31  4  0	
 3  1 1170292 117944 303188 244912    0    0    51   940 22547 21512 34 30 33  3  0	
 8  0 1170292 117612 303452 244964    0    0    51   890 22759 21819 33 31 33  3  0	
 1  0 1170292 117844 303740 245012    0    0    51   854 22415 21495 33 30 33  4  0	
 6  0 1170292 116728 304016 245040    0    0    51   892 22155 21377 34 30 31  4  0	
 5  0 1170292 115844 304300 245104    0    0    51  5336 22332 20723 36 30 30  4  0	
 2  1 1170292 116380 304580 245144    0    0    51  9476 21775 19796 40 32 25  3  0	
procs -----------memory---------- ---swap-- -----io---- --system-- -----cpu-----
 r  b   swpd   free   buff  cache   si   so    bi    bo   in   cs us sy id wa st
 7  0 1170292 116752 304860 245180    0    0    51 10378 22432 21242 34 28 36  3  0	
 2  0 1170292 115976 305140 245228    0    0    51 10612 22172 20412 38 33 27  2  0	
 4  0 1170292 115868 305420 245280    0    0    51 10630 22891 21685 34 29 35  3  0	
 5  0 1170292 112044 305692 245324    0    0    51 10316 22099 20800 37 32 29  3  0	
 5  0 1170292 115224 305980 245356    0    0    51 10415 22023 20801 35 29 33  3  0	
14  2 1170292 111696 306248 245408    0    0    51 10607 22237 21084 35 28 34  3  0	
 4  1 1170292 124424 296768 245224    0    0    51 10615 21899 20506 37 32 29  2  0	
 0  1 1170292 123804 297060 245260    0    0    51 10620 22494 21744 33 27 37  4  0	
 0  0 1170292 123524 297324 245332    0    0    51  8450 21682 19850 39 36 23  2  0	
 0  0 1170292 122936 297612 245368    0    0    51 10278 22902 21767 34 27 36  3  0	
 1  0 1170292 122780 297896 245412    0    0    51 10620 21944 20194 38 33 27  2  0	
 3  0 1170292 122440 298176 245452    0    0    51  5843 22943 21116 37 27 33  3  0	
 4  0 1170292 121928 298464 245492    0    0    51  2161 21969 20942 36 31 30  3  0	
 2  0 1170292 121804 298736 245532    0    0    51  8586 22562 20256 39 30 28  4  0	
 4  0 1170292 120952 299008 245812    0    0    98 10270 21747 19359 40 32 25  3  0	
 2  0 1170292 120424 299300 245868    0    0    51  3544 22322 21039 37 30 30  3  0	
 5  0 1170292 115988 299580 245900    0    0    51  4670 22288 20382 36 32 29  3  0	
 8  1 1170292 120044 299868 245928    0    0    51   900 22310 21364 34 30 32  4  0	
 4  1 1170292 119712 300140 245984    0    0    51  9746 22361 19902 37 29 30  3  0	
 1  1 1170292 118812 300420 246020    0    0    51 10291 22108 19207 41 33 24  2  0	
 4  1 1170292 118348 300708 246068    0    0    51  4182 22616 21834 33 29 35  3  0	
procs -----------memory---------- ---swap-- -----io---- --system-- -----cpu-----
 r  b   swpd   free   buff  cache   si   so    bi    bo   in   cs us sy id wa st
 3  2 1170292 117224 300972 246120    0    0    51   914 22420 21659 33 30 32  4  0	
 2  0 1170292 117928 301264 246164    0    0    51  4835 22132 20451 37 30 29  4  0	
 3  0 1170292 117108 301540 246212    0    0    51  4215 22188 20919 36 30 31  3  0	
 0  0 1170292 117200 301828 246256    0    0    51  7206 22258 20173 39 31 27  3  0	
 3  0 1170292 116612 302108 246296    0    0    51 10419 22038 19383 40 30 28  2  0	
 1  0 1170292 116456 302396 246348    0    0    51  1135 22266 21192 35 32 30  2  0	
 4  0 1170284 115728 302676 246396    0    0    51   912 22686 21650 35 31 31  3  0	
 0  1 1170284 114480 302964 246452    0    0    51   870 22235 21310 34 31 32  4  0	
 1  0 1170284 115000 303244 246484    0    0    51   900 22503 21671 35 31 31  4  0	
 0  0 1170284 115496 303532 246524    0    0    51   903 22489 21956 32 28 35  5  0	
 5  2 1170284 112880 303796 246560    0    0    51 10274 22181 20033 38 31 27  4  0	
 3  0 1170284 124540 294480 246228    0    0    51  9150 21988 19618 37 32 28  2  0	
 2  0 1170284 124144 294760 246268    0    0    51  9202 22234 19382 41 30 27  2  0	
 1  0 1170284 123912 295040 246328    0    0    51  7590 22079 19748 39 33 26  2  0	
 3  1 1170284 123524 295328 246364    0    0    51 10405 22457 19986 39 29 29  3  0	
 1  0 1170284 123548 295600 246408    0    0    51  8228 21800 19420 40 31 26  2  0	
 4  0 1170284 123060 295892 246452    0    0    51  2193 22578 21711 34 27 35  4  0	
 2  0 1170284 123044 296176 246496    0    0    51 10777 21632 19618 40 34 24  3  0	
 2  1 1170284 122316 296464 246528    0    0    51 10336 22511 20544 38 28 30  4  0	
 5  0 1170284 122276 296740 246580    0    0    58 10142 21387 18711 42 34 21  2  0	
 1  0 1170284 121448 297028 246628    0    0    51 10418 22153 20287 37 29 32  3  0	
procs -----------memory---------- ---swap-- -----io---- --system-- -----cpu-----
 r  b   swpd   free   buff  cache   si   so    bi    bo   in   cs us sy id wa st
 5  0 1170284 121220 297300 246672    0    0    51 10310 21978 19751 42 31 25  2  0	
 7  0 1170284 120516 297584 246720    0    0    51 10024 22119 18934 41 27 29  3  0	
 7  0 1170284 120508 297864 246756    0    0    51 10370 21840 19575 40 30 28  3  0	
 1  0 1170284 120532 298148 246808    0    0    51 10410 21679 19452 39 33 25  3  0	
 0  1 1170284 120300 298440 246844    0    0    51 10257 22428 21223 35 27 35  3  0	
 5  2 1170284 119416 298716 246892    0    0    51 10607 21697 19223 41 33 23  3  0	
 1  1 1170284 119556 298988 246940    0    0    51  5337 22792 22053 32 28 38  3  0	
 5  0 1170284 115748 299272 246996    0    0    51   772 22415 21117 35 33 29  3  0	
 0  0 1170284 118532 299560 247020    0    0    51   902 22793 22034 32 28 36  4  0	
 2  0 1170284 118324 299840 247080    0    0    51  1340 22180 20988 35 33 29  3  0	
 0  0 1170284 118664 300132 247112    0    0    58   925 22451 21615 34 30 32  5  0	
 0  0 1170284 117704 300416 247176    0    0    51   853 22185 21220 34 31 31  4  0	
 1  0 1170284 118044 300708 247204    0    0    51   920 22316 21618 34 29 33  4  0	
 1  1 1170284 117208 300980 247248    0    0    51  8203 21914 20120 37 32 27  4  0	
 0  2 1170284 117060 301272 247288    0    0    51 10302 22288 20714 34 29 33  3  0	
 9  1 1170284 113112 301552 247332    0    0    51 10577 22192 20745 34 30 34  3  0	
 1  1 1170284 116704 301832 247368    0    0    51 10329 22448 20998 34 29 33  3  0	
 1  0 1170284 115812 302104 247432    0    0    51 10438 22168 20836 34 30 33  3  0	
 4  0 1170284 117472 302376 247476    0    0    51 10608 22074 20629 36 30 31  3  0	
 0  0 1170284 115564 302656 247516    0    0    51 10543 21879 20475 38 32 28  2  0	
 3  0 1170284 115472 302936 247560    0    0    51 10368 22269 20967 36 30 31  3  0	
procs -----------memory---------- ---swap-- -----io---- --system-- -----cpu-----
 r  b   swpd   free   buff  cache   si   so    bi    bo   in   cs us sy id wa st
 4  0 1170284 114836 303216 247604    0    0    51 10441 22111 20854 36 29 32  3  0	
 4  1 1170284 114340 303488 247640    0    0    51 10605 22160 20724 35 29 33  3  0	
 3  0 1170284 124244 293780 247456    0    0    51 10562 22248 20686 35 31 30  3  0	
 1  0 1170284 124524 294060 247492    0    0    51  3178 22295 21364 33 30 34  3  0	
10  0 1170284 119948 294356 247540    0    0    51   865 22602 21432 32 30 34  3  0	
 6  2 1170284 123888 294640 247572    0    0    51   962 21942 20981 36 33 27  4  0	
 1  2 1170284 123144 294924 247620    0    0    51   894 22565 21677 31 28 36  4  0	
 0  0 1170284 123280 295196 247676    0    0    51   885 22326 21135 36 31 29  4  0	
 0  0 1170284 122508 295488 247716    0    0    51   894 22492 21604 33 28 35  5  0	
 4  1 1170284 119544 295764 247760    0    0    51   922 22473 21535 33 29 35  4  0	
 2  0 1170284 121640 296040 247808    0    0    51   890 22211 21188 33 32 32  4  0	
 0  0 1170284 121740 296328 247844    0    0    51  2350 22309 21196 33 30 34  3  0	
 2  0 1170284 121384 296600 247884    0    0    51  9793 21974 19039 40 31 26  3  0	
 2  0 1170284 121168 296880 247920    0    0    51 10338 22332 20079 38 27 31  4  0	
 1  2 1170284 120284 297168 247972    0    0    51 10213 21779 20326 38 33 27  3  0	
 4  0 1170284 120044 297448 248008    0    0    51 10427 22019 20574 35 26 35  3  0	
 0  0 1170284 119176 297724 248080    0    0    51 10342 20790 18177 45 34 19  2  0	
 5  0 1170284 119068 298008 248104    0    0    51 10619 22488 20212 36 28 32  3  0	
 2  1 1170284 127908 289332 247900    0    0    51 10582 21364 18496 42 33 23  2  0	
 0  0 1170284 127420 289612 247932    0    0    51 10408 22462 20394 35 28 34  3  0	
 7  0 1170284 124876 289892 247968    0    0    51 10289 21945 18984 41 29 27  3  0	
procs -----------memory---------- ---swap-- -----io---- --system-- -----cpu-----
 r  b   swpd   free   buff  cache   si   so    bi    bo   in   cs us sy id wa st
 1  2 1170284 127196 290172 248004    0    0    51 10615 22205 19405 41 31 25  3  0	
 2  1 1170284 126592 290456 248056    0    0    51 10550 22189 19704 39 28 30  3  0	
 1  0 1170284 126196 290732 248116    0    0    51  9026 21330 19274 40 33 24  2  0	
 1  1 1170284 125840 291016 248160    0    0    51   752 22327 21593 33 28 37  3  0	
 4  0 1170284 125708 291304 248188    0    0    51  1232 22299 21061 35 32 29  3  0	
 1  0 1170284 125352 291612 248240    0    0    51   808 22277 21569 32 29 35  4  0	
 0  0 1170284 124932 291892 248276    0    0    51   479 22466 21551 33 30 35  3  0	
 2  0 1170284 124460 292172 248328    0    0    51   820 22184 21309 34 30 33  3  0	
 1  0 1170284 124228 292456 248364    0    0    51   898 22147 21349 35 29 32  4  0	
 2  0 1170284 123840 292740 248412    0    0    51   865 22041 21213 34 30 33  4  0	
 1  0 1170284 123624 293012 248448    0    0    51   914 22177 21368 34 30 32  4  0	
 3  0 1170284 123592 293296 248492    0    0    51   917 22264 21403 35 31 31  4  0	
 8  0 1170284 119536 293568 248528    0    0    51   888 22073 21047 35 32 30  3  0	
 1  0 1170284 122732 293860 248584    0    0    51   826 22417 21620 34 31 32  3  0	
 0  0 1170284 122756 294136 248636    0    0    51   913 22680 21901 31 28 37  4  0	
 5  0 1170284 121004 294420 248680    0    0    51   918 22240 21167 34 32 31  3  0	
 1  0 1170284 122276 294712 248724    0    0    51   898 22273 21647 33 29 34  5  0	
 7  0 1170284 121524 294992 248752    0    0    51   844 22156 21254 34 32 29  4  0	
 6  0 1170284 121500 295284 248800    0    0    51   912 22487 21827 33 29 33  5  0	
 3  0 1170284 120524 295560 248832    0    0    51   874 22235 21207 35 32 30  4  0	
 1  1 1170284 120880 295840 248872    0    0    51   979 22561 21570 34 30 32  4  0	
procs -----------memory---------- ---swap-- -----io---- --system-- -----cpu-----
 r  b   swpd   free   buff  cache   si   so    bi    bo   in   cs us sy id wa st
 3  0 1170284 120036 296120 248924    0    0    51  6129 22158 19029 42 31 24  3  0	
 3  0 1170284 120268 296408 248984    0    0    51 10247 22170 19769 38 30 30  2  0	
 0  0 1170284 119284 296700 249020    0    0    51   877 22357 21386 35 31 31  3  0	
 4  1 1170284 119416 296996 249056    0    0    51  9591 22248 18735 42 28 26  4  0	
 1  0 1170284 118144 297276 249104    0    0    51  8204 21741 18796 42 32 24  2  0	
 1  0 1170284 118300 297560 249148    0    0    51  8599 22292 20248 37 28 31  4  0	
 6  0 1170284 115460 297832 249196    0    0    51 10220 22304 20540 36 30 31  3  0	
 1  0 1170284 117284 298124 249248    0    0    51 10630 21700 19195 40 32 26  2  0	
 4  1 1170284 116524 298404 249292    0    0    51  6406 22375 21145 36 30 32  2  0	
 2  0 1170284 116944 298688 249344    0    0    51   885 21816 20593 36 34 28  3  0	
 0  1 1170284 114872 298980 249376    0    0    51  9531 22129 19148 42 30 26  2  0	
 4  3 1170284 116160 299260 249416    0    0    51  1630 22210 21244 34 32 31  4  0	
 0  0 1170284 115580 299544 249460    0    0    51   829 22562 22127 31 28 36  5  0	
 2  0 1170284 115696 299828 249504    0    0    51   914 22165 20896 35 33 28  4  0	
 1  1 1170284 115324 300096 249552    0    0    51  2903 22479 21653 33 28 34  5  0	
 0  0 1170284 115432 300372 249596    0    0    51 10154 22034 20017 37 33 27  3  0	
 0  0 1170284 114532 300660 249644    0    0    58 10514 22436 21015 35 28 33  3  0	
 1  0 1170284 125320 290720 249416    0    0    51  8603 21787 19540 41 34 22  2  0	
 3  0 1170284 124460 291000 249452    0    0    51   900 22775 21876 31 27 38  3  0	
 9  1 1170284 117672 291272 249504    0    0    51   888 22191 21352 34 30 31  4  0	
 4  1 1170284 122196 291560 249532    0    0    51   917 22233 21644 34 30 32  4  0	
procs -----------memory---------- ---swap-- -----io---- --system-- -----cpu-----
 r  b   swpd   free   buff  cache   si   so    bi    bo   in   cs us sy id wa st
 0  1 1170284 121980 291848 249580    0    0    51   865 22334 21928 31 29 35  4  0	
 1  0 1170284 121468 292116 249628    0    0    51   906 21939 21123 34 32 30  4  0	
 0  0 1170284 121360 292400 249668    0    0    51   910 22593 22050 31 29 36  4  0	
 1  1 1170284 120824 292680 249708    0    0    51   902 22330 21180 35 32 30  3  0	
 5  0 1170284 120724 292968 249760    0    0    51   870 22852 22046 33 28 35  4  0	
 6  0 1170284 119256 293248 250052    0    0   100  5070 21436 18765 31 29 36  4  0	
 1  0 1170284 128784 293536 250280    0    0    88 10438 17552 14498 17 20 57  6  0	
 1  0 1170284 127892 293820 250316    0    0    51 10358 17760 14716 18 22 55  6  0	
 0  0 1170284 126784 294104 251516    0    0   283 10556 17698 14936 16 18 60  6  0	
 1  0 1170284 125932 294384 251556    0    0    51 10606 17647 14754 18 21 56  6  0	
 0  0 1170284 124528 294664 251600    0    0    51  8562 18282 15377 15 21 59  5  0	
 3  0 1170284 117956 283184 251684    0    0    61 10382 19105 16683 25 24 47  4  0	
 3  0 1170284 120084 283472 252336    0    0   172  4304 19211 16902 24 24 48  4  0	
 5  0 1170284 118416 272764 252396    0    0    60 10443 18091 15289 42 27 28  3  0	
 3  0 1170284 129384 273052 252444    0    0    51  9734 18347 15563 58 30 11  1  0	
 2  1 1170284 124688 273328 252480    0    0    51 10556 20118 17565 40 24 32  4  0	
 4  0 1170284 126748 273600 252540    0    0    51  9886 18385 15423 42 30 25  3  0	
 3  1 1170284 120968 273892 252572    0    0    51   835 20500 18512 34 24 37  5  0	
 1  1 1170284 131012 274172 252628    0    0    51   893 19647 16821 24 25 46  5  0	
 1  0 1170284 122484 274464 252656    0    0    51   949 21058 19560 25 26 44  5  0	
 1  0 1170284 124768 274744 252720    0    0    51   838 22239 21546 35 34 29  3  0	
procs -----------memory---------- ---swap-- -----io---- --system-- -----cpu-----
 r  b   swpd   free   buff  cache   si   so    bi    bo   in   cs us sy id wa st
 1  0 1170284 123216 275028 252756    0    0    51   906 23087 23906 34 32 32  3  0	
 2  1 1170284 125796 275312 252828    0    0    57  1898 22962 23680 39 36 22  3  0	
 1  0 1170284 125276 275600 252868    0    0    51  9216 22366 22442 43 35 20  2  0	
 2  0 1170284 121840 275892 252928    0    0    51 10614 23137 24361 44 37 17  2  0	
 1  0 1170284 117892 276180 252968    0    0    51 10417 23598 25143 44 35 19  2  0	
 9  0 1170284 116776 276460 253012    0    0    51 10612 24033 25461 45 35 18  1  0	
 7  0 1170284 117880 276736 253044    0    0    58 10626 23893 25469 46 36 16  2  0	
 2  0 1170284 118492 277016 253096    0    0    51 10100 23882 25366 45 37 15  2  0	
 5  1 1170284 117020 277296 253132    0    0    51 10638 23909 25495 48 36 15  1  0	
 8  0 1170284 116484 277576 253184    0    0    51 10402 23378 24827 47 37 14  1  0	
 1  0 1170284 116020 277840 253224    0    0    51 10597 23472 25052 46 38 14  2  0	
 2  0 1170284 116260 278124 253248    0    0    51  8427 23707 25238 45 35 18  2  0	
 1  0 1170284 124088 269164 253068    0    0    51 10441 23529 24864 48 37 14  2  0	
10  0 1170284 120604 269440 253120    0    0    51 10038 23874 25426 46 36 17  1  0	
 7  0 1170284 121480 269720 253152    0    0    51  6534 23820 25864 45 36 17  2  0	
 3  0 1170284 123096 270000 253384    0    0    90  5617 23563 24070 51 37 11  1  0	
 0  0 1170284 122320 270280 253440    0    0    51   861 23918 25813 46 35 18  2  0	
 2  0 1170284 122708 270552 253464    0    0    51  8819 23401 23971 52 37 10  2  0	
 2  0 1170284 121476 270832 253524    0    0    51 10068 23581 24133 50 36 13  2  0	
 2  0 1170284 120864 271120 253556    0    0    51  3006 23675 25397 46 37 15  2  0	
 0  0 1170284 119716 271420 253600    0    0    51  4910 23051 24007 51 39  9  1  0	
procs -----------memory---------- ---swap-- -----io---- --system-- -----cpu-----
 r  b   swpd   free   buff  cache   si   so    bi    bo   in   cs us sy id wa st
 4  1 1170284 117296 271712 253636    0    0    51   913 23994 25896 45 37 16  2  0	
 8  0 1170284 118848 272004 253692    0    0    51  7108 24178 24947 48 36 14  2  0	
 2  0 1170284 120120 272284 253724    0    0    51 10014 24017 24559 50 35 14  1  0	
 4  0 1170284 118880 272556 253776    0    0    51  7016 23323 24959 47 37 15  1  0	
 6  1 1170284 119584 272844 253808    0    0    51   881 23986 25917 45 35 17  3  0	
 2  0 1170284 118508 273124 253852    0    0    51  1685 23364 25021 47 38 14  2  0	
 2  0 1170284 119492 273404 253904    0    0    51  6555 23305 24251 50 37 12  2  0	
 4  0 1170284 118252 273680 253948    0    0    51  1932 23238 24943 48 38 12  2  0	
15  0 1170284 116080 273972 254000    0    0    51  9450 23679 24346 50 35 13  1  0	
 4  1 1170284 114568 274268 254028    0    0    51  8005 23570 23817 49 37 13  1  0	
 3  0 1170284 117896 274548 254072    0    0    51   840 24345 26090 44 36 18  2  0	
 2  0 1170284 117120 274820 254116    0    0    51   890 23784 25530 44 36 18  2  0	
11  0 1170284 118012 275088 254160    0    0    51   864 23605 25304 45 38 16  2  0	
 3  1 1170284 117376 275372 254204    0    0    51   915 23640 25481 44 36 18  2  0	
 4  0 1170284 115796 275648 254244    0    0    51  2354 23714 25102 47 36 14  2  0	
 4  0 1170284 115136 275928 254288    0    0    51 10370 23398 24335 48 35 15  2  0	
 7  0 1170284 121892 267064 253624    0    0    51  6350 23256 24690 50 38 11  1  0	
 4  0 1170284 120924 267344 253664    0    0    51  8362 23418 24090 49 36 14  1  0	
 8  0 1170284 121156 267640 253708    0    0    61  6227 23606 24497 48 36 14  2  0	
 4  0 1170284 122600 267928 253744    0    0    51  8530 23414 23914 50 37 12  1  0	
 6  0 1170284 122584 268200 253796    0    0    51 10518 23451 23556 52 34 12  1  0	
procs -----------memory---------- ---swap-- -----io---- --system-- -----cpu-----
 r  b   swpd   free   buff  cache   si   so    bi    bo   in   cs us sy id wa st
 4  0 1170284 121856 268500 253880    0    0    57  3374 23360 24623 47 38 13  2  0	
 2  0 1170284 122684 268796 253912    0    0    51  6550 23892 24666 48 35 15  2  0	
 4  1 1170284 121864 269068 253952    0    0    51 10186 22929 23663 50 38 11  1  0	
 4  0 1170284 122336 269368 254000    0    0    51 10356 23691 24661 49 36 14  1  0	
 2  0 1170284 121352 269652 254044    0    0    51 10193 23216 23404 50 38 11  1  0	
 5  0 1170284 121848 269952 254080    0    0    51 10231 24097 24461 48 34 16  1  0	
 8  0 1170284 118420 270232 254132    0    0    51  8606 23143 23721 51 36 12  1  0	
 6  0 1170284 120872 270520 254168    0    0    51  9458 23528 23660 52 36 11  1  0	
 3  0 1170284 120460 270792 254224    0    0    51 10335 23483 23649 50 36 13  2  0	
 3  0 1170284 120500 271072 254264    0    0    51  9610 23281 23783 48 37 13  1  0	
12  0 1170284 119724 271368 254308    0    0    51 10435 23251 24379 48 35 15  2  0	
 3  1 1170284 120128 271644 254348    0    0    51 10614 23191 23996 49 36 13  1  0	
 3  0 1170284 116988 271924 254392    0    0    51  4390 23832 25629 43 36 19  2  0	
 3  0 1170284 116452 272204 254432    0    0    51   886 22890 24268 47 41 11  1  0	
 5  0 1170284 119244 272484 254472    0    0    51   914 24042 25926 42 35 20  2  0	
 9  0 1170284 118484 272764 254508    0    0    58  1341 24007 25648 45 35 18  2  0	
 4  0 1170284 118260 273036 254556    0    0    51   838 23835 25570 47 36 15  3  0	
 5  0 1170284 119244 273320 254596    0    0    51   851 23984 25709 44 35 18  3  0	
 0  0 1170284 118532 273588 254644    0    0    51   898 23703 25337 44 38 16  2  0	
 0  1 1170284 118268 273872 254688    0    0    51  8094 23616 24783 46 36 16  2  0	
10  0 1170284 117368 274144 254736    0    0    51  9418 23074 24201 48 37 14  1  0	
procs -----------memory---------- ---swap-- -----io---- --system-- -----cpu-----
 r  b   swpd   free   buff  cache   si   so    bi    bo   in   cs us sy id wa st
 1  0 1170284 116872 274428 254780    0    0    51 10770 23853 24983 44 36 19  1  0	
 2  0 1170284 113360 274700 254820    0    0    51 10357 23243 24238 48 37 13  1  0	
 1  0 1170284 115780 274988 254860    0    0    51 10409 23586 25012 45 36 18  2  0	
 1  0 1170284 115260 275252 254900    0    0    51 10550 23730 24860 45 35 18  2  0	
 7  0 1170284 115540 275536 254944    0    0    51 10412 23459 24773 46 38 15  1  0	
 3  0 1170284 114764 275816 254992    0    0    51 10369 23615 24580 45 36 17  1  0	
 4  0 1170284 115292 276088 255028    0    0    51 10629 23215 24320 46 37 16  1  0	
14  0 1170284 119800 267600 255072    0    0    51 10369 23644 24792 45 35 19  2  0	
 1  0 1170284 123444 267864 255060    0    0    51 10596 23031 24149 47 38 14  1  0	
 8  0 1170284 122228 268152 255092    0    0    51  4062 24223 25983 42 34 22  2  0	
 3  0 1170284 113616 268424 255140    0    0    51   810 22862 24946 48 40 10  2  0	
 3  0 1170284 115800 268708 255188    0    0    51   898 24190 25901 42 34 20  3  0	
 9  0 1170284 117496 268980 255232    0    0    51   934 23748 25772 42 37 18  3  0	
 2  0 1170284 116328 269252 255272    0    0    51   866 23566 25273 44 37 16  2  0	
 2  1 1170284 116956 269544 255312    0    0    51   887 23846 25684 44 35 19  2  0	
 6  1 1170284 116716 269820 255340    0    0    51   917 23810 25653 45 37 18  1  0	
 5  0 1170284 116204 270104 255388    0    0    51   889 24206 25782 43 35 20  2  0	
 1  1 1170284 116444 270388 255424    0    0    51  1363 23404 25103 47 38 13  2  0	
 3  0 1170284 116236 270672 255488    0    0    51  7261 23821 23813 47 35 15  2  0	
 7  0 1170284 112660 270944 255520    0    0    51  9461 22993 23561 49 38 12  2  0	
 6  0 1170284 116368 271240 255568    0    0    51 10066 23893 24396 46 34 17  2  0	
procs -----------memory---------- ---swap-- -----io---- --system-- -----cpu-----
 r  b   swpd   free   buff  cache   si   so    bi    bo   in   cs us sy id wa st
 4  0 1170284 115756 271512 255600    0    0    51 10057 23806 25170 47 34 17  2  0	
 4  0 1170284 116268 271792 255656    0    0    51 10588 23256 23887 49 37 13  1  0	
 7  1 1170284 115988 272080 255700    0    0    51 10612 23641 23649 50 35 14  1  0	
 1  0 1170284 115228 272364 255736    0    0    51 10380 23107 23059 49 37 12  1  0	
 4  0 1170284 113632 272644 255772    0    0    51 10622 23756 24086 47 35 17  2  0	
 2  0 1170284 115384 272932 255836    0    0    51  7740 22980 23466 49 38 12  1  0	
10  1 1170284 113772 273220 255864    0    0    51 10710 23817 23774 49 33 16  2  0	
 5  0 1170284 115104 273484 255912    0    0    51 10352 22387 22595 51 40  8  1  0	
 3  0 1170284 114656 273772 255944    0    0    51 10614 23746 23591 47 34 17  2  0	
11  0 1170284 112188 274040 256004    0    0    51  6302 23470 24765 45 36 17  2  0	
 5  0 1170284 124204 264168 255952    0    0    51   880 23662 25100 43 36 19  2  0	
 8  1 1170284 121868 264456 256004    0    0    51  1233 24013 25630 42 37 19  2  0	
 6  0 1170284 124064 264736 256032    0    0    51   750 23664 25277 44 36 18  2  0	
 4  0 1170284 123700 265020 256076    0    0    51   960 23580 25218 43 36 18  2  0	
 1  1 1170284 123048 265316 256112    0    0    51   880 23247 24794 45 36 16  2  0	
 5  0 1170284 123344 265604 256160    0    0    51   850 23988 25722 41 34 21  3  0	
 0  0 1170284 122568 265880 256204    0    0    51   910 23343 24809 46 38 13  2  0	
