procs -----------memory---------- ---swap-- -----io---- --system-- -----cpu-----
 r  b   swpd   free   buff  cache   si   so    bi    bo   in   cs us sy id wa st
 1  0 986812 125664 228840 294268    0    0    28  1710    4    4  8  9 79  5  0	
 3  0 986812 122012 229156 294336    0    0    51   843 21298 20013 32 32 33  3  0	
 0  0 986812 122384 229472 294392    0    0    51   954 21645 20542 30 27 39  4  0	
 0  0 986812 122632 229800 294424    0    0    51   930 21247 19857 34 32 30  4  0	
 4  1 986812 119972 230112 294472    0    0    51   914 21469 20802 29 26 40  5  0	
 3  0 986812 121500 230428 294512    0    0    51   879 21425 20013 35 33 29  4  0	
 2  0 986812 121004 230752 294552    0    0    51   918 21342 20643 30 26 40  5  0	
 7  0 986812 118692 231044 294592    0    0    51   922 20977 19732 32 30 35  3  0	
 2  0 986812 119252 231340 294624    0    0    51   910 21618 20573 30 29 37  4  0	
 4  0 986812 120228 231656 294676    0    0    51  9526 21154 18331 36 30 31  3  0	
 1  0 986812 119476 231936 294720    0    0    51 10614 20702 18181 38 32 28  3  0	
 3  0 986812 119360 232232 294760    0    0    51 10248 21144 19365 33 27 37  4  0	
 5  0 986812 128544 222728 294640    0    0    51 10414 20649 18392 38 31 29  3  0	
 3  0 986812 128660 223040 294696    0    0    51  8796 21065 19532 31 27 38  4  0	
 4  0 986812 128288 223348 294740    0    0    51 10518 20687 18276 38 31 28  3  0	
 2  0 986812 128312 223656 294788    0    0    52  7012 21418 20425 31 27 38  3  0	
 6  0 986812 126312 223996 294836    0    0    51  7813 21224 19371 34 29 32  4  0	
 1  0 986812 127576 224300 294864    0    0    51 10573 21219 19508 34 27 35  3  0	
 3  0 986812 126468 224584 294908    0    0    58 10390 21127 19353 34 29 35  3  0	
 7  0 986812 126924 224884 294944    0    0    51 10424 21255 19393 34 29 34  4  0	
 4  0 986812 122536 225168 295000    0    0    51  4808 21474 20665 31 28 38  3  0	
procs -----------memory---------- ---swap-- -----io---- --system-- -----cpu-----
 r  b   swpd   free   buff  cache   si   so    bi    bo   in   cs us sy id wa st
 1  0 986812 126196 225500 295032    0    0    51   879 21108 20205 31 28 36  5  0	
 4  0 986812 125600 225816 295076    0    0    51   970 21310 20588 31 27 38  5  0	
 0  0 986812 125204 226116 295128    0    0    51   926 21534 20243 33 31 33  3  0	
 1  0 986812 124608 226456 295156    0    0    51   926 21621 20672 28 27 41  4  0	
 1  0 986812 124724 226804 295196    0    0    51   877 21433 20135 31 31 35  3  0	
 1  0 986812 123336 227144 295240    0    0    51  7430 21642 19218 34 28 34  4  0	
 0  0 986812 124104 227424 295284    0    0    51  8787 20406 18952 34 31 33  3  0	
 0  0 986812 123460 227732 295328    0    0    51 10626 21210 19679 32 27 37  3  0	
 2  0 986812 122996 228028 295372    0    0    51 10574 21119 19754 33 30 34  4  0	
 1  0 986812 122220 228324 295412    0    0    51 10632 21144 19816 32 26 39  3  0	
 1  0 986812 122996 228632 295452    0    0    51 10131 21275 19551 34 30 34  2  0	
 2  0 986812 121028 228932 295496    0    0    51 10614 21210 20078 30 26 41  3  0	
 1  0 986812 121632 229212 295532    0    0    51 10559 21093 19347 35 31 32  2  0	
 0  0 986812 120920 229528 295576    0    0    51 10618 21413 20230 30 26 41  3  0	
 2  0 986812 117980 229816 295612    0    0    51 10415 21163 19454 34 31 32  3  0	
 2  0 986812 120160 230120 295640    0    0    51  8731 21188 19965 32 26 38  4  0	
 2  0 986812 120368 230404 295696    0    0    51 10202 21061 19622 32 29 36  3  0	
 0  0 986812 119292 230692 295728    0    0    51 10402 20978 19705 32 29 37  3  0	
 2  0 986812 118072 230992 295768    0    0    51  6011 21546 18949 35 28 34  3  0	
 3  0 986812 119004 231316 295812    0    0    51   956 21163 19877 30 30 36  3  0	
 3  0 986812 118540 231632 295860    0    0    51  9921 21377 18925 34 27 36  3  0	
procs -----------memory---------- ---swap-- -----io---- --system-- -----cpu-----
 r  b   swpd   free   buff  cache   si   so    bi    bo   in   cs us sy id wa st
 0  1 986812 117492 231916 295904    0    0    51 10299 21025 18261 37 32 29  2  0	
 1  0 986812 117912 232224 295944    0    0    51  3262 21217 19782 31 26 38  5  0	
 4  0 986812 127404 221700 295288    0    0    51  3622 20731 18882 35 31 31  3  0	
 4  0 986812 128840 222020 295336    0    0    51  1276 21080 20169 31 28 38  4  0	
 1  0 986812 128180 222312 295388    0    0    51 10722 20697 18382 37 31 28  4  0	
 5  0 986812 127848 222612 295428    0    0    51 10134 21208 18746 35 27 35  3  0	
 8  0 986812 124916 222904 295476    0    0    51  3066 21546 20233 32 31 35  2  0	
 0  0 986812 127800 223212 295512    0    0    51   883 21555 20122 29 29 38  4  0	
 3  0 986812 123272 223560 295544    0    0    51  6440 21212 19301 33 28 34  4  0	
 3  0 986812 127056 223868 295592    0    0    51  2682 21180 20048 31 29 36  4  0	
 0  0 986812 126220 224184 295632    0    0    51  8610 21179 19090 34 26 35  5  0	
 6  0 986812 126592 224468 295676    0    0    51  9245 20649 18257 38 32 28  3  0	
 1  0 986812 125600 224812 295712    0    0    51   863 21155 20612 28 26 41  4  0	
 3  0 986796 125428 225136 295964    0    0    90   915 21214 20032 33 33 31  3  0	
 2  1 986796 124336 225480 295996    0    0    51   929 21366 20607 29 26 41  5  0	
 1  0 986796 124740 225804 296044    0    0    51   855 21238 20015 31 32 34  3  0	
 0  0 986796 123616 226140 296088    0    0    58  2546 21509 20206 31 28 36  5  0	
 1  0 986796 123616 226440 296112    0    0    51 10303 20761 18630 33 30 33  4  0	
 2  0 986796 123080 226736 296144    0    0    51  9228 20894 18859 35 28 33  4  0	
 0  1 986796 123088 227024 296208    0    0    51  8445 20372 17909 36 30 30  3  0	
 1  0 986796 122220 227336 296252    0    0    51  7495 20895 18679 37 30 31  3  0	
procs -----------memory---------- ---swap-- -----io---- --system-- -----cpu-----
 r  b   swpd   free   buff  cache   si   so    bi    bo   in   cs us sy id wa st
 5  0 986796 122120 227656 296268    0    0    51 10074 21105 18576 36 29 31  4  0	
 2  0 986796 118188 227980 296336    0    0    51  7882 21477 18860 35 27 35  3  0	
 6  0 986796 118032 228296 296384    0    0    51  2766 21234 19683 32 28 37  3  0	
 3  0 986796 120640 228624 296428    0    0    51 10768 21370 19571 32 27 37  4  0	
 2  0 986796 120624 228940 296472    0    0    51 10208 21099 18512 36 28 32  3  0	
 0  0 986796 119964 229244 296512    0    0    51 10382 21022 18467 36 31 28  5  0	
 2  0 986796 120376 229552 296548    0    0    51 10393 21045 18831 35 28 35  3  0	
 3  0 986796 119400 229840 296580    0    0    51  9776 20664 18492 36 28 33  3  0	
 2  0 986796 119384 230160 296624    0    0    51 10602 21058 17823 37 29 31  3  0	
 1  0 986796 118408 230460 296668    0    0    51 10446 21252 18353 37 29 31  3  0	
 3  0 986796 115196 230768 296724    0    0    51 10351 20814 18770 35 29 33  3  0	
 2  0 986796 118144 231052 296756    0    0    51 10306 21082 19112 34 28 35  3  0	
 1  0 986796 118276 231368 296792    0    0    51 10425 21128 18948 34 27 35  4  0	
 2  0 986796 117028 231676 296840    0    0    51  4950 21156 19923 32 30 35  3  0	
 2  1 986796 117648 232004 296872    0    0    51   858 21263 20534 28 26 42  4  0	
 2  0 986796 116532 232320 296928    0    0    51   887 21243 20161 32 30 34  4  0	
 1  0 986796 116680 232628 296960    0    0    51  1353 21294 20334 28 27 41  4  0	
 2  0 986796 121948 223900 296832    0    0    51   917 21232 19782 33 33 30  3  0	
 2  1 986796 124724 224268 296860    0    0    51   930 21437 20700 29 26 41  4  0	
 0  1 986796 122552 224580 296920    0    0    51   874 21372 20448 31 29 36  4  0	
 3  0 986796 124228 224888 296956    0    0    51  9207 21147 19278 33 28 34  5  0	
procs -----------memory---------- ---swap-- -----io---- --system-- -----cpu-----
 r  b   swpd   free   buff  cache   si   so    bi    bo   in   cs us sy id wa st
 2  0 986796 123252 225180 297004    0    0    51 10294 21030 19671 30 27 39  4  0	
13  0 986796 123708 225480 297052    0    0    51 10244 20689 19298 33 30 33  3  0	
 5  0 986796 123112 225772 297088    0    0    51 10563 20675 19356 31 26 39  3  0	
 3  0 986796 122848 226068 297136    0    0    51 10418 20912 19160 34 31 33  3  0	
 3  0 986796 122368 226384 297160    0    0    51 10616 21511 19978 32 25 39  4  0	
 4  1 986796 122724 226688 297200    0    0    51 10594 21225 19488 33 31 34  2  0	
 0  1 986796 121624 226984 297240    0    0    51 10370 21412 19861 31 27 40  3  0	
 5  0 986796 119972 227300 297288    0    0    51 10611 21355 19831 33 29 34  3  0	
 4  0 986796 119212 227596 297348    0    0    51 10409 21352 19745 33 28 35  3  0	
 2  0 986796 121144 227896 297380    0    0    51 10564 20998 19690 32 29 36  3  0	
 4  0 986796 120260 228204 297420    0    0    51  2067 21396 20497 29 28 39  3  0	
 2  0 986796 117088 228512 297452    0    0    51   870 21362 20382 31 29 37  4  0	
 4  0 986796 119508 228876 297484    0    0    51  1055 21389 20319 31 28 37  4  0	
 1  1 986796 119656 229200 297520    0    0    51   908 21347 20296 29 29 39  4  0	
 1  0 986796 118988 229528 297564    0    0    51   865 21165 19726 32 32 33  3  0	
 5  1 986796 118880 229864 297612    0    0    51   948 21450 20633 28 25 43  4  0	
 1  0 986796 118168 230196 297672    0    0    51   922 21174 20097 30 30 35  5  0	
 1  0 986796 118384 230504 297700    0    0    51   989 21236 20286 30 27 39  5  0	
 2  0 986796 117052 230812 297740    0    0    51  3494 20875 19151 36 29 32  4  0	
 1  0 986796 117548 231148 297772    0    0    51 10262 21452 18635 35 29 33  4  0	
 1  0 986796 116780 231456 297820    0    0    51 10354 21045 18925 35 30 32  3  0	
procs -----------memory---------- ---swap-- -----io---- --system-- -----cpu-----
 r  b   swpd   free   buff  cache   si   so    bi    bo   in   cs us sy id wa st
 4  0 986796 116400 231756 297876    0    0    51 10326 21469 19815 33 27 37  3  0	
 6  0 986796 125476 222796 296924    0    0    51 10526 20911 19192 31 30 36  3  0	
 3  0 986796 124460 223104 296968    0    0    51 10231 21138 18331 35 27 35  3  0	
 4  0 986796 124708 223424 297016    0    0    51 10616 20856 18210 38 31 29  3  0	
 4  0 986796 125104 223760 297116    0    0    63 10585 21047 18639 33 26 37  4  0	
 4  0 986796 121140 224048 297156    0    0    51 10217 20680 18212 37 32 28  3  0	
 1  0 986796 124608 224352 297196    0    0    51 10474 21153 18087 37 26 34  3  0	
 1  0 986796 124460 224636 297240    0    0    51 10618 21071 18141 36 29 32  3  0	
 1  0 986796 124212 224948 297280    0    0    51 10610 21147 18210 38 30 30  2  0	
 0  0 986796 121908 225252 297324    0    0    51  7588 21241 19528 32 28 37  3  0	
 2  0 986796 123360 225568 297364    0    0    51   749 21070 19988 33 31 34  3  0	
 2  1 986796 122260 225884 297400    0    0    51  1278 21222 20449 31 26 38  5  0	
 2  1 986796 122360 226200 297440    0    0    58   817 21153 20153 33 30 33  4  0	
 6  0 986796 120880 226516 297488    0    0    51   424 21173 20495 28 25 43  4  0	
 0  0 986796 121592 226816 297528    0    0    51   843 21084 19739 31 31 36  3  0	
 2  0 986796 121144 227132 297568    0    0    51   944 21129 20381 27 27 42  4  0	
 4  1 986796 120840 227448 297608    0    0    51   953 20897 19549 32 31 34  4  0	
 2  0 986796 120268 227780 297640    0    0    51   877 21405 20692 30 27 38  4  0	
 3  1 986796 118848 228080 297684    0    0    51   890 21138 20091 31 30 35  4  0	
 2  1 986796 119516 228408 297724    0    0    51   914 21179 20487 28 26 41  5  0	
 2  1 986796 115684 228744 297756    0    0    51   943 21277 20188 30 28 37  5  0	
procs -----------memory---------- ---swap-- -----io---- --system-- -----cpu-----
 r  b   swpd   free   buff  cache   si   so    bi    bo   in   cs us sy id wa st
 4  1 986796 118772 229068 297796    0    0    51   846 21190 20105 32 29 35  4  0	
 1  2 986796 119144 229376 297848    0    0    51   951 21521 20563 29 26 41  4  0	
 0  0 986796 118260 229696 297880    0    0    51   913 21012 19646 32 33 32  3  0	
 0  0 986796 118408 230036 297936    0    0    51   919 21459 20774 29 26 41  4  0	
 1  0 986796 117244 230368 297972    0    0    51   890 21132 19848 32 32 33  3  0	
 6  0 986796 117904 230692 298016    0    0    51   937 21530 20848 29 25 41  5  0	
 4  0 986796 114136 230992 298068    0    0    51   958 20897 19729 33 33 30  4  0	
 1  0 986796 116788 231336 298096    0    0    51  7513 21214 18156 37 28 31  4  0	
 4  0 986796 125740 222264 297812    0    0    51  8900 20790 18337 36 30 31  3  0	
 2  1 986796 125700 222620 297820    0    0    70  1694 21465 20171 31 28 37  4  0	
 1  0 986796 124624 222912 297984    0    0    51 10122 21278 16700 42 30 25  3  0	
 1  0 986796 124716 223220 298020    0    0    51  7030 21411 19330 32 28 37  3  0	
 3  0 986796 124128 223528 298068    0    0    52 10267 20755 17875 38 30 29  3  0	
 3  0 986796 124088 223836 298112    0    0    58 10280 21152 18888 34 27 35  4  0	
 4  0 986796 119800 224128 298148    0    0    51 10413 20956 18580 36 29 32  3  0	
 1  0 986796 123848 224428 298184    0    0    51  4931 21217 20241 31 28 37  4  0	
 1  0 986796 123012 224744 298228    0    0    51  1869 21414 20156 31 28 37  5  0	
 3  0 986796 123136 225060 298268    0    0    51  9291 21042 17897 39 29 30  3  0	
 0  0 986796 122112 225388 298300    0    0    51   873 21337 20302 29 28 39  4  0	
 2  2 986796 122492 225728 298356    0    0    51   910 21416 20233 31 30 35  3  0	
 4  1 986796 121864 226052 298392    0    0    51   881 21573 20388 30 28 38  3  0	
procs -----------memory---------- ---swap-- -----io---- --system-- -----cpu-----
 r  b   swpd   free   buff  cache   si   so    bi    bo   in   cs us sy id wa st
 5  0 986796 121276 226384 298436    0    0    51  5466 21049 19546 33 30 34  4  0	
 0  0 986796 120368 226700 298484    0    0    51 10161 21115 19461 34 28 35  4  0	
 1  0 986796 120600 227008 298504    0    0    51 10306 21164 18916 35 29 33  3  0	
 2  0 986796 118624 227316 298556    0    0    51  6126 21295 19537 33 28 36  3  0	
 3  1 986796 120368 227644 298596    0    0    51   900 21254 20247 31 31 35  3  0	
 1  0 986796 119804 227980 298644    0    0    51   934 21398 20655 28 27 42  4  0	
 0  0 986796 119144 228300 298660    0    0    51   942 21433 20262 32 31 33  4  0	
 2  5 986796 118556 228608 298692    0    0    51   914 21649 20657 28 27 41  3  0	
 2  1 986796 118228 228952 298752    0    0    51   885 21310 20329 32 30 34  4  0	
 1  1 986796 117440 229300 298780    0    0    51   922 21338 20547 30 27 39  5  0	
 4  0 986796 117360 229640 298840    0    0    51   934 21183 20482 30 27 38  5  0	
 2  0 986796 117168 229932 298872    0    0    51   914 21185 19962 31 31 34  4  0	
 3  0 986796 118660 230264 299668    0    0   202  7413 21098 19364 32 26 37  5  0	
 3  0 986796 117604 230580 299880    0    0    85 10614 20434 18262 37 31 30  3  0	
 6  0 986796 119264 230864 299912    0    0    51 10278 21042 19355 33 25 38  4  0	
 3  2 986796 128656 221660 299232    0    0    52 10619 20709 18464 37 30 30  3  0	
 2  0 986796 128788 221956 299280    0    0    51 10554 20685 19176 33 27 37  3  0	
 1  0 986796 127732 222248 299328    0    0    51  8509 20686 19242 35 29 32  3  0	
 0  0 986796 127848 222568 299352    0    0    53  8800 20892 19707 32 26 38  4  0	
 0  1 986796 126460 222908 299396    0    0    51  6003 20834 19322 33 29 35  4  0	
 1  0 986796 126452 223228 299432    0    0    51 10407 20984 19413 33 27 37  3  0	
procs -----------memory---------- ---swap-- -----io---- --system-- -----cpu-----
 r  b   swpd   free   buff  cache   si   so    bi    bo   in   cs us sy id wa st
 3  0 986796 125188 223524 299472    0    0    51 10373 21060 19050 38 30 29  2  0	
 3  0 986796 124784 223804 299516    0    0    51 10623 21204 18172 38 29 31  3  0	
 2  2 986796 122676 224116 299540    0    0    51  6998 21532 20609 32 28 37  3  0	
 1  0 986796 124584 224460 299596    0    0    51   822 21021 19540 34 30 32  3  0	
 1  0 986796 123988 224812 299624    0    0    51   946 21438 20779 31 26 39  5  0	
 2  1 986796 121040 225140 299680    0    0    51   932 20965 20097 32 30 34  4  0	
 3  0 986796 123368 225460 299712    0    0    51   910 21329 20707 30 26 39  5  0	
 3  0 986796 123344 225788 299784    0    0    51   856 21546 20247 32 30 35  3  0	
 2  0 986796 122848 226132 299820    0    0    51  5062 21608 19917 33 29 34  4  0	
 1  0 986796 122616 226432 299852    0    0    51  9422 21246 18895 36 31 31  3  0	
 3  0 986796 121576 226752 299904    0    0    51 10692 21710 20060 32 28 36  3  0	
 4  1 986796 121740 227056 299944    0    0    51 10560 21343 19680 33 30 34  3  0	
 6  0 986796 118816 227368 299988    0    0    51 10415 21220 20189 33 27 36  4  0	
 2  0 986796 121452 227664 300020    0    0    51 10355 21125 19608 35 32 30  3  0	
 4  0 986796 119368 227968 300056    0    0    51 10607 21458 20186 31 25 40  4  0	
 1  1 986796 120360 228276 300108    0    0    51 10566 21201 19438 35 32 31  2  0	
 3  0 986796 119508 228576 300144    0    0    51 10407 21694 20449 30 27 40  3  0	
 6  0 986796 116784 228880 300160    0    0    51 10602 21188 19310 36 33 30  2  0	
 4  0 986796 118764 229176 300204    0    0    51  8663 21923 20482 32 27 39  3  0	
 7  0 986796 119460 229476 300256    0    0    51 10260 21272 19760 33 28 36  3  0	
 1  0 986796 118524 229772 300300    0    0    51 10407 20938 19578 33 29 35  3  0	
procs -----------memory---------- ---swap-- -----io---- --system-- -----cpu-----
 r  b   swpd   free   buff  cache   si   so    bi    bo   in   cs us sy id wa st
 1  0 986796 117616 230080 300352    0    0    51  5792 21464 19423 34 29 34  3  0	
 2  0 986796 117648 230392 300388    0    0    51  2846 21555 20477 33 30 34  4  0	
 1  0 986796 117656 230728 300440    0    0    51  8398 21372 18952 34 27 35  4  0	
 6  0 986796 117004 231024 300468    0    0    51 10131 21085 18310 38 31 29  2  0	
 3  0 986796 117656 231352 300504    0    0    51  3631 21717 20349 31 27 39  3  0	
 1  0 986796 126064 222100 300408    0    0    51  5017 21318 19157 34 31 32  3  0	
 1  0 986796 126204 222420 300452    0    0    51   792 21549 20704 30 27 40  4  0	
 5  1 986796 125420 222724 300500    0    0    51  9839 20912 18154 38 31 27  3  0	
 1  0 986796 125312 223028 300548    0    0    51 10221 21251 19013 35 26 33  5  0	
 0  0 986796 124856 223340 300588    0    0    51  4424 21143 20121 33 30 33  3  0	
 4  0 986796 124444 223672 300620    0    0    51   781 21701 20756 31 28 38  3  0	
 7  0 986796 121536 224004 300664    0    0    51  5042 21814 20045 33 27 36  4  0	
 4  0 986796 124196 224336 300768    0    0    62  4131 21109 19598 33 32 32  3  0	
 2  1 986796 123476 224680 300784    0    0    51  7332 21688 19170 34 27 36  3  0	
 3  0 986796 123344 225000 300840    0    0    51 10475 20417 17589 41 34 22  3  0	
 1  0 986796 122624 225336 300876    0    0    51   881 21694 21059 29 25 43  3  0	
 3  0 986796 121228 225684 300916    0    0    51   828 21184 20020 32 32 33  3  0	
 5  0 986796 121864 226020 300956    0    0    51   937 21449 20880 28 25 42  5  0	
 4  1 986796 122236 226340 301004    0    0    51   898 21329 20176 32 31 34  3  0	
 4  0 986796 121244 226672 301052    0    0    51  1512 21808 20492 31 28 37  3  0	
 1  0 986796 121136 226988 301072    0    0    51 10569 21368 18812 36 30 31  4  0	
procs -----------memory---------- ---swap-- -----io---- --system-- -----cpu-----
 r  b   swpd   free   buff  cache   si   so    bi    bo   in   cs us sy id wa st
 3  0 986796 120368 227304 301128    0    0    51  9302 21387 19062 36 27 34  3  0	
 2  0 986796 120352 227596 301164    0    0    51  9188 20882 18543 37 30 30  3  0	
 4  0 986796 119600 227904 301212    0    0    51  7224 21007 19097 35 28 33  4  0	
 4  0 986796 116940 228204 301260    0    0    51 10374 21006 18814 34 27 35  4  0	
 3  0 986796 117252 228500 301312    0    0    51  7901 21012 18692 35 29 33  4  0	
 2  1 986796 118740 228820 301356    0    0    51  2772 21630 20033 32 28 37  3  0	
 7  0 986796 118136 229120 301388    0    0    51 10407 21044 19170 36 31 31  3  0	
 3  0 986796 118104 229432 301436    0    0    58 10581 21313 18947 35 28 32  5  0	
 1  0 986796 117516 229736 301460    0    0    51 10412 21377 18877 37 29 31  3  0	
 1  0 986796 117888 230048 301512    0    0    51 10435 20981 18662 36 29 32  3  0	
 3  0 986796 114368 230360 301544    0    0    58  9804 20789 18575 38 28 31  3  0	
 4  1 986796 115608 230668 301596    0    0    51 10581 20815 17706 40 29 28  3  0	
 4  0 986796 125700 221352 301528    0    0    51 10381 20898 18578 37 29 30  3  0	
 2  0 986796 125708 221664 301560    0    0    51 10203 21524 19481 34 27 36  3  0	
 4  0 986796 124708 221972 301612    0    0    51 10318 21379 19314 34 30 32  3  0	
 2  0 986796 125344 222284 301660    0    0    51 10645 21718 19719 34 26 36  3  0	
 7  0 986796 120908 222588 301704    0    0    51  4912 21597 20534 32 29 36  3  0	
 4  0 986796 124732 222896 301740    0    0    51   754 21161 20515 30 29 39  3  0	
 1  0 986796 123972 223200 301780    0    0    51   762 21271 20541 30 28 38  4  0	
 4  1 986796 123864 223516 301864    0    0    62  1300 21403 20430 32 30 34  3  0	
 0  0 986796 121964 223844 301900    0    0    51   867 21324 20641 29 26 40  5  0	
procs -----------memory---------- ---swap-- -----io---- --system-- -----cpu-----
 r  b   swpd   free   buff  cache   si   so    bi    bo   in   cs us sy id wa st
 1  0 986796 123188 224192 301952    0    0    51   939 21512 20102 33 32 32  3  0	
 4  0 986796 122236 224524 301980    0    0    51   919 21672 21025 29 25 41  5  0	
 3  2 986796 123476 224836 302040    0    0    51  9625 20952 18674 36 32 28  3  0	
 2  0 986796 121756 225120 302072    0    0    51 10364 21763 20361 31 27 37  4  0	
 4  0 986796 121476 225412 302116    0    0    51 10023 20979 19266 35 31 30  4  0	
 3  0 986796 121120 225716 302156    0    0    51 10877 21322 20254 31 26 39  4  0	
 2  1 986796 120248 225988 302196    0    0    51 10608 20828 19187 34 30 32  3  0	
 2  0 986796 119236 226288 302240    0    0    51 10575 21231 19802 32 28 37  3  0	
 3  0 986796 126132 226608 293348    0    0   193 10404 20987 19015 36 33 28  3  0	
 0  0 986796 127800 226916 293380    0    0    51 10494 21438 19815 31 28 38  3  0	
17  0 986796 127808 227228 293424    0    0    51 10622 21663 20268 31 28 38  3  0	
 1  0 986796 126892 227520 293464    0    0    51 10562 21400 19512 35 30 32  3  0	
 4  1 986796 127264 227812 293508    0    0    51 10425 21402 20092 30 28 39  4  0	
 2  0 986796 126544 228116 293548    0    0    51  1862 21189 20018 33 31 33  3  0	
 1  0 986796 126940 228428 293592    0    0    51   750 21406 20749 29 25 43  3  0	
 4  0 986796 125932 228740 293640    0    0    51   809 21385 20161 32 32 33  3  0	
 1  0 986796 126428 229056 293676    0    0    51   885 21552 20865 29 26 41  5  0	
 5  1 986796 119820 219348 293572    0    0    66   889 21047 20223 33 31 33  3  0	
 1  0 986796 125456 219676 293608    0    0    51   940 21820 21143 28 27 40  5  0	
 1  1 986796 124652 220000 293640    0    0    51   923 21460 20333 31 31 34  4  0	
 4  0 986796 125784 220312 293664    0    0    51   944 21370 20505 30 28 37  5  0	
procs -----------memory---------- ---swap-- -----io---- --system-- -----cpu-----
 r  b   swpd   free   buff  cache   si   so    bi    bo   in   cs us sy id wa st
 4  0 986796 125080 220644 293716    0    0    53  3518 21219 19513 34 30 32  4  0	
 2  0 986796 125288 220980 293780    0    0    51 10528 21286 18999 36 28 31  5  0	
 6  1 986796 124116 221284 293832    0    0    51 10468 21138 18946 34 30 31  5  0	
 2  0 986796 123188 221588 293872    0    0    51 10508 21749 20120 31 26 38  4  0	
 4  0 986796 122048 221892 293908    0    0    51 10389 21120 19161 35 31 31  3  0	
 3  0 986796 124080 222180 293960    0    0    51 10208 21198 18157 38 29 31  3  0	
 3  0 986796 123088 222492 293984    0    0    51 10635 21523 18875 36 28 33  3  0	
 3  0 986796 123584 222776 294032    0    0    51 10350 20865 18348 37 29 32  3  0	
 2  0 986796 122592 223080 294068    0    0    51 10274 21207 18770 34 28 34  3  0	
 1  0 986796 122724 223356 294124    0    0    51 10606 20997 18399 37 29 31  3  0	
 3  1 986796 120924 223660 294164    0    0    51 10638 20979 18557 37 27 33  3  0	
 5  0 986796 121964 223960 294200    0    0    51 10348 21097 18629 36 29 33  3  0	
 1  0 986796 121236 224264 294248    0    0    51  7862 21253 19775 31 27 39  3  0	
 3  0 986796 121468 224556 294284    0    0    51   750 21421 20359 31 31 37  2  0	
 1  1 986796 121020 224880 294320    0    0    51  1140 21527 20679 30 27 41  3  0	
 1  0 986796 120748 225176 294364    0    0    51   583 21401 20455 32 30 36  2  0	
 6  1 986796 118864 225468 294396    0    0    51   396 21262 20460 30 28 40  2  0	
 5  0 986796 117460 225764 294444    0    0    51   473 21165 20117 34 31 33  3  0	
 1  1 986796 119896 226060 294480    0    0    51   444 21120 20663 28 26 43  3  0	
 0  1 986796 119764 226372 294528    0    0    51   530 21445 20450 29 28 40  3  0	
 1  0 986796 118880 226704 294560    0    0    51   946 21512 20296 31 30 36  3  0	
procs -----------memory---------- ---swap-- -----io---- --system-- -----cpu-----
 r  b   swpd   free   buff  cache   si   so    bi    bo   in   cs us sy id wa st
 2  1 986796 116236 227048 294616    0    0    51   944 21418 20416 32 28 36  4  0	
 1  1 986796 118548 227344 294656    0    0    51   922 21425 20237 31 30 35  3  0	
 0  0 986796 118424 227688 294680    0    0    51   868 21408 20796 30 25 41  4  0	
