procs -----------memory---------- ---swap-- -----io---- --system-- -----cpu-----
 r  b   swpd   free   buff  cache   si   so    bi    bo   in   cs us sy id wa st
 6  0 1091688 125076 303740 284796    0    0    28  1703    2    1  8  9 79  5  0	
 1  0 1091688 122508 304020 284872    0    0    51 10418 20744 18288 37 31 29  3  0	
 1  1 1091688 122052 304300 284892    0    0    51 10256 21084 18893 36 31 30  3  0	
 2  0 1091688 121928 304580 285080    0    0    75 10563 21100 19093 32 27 36  4  0	
 1  0 1091688 121292 304860 285120    0    0    51  9242 21148 19012 37 32 29  2  0	
 1  0 1091688 121292 305152 285164    0    0    51  9794 20944 18840 33 29 34  4  0	
 2  1 1091688 120788 305432 285204    0    0    51  7712 21109 19563 33 31 33  3  0	
 2  0 1091688 120696 305720 285240    0    0    51  7329 21239 19514 31 27 38  4  0	
 1  0 1091688 119656 305996 285284    0    0    51 10442 21108 19204 35 31 31  3  0	
 4  0 1091688 119920 306280 285320    0    0    58 10412 21305 19682 31 27 38  4  0	
 3  1 1091688 116036 306560 285372    0    0    51 10620 21143 19481 33 27 36  4  0	
 3  0 1091688 119184 306844 285412    0    0    51  5138 21183 19952 33 30 35  3  0	
 3  0 1091688 118728 307132 285448    0    0    51   881 21499 20790 28 27 41  4  0	
 0  0 1091688 118456 307412 285492    0    0    51   950 20961 19693 32 32 32  3  0	
 1  1 1091688 117728 307696 285532    0    0    51   913 21487 20434 29 27 40  4  0	
 3  0 1091688 118044 307976 285564    0    0    51   854 21240 20024 33 31 33  3  0	
 5  1 1091688 117464 308264 285604    0    0    51   906 21476 20741 28 26 42  4  0	
 3  0 1091688 117604 308536 285652    0    0    51  7002 20906 18523 36 30 30  4  0	
12  0 1091688 114300 308824 285688    0    0    51  9605 21145 19637 33 29 35  3  0	
 4  0 1091688 126656 299964 285160    0    0    51 10644 21113 19335 33 31 33  3  0	
 5  1 1091688 125748 300252 285192    0    0    51 10623 21415 19996 32 29 36  3  0	
procs -----------memory---------- ---swap-- -----io---- --system-- -----cpu-----
 r  b   swpd   free   buff  cache   si   so    bi    bo   in   cs us sy id wa st
 2  1 1091688 125548 300524 285228    0    0    51 10434 21232 19586 33 29 35  3  0	
 4  1 1091688 125276 300800 285276    0    0    51 10331 21199 19782 31 28 38  3  0	
 4  1 1091688 125028 301080 285312    0    0    51 10572 21074 19464 32 30 35  3  0	
 2  1 1091688 123168 301364 285344    0    0    51 10630 21459 20119 31 26 40  3  0	
21  1 1091688 121352 301644 285392    0    0    51 10417 20902 19363 33 30 35  3  0	
 5  0 1091688 123944 301920 285428    0    0    51 10626 21365 20203 31 28 38  3  0	
 2  0 1091688 124036 302200 285476    0    0    51  8629 21166 19760 33 28 35  3  0	
 1  0 1091688 123432 302480 285516    0    0    51 10301 21297 19804 33 30 34  3  0	
 5  0 1091688 123556 302760 285572    0    0    51 10263 21064 19681 30 29 38  3  0	
 0  0 1091688 122828 303040 285600    0    0    51  5833 21394 18831 36 29 32  3  0	
 1  1 1091688 122564 303328 285636    0    0    51   774 21418 20280 31 28 38  2  0	
 1  2 1091688 121796 303600 285672    0    0    51 10302 20708 18212 37 30 30  3  0	
 1  0 1091688 121952 303872 285724    0    0    51 10117 21205 18811 33 27 36  4  0	
 1  1 1091688 121416 304152 285756    0    0    51  3713 21289 19226 34 31 32  3  0	
 3  1 1091688 121332 304432 285808    0    0    51  2974 21430 20043 30 27 39  4  0	
 3  1 1091688 120928 304712 285856    0    0    51  2302 20955 19226 36 33 28  3  0	
 4  0 1091688 120912 304992 285888    0    0    51 10485 21335 19454 33 28 35  4  0	
 1  1 1091688 119928 305264 285940    0    0    51 10449 20984 18006 38 31 28  2  0	
 4  1 1091688 120192 305552 285964    0    0    51  1986 21495 20709 28 28 42  3  0	
 4  1 1091688 115128 305832 286008    0    0    51   885 21202 20051 30 28 38  4  0	
 0  0 1091688 128864 297480 285212    0    0    51  7413 20767 18594 35 29 32  4  0	
procs -----------memory---------- ---swap-- -----io---- --system-- -----cpu-----
 r  b   swpd   free   buff  cache   si   so    bi    bo   in   cs us sy id wa st
 1  1 1091688 128400 297764 285252    0    0    51  1687 21308 20687 28 25 42  4  0	
 1  0 1091688 128632 298036 285308    0    0    51  9532 20587 17714 39 31 26  3  0	
 2  0 1091688 127780 298328 285336    0    0    51  8386 21389 19363 34 26 37  3  0	
 2  0 1091688 127624 298608 285392    0    0    51   780 21249 19856 32 31 35  2  0	
 2  0 1091672 125524 298892 285432    0    0    51   885 21334 20577 29 28 39  4  0	
 1  0 1091672 125724 299180 285484    0    0    51   862 21275 19800 32 32 33  3  0	
 1  0 1091672 126392 299472 285532    0    0    51   898 21417 20682 28 26 42  4  0	
 1  1 1091672 126424 299756 285564    0    0    51  3884 20948 19077 34 30 32  4  0	
 1  0 1091672 125788 300036 285592    0    0    51 10558 21198 19233 33 28 34  5  0	
 3  0 1091672 125680 300308 285644    0    0    51  8570 21045 18502 37 30 31  2  0	
 1  0 1091672 125276 300596 285692    0    0    51  8530 21186 19000 34 28 34  3  0	
 3  0 1091672 124996 300876 285720    0    0    51  8582 21020 18221 36 31 31  2  0	
 7  0 1091672 121268 301164 285760    0    0    51 10327 21056 17082 40 29 28  3  0	
 8  0 1091672 121972 301444 285808    0    0    51  5475 21355 20027 30 28 39  3  0	
 4  1 1091672 123820 301716 285860    0    0    51  5342 21330 19400 34 27 36  3  0	
 5  1 1091672 123912 302004 285880    0    0    51 10366 21079 19117 35 28 33  5  0	
 1  0 1091672 123308 302272 285936    0    0    51 10609 20997 18892 35 29 32  3  0	
 1  0 1091672 123060 302552 285980    0    0    51 10327 20610 18744 36 27 35  2  0	
 3  0 1091672 122456 302832 286008    0    0    51 10027 20660 17936 38 29 31  2  0	
 2  0 1091672 121556 303124 286068    0    0    51 10419 20982 17976 38 29 30  2  0	
 2  0 1091672 121844 303404 286104    0    0    51 10406 21247 18442 37 30 30  3  0	
procs -----------memory---------- ---swap-- -----io---- --system-- -----cpu-----
 r  b   swpd   free   buff  cache   si   so    bi    bo   in   cs us sy id wa st
 4  0 1091672 121844 303696 286136    0    0    51 10378 21253 19009 34 26 36  3  0	
 2  0 1091672 121200 303980 286192    0    0    58 10222 20781 18407 36 31 31  2  0	
 1  1 1091672 121464 304268 286224    0    0    51 10318 21091 19031 32 26 38  4  0	
 1  0 1091672 120936 304540 286264    0    0    51 10602 20859 18680 35 30 33  3  0	
 0  0 1091672 120588 304824 286308    0    0    51  2357 20970 20181 29 28 40  3  0	
 5  0 1091672 119904 305104 286364    0    0    51   802 20950 19583 32 30 35  3  0	
 4  0 1091672 120068 305396 286376    0    0    51   893 21291 20440 30 27 39  4  0	
 5  0 1091672 117144 305668 286436    0    0    51  1349 21441 20421 29 26 41  4  0	
 1  0 1091672 119440 305932 286472    0    0    51   807 21272 19800 33 35 30  2  0	
 1  0 1091672 118852 306212 286508    0    0    51   885 21448 20565 28 26 42  5  0	
 3  1 1091672 119076 306492 286564    0    0    51  2312 20949 19195 35 33 28  4  0	
 2  0 1091672 118100 306772 286608    0    0    51 10807 21124 19852 29 26 39  6  0	
 6  0 1091672 118176 307044 286644    0    0    51 10261 20812 18943 35 31 31  3  0	
 3  1 1091672 117572 307332 286680    0    0    51 10250 21290 20018 31 25 40  4  0	
 3  0 1091672 116340 307612 286708    0    0    51 10423 20969 19119 33 30 35  3  0	
 2  0 1091672 116992 307892 286760    0    0    51 10630 21419 19846 32 27 37  4  0	
 4  1 1091672 116720 308164 286784    0    0    51 10559 21268 19584 33 29 36  2  0	
 1  0 1091672 116232 308436 286848    0    0    51 10406 21177 19675 32 28 37  3  0	
 3  1 1091672 125548 298804 286808    0    0    51 10420 21005 19480 32 29 35  3  0	
 0  0 1091672 125516 299084 286868    0    0    51 10624 21121 19588 32 28 37  3  0	
 2  0 1091672 125292 299356 286920    0    0    51 10553 21324 19600 32 29 36  3  0	
procs -----------memory---------- ---swap-- -----io---- --system-- -----cpu-----
 r  b   swpd   free   buff  cache   si   so    bi    bo   in   cs us sy id wa st
 2  1 1091672 124772 299644 286952    0    0    51  8941 20934 19584 31 28 38  3  0	
 4  0 1091672 122748 299916 286992    0    0    51   746 21424 20407 30 28 39  3  0	
 1  1 1091672 123936 300196 287032    0    0    51   832 21037 19823 30 29 38  3  0	
 3  2 1091672 124036 300468 287076    0    0    51   971 21569 20619 29 28 39  4  0	
 0  0 1091672 132864 300732 277600    0    0    69   873 20593 19119 33 32 31  3  0	
 4  0 1091672 132972 301024 277640    0    0    51   948 20972 19877 31 30 34  5  0	
 0  0 1091672 132492 301304 277676    0    0    51   906 21157 19943 30 30 37  3  0	
 1  1 1091672 132460 301584 277728    0    0    51   954 21459 20494 30 28 39  4  0	
 2  0 1091672 131468 301860 277756    0    0    51   899 21201 20164 30 30 36  4  0	
 1  0 1091672 131584 302144 277800    0    0    51  6684 21154 18540 33 26 36  4  0	
 1  2 1091672 130740 302416 277844    0    0    51 10437 21002 17935 38 30 28  3  0	
 2  1 1091672 130864 302696 277868    0    0    51 10329 21537 19910 32 26 39  3  0	
 2  0 1091672 129624 302968 277928    0    0    51 10151 20945 18880 36 31 31  2  0	
 4  0 1091672 129764 303256 277960    0    0    51 10317 20998 19134 32 25 39  4  0	
 3  0 1091672 125832 303536 278008    0    0    51 10679 20562 17599 38 32 28  3  0	
 1  0 1091672 129516 303816 278036    0    0    51 10574 21284 18778 35 26 36  3  0	
 0  0 1091672 128732 304096 278092    0    0    51 10406 21036 18303 37 29 32  3  0	
 1  0 1091672 129104 304372 278128    0    0    51 10264 20962 18427 36 29 32  3  0	
 2  0 1091672 127384 304664 278180    0    0    51 10621 20954 18101 34 28 34  4  0	
 1  0 1091672 128020 304936 278216    0    0    51 10555 21125 18011 38 30 30  2  0	
 1  0 1091672 127524 305224 278260    0    0    51 10410 21266 18533 34 27 36  3  0	
procs -----------memory---------- ---swap-- -----io---- --system-- -----cpu-----
 r  b   swpd   free   buff  cache   si   so    bi    bo   in   cs us sy id wa st
 1  0 1091672 127756 305496 278300    0    0    51  4494 21222 19735 33 31 34  3  0	
13  1 1091672 124120 305784 278344    0    0    51   907 21073 20253 30 27 41  2  0	
 1  0 1091672 127244 306056 278384    0    0    51  1145 20860 19774 32 31 34  4  0	
 1  1 1091672 126912 306348 278428    0    0    58   561 21282 20528 28 27 42  4  0	
 6  0 1091672 126508 306612 278456    0    0    51   458 21060 19856 31 31 36  2  0	
 0  0 1091672 125888 306892 278504    0    0    51   700 21272 20486 29 27 41  3  0	
 2  0 1091672 124508 307164 278540    0    0    51   936 21392 20189 31 29 37  3  0	
 0  0 1091672 125044 307444 278584    0    0    51   852 21285 20314 29 27 39  4  0	
 6  0 1091672 121684 307716 278616    0    0    51   910 21330 20582 30 26 39  5  0	
 3  2 1091672 124284 307992 278660    0    0    51   923 21120 19862 32 30 34  4  0	
 0  2 1091672 124424 308268 278688    0    0    51   927 21321 20740 28 25 41  5  0	
 1  0 1091672 123648 308540 278732    0    0    51   858 21063 19713 32 32 33  3  0	
 6  0 1091672 123804 308828 278780    0    0    51   933 21741 20778 28 26 42  4  0	
 1  0 1091672 123168 309112 278820    0    0    51   874 21408 19892 31 32 33  3  0	
 0  1 1091672 123060 309396 278872    0    0    51   916 21630 20914 28 26 42  4  0	
 7  0 1091672 120532 309680 278904    0    0    51   855 20845 19414 32 32 33  3  0	
 0  1 1091672 122780 309960 278948    0    0    51   934 21172 20387 29 26 40  5  0	
 7  0 1091672 122308 310232 278984    0    0    51   930 20839 19827 31 30 35  3  0	
 3  1 1091672 122068 310512 279024    0    0    51   977 21168 20380 29 27 40  4  0	
 1  0 1091672 121200 310792 279064    0    0    51  5930 20628 17491 40 32 25  3  0	
 0  0 1091672 120920 311076 279108    0    0    51 10476 21346 19077 36 27 34  3  0	
procs -----------memory---------- ---swap-- -----io---- --system-- -----cpu-----
 r  b   swpd   free   buff  cache   si   so    bi    bo   in   cs us sy id wa st
 3  0 1091672 117664 311356 279152    0    0    51   813 21569 20119 31 30 36  2  0	
 1  0 1091672 120176 311636 279196    0    0    51  9662 21409 17400 40 28 30  3  0	
 5  0 1091672 119844 311916 279236    0    0    51  8283 21166 18358 35 26 36  3  0	
 2  0 1091672 120200 312196 279280    0    0    51  9148 21199 18259 38 31 27  3  0	
 1  0 1091672 119704 312484 279316    0    0    51 10246 21153 19028 33 27 36  4  0	
 5  0 1091672 118076 312764 279364    0    0    51 10390 21058 18467 36 30 31  3  0	
 2  0 1091672 118728 313036 279412    0    0    51  6032 21252 19998 31 28 38  3  0	
 2  0 1091672 118604 313328 279456    0    0    51   904 21477 20396 30 29 37  3  0	
 2  1 1091672 118464 313616 279484    0    0    51 10306 20993 16986 40 29 27  4  0	
 0  0 1091672 117984 313880 279532    0    0    51   794 21357 20233 30 30 38  2  0	
 1  0 1091672 117596 314160 279568    0    0    51   833 21230 20203 29 29 39  3  0	
 0  0 1091672 117736 314432 279604    0    0    51   898 21363 20353 30 29 36  5  0	
 1  0 1091672 115960 314720 279660    0    0    51  4665 21220 19618 33 28 35  4  0	
 5  0 1091672 127036 305040 279664    0    0    51 10178 20970 19142 35 30 31  4  0	
 0  0 1091672 126408 305320 279732    0    0    56 10278 21220 18842 33 27 37  3  0	
 0  0 1091672 126260 305592 279760    0    0    51  6961 20936 19073 34 31 33  3  0	
 2  1 1091672 125672 305876 279804    0    0    51   834 21146 20090 31 29 37  3  0	
 2  0 1091672 124112 306148 279840    0    0    51   922 21543 20407 31 29 38  3  0	
 2  0 1091672 125020 306436 279884    0    0    51   853 21488 20453 30 28 38  4  0	
 2  0 1091672 121988 306712 279936    0    0    58   946 21351 20733 29 27 39  5  0	
 0  0 1091672 124284 306988 279968    0    0    51   908 21192 20220 32 30 34  4  0	
procs -----------memory---------- ---swap-- -----io---- --system-- -----cpu-----
 r  b   swpd   free   buff  cache   si   so    bi    bo   in   cs us sy id wa st
 1  0 1091672 124424 307268 280000    0    0    51   909 21392 20771 28 26 41  5  0	
 0  0 1091672 123276 307540 280052    0    0    51   857 20939 19755 32 31 34  3  0	
 2  0 1091672 123664 307820 280092    0    0    51   916 21797 20793 30 26 41  4  0	
 1  0 1091672 122896 308092 280124    0    0    51  7434 20941 18148 36 31 30  3  0	
 1  0 1091672 122788 308364 280168    0    0    51 10445 21252 19338 32 26 39  3  0	
 5  1 1091672 118972 308636 280224    0    0    51 10250 20945 18748 37 30 31  2  0	
 1  0 1091672 122136 308916 280244    0    0    51 10570 21064 19357 33 26 37  3  0	
 1  0 1091672 121548 309188 280288    0    0    51 10618 20749 18912 35 30 32  3  0	
 1  0 1091672 122044 309468 280328    0    0    51  8657 20936 19212 34 28 35  3  0	
 2  2 1091672 117632 309740 280368    0    0    51  8816 20819 19155 34 30 33  3  0	
 3  0 1091672 120912 310024 280408    0    0    51  5665 21149 19769 32 28 37  3  0	
 2  0 1091672 121060 310296 280456    0    0    51 10703 20986 19315 33 27 36  3  0	
 4  0 1091672 116980 310568 280484    0    0    51 10156 20647 18702 38 32 29  2  0	
 1  2 1091672 118640 310844 280516    0    0    51 10620 21182 19685 33 27 37  3  0	
 2  0 1091672 119052 311120 280572    0    0    51  7144 21118 19873 32 30 35  3  0	
 3  1 1091672 118036 311408 280608    0    0    51   818 21232 20606 29 28 38  4  0	
 0  0 1091672 118936 311688 280648    0    0    51   934 21328 20324 32 31 34  4  0	
 1  0 1091672 117796 311976 280688    0    0    51   910 21453 20768 29 28 40  3  0	
 3  0 1091672 118060 312252 280736    0    0    51   847 21522 20096 31 30 36  3  0	
 1  0 1091672 117424 312532 280780    0    0    51   882 21573 20477 30 29 38  4  0	
 3  0 1091672 117168 312804 280816    0    0    51  5394 21179 19051 35 30 32  3  0	
procs -----------memory---------- ---swap-- -----io---- --system-- -----cpu-----
 r  b   swpd   free   buff  cache   si   so    bi    bo   in   cs us sy id wa st
 4  0 1091672 116704 313096 280860    0    0    51  9514 21507 19437 34 27 35  4  0	
 4  0 1091672 126500 303456 280820    0    0    51 10606 20884 19212 35 31 31  3  0	
 2  0 1091672 124900 303736 280864    0    0    51 10639 21641 20178 31 27 38  4  0	
 3  1 1091672 122140 304008 280920    0    0    51 10622 21058 19305 34 32 31  3  0	
 3  1 1091672 124608 304288 280960    0    0    51 10134 21375 20543 31 27 39  3  0	
 4  0 1091672 124864 304560 280988    0    0    51 10557 21449 19701 32 30 35  3  0	
 4  0 1091672 123748 304832 281032    0    0    51 10604 21630 19954 33 29 36  3  0	
 1  1 1091672 122508 305112 281076    0    0    51 10635 21337 19612 32 29 36  3  0	
 1  0 1091672 123384 305388 281108    0    0    51 10410 21201 19970 33 28 36  3  0	
 3  0 1091672 123276 305668 281160    0    0    51  8630 21345 19692 33 30 34  3  0	
 2  0 1091672 122624 305940 281188    0    0    51 10307 20826 19336 35 30 32  4  0	
 1  1 1091672 122656 306220 281312    0    0    66 10623 21268 19822 32 27 38  3  0	
 1  0 1091672 120608 306484 281344    0    0    51  5703 21014 18655 38 31 29  2  0	
 1  0 1091672 122268 306768 281384    0    0    51  2275 21848 20847 30 28 40  3  0	
 7  0 1091672 118980 307040 281420    0    0    51  8781 21429 18642 38 29 30  3  0	
 2  0 1091672 121648 307312 281472    0    0    51 10394 21388 18898 35 28 34  3  0	
 1  1 1091672 120920 307592 281512    0    0    51  3381 21490 19771 32 31 35  2  0	
 1  0 1091672 120764 307880 281552    0    0    51  4543 20944 19373 33 27 36  4  0	
 4  0 1091672 117616 308160 281592    0    0    51   821 21237 20270 32 29 36  3  0	
 3  0 1091672 120284 308440 281632    0    0    51 10395 21076 18477 37 28 31  4  0	
 3  0 1091672 120052 308704 281664    0    0    51 10247 21527 19193 35 26 35  4  0	
procs -----------memory---------- ---swap-- -----io---- --system-- -----cpu-----
 r  b   swpd   free   buff  cache   si   so    bi    bo   in   cs us sy id wa st
 1  0 1091672 120532 308976 281720    0    0    51  3772 21583 20161 32 32 33  2  0	
 5  0 1091672 119548 309264 281756    0    0    51   782 21745 20689 30 26 41  3  0	
 0  0 1091672 119432 309544 281800    0    0    51  5813 21226 18661 35 30 31  4  0	
 3  1 1091672 118424 309824 281824    0    0    51  3322 21443 20566 30 28 38  4  0	
 4  0 1091672 118068 310104 281880    0    0    51  7841 20830 18386 36 31 30  3  0	
 9  1 1091672 115072 310392 281912    0    0    51 10038 21219 18581 36 29 30  5  0	
 2  0 1091672 118052 310664 281952    0    0    51   810 21232 19913 33 32 33  3  0	
 2  0 1091672 127352 300812 281908    0    0    51   756 21373 20589 31 28 39  3  0	
 4  0 1091672 127368 301084 281948    0    0    51   842 21547 20370 33 30 34  3  0	
 1  0 1091672 125180 301364 281988    0    0    51   906 21479 20782 30 27 40  3  0	
 0  0 1091672 127228 301628 282032    0    0    51  2247 21515 19595 33 30 34  3  0	
 1  0 1091672 126128 301908 282072    0    0    51 10292 21751 19799 32 27 36  4  0	
 2  0 1091672 122964 302180 282108    0    0    51  9386 21131 18747 38 31 27  4  0	
 1  0 1091672 125632 302460 282156    0    0    51  9204 21166 19164 33 26 36  4  0	
 3  0 1091672 125484 302740 282192    0    0    51  7768 21014 18920 36 28 33  3  0	
 1  0 1091672 124632 303012 282228    0    0    51  9761 21585 18450 36 30 31  3  0	
 1  0 1091672 124600 303300 282276    0    0    51  7346 21458 19244 34 29 34  3  0	
 4  0 1091672 124136 303572 282320    0    0    51  3732 21416 19713 33 29 35  3  0	
 0  0 1091672 123244 303860 282464    0    0    70 10228 21218 19411 32 30 35  4  0	
 0  0 1091672 123492 304144 282492    0    0    58 10674 20916 17824 38 32 26  3  0	
 0  0 1091672 123524 304432 282552    0    0    51 10494 21187 19196 35 27 34  4  0	
procs -----------memory---------- ---swap-- -----io---- --system-- -----cpu-----
 r  b   swpd   free   buff  cache   si   so    bi    bo   in   cs us sy id wa st
 4  0 1091672 122980 304712 282584    0    0    51 10448 20938 18330 37 31 30  3  0	
 5  0 1091672 123028 304992 282624    0    0    51 10185 21410 18565 36 27 34  3  0	
 1  0 1091672 121880 305272 282676    0    0    51  9798 20614 17119 40 32 25  3  0	
 0  0 1091672 122020 305560 282716    0    0    51 10573 21264 18600 34 27 36  3  0	
 0  1 1091672 121376 305840 282760    0    0    51 10416 20800 18625 34 32 31  3  0	
 1  1 1091672 121408 306128 282804    0    0    51 10313 21227 19141 34 27 36  4  0	
 5  0 1091672 116428 306392 282856    0    0    51 10369 20918 19036 33 28 37  3  0	
 2  0 1091672 121036 306680 282880    0    0    51  4175 21037 20095 31 29 37  3  0	
 3  0 1091672 120400 306952 282924    0    0    51   739 21611 20981 28 26 43  3  0	
 1  1 1091672 120384 307224 282968    0    0    51   750 21159 19945 33 32 32  3  0	
 2  1 1091672 119672 307504 283000    0    0    51  1209 21637 20819 29 26 41  3  0	
 3  0 1091672 119408 307776 283052    0    0    51   882 21467 19999 33 33 31  3  0	
 2  1 1091672 118928 308056 283088    0    0    51   902 21628 20918 27 26 42  4  0	
 4  0 1091672 119020 308328 283136    0    0    51   853 21488 20179 33 32 32  3  0	
 2  0 1091672 118532 308608 283168    0    0    51 10377 21430 19832 31 26 38  5  0	
 5  0 1091672 118548 308880 283196    0    0    51 10423 20902 19020 34 31 30  5  0	
 0  0 1091672 117820 309152 283248    0    0    51 10433 21236 19882 32 27 36  5  0	
 3  1 1091672 118176 309428 283288    0    0    58 10691 20966 19606 33 30 32  4  0	
 4  0 1091672 117152 309708 283344    0    0    51 10374 21267 19841 32 28 36  4  0	
 5  0 1091672 117068 309980 283372    0    0    51 10612 21251 19644 32 30 35  3  0	
 2  0 1091672 116300 310260 283416    0    0    51 10443 21470 19703 34 31 33  3  0	
procs -----------memory---------- ---swap-- -----io---- --system-- -----cpu-----
 r  b   swpd   free   buff  cache   si   so    bi    bo   in   cs us sy id wa st
 5  1 1091672 114780 310532 283452    0    0    51 10617 21341 19749 32 29 36  3  0	
 2  0 1091672 115820 310820 283492    0    0    51 10370 21354 19550 34 30 33  3  0	
 1  0 1091672 115480 311100 283536    0    0    51 10613 21223 20008 31 26 39  4  0	
 2  0 1091672 123772 302208 283572    0    0    60 10360 20858 19149 34 31 32  3  0	
 0  0 1091672 123788 302480 283616    0    0    51  1157 21404 20541 29 26 42  3  0	
 0  1 1091672 123004 302752 283656    0    0    51   701 21274 20384 29 29 39  3  0	
 2  0 1091672 123292 303032 283692    0    0    51   876 21355 20386 30 27 39  3  0	
 1  0 1091672 122796 303304 283732    0    0    51   818 21644 20595 31 29 37  3  0	
 7  1 1091672 120892 292236 283080    0    0    51   879 21587 20468 32 28 37  3  0	
 1  1 1091672 119932 292508 283112    0    0    51   896 21547 20927 30 29 37  4  0	
 2  0 1091672 123212 292800 283164    0    0    51   883 21538 20484 30 29 37  4  0	
 0  0 1091672 122648 293076 283204    0    0    51   971 21370 20501 31 29 36  4  0	
 2  0 1091672 123524 293356 283236    0    0    51  5514 20990 18743 35 29 32  4  0	
 0  1 1091672 122408 293632 283288    0    0    51 10460 21061 18537 37 30 29  4  0	
 7  0 1091672 121028 293924 283324    0    0    51 10204 21451 19921 31 27 37  4  0	
 5  0 1091672 117880 294212 283356    0    0    51 10511 21369 19313 33 30 33  4  0	
 2  0 1091672 120656 294484 283404    0    0    51 10434 21165 18930 34 30 33  3  0	
 3  1 1091672 120408 294764 283444    0    0    51 10622 21174 18439 34 29 34  3  0	
 1  0 1091672 121300 295036 283492    0    0    51 10368 20938 18320 37 29 31  3  0	
 2  0 1091672 120664 295324 283532    0    0    51 10632 21108 18556 36 28 32  4  0	
 3  0 1091672 120440 295604 283584    0    0    51 10267 21100 18768 35 29 33  3  0	
procs -----------memory---------- ---swap-- -----io---- --system-- -----cpu-----
 r  b   swpd   free   buff  cache   si   so    bi    bo   in   cs us sy id wa st
 3  0 1091672 119804 295884 283604    0    0    51 10548 21351 18757 37 28 33  2  0	
 4  0 1091672 120440 296156 283660    0    0    51 10409 21298 18542 37 29 31  3  0	
 2  0 1091672 118284 296440 283716    0    0    51 10630 21375 18770 34 27 36  3  0	
 4  0 1091672 120076 296728 283736    0    0    51  5687 21149 19891 33 31 34  2  0	
 1  1 1091672 118884 297008 283788    0    0    51   749 21619 20829 29 28 39  3  0	
 1  0 1091672 118976 297296 283824    0    0    51  1122 21392 20236 31 30 35  3  0	
 4  0 1091672 118388 297584 283868    0    0    51   473 21620 21066 29 27 42  3  0	
 3  0 1091672 118480 297856 283896    0    0    51   322 21245 20247 31 30 38  2  0	
 0  0 1091672 118264 298128 283952    0    0    51   424 21392 20563 29 28 41  3  0	
 5  0 1091672 122048 289764 282400    0    0    51   474 21014 19916 31 32 35  2  0	
 0  0 1091672 127648 290044 282428    0    0    51   458 21423 20449 29 28 40  3  0	
 0  0 1091672 127796 290316 282468    0    0    51   938 21473 20639 27 27 42  4  0	
 1  1 1091672 127284 290588 282508    0    0    51   845 21109 19814 31 32 33  3  0	
 4  0 1091672 127052 290868 282552    0    0    51   936 21133 20302 30 28 37  5  0	
 5  0 1091672 126524 291140 282592    0    0    51   888 21240 19972 32 32 32  4  0	
 5  0 1091672 126672 291420 282640    0    0    51   928 21520 20732 28 27 40  5  0	
