procs -----------memory---------- ---swap-- -----io---- --system-- -----cpu-----
 r  b   swpd   free   buff  cache   si   so    bi    bo   in   cs us sy id wa st
 3  1 973700 120632 215572 298976    0    0    28  1704    3    6  8  9 78  5  0	
 3  0 973700 116336 215920 299100    0    0    51   886 21148 20029 30 30 37  3  0	
 3  1 973700 117740 216248 299144    0    0    51   926 21378 20222 31 30 35  4  0	
 1  0 973700 116980 216580 299188    0    0    51  3040 21059 19549 33 28 35  3  0	
 3  0 973700 116584 216916 299236    0    0    51 10724 20817 18417 37 29 30  4  0	
 2  0 973700 115972 217220 299280    0    0    51 10629 20824 18972 34 27 36  3  0	
 5  0 973700 124652 208936 298824    0    0    51 10392 20461 18011 38 29 30  3  0	
 2  0 973700 123040 209260 298872    0    0    51 10343 21039 18810 36 28 34  2  0	
 3  0 973700 124272 209560 298908    0    0    51  8726 21285 19391 35 31 31  3  0	
 0  0 973700 123172 209860 299116    0    0    83 10455 21218 19443 34 27 35  3  0	
 8  0 973700 123148 210172 299168    0    0    51  3674 21241 19854 33 31 34  2  0	
 1  0 973700 122436 210492 299204    0    0    51 10907 21198 19444 32 27 36  5  0	
 4  0 973700 122412 210804 299228    0    0    51 10614 21141 19756 35 29 32  4  0	
 1  0 973700 121692 211112 299272    0    0    51 10349 20827 19326 33 26 37  4  0	
 8  1 973700 115324 211408 299336    0    0    51 10392 20295 18963 35 31 31  3  0	
 1  0 973700 121312 211716 299376    0    0    51  1577 21373 20497 30 28 39  3  0	
 2  0 973700 121312 212044 299408    0    0    51   906 21453 20684 29 26 41  4  0	
 0  0 973700 120676 212416 299444    0    0    51   942 21091 19981 32 31 34  3  0	
 1  1 973700 120320 212772 299492    0    0    51   909 21510 20776 28 26 42  4  0	
 0  0 973700 119932 213112 299540    0    0    51   831 21025 19777 32 31 34  4  0	
 1  0 973700 119980 213428 299572    0    0    51   894 21327 20662 28 25 41  5  0	
procs -----------memory---------- ---swap-- -----io---- --system-- -----cpu-----
 r  b   swpd   free   buff  cache   si   so    bi    bo   in   cs us sy id wa st
 0  0 973700 119452 213760 299620    0    0    51  9930 20943 18161 37 31 27  5  0	
 0  0 973700 119204 214072 299668    0    0    51 10050 21191 20100 31 25 39  5  0	
 4  0 973700 117244 214380 299720    0    0    51 10609 20768 19178 32 30 36  3  0	
 5  0 973700 118460 214692 299744    0    0    58 10639 21305 19940 31 27 39  4  0	
 2  1 973700 117996 214984 299788    0    0    51 10638 20829 19425 33 30 34  3  0	
 2  0 973700 117452 215296 299828    0    0    51 10026 21289 20063 31 27 39  3  0	
 2  0 973700 116748 215592 299880    0    0    58 10601 20887 19318 32 31 33  3  0	
 4  1 973700 116740 215888 299892    0    0    51 10613 21163 19994 32 26 38  4  0	
 3  1 973700 122512 207852 298648    0    0    52 10614 21027 19676 32 29 35  3  0	
 5  2 973700 122712 208156 298664    0    0    51  8585 20966 19967 31 26 40  3  0	
 3  0 973700 125172 208472 298708    0    0    51 10614 21462 20116 31 27 38  3  0	
 0  0 973700 125064 208784 298756    0    0    51 10320 21122 19339 34 31 32  2  0	
 0  0 973700 124536 209096 298796    0    0    51  6814 21343 20188 31 28 38  3  0	
 1  0 973700 124568 209416 298836    0    0    51  5779 21125 18993 37 29 31  3  0	
 1  0 973700 123172 209760 299376    0    0   151  4150 21316 19163 34 28 34  4  0	
 4  0 973700 123196 210080 299396    0    0    51 10468 21192 18640 37 29 30  4  0	
 1  0 973700 122428 210384 299472    0    0    51  6569 21139 19804 32 28 37  3  0	
 5  0 973700 122304 210704 299496    0    0    51  5967 20974 18582 36 28 32  4  0	
 2  0 973700 120552 211036 299548    0    0    51   817 21490 20576 29 27 40  3  0	
 1  0 973700 121560 211380 299572    0    0    51  5651 21002 18926 35 30 31  3  0	
 2  0 973700 121096 211664 299628    0    0    51 10209 21361 19202 35 27 35  4  0	
procs -----------memory---------- ---swap-- -----io---- --system-- -----cpu-----
 r  b   swpd   free   buff  cache   si   so    bi    bo   in   cs us sy id wa st
 1  1 973700 121080 211992 299676    0    0    51  8546 21474 19701 34 30 33  3  0	
 1  0 973700 120352 212312 299700    0    0    51   731 21435 20553 29 27 41  3  0	
 7  1 973700 116180 212692 299732    0    0    51  1320 21206 19874 33 29 34  4  0	
 2  0 973700 119492 213032 299784    0    0    51  7174 20861 19075 34 28 34  5  0	
 1  0 973700 119848 213364 299836    0    0    51  4011 20719 18973 35 28 35  3  0	
 1  0 973700 118624 213684 299880    0    0    51 10564 20951 17919 38 29 28  4  0	
 2  0 973700 119120 214012 299900    0    0    51  4838 21519 20632 29 26 42  3  0	
 1  0 973696 128008 204176 299904    0    0    51   826 21243 19995 32 32 33  3  0	
 0  1 973696 128272 204552 299940    0    0    51   892 21481 20464 30 29 39  3  0	
 4  0 973696 127388 204900 299992    0    0    51   859 20919 19663 31 31 34  4  0	
 1  0 973696 127792 205252 300012    0    0    51   914 21414 20947 29 25 41  5  0	
 0  0 973696 127032 205580 300072    0    0    51  7222 20679 18876 35 31 30  4  0	
 1  0 973696 127032 205904 300104    0    0    51  9462 21065 19028 33 24 38  5  0	
 3  0 973696 125984 206208 300156    0    0    51  8964 20695 18048 37 30 29  3  0	
 2  1 973696 126064 206524 300184    0    0    51  7897 21413 19101 33 25 38  4  0	
 2  0 973696 125272 206836 300216    0    0    51  9921 20956 17623 38 31 28  3  0	
 2  0 973696 125552 207148 300268    0    0    51 10247 21392 18759 36 28 33  3  0	
 9  0 973696 122124 207456 300324    0    0    51  2175 21189 20563 30 26 40  4  0	
 3  1 973696 124668 207788 300368    0    0    51  8730 20924 18457 36 30 31  4  0	
 5  1 973696 124056 208120 300408    0    0    51 10308 20910 18833 34 28 34  5  0	
 3  1 973696 122644 208440 300428    0    0    51 10211 20525 18064 39 32 26  3  0	
procs -----------memory---------- ---swap-- -----io---- --system-- -----cpu-----
 r  b   swpd   free   buff  cache   si   so    bi    bo   in   cs us sy id wa st
 5  0 973696 122676 208756 300492    0    0    51 10198 21090 19022 34 27 36  4  0	
 1  0 973696 123072 209060 300520    0    0    51 10260 21051 18056 38 31 28  3  0	
 1  0 973696 122468 209364 300580    0    0    51 10202 21443 18837 36 26 35  3  0	
 4  1 973696 118868 209680 300632    0    0    51 10410 21070 18344 36 29 32  3  0	
 1  0 973696 121956 210000 300680    0    0    51 10161 20847 17862 38 29 30  3  0	
 1  0 973696 121848 210300 300708    0    0    51 10634 20931 19058 33 28 35  4  0	
 0  0 973696 121072 210612 300752    0    0    51 10138 20946 19053 34 27 36  4  0	
 0  0 973696 121344 210928 300792    0    0    51  9533 20969 19555 32 29 36  3  0	
 2  0 973696 120560 211256 300836    0    0    51   666 21446 20506 30 28 39  3  0	
 0  0 973696 120724 211600 300876    0    0    51   875 21537 20486 30 29 37  3  0	
 4  0 973696 119724 211984 300908    0    0    51  1289 21336 20232 30 29 37  4  0	
 9  0 973696 115700 212344 300944    0    0    51   927 21355 20496 30 27 39  4  0	
 2  0 973696 118980 212680 301000    0    0    51   824 20944 20064 30 30 36  4  0	
 0  0 973696 118980 213028 301028    0    0    51   907 21242 20715 29 25 42  4  0	
 3  0 973696 118212 213356 301080    0    0    51  4670 20945 19415 34 29 33  4  0	
 2  0 973696 118484 213708 301112    0    0    51 10790 21333 20335 32 26 37  5  0	
 5  0 973696 117376 213992 301156    0    0    51 10212 20905 18967 34 29 33  3  0	
 0  0 973696 117476 214308 301212    0    0    51 10317 21066 19667 32 28 37  2  0	
 3  1 973696 116616 214612 301240    0    0    51 10451 21042 19351 31 30 35  4  0	
 1  0 973696 116600 214912 301268    0    0    52 10606 21232 19981 31 27 39  3  0	
 3  0 973696 125800 205548 301252    0    0    51 10551 21025 19792 32 29 36  3  0	
procs -----------memory---------- ---swap-- -----io---- --system-- -----cpu-----
 r  b   swpd   free   buff  cache   si   so    bi    bo   in   cs us sy id wa st
 1  0 973696 125768 205868 301304    0    0    51 10366 20903 19613 32 27 37  4  0	
 4  1 973696 124800 206192 301336    0    0    52 10600 20853 19287 33 31 32  3  0	
 1  0 973696 123412 206500 301388    0    0    51 10433 20797 19616 31 26 38  4  0	
 2  0 973696 124156 206800 301444    0    0    51 10531 20910 19393 33 30 34  3  0	
 3  1 973696 124296 207124 301496    0    0    53  6754 21307 20275 30 26 41  3  0	
 4  1 973696 123660 207448 301516    0    0    52   750 21249 19956 32 30 36  2  0	
 3  2 973696 123272 207816 301564    0    0    51   897 21237 20362 29 26 41  4  0	
 5  1 973696 118736 208188 301592    0    0    51   920 21384 20504 31 28 37  3  0	
 0  0 973696 122692 208520 301668    0    0    51   877 20977 20068 30 28 38  4  0	
 0  0 973696 121684 208892 301696    0    0    51   915 21079 20359 30 26 39  5  0	
 5  0 973696 121816 209228 301744    0    0    51   931 20756 19837 30 29 36  4  0	
 2  0 973696 121212 209556 301784    0    0    51   905 21290 20579 29 25 42  4  0	
 7  0 973696 121420 209864 301824    0    0    51  1707 21000 19363 33 31 33  4  0	
 4  0 973696 120468 210220 301848    0    0    51  8041 21480 19010 34 26 35  5  0	
 1  1 973696 119692 210540 301896    0    0    51 10275 20983 17978 39 33 25  3  0	
 0  1 973696 119724 210840 301956    0    0    52 10265 21385 19820 33 26 39  3  0	
 6  0 973696 119204 211164 301996    0    0    51 10376 20655 18922 34 30 33  3  0	
 0  0 973696 118708 211476 302040    0    0    52 10124 20919 18900 34 25 37  3  0	
 1  1 973696 118668 211792 302100    0    0    51 10618 20220 17572 38 31 27  3  0	
 2  0 973696 118072 212104 302140    0    0    51 10579 21080 18660 36 27 33  4  0	
 4  0 973696 114048 212436 302180    0    0    52 10622 20914 18103 36 29 32  3  0	
procs -----------memory---------- ---swap-- -----io---- --system-- -----cpu-----
 r  b   swpd   free   buff  cache   si   so    bi    bo   in   cs us sy id wa st
 1  1 973696 117460 212756 302208    0    0    51 10340 21054 18474 35 28 34  3  0	
 2  0 973696 117352 213068 302264    0    0    52 10406 21210 18443 35 27 35  3  0	
 4  0 973696 116568 213376 302328    0    0    51 10551 20962 17985 37 30 30  3  0	
 5  0 973696 116568 213764 302364    0    0    74 10632 21271 18878 33 26 36  4  0	
 2  0 973696 125140 204372 302164    0    0    52  2414 21384 20381 32 28 37  3  0	
 0  0 973696 126000 204720 302204    0    0    51  1086 21121 20204 30 28 38  4  0	
 2  1 973696 125296 205080 302240    0    0    51   902 21335 20460 30 28 37  4  0	
 0  0 973696 125264 205424 302296    0    0    51   493 21018 20250 29 27 41  3  0	
 3  0 973696 124552 205752 302340    0    0    51   440 21426 20260 30 28 39  2  0	
 0  1 973696 124404 206132 302372    0    0    51   911 21514 20397 29 29 39  3  0	
 0  0 973696 123692 206488 302412    0    0    51   826 21404 20407 31 30 36  3  0	
 1  1 973696 123924 206876 302456    0    0    51   910 21224 20411 30 29 37  4  0	
 2  0 973696 123196 207268 302492    0    0    51   899 21019 20153 30 29 37  4  0	
 1  1 973696 123676 207600 302532    0    0    51   915 21311 20617 28 26 41  5  0	
 1  1 973696 122264 207936 302576    0    0    51   842 21034 20208 32 30 35  4  0	
 0  1 973696 122328 208300 302604    0    0    51   922 21428 20318 31 29 36  4  0	
 8  1 973696 118876 208636 302664    0    0    51   887 21436 20623 30 29 38  3  0	
 3  0 973696 121816 209020 302700    0    0    51   920 21232 20165 30 30 37  4  0	
 1  0 973696 120436 209472 302752    0    0    80   871 21205 20555 30 27 39  5  0	
 1  0 973696 120552 209812 302788    0    0    51   922 20728 19794 30 29 36  5  0	
 2  0 973696 118692 210152 302836    0    0    51   929 21129 20546 30 24 41  5  0	
procs -----------memory---------- ---swap-- -----io---- --system-- -----cpu-----
 r  b   swpd   free   buff  cache   si   so    bi    bo   in   cs us sy id wa st
 1  0 973696 119940 210484 302880    0    0    51   906 21070 20119 32 31 33  4  0	
 0  0 973696 118972 210840 302924    0    0    51   924 21295 20745 28 25 43  4  0	
 1  0 973696 128364 201708 302964    0    0    54  8602 20426 17351 40 30 27  3  0	
 1  1 973696 127264 202028 302976    0    0    51  7750 21419 19082 35 26 37  2  0	
 4  2 973696 127232 202408 303044    0    0    51  2630 20743 18738 37 31 29  4  0	
 3  2 973696 126364 202736 303088    0    0    52 10324 21098 17678 38 26 33  3  0	
 2  0 973696 126908 203032 303148    0    0    51  6614 20761 19234 33 29 34  3  0	
 5  0 973696 125868 203372 303188    0    0    51 10698 20816 18321 37 28 31  4  0	
 1  0 973696 124652 203684 303240    0    0    52 10030 20862 18371 36 30 30  4  0	
 1  0 973696 124876 204008 303284    0    0    51 10586 21106 18872 35 27 34  3  0	
 2  1 973696 122828 204340 303320    0    0    51  3733 21191 20283 29 27 41  3  0	
 4  0 973696 124364 204708 303344    0    0    51  3283 21223 19050 35 30 32  3  0	
 0  0 973696 124528 205032 303408    0    0    52  7914 21091 18336 36 29 33  3  0	
 4  2 973696 123916 205368 303428    0    0    51   794 21485 20477 32 28 37  3  0	
 1  0 973696 123620 205736 303480    0    0    51   898 21207 20245 29 28 38  4  0	
 2  1 973696 123172 206080 303528    0    0    51   917 21236 20411 30 29 36  5  0	
 1  0 973696 123404 206412 303560    0    0    51  6661 21098 19627 32 28 35  5  0	
 0  5 973696 122180 206712 303612    0    0    51 10342 21117 19323 34 29 35  3  0	
 4  0 973696 122040 207032 303656    0    0    52 10358 21253 19299 33 28 36  3  0	
 3  0 973696 121436 207340 303704    0    0    51  4810 21431 19885 33 28 36  3  0	
 2  0 973696 121148 207724 303732    0    0    51   895 21469 20564 28 28 40  4  0	
procs -----------memory---------- ---swap-- -----io---- --system-- -----cpu-----
 r  b   swpd   free   buff  cache   si   so    bi    bo   in   cs us sy id wa st
 0  1 973696 120652 208084 303788    0    0    51   890 21157 20043 32 29 36  3  0	
 1  0 973696 120552 208448 303828    0    0    51   867 21385 20895 28 26 41  5  0	
 1  1 973696 119660 208800 303860    0    0    51   917 21002 20071 32 28 35  5  0	
 0  0 973696 120056 209164 303896    0    0    51   892 21251 20441 28 27 40  5  0	
 2  0 973696 118760 209536 303936    0    0    51   909 21240 20169 32 29 35  3  0	
 7  2 973696 119420 209892 303972    0    0    51   872 21264 20415 28 27 41  4  0	
 3  0 973696 116256 210216 304004    0    0    51   925 21418 20858 28 26 41  4  0	
 2  0 973696 129576 199400 304164    0    0   126  8986 20746 18276 37 30 29  4  0	
 0  0 973696 128972 199716 304188    0    0    51 10607 20835 18905 35 27 35  3  0	
 0  0 973696 131312 200044 304276    0    0    56 10310 20656 18557 36 31 31  2  0	
 2  0 973696 130452 200372 304320    0    0    51 10398 20975 19494 34 25 38  4  0	
 3  0 973696 131132 200676 304352    0    0    52  9299 20684 19264 35 30 32  3  0	
 4  0 973696 129644 201008 304384    0    0    51  9854 21001 19255 33 25 37  4  0	
 2  0 973696 127804 201336 304444    0    0    51  7558 20895 19584 34 31 33  3  0	
 2  0 973696 128504 201688 304456    0    0    52  6991 21170 20024 32 26 38  4  0	
 1  0 973696 127984 202000 304520    0    0    51 10634 21064 19372 35 29 33  3  0	
 4  0 973696 126852 202292 304568    0    0    51 10330 20837 19637 35 26 36  3  0	
 1  0 973696 126744 202616 304616    0    0    52 10558 20724 19163 36 28 34  2  0	
 0  0 973696 126076 202940 304640    0    0    51  5348 21174 20583 30 27 39  4  0	
 2  0 973696 122844 203284 304684    0    0    51   871 20455 19883 31 28 37  3  0	
 1  0 973696 125596 203628 304736    0    0    51   946 21190 20696 32 27 38  4  0	
procs -----------memory---------- ---swap-- -----io---- --system-- -----cpu-----
 r  b   swpd   free   buff  cache   si   so    bi    bo   in   cs us sy id wa st
 5  0 973696 125712 203984 304768    0    0    51   833 21338 20410 31 27 39  3  0	
 1  0 973696 125092 204328 304808    0    0    51   891 21330 20200 32 32 33  3  0	
 3  0 973696 123868 204680 304864    0    0    51   929 21700 20971 29 27 40  4  0	
 7  1 973696 121300 205008 304880    0    0    51  7198 20930 18253 38 32 26  4  0	
 1  0 973696 124000 205328 304948    0    0    52  9596 21619 20316 32 27 38  4  0	
 2  1 973696 123140 205652 304992    0    0    51 10652 20769 18995 35 31 31  3  0	
 0  0 973696 123240 205972 305044    0    0    51 10418 21515 19836 33 27 37  4  0	
 3  0 973696 122520 206276 305108    0    0    53 10623 21225 19937 34 29 34  3  0	
 3  0 973696 122496 206568 305160    0    0    51 10191 21559 20383 31 28 39  3  0	
 0  1 973696 122032 206884 305184    0    0    52 10632 21337 19864 32 30 35  3  0	
 1  0 973696 120860 207220 305240    0    0    51 10419 21644 20356 32 27 37  3  0	
 1  0 973696 120164 207520 305272    0    0    51 10615 21404 20000 33 29 35  3  0	
 2  2 973696 120256 207828 305316    0    0    52 10595 21238 20424 33 26 38  3  0	
 4  1 973696 116000 208128 305364    0    0    51  8744 21154 19645 33 29 34  4  0	
 0  0 973696 119900 208440 305400    0    0    51 10178 21365 20110 30 26 39  4  0	
 2  0 973696 119304 208764 305464    0    0    52 10144 20986 19837 31 29 36  4  0	
 4  0 973696 119552 209072 305500    0    0    51  5678 21392 18983 36 29 33  3  0	
 4  0 973696 118544 209424 305544    0    0    51   849 21690 20878 29 29 38  3  0	
 2  0 973696 118304 209772 305580    0    0    51 10318 21243 18485 39 30 28  3  0	
 1  0 973696 117932 210100 305616    0    0    52 10178 21363 18844 37 29 32  3  0	
 5  0 973696 117940 210412 305680    0    0    51  4055 21288 19690 35 29 34  3  0	
procs -----------memory---------- ---swap-- -----io---- --system-- -----cpu-----
 r  b   swpd   free   buff  cache   si   so    bi    bo   in   cs us sy id wa st
 9  0 973696 114032 210768 305712    0    0    51  2674 21508 20476 32 27 37  4  0	
 1  0 973696 117248 211128 305740    0    0    58  2059 21130 19506 34 32 31  3  0	
 3  0 973696 116808 211448 305800    0    0    51 10634 21348 19311 33 27 35  5  0	
 1  0 973696 126240 202020 305608    0    0    52 10611 21212 18520 38 30 29  3  0	
 2  0 973696 126124 202376 305644    0    0    51  1823 21584 20949 28 27 42  3  0	
 0  0 973696 125868 202748 305696    0    0    51   830 21533 20499 32 30 35  3  0	
 1  0 973696 125744 203108 305728    0    0    51  7563 21214 19171 33 28 35  4  0	
 8  0 973696 121944 203460 305784    0    0    51  1527 21426 20448 34 31 31  4  0	
 3  0 973696 124356 203808 305816    0    0    52  9738 21261 18688 37 27 32  5  0	
 6  0 973696 124256 204156 305852    0    0    51  8317 21530 19745 34 26 36  5  0	
 3  0 973696 124372 204472 305904    0    0    51   748 21139 20038 32 30 35  2  0	
 1  0 973696 123768 204816 305952    0    0    51   773 21411 20949 28 26 42  4  0	
 1  0 973696 123132 205160 305972    0    0    51   918 21241 20013 33 32 32  3  0	
 2  0 973696 123008 205532 306028    0    0    51   914 21679 21183 28 26 42  4  0	
 1  0 973696 122248 205888 306072    0    0    51  3549 20803 18825 35 31 30  4  0	
 4  2 973696 122140 206248 306100    0    0    51 10648 21386 19987 33 26 36  5  0	
 7  1 973696 118052 206576 306156    0    0    52  8955 21123 18515 37 31 27  4  0	
 8  0 973696 120000 206872 306200    0    0    51  8516 21364 19444 35 26 36  3  0	
 0  0 973696 120032 207212 306240    0    0    51  8373 20882 18422 37 29 31  3  0	
 1  1 973696 120132 207552 306276    0    0    52 10046 20955 17780 41 29 26  4  0	
 1  0 973696 119296 207876 306332    0    0    51  5973 21242 19912 31 30 36  3  0	
procs -----------memory---------- ---swap-- -----io---- --system-- -----cpu-----
 r  b   swpd   free   buff  cache   si   so    bi    bo   in   cs us sy id wa st
 0  0 973696 119412 208208 306368    0    0    51  4732 21674 19803 34 27 36  3  0	
 4  1 973696 115364 208520 306404    0    0    52 10046 21079 19502 33 28 35  3  0	
 1  0 973696 118900 208856 306472    0    0    51 10881 21232 19085 35 28 31  5  0	
 1  0 973696 118520 209184 306528    0    0    51 10474 21250 19050 34 26 35  4  0	
 1  0 973696 118148 209508 306556    0    0    52 10041 21269 18920 36 28 33  3  0	
 1  0 973696 117776 209816 306600    0    0    51  9999 20743 17988 39 29 30  3  0	
 1  0 973696 117568 210136 306644    0    0    51 10407 21455 18662 36 29 32  3  0	
 2  0 973696 116684 210484 306688    0    0    52 10222 21444 18815 36 29 32  3  0	
 1  0 973696 116700 210824 306716    0    0    51 10397 20801 18760 34 28 35  3  0	
 0  2 973696 115924 211168 306780    0    0    52 10302 21188 19263 34 29 33  3  0	
 3  0 973696 116056 211480 306824    0    0    51 10611 21354 19521 34 29 33  4  0	
 7  0 973696 112536 211812 306864    0    0    51  3462 21250 20648 30 27 39  4  0	
 3  0 973696 125620 202224 306860    0    0    51   732 21204 20265 32 31 35  3  0	
 1  0 973696 124892 202528 306924    0    0    51   680 21500 20818 29 26 42  3  0	
 2  0 973696 125116 202892 306956    0    0    59  1311 21396 20311 33 31 32  3  0	
 2  0 973696 124024 203240 306988    0    0    51   915 21684 20937 28 26 41  5  0	
 4  1 973696 119920 203588 307020    0    0    51   894 21196 20049 32 32 33  3  0	
 1  0 973696 123528 203956 307084    0    0    51  1242 21297 20271 30 28 38  4  0	
 1  0 973696 123076 204304 307120    0    0    52 10782 21475 20026 33 27 35  5  0	
 2  0 973696 122784 204608 307160    0    0    51 10406 21183 19584 33 30 33  5  0	
 5  1 973696 121264 204948 307204    0    0    51 10334 21186 20249 30 26 38  6  0	
procs -----------memory---------- ---swap-- -----io---- --system-- -----cpu-----
 r  b   swpd   free   buff  cache   si   so    bi    bo   in   cs us sy id wa st
 2  0 973696 121876 205256 307252    0    0    51 10572 20802 19196 35 32 31  3  0	
 3  0 973696 120548 205564 307288    0    0    51 10617 21725 20632 30 25 41  4  0	
 0  1 973696 120332 205904 307320    0    0    53 10625 20886 19422 33 32 32  3  0	
 1  1 973696 120776 206224 307384    0    0    52 10162 21424 20168 30 25 41  4  0	
 6  0 973696 120140 206516 307428    0    0    51 10556 21120 19369 34 32 31  3  0	
 0  0 973696 120132 206828 307648    0    0    89 10634 21154 20016 32 26 39  4  0	
 4  1 973696 117380 207128 307700    0    0    51 10621 21088 19555 35 30 32  3  0	
 0  0 973696 119148 207440 307740    0    0    52  9733 20978 19845 31 28 37  4  0	
 2  1 973696 118652 207760 307796    0    0    51  1114 21394 20651 31 29 37  3  0	
 1  0 973696 118892 208120 307816    0    0    51   706 21600 20821 30 27 40  2  0	
 6  0 973696 115992 208428 307868    0    0    51   846 21514 20603 30 28 39  2  0	
 8  0 973696 116528 208736 307908    0    0    51   868 21484 20370 31 30 35  4  0	
 0  0 973696 120952 199396 307912    0    0    51   878 21420 20627 31 29 37  3  0	
 1  1 973696 121936 199816 307940    0    0    51   877 21329 20611 32 30 35  4  0	
 2  0 973696 121372 200156 308004    0    0    51   917 21500 20919 28 27 41  4  0	
 1  0 973696 122812 200504 308056    0    0    51   959 21140 20115 33 30 34  4  0	
 2  0 973696 122124 200840 308100    0    0    51  5898 21491 19407 34 27 36  4  0	
 2  1 973696 122124 201160 308136    0    0    51 10433 21355 18454 36 30 30  3  0	
 6  1 973696 121596 201488 308164    0    0    53 10496 21188 19505 32 27 36  5  0	
 3  0 973696 121412 201828 308224    0    0    51 10304 21455 19670 34 31 31  4  0	
 3  0 973696 120636 202168 308256    0    0    52 10374 21434 19713 34 27 35  4  0	
procs -----------memory---------- ---swap-- -----io---- --system-- -----cpu-----
 r  b   swpd   free   buff  cache   si   so    bi    bo   in   cs us sy id wa st
 2  0 973696 120924 202476 308304    0    0    51 10576 20970 18408 37 30 30  4  0	
 0  0 973696 120388 202780 308344    0    0    51 10627 20891 18722 36 26 34  4  0	
 3  0 973696 120272 203088 308396    0    0    52 10439 20863 18181 36 29 32  3  0	
 4  1 973696 119288 203396 308440    0    0    51 10369 21154 18738 36 27 33  4  0	
 7  0 973696 115852 203708 308508    0    0    52 10542 21031 18397 37 30 30  3  0	
 1  0 973696 118824 204036 308548    0    0    52 10624 21300 18753 35 27 35  3  0	
 3  0 973696 119024 204344 308592    0    0    51 10422 21240 18470 36 28 33  3  0	
 1  1 973696 118320 204684 308644    0    0    53  5369 21064 20050 33 28 37  3  0	
 1  0 973696 118172 204996 308692    0    0    51   771 21403 20664 30 28 39  3  0	
 4  0 973696 127752 195068 308724    0    0    51  1023 20813 19879 32 31 34  3  0	
 1  0 973696 124672 195368 308756    0    0    51   475 21423 20753 29 26 42  3  0	
 2  0 973696 127480 195672 308788    0    0    51   411 21438 20409 32 30 37  2  0	
 1  0 973696 127636 196004 308844    0    0    51   422 21622 20892 27 26 44  2  0	
 4  1 973696 126876 196312 308880    0    0    51   466 21138 20047 32 29 37  3  0	
 0  0 973696 126892 196640 308912    0    0    51   645 21496 20690 28 27 42  3  0	
 2  1 973696 125992 196984 308956    0    0    51   934 21098 20153 32 31 34  4  0	
 3  0 973696 126364 197340 309000    0    0    51   864 21421 20642 29 27 39  5  0	
 0  0 973696 125504 197676 309032    0    0    51   895 21252 20484 31 28 37  4  0	
 1  1 973696 125776 198020 309080    0    0    51   938 21390 20409 30 28 37  5  0	
