procs -----------memory---------- ---swap-- -----io---- --system-- -----cpu-----
 r  b   swpd   free   buff  cache   si   so    bi    bo   in   cs us sy id wa st
 8  0 961176 122276 257032 309228    0    0    28  1714    1    3  8  8 79  5  0	
 3  0 961176 119904 257312 309308    0    0    51  4086 21285 20012 33 31 33  3  0	
 3  0 961176 119640 257620 309344    0    0    51 10582 21366 19274 33 28 35  4  0	
 1  0 961176 119292 257908 309384    0    0    51 10562 21250 19511 34 31 33  3  0	
 6  0 961176 117144 258212 309440    0    0    51 10337 21166 19119 34 28 35  3  0	
 4  0 961176 118648 258492 309480    0    0    51 10614 20913 19136 36 30 31  3  0	
 2  0 961176 118432 258784 309508    0    0    51  1864 21283 20775 29 25 42  4  0	
10  0 961176 115452 259084 309564    0    0    51   874 21308 20526 32 29 35  5  0	
 5  0 961176 128468 250100 308532    0    0    51   957 21137 20346 31 29 36  4  0	
 3  1 961176 127956 250396 308580    0    0    51   923 21541 20355 31 29 36  4  0	
 6  1 961176 127724 250692 308616    0    0    51   924 21469 20699 32 29 36  3  0	
 1  0 961176 127568 250972 308672    0    0    51   879 21466 20400 30 29 38  4  0	
 1  0 961176 127196 251268 308700    0    0    51  9908 21250 18678 37 28 31  4  0	
 0  0 961176 126444 251560 308756    0    0    51  9887 21112 19618 32 28 36  5  0	
 0  0 961176 126468 251852 308784    0    0    51 10435 20916 19312 35 29 32  3  0	
 0  0 961176 125616 252136 308824    0    0    58 10566 21097 20055 32 26 39  3  0	
 4  0 961176 125716 252408 308872    0    0    51 10617 20672 19009 34 32 31  3  0	
 0  0 961176 124972 252688 308916    0    0    51 10244 21481 20139 30 27 40  4  0	
 6  0 961176 124832 252984 308956    0    0    58 10422 20702 18912 35 30 32  3  0	
 1  0 961176 124360 253276 308992    0    0    51 10577 21361 20101 30 27 39  3  0	
 6  0 961176 117908 253572 309028    0    0    51 10606 21287 19621 33 29 36  2  0	
procs -----------memory---------- ---swap-- -----io---- --system-- -----cpu-----
 r  b   swpd   free   buff  cache   si   so    bi    bo   in   cs us sy id wa st
 4  1 961176 124104 253856 309148    0    0    68  8819 21210 19612 33 31 33  3  0	
 0  0 961176 123624 254136 309200    0    0    51 10450 21167 19939 31 25 40  5  0	
 0  0 961176 123096 254420 309248    0    0    51 10277 20926 19151 34 31 32  3  0	
 2  0 961176 123112 254712 309284    0    0    51  7188 21197 20452 30 25 41  4  0	
 3  0 961176 122368 254996 309328    0    0    51  5812 20647 18086 36 32 28  4  0	
 0  0 961176 122260 255296 309372    0    0    51  3268 21555 19839 31 26 39  4  0	
 8  0 961176 121500 255584 309404    0    0    51 10250 20900 18014 38 31 28  3  0	
 2  0 961176 121888 255868 309440    0    0    51  7710 21481 20157 30 26 41  4  0	
 3  0 961176 119632 256144 309496    0    0    51  5998 20609 18124 36 29 31  4  0	
 1  0 961176 121128 256436 309528    0    0    51   845 21185 20474 30 26 40  4  0	
 0  0 961176 120400 256708 309572    0    0    51  3932 20949 19003 35 30 31  4  0	
 2  0 961176 120384 256996 309612    0    0    51 10505 20896 18760 35 27 33  4  0	
 4  0 961176 119756 257276 309656    0    0    51  9910 21185 19144 34 30 33  3  0	
 4  0 961176 119492 257564 309696    0    0    51   866 21466 20286 32 29 36  3  0	
 0  0 961176 119152 257868 309732    0    0    51   890 21570 20175 31 30 35  4  0	
 3  0 961176 119144 258160 309780    0    0    51  7559 21443 18978 35 28 34  4  0	
 3  1 961176 116080 258440 309808    0    0    51  2531 21148 19864 31 27 38  4  0	
 0  0 961176 115764 258728 309856    0    0    51 10341 20754 17672 40 28 28  4  0	
 2  0 961176 117796 259012 309904    0    0    52  6579 20773 19243 33 29 34  3  0	
 3  0 961176 117788 259304 309948    0    0    51   858 20990 20060 32 29 36  4  0	
 2  0 961176 117036 259596 309996    0    0    51   922 21201 20169 29 28 39  4  0	
procs -----------memory---------- ---swap-- -----io---- --system-- -----cpu-----
 r  b   swpd   free   buff  cache   si   so    bi    bo   in   cs us sy id wa st
 0  1 961176 117300 259876 310036    0    0    51   938 21403 20391 29 28 39  4  0	
 2  0 961176 116912 260172 310088    0    0    51   870 21290 20063 30 28 38  4  0	
 2  0 961176 116812 260468 310124    0    0    51  5477 21342 19693 33 28 34  4  0	
 0  0 961176 125832 251316 309552    0    0    51  9703 21089 19499 33 29 35  4  0	
 4  0 961176 125708 251620 309584    0    0    53  8726 20745 17866 37 29 31  3  0	
 6  1 961176 122436 251904 309640    0    0    51  7724 21039 19700 33 28 36  4  0	
 2  0 961176 124872 252188 309812    0    0    78  9940 20761 17332 40 28 29  4  0	
 8  0 961176 124732 252488 309844    0    0    51 10310 21122 18084 36 27 34  3  0	
 1  0 961176 124484 252780 309908    0    0    51  4149 21341 20037 32 31 35  3  0	
 4  0 961176 123608 253104 309948    0    0    51  6564 21450 19416 33 27 36  4  0	
 1  0 961176 120288 253380 309988    0    0    51 10302 21145 18680 37 30 30  3  0	
 1  0 961176 122740 253684 310032    0    0    51 10445 20939 19166 34 28 35  3  0	
 3  0 961176 123360 253968 310076    0    0    51 10132 20909 18349 36 27 33  3  0	
 3  0 961176 122384 254244 310116    0    0    51 10102 20585 17471 37 29 30  3  0	
 4  0 961176 122104 254548 310156    0    0    51 10436 20757 17684 39 28 29  3  0	
 0  0 961176 121748 254844 310200    0    0    51 10433 20968 18046 36 31 31  3  0	
 1  0 961176 122392 255148 310240    0    0    51 10242 21397 19074 33 25 38  3  0	
 2  1 961176 121268 255420 310304    0    0    51 10388 20647 17999 38 31 29  3  0	
 0  0 961176 121020 255708 310328    0    0    51 10298 21129 19354 31 25 41  4  0	
 3  0 961176 120360 255984 310380    0    0    51 10621 20429 18226 37 32 28  3  0	
 4  0 961176 120144 256284 310412    0    0    51  1657 21501 20784 29 24 42  4  0	
procs -----------memory---------- ---swap-- -----io---- --system-- -----cpu-----
 r  b   swpd   free   buff  cache   si   so    bi    bo   in   cs us sy id wa st
 3  0 961176 119368 256592 310452    0    0    51   898 21011 19798 33 31 33  4  0	
 0  0 961176 119756 256888 310488    0    0    51   870 21261 20534 29 25 41  5  0	
 6  1 961176 118716 257184 310532    0    0    51  1379 21008 19888 32 29 36  3  0	
 2  0 961176 119004 257484 310572    0    0    51   886 21462 20499 29 27 40  4  0	
 9  0 961176 116460 257788 310616    0    0    51   938 21356 20342 29 27 39  4  0	
 5  0 961176 118152 258076 310660    0    0    51  2451 21185 19672 32 30 34  4  0	
13  1 961176 117780 258388 310700    0    0    51 10809 20923 19487 33 27 35  5  0	
 0  0 961176 117392 258668 310740    0    0    51 10256 20974 19116 34 31 31  4  0	
 2  0 961176 116928 258964 310784    0    0    51 10142 20984 19838 30 26 40  4  0	
 3  0 961176 116276 259252 310816    0    0    51 10562 21127 19588 34 29 34  4  0	
 2  1 961176 116680 259544 310864    0    0    51 10623 21208 19703 32 28 37  3  0	
 2  0 961176 126476 249928 310576    0    0    51 10398 20555 18949 34 31 32  3  0	
 1  0 961176 125584 250220 310688    0    0    66 10363 21256 19633 32 28 36  3  0	
 2  0 961176 125732 250496 310724    0    0    51 10551 21163 19500 32 29 37  2  0	
 4  0 961176 125196 250784 310768    0    0    51 10618 21374 20126 33 28 36  3  0	
 1  0 961176 125344 251072 310812    0    0    51 10405 20669 18961 33 29 35  3  0	
 2  0 961176 122204 251380 310844    0    0    51  9115 21207 20085 30 26 40  4  0	
 2  1 961176 121668 251684 310880    0    0    51   718 21154 20041 31 30 37  3  0	
 1  0 961176 124368 251964 310920    0    0    51   916 21612 20859 28 27 41  5  0	
 2  0 961176 123608 252260 310972    0    0    51  1030 21363 20352 30 28 37  4  0	
 1  0 961176 123624 252572 311004    0    0    51   926 21333 20220 30 29 37  4  0	
procs -----------memory---------- ---swap-- -----io---- --system-- -----cpu-----
 r  b   swpd   free   buff  cache   si   so    bi    bo   in   cs us sy id wa st
 3  0 961176 123096 252880 311060    0    0    51   865 21332 20316 31 28 37  3  0	
 4  0 961176 122632 253176 311088    0    0    51   963 21346 20314 31 28 37  4  0	
 2  0 961176 122212 253468 311136    0    0    51   930 21162 20245 31 28 36  4  0	
 0  1 961176 122136 253772 311176    0    0    51   974 21268 19981 32 30 34  4  0	
 0  1 961176 121468 254080 311216    0    0    51  6074 21150 18794 35 27 34  5  0	
 1  2 961176 121096 254372 311256    0    0    51 10498 21101 18121 39 30 28  3  0	
 3  1 961176 120896 254676 311296    0    0    51 10123 21005 19527 31 26 40  3  0	
 4  0 961176 119888 254964 311348    0    0    51 10345 20847 18894 35 30 32  3  0	
 2  0 961176 120648 255256 311388    0    0    51 10289 20889 18630 35 29 33  3  0	
 2  0 961176 119732 255564 311420    0    0    51 10639 20713 17980 38 29 29  3  0	
 2  1 961176 120036 255864 311468    0    0    51 10614 20974 18477 36 26 34  4  0	
10  0 961176 122588 246040 311404    0    0    51 10410 20757 18260 37 29 30  3  0	
 1  0 961176 129668 246336 311444    0    0    52 10280 20795 18238 36 27 34  3  0	
 2  0 961176 129080 246616 311480    0    0    51 10618 21408 18839 35 25 36  3  0	
 2  1 961176 128676 246904 311520    0    0    51 10410 20606 17426 39 32 27  2  0	
 1  0 961176 127964 247192 311568    0    0    58 10637 21494 18928 34 26 36  3  0	
 5  0 961176 127800 247476 311612    0    0    51  5139 21088 19514 32 31 35  2  0	
 0  0 961176 127220 247800 311648    0    0    51   895 21120 20367 30 26 40  4  0	
 0  0 961176 127064 248104 311704    0    0    51  1204 21058 19910 32 32 32  4  0	
 2  0 961176 126724 248396 311740    0    0    51   625 21463 20764 28 26 42  4  0	
 6  0 961176 123816 248680 311792    0    0    51   428 20969 19793 32 31 35  2  0	
procs -----------memory---------- ---swap-- -----io---- --system-- -----cpu-----
 r  b   swpd   free   buff  cache   si   so    bi    bo   in   cs us sy id wa st
 8  0 961176 125980 248992 311824    0    0    51   963 21248 20431 30 27 40  4  0	
 0  1 961176 125980 249300 311856    0    0    51   932 21319 20058 31 29 36  4  0	
 4  1 961176 125212 249612 311884    0    0    51   928 21465 20460 30 28 38  4  0	
 3  1 961176 124988 249908 311944    0    0    51   863 21038 19720 32 30 36  3  0	
 0  0 961176 124600 250212 311976    0    0    51   922 21222 20131 32 29 35  4  0	
 5  0 961176 124336 250512 312024    0    0    51   916 21051 19969 30 30 35  4  0	
 1  1 961176 124228 250824 312044    0    0    51   942 21131 20325 29 26 39  5  0	
 9  0 961176 121420 251108 312108    0    0    51   877 21132 20400 28 27 40  5  0	
 5  0 961176 121584 251416 312144    0    0    51   942 21331 20336 30 28 38  4  0	
 4  0 961176 123096 251712 312184    0    0    58   948 21559 20639 29 28 39  4  0	
 2  0 961176 122260 252012 312220    0    0    51   932 21460 20339 31 29 37  3  0	
 1  1 961176 122352 252308 312256    0    0    51   890 21481 20477 30 28 38  4  0	
 1  0 961176 121888 252624 312296    0    0    51   919 21283 20277 32 28 37  4  0	
 2  1 961176 121732 252920 312336    0    0    51  2152 21219 19842 32 29 36  4  0	
 2  1 961176 121020 253212 312372    0    0    51  9183 20712 17653 39 28 28  5  0	
 4  1 961176 120988 253508 312416    0    0    51  6026 20823 18864 34 28 35  3  0	
 2  2 961176 120516 253804 312456    0    0    51  4880 21008 17994 38 29 29  4  0	
 5  1 961176 118740 254100 312516    0    0    51 10101 21081 17788 39 29 29  3  0	
 4  0 961176 119376 254408 312556    0    0    51  6365 21377 19199 36 30 32  3  0	
 1  0 961176 119408 254704 312604    0    0    51 10762 21441 18912 34 27 36  4  0	
 1  0 961176 118716 254988 312644    0    0    51 10210 21011 18582 37 30 30  3  0	
procs -----------memory---------- ---swap-- -----io---- --system-- -----cpu-----
 r  b   swpd   free   buff  cache   si   so    bi    bo   in   cs us sy id wa st
 2  0 961176 117276 255288 312688    0    0    51 10423 21222 19148 33 27 36  4  0	
 5  0 961176 117980 255572 312728    0    0    51  1969 21071 20041 30 30 37  3  0	
 2  0 961176 118648 255860 312768    0    0    51  4606 20812 18339 36 30 30  4  0	
 6  0 961176 114700 256168 312800    0    0    51  6529 21127 19146 35 27 35  3  0	
 2  0 961176 118168 256448 312840    0    0    51   898 21157 19993 31 30 36  3  0	
 1  0 961176 117424 256732 312884    0    0    51   926 21697 20800 29 26 40  4  0	
 3  2 961176 127576 247000 312748    0    0    51   931 21022 19818 32 31 33  3  0	
 1  0 961176 126476 247324 312796    0    0    51  8193 21025 19575 31 25 38  5  0	
 3  0 961176 126460 247600 312836    0    0    51 10138 20675 18606 36 31 29  3  0	
 2  0 961176 126104 247888 312880    0    0    51 10168 21064 19083 33 25 37  4  0	
 4  1 961176 125468 248172 312920    0    0    51  3702 20997 19588 33 31 33  3  0	
 1  1 961176 125484 248516 312948    0    0    51   882 21374 20438 29 25 42  4  0	
 3  0 961176 124740 248812 312996    0    0    51   914 21006 20061 31 29 36  4  0	
 3  0 961176 123096 249140 313036    0    0    52   935 21635 20566 29 27 39  4  0	
 4  1 961176 121312 249448 313080    0    0    51   922 21182 20008 31 31 35  3  0	
 3  0 961176 123592 249748 313120    0    0    51   868 21429 20564 31 27 38  4  0	
 1  0 961176 123624 250036 313164    0    0    51   954 21360 20396 30 27 39  4  0	
 1  0 961176 123236 250348 313200    0    0    51   934 21327 20056 32 30 33  5  0	
 4  0 961176 123104 250640 313232    0    0    51   921 21439 20264 31 29 35  4  0	
 6  0 961176 118708 250916 313280    0    0    51 10120 20638 17876 38 30 29  3  0	
 1  0 961176 122244 251212 313316    0    0    51 10406 21112 18964 35 25 36  3  0	
procs -----------memory---------- ---swap-- -----io---- --system-- -----cpu-----
 r  b   swpd   free   buff  cache   si   so    bi    bo   in   cs us sy id wa st
 0  0 961176 121764 251484 313356    0    0    51 10352 20851 18922 35 28 33  3  0	
 2  0 961176 121492 251772 313404    0    0    51 10614 20877 18667 36 28 34  3  0	
 1  0 961176 120896 252060 313440    0    0    51  8470 20918 19507 33 28 35  3  0	
 8  0 961176 120484 252348 313484    0    0    51 10426 20909 19147 34 28 34  4  0	
 0  1 961176 120144 252636 313520    0    0    51  6644 20652 19628 32 28 37  3  0	
 3  0 961176 120136 252936 313560    0    0    51  8197 20979 19668 34 28 34  5  0	
 1  0 961176 118816 253216 313604    0    0    51 10359 20817 19190 34 29 34  2  0	
 1  0 961176 118972 253500 313644    0    0    51 10336 21483 20234 34 27 36  3  0	
 3  0 961176 118592 253780 313684    0    0    51 10620 20868 18867 38 32 28  3  0	
 9  0 961176 118516 254084 313728    0    0    51  4378 21391 20768 29 25 42  3  0	
 5  0 961176 117328 254384 313780    0    0    51   846 21033 20221 31 29 36  4  0	
 0  0 961176 118268 254704 313804    0    0    51   970 21065 20400 32 29 35  3  0	
 2  0 961176 118004 255020 313864    0    0    51   933 21081 20165 29 28 38  5  0	
 2  0 961176 117400 255328 313892    0    0    51   917 21200 20222 32 29 35  4  0	
 1  1 961176 115904 255620 313936    0    0    51   866 21656 20805 31 28 37  4  0	
 2  0 961176 127064 246512 313156    0    0    51  7007 20911 18072 40 33 24  3  0	
 2  0 961176 126692 246808 313188    0    0    51  9640 21865 20376 32 28 37  3  0	
 4  1 961176 125728 247096 313228    0    0    51 10666 21593 19848 35 31 31  3  0	
 1  1 961176 125288 247388 313276    0    0    51 10556 21489 20221 32 26 39  3  0	
 5  0 961176 125280 247668 313328    0    0    51 10407 20861 19547 35 30 32  3  0	
 2  0 961176 124560 247952 313360    0    0    51 10270 21081 19962 31 26 40  4  0	
procs -----------memory---------- ---swap-- -----io---- --system-- -----cpu-----
 r  b   swpd   free   buff  cache   si   so    bi    bo   in   cs us sy id wa st
 2  0 961176 124528 248232 313532    0    0    75 10588 20645 19366 36 31 31  3  0	
 1  1 961176 123900 248520 313564    0    0    51 10413 21590 20327 30 26 40  3  0	
 3  0 961176 121380 248816 313608    0    0    51 10556 21493 20174 31 27 38  4  0	
 2  0 961176 123080 249120 313640    0    0    51 10597 21050 19609 34 30 33  3  0	
 4  2 961176 123444 249412 313672    0    0    51  8838 21644 20019 31 27 39  3  0	
 1  0 961176 122312 249704 313716    0    0    51 10095 21030 19270 35 31 31  3  0	
 1  0 961176 122460 249992 313752    0    0    52 10350 21444 20427 31 25 40  4  0	
 0  0 961176 121692 250288 313808    0    0    51  5752 21055 18252 39 32 25  3  0	
 4  0 961176 121724 250584 313836    0    0    51   858 21599 21087 28 25 42  5  0	
 4  0 961176 119692 250888 313884    0    0    51 10278 20977 18081 38 30 28  4  0	
 4  0 961176 121072 251184 313916    0    0    51 10162 21273 18804 36 26 35  3  0	
 6  2 961176 120856 251480 313968    0    0    51  3914 21361 19147 35 31 31  3  0	
 0  0 961176 120484 251768 314000    0    0    51  2890 21593 20090 34 29 34  3  0	
 2  1 961176 120004 252068 314056    0    0    58  2002 21390 19541 33 30 33  4  0	
 0  0 961176 119988 252372 314092    0    0    51 10600 21253 19403 35 28 32  5  0	
 2  0 961176 119128 252672 314140    0    0    51 10379 21032 18363 38 30 29  4  0	
 1  0 961176 118980 252980 314176    0    0    51  2242 21499 20856 31 28 38  4  0	
 3  0 961176 116916 253276 314224    0    0    51   804 21654 20796 30 28 39  3  0	
 1  0 961176 118632 253576 314260    0    0    51  7027 21678 19219 35 29 33  4  0	
 1  0 961176 117888 253860 314292    0    0    51  2095 21723 20618 31 28 38  3  0	
 5  2 961176 117888 254148 314332    0    0    51  8756 21491 18694 37 30 30  4  0	
procs -----------memory---------- ---swap-- -----io---- --system-- -----cpu-----
 r  b   swpd   free   buff  cache   si   so    bi    bo   in   cs us sy id wa st
 9  0 961176 117732 254448 314380    0    0    51  9233 20856 18573 36 28 31  4  0	
 2  0 961176 117392 254752 314420    0    0    51   790 21411 20481 31 29 38  3  0	
 1  0 961176 116508 255068 314464    0    0    51   868 21298 20368 31 28 37  4  0	
 0  0 961176 116516 255364 314492    0    0    51   933 21051 20017 32 30 35  4  0	
 5  0 961176 122396 245976 314436    0    0    51   851 21484 20604 31 27 38  4  0	
 0  0 961176 125808 246268 314412    0    0    51  2304 21353 19647 32 30 34  4  0	
 0  0 961176 125180 246588 314452    0    0    51 10617 21346 19352 33 29 33  5  0	
 2  0 961176 124792 246872 314496    0    0    51  9338 21351 18659 39 31 27  4  0	
 0  0 961176 124296 247168 314540    0    0    51  8966 21211 18579 36 29 32  3  0	
 5  0 961176 122412 247452 314588    0    0    51  7581 21044 18448 38 30 29  3  0	
 2  0 961176 121708 247760 314616    0    0    51 10030 21379 18946 36 26 35  4  0	
 4  0 961176 119288 248056 314672    0    0    51  7338 21349 19148 36 29 32  4  0	
 1  0 961176 121336 248356 314700    0    0    51  3342 21397 19719 33 29 36  3  0	
 7  0 961176 118536 248628 314756    0    0    51 10607 21397 19751 32 25 39  3  0	
 2  0 961176 120988 248936 314800    0    0    51 10386 20837 18106 37 30 28  4  0	
 5  0 961176 120988 249236 314832    0    0    51 10411 21608 19305 34 25 37  3  0	
 1  0 961176 119980 249528 314880    0    0    51 10028 20600 18281 39 31 28  3  0	
 1  0 961176 120244 249844 314916    0    0    52 10070 21155 18756 35 25 37  4  0	
 2  0 961176 130248 239404 314940    0    0    51 10396 20379 16907 41 31 25  3  0	
 1  0 961176 130156 239700 314980    0    0    51 10384 21202 18915 35 25 36  4  0	
 5  0 961176 128380 240012 315032    0    0    51 10222 20806 18603 38 31 28  3  0	
procs -----------memory---------- ---swap-- -----io---- --system-- -----cpu-----
 r  b   swpd   free   buff  cache   si   so    bi    bo   in   cs us sy id wa st
 4  0 961176 129504 240320 315072    0    0    51 10372 21462 19668 34 27 36  4  0	
 4  0 961176 125000 240608 315116    0    0    51 10600 21196 19086 35 29 32  3  0	
 3  0 961176 128776 240904 315156    0    0    51  4790 21589 20587 30 28 39  3  0	
 2  0 961176 128544 241196 315204    0    0    51   748 21229 20564 29 26 42  3  0	
 1  0 961176 127232 241488 315240    0    0    51   762 21408 20256 32 31 34  3  0	
 0  0 961176 127932 241892 315276    0    0    76  1382 21170 20179 31 29 35  5  0	
 1  0 961176 127784 242192 315324    0    0    51   866 21086 20172 33 30 34  4  0	
 2  0 961176 127188 242496 315364    0    0    52   925 21321 20517 29 27 40  4  0	
 2  0 961176 127544 242816 315404    0    0    51   935 21471 20504 32 31 34  4  0	
 2  0 961176 126816 243100 315456    0    0    51  9626 21344 19539 33 28 35  4  0	
 4  0 961176 125916 243392 315492    0    0    51 10368 21400 19448 33 30 33  4  0	
 2  0 961176 125808 243696 315532    0    0    51 10136 21307 19972 32 28 35  5  0	
 2  0 961176 126428 243972 315572    0    0    51 10812 21183 19594 34 29 33  4  0	
 4  0 961176 124752 244252 315612    0    0    51 10603 21438 20269 33 27 36  3  0	
 4  0 961176 124924 244532 315660    0    0    51 10575 21475 20104 34 28 36  3  0	
 2  0 961176 124436 244816 315684    0    0    51 10317 21480 20219 30 29 38  3  0	
 0  0 961176 124328 245128 315740    0    0    51 10469 21156 19296 33 30 34  3  0	
 5  0 961176 121008 245440 315780    0    0    51 10636 21281 19892 31 28 37  3  0	
 6  0 961176 120876 245716 315832    0    0    51 10562 21370 19913 33 28 36  3  0	
 4  0 961176 123072 246016 315856    0    0    51 10394 21336 19939 33 29 36  3  0	
 2  0 961176 123164 246300 315908    0    0    51  2016 21171 20324 31 27 39  3  0	
procs -----------memory---------- ---swap-- -----io---- --system-- -----cpu-----
 r  b   swpd   free   buff  cache   si   so    bi    bo   in   cs us sy id wa st
11  0 961176 122460 246580 315948    0    0    51   769 21180 20266 31 30 36  3  0	
 2  0 961176 122576 246872 315988    0    0    51   864 21357 20424 32 30 35  3  0	
 0  0 961176 122204 247164 316024    0    0    51   873 21387 20354 31 29 37  3  0	
 6  0 961176 117900 236972 316200    0    0    79   912 21574 21032 32 28 37  4  0	
 3  0 961176 117428 237272 316244    0    0    51   961 21517 20538 31 30 35  4  0	
 2  0 961176 120048 237584 316288    0    0    51   912 21654 20868 28 27 41  4  0	
 0  1 961176 120840 237880 316324    0    0    51   926 21350 20058 32 30 34  4  0	
 1  0 961176 121104 238204 316372    0    0    51  3971 21409 19587 33 26 35  5  0	
 1  0 961176 120576 238480 316408    0    0    51 10491 21035 18447 38 30 28  4  0	
 4  1 961176 120360 238780 316456    0    0    51 10485 21085 19337 33 26 35  5  0	
 2  1 961176 119700 239072 316492    0    0    51 10452 21381 19410 36 30 30  3  0	
 2  0 961176 119724 239376 316536    0    0    51  9951 21525 20309 32 26 38  4  0	
 9  1 961176 115948 239664 316568    0    0    51 10854 21420 18479 37 28 32  3  0	
 5  0 961176 119104 239960 316608    0    0    51 10618 20920 18246 37 30 30  3  0	
 4  0 961176 118624 240240 316652    0    0    51 10381 21168 18931 35 26 36  3  0	
 2  0 961176 118716 240524 316692    0    0    51 10348 20516 17983 39 31 28  3  0	
 1  0 961176 117880 240832 316732    0    0    51 10613 21241 19032 34 26 35  4  0	
 1  1 961176 117476 241132 316776    0    0    51 10634 20864 18187 36 30 30  3  0	
 1  0 961176 117236 241436 316816    0    0    51 10360 21490 19028 37 28 33  3  0	
 2  0 961176 127544 231900 316440    0    0    51  7334 20962 19131 34 32 31  2  0	
 5  0 961176 126908 232200 316484    0    0    51   757 21709 20837 28 29 40  3  0	
procs -----------memory---------- ---swap-- -----io---- --system-- -----cpu-----
 r  b   swpd   free   buff  cache   si   so    bi    bo   in   cs us sy id wa st
 2  0 961176 126800 232508 316516    0    0    52  1151 21603 20431 31 30 36  2  0	
 4  0 961176 126412 232804 316556    0    0    51   501 21286 20353 30 26 41  3  0	
 2  0 961176 126296 233088 316604    0    0    51   427 21091 20231 31 28 38  3  0	
 4  0 961176 125816 233388 316636    0    0    51   462 21316 20597 27 26 43  4  0	
 2  1 961176 125520 233680 316680    0    0    51   499 20950 19811 33 31 33  2  0	
 5  1 961176 125312 233996 316712    0    0    51   642 21726 21047 28 26 43  3  0	
 2  0 961176 124752 234304 316756    0    0    51   948 21492 20495 30 29 38  4  0	
 0  0 961176 124732 234612 316788    0    0    51   898 21568 20553 30 29 37  4  0	
 7  0 961176 124980 234904 316840    0    0    51   919 21523 20666 29 27 40  4  0	
 0  0 961176 132884 235196 307568    0    0    52   895 20684 19259 36 32 29  3  0	
