procs -----------memory---------- ---swap-- -----io---- --system-- -----cpu-----
 r  b   swpd   free   buff  cache   si   so    bi    bo   in   cs us sy id wa st
 6  0 918508 116416 226344 329284    0    0    28  1713    1    2  8  8 79  5  0	
 1  0 918508 124304 216656 329128    0    0    51 10417 20693 18446 37 30 30  3  0	
 0  0 918508 123924 216968 329160    0    0    51 10553 21082 19256 35 29 33  3  0	
 0  0 918508 123708 217272 329204    0    0    51  8741 20721 19260 35 30 31  4  0	
 0  0 918508 123196 217584 329248    0    0    51  9001 20851 19464 35 28 34  3  0	
 4  0 918508 122964 217912 329280    0    0    51  5581 21269 19523 34 29 34  3  0	
 3  0 918508 122436 218212 329336    0    0    58 10610 21065 19442 33 27 37  3  0	
 1  0 918508 122484 218516 329496    0    0    75 10373 20991 18910 35 32 30  3  0	
 0  0 918508 121576 218816 329536    0    0    51 10613 21239 19606 32 27 38  3  0	
 2  0 918508 121940 219120 329556    0    0    51  7324 21154 19880 32 30 35  3  0	
 1  0 918508 119576 219432 329616    0    0    51   903 21191 20560 29 26 42  4  0	
 1  0 918508 117428 219764 329664    0    0    51   910 21415 20554 32 32 32  5  0	
 2  0 918508 120376 220100 329688    0    0    51   938 21410 20803 28 27 40  5  0	
 2  0 918508 120716 220416 329752    0    0    51   917 21590 20619 30 29 37  4  0	
 1  0 918508 119756 220724 329784    0    0    51   843 21446 20325 30 29 38  3  0	
 3  1 918508 119980 221064 329824    0    0    51  4908 21158 19760 33 28 35  4  0	
 1  0 918508 119128 221372 329868    0    0    51  9463 20957 19045 33 29 34  3  0	
 1  1 918508 119088 221684 329928    0    0    51 10669 21121 19907 32 27 37  4  0	
 0  0 918508 118220 221980 329956    0    0    51 10376 21248 19766 34 29 34  3  0	
 3  0 918508 118500 222272 329992    0    0    51 10607 21280 19980 30 26 40  4  0	
 2  0 918508 117880 222552 330040    0    0    51 10141 21011 19627 34 32 32  3  0	
procs -----------memory---------- ---swap-- -----io---- --system-- -----cpu-----
 r  b   swpd   free   buff  cache   si   so    bi    bo   in   cs us sy id wa st
 2  1 918508 118128 222856 330072    0    0    51 10630 21148 19677 31 27 39  3  0	
 1  0 918508 116880 223132 330128    0    0    51 10562 21068 19515 35 31 32  3  0	
 6  0 918508 117020 223444 330176    0    0    51 10627 21124 19938 30 27 39  4  0	
 1  1 918508 130548 209668 329988    0    0    53 10605 20291 18655 36 32 29  2  0	
 3  0 918508 130308 209968 330024    0    0    51  8653 21156 19969 30 28 38  4  0	
 4  1 918508 125888 210268 330072    0    0    51 10348 21272 20166 31 27 38  4  0	
 1  0 918508 129704 210580 330108    0    0    51 10567 20776 19144 34 29 34  3  0	
 2  0 918508 128992 210880 330136    0    0    51  5918 21319 19683 32 26 39  3  0	
 0  0 918508 129208 211176 330200    0    0    51  2735 21151 19538 34 31 33  3  0	
 0  0 918508 128480 211508 330232    0    0    51  8203 21411 19124 34 26 35  4  0	
 5  0 918508 128464 211792 330280    0    0    51 10350 20759 17918 38 31 29  2  0	
 1  1 918508 127744 212092 330312    0    0    51  3670 21270 20262 30 26 41  3  0	
 2  0 918508 127720 212408 330356    0    0    51  5001 21107 19035 36 31 28  4  0	
 2  1 918508 127208 212732 330380    0    0    51   893 21323 20748 28 25 41  5  0	
 2  0 918508 127008 213044 330432    0    0    51  9367 21049 18334 37 30 29  5  0	
 3  0 918508 126588 213332 330468    0    0    51 10361 21414 18927 35 27 34  3  0	
 1  0 918508 126364 213640 330512    0    0    51  4578 21216 19898 31 31 35  2  0	
 3  0 918508 125620 213980 330556    0    0    51   868 21133 19807 30 28 38  3  0	
 7  0 918508 123332 214312 330600    0    0    51  4811 21337 19533 33 28 35  4  0	
 2  0 918508 124876 214620 330644    0    0    51  4265 21030 19458 33 29 35  3  0	
 2  0 918508 125404 214948 330680    0    0    51  6850 21011 18838 35 26 34  5  0	
procs -----------memory---------- ---swap-- -----io---- --system-- -----cpu-----
 r  b   swpd   free   buff  cache   si   so    bi    bo   in   cs us sy id wa st
 8  1 918508 122884 215264 330732    0    0    51 10304 20619 17779 39 33 25  3  0	
 1  0 918508 124396 215576 330768    0    0    51  1562 21151 20484 28 27 42  4  0	
 0  1 918508 123452 215908 330812    0    0    51   917 21337 20401 31 29 35  4  0	
 2  0 918508 123800 216232 330876    0    0    51   924 21169 20234 29 29 38  4  0	
 0  1 918508 122824 216560 330912    0    0    51   907 21277 20320 30 29 36  4  0	
 1  0 918508 123024 216912 330944    0    0    53   881 21245 20231 30 28 39  3  0	
 2  0 918508 122272 217208 330992    0    0    51 10191 20918 18522 36 29 31  4  0	
 2  1 918508 122180 217516 331048    0    0    51  9304 20951 18697 35 29 33  4  0	
 4  0 918508 121452 217808 331076    0    0    51  9013 20958 18099 37 28 31  4  0	
 3  0 918508 120420 218116 331120    0    0    51  7730 21179 19129 33 27 37  4  0	
 4  0 918508 120792 218416 331168    0    0    51 10446 20929 18383 38 31 27  4  0	
 6  0 918508 120700 218732 331196    0    0    51  8571 21202 18948 34 27 36  3  0	
 4  1 918508 115620 219044 331244    0    0    51  1776 21103 19696 32 30 35  2  0	
 1  0 918508 120080 219380 331276    0    0    51 10755 21118 18883 35 27 33  4  0	
 1  0 918508 119164 219664 331344    0    0    51 10414 21154 18868 35 27 35  3  0	
 3  0 918508 119180 219968 331388    0    0    51 10064 20797 18253 35 30 32  3  0	
 3  1 918508 118560 220264 331432    0    0    51 10249 21149 18812 35 27 34  4  0	
 4  0 918508 118612 220560 331464    0    0    51 10202 20679 18006 38 31 29  3  0	
 1  0 918508 118096 220864 331504    0    0    51 10029 21187 18910 35 26 35  4  0	
 2  0 918508 117932 221160 331556    0    0    51 10385 20512 17169 40 31 26  2  0	
 4  0 918508 117228 221472 331596    0    0    51 10193 21243 19327 33 25 39  4  0	
procs -----------memory---------- ---swap-- -----io---- --system-- -----cpu-----
 r  b   swpd   free   buff  cache   si   so    bi    bo   in   cs us sy id wa st
 3  0 918508 117096 221784 331648    0    0    51 10596 21063 18886 36 31 30  3  0	
 3  0 918508 116484 222092 331692    0    0    51 10311 21234 19073 33 25 38  3  0	
 3  0 918508 127976 211648 331192    0    0    51  6630 20715 19469 33 31 32  4  0	
 1  2 918508 127272 211988 331208    0    0    51   799 21285 20733 29 25 43  4  0	
 2  0 918508 125564 212324 331272    0    0    52   855 20692 19728 33 30 34  3  0	
 0  1 918508 126372 212700 331304    0    0    58  1408 21466 20694 29 25 41  5  0	
 6  0 918508 124036 213040 331352    0    0    51   904 21247 20318 30 28 38  4  0	
 2  0 918508 125272 213380 331412    0    0    51   910 21316 20073 32 29 36  3  0	
 5  0 918508 125288 213744 331440    0    0    51   875 21503 20529 29 26 41  4  0	
 0  1 918508 124636 214060 331480    0    0    51  7666 21007 19019 34 31 32  3  0	
 1  0 918508 124908 214404 331516    0    0    51 10444 21050 19536 32 28 35  5  0	
 2  1 918508 123892 214692 331564    0    0    51 10593 20907 19181 34 30 33  4  0	
 3  1 918508 123876 214992 331608    0    0    51 10142 21383 20092 31 26 40  4  0	
 1  0 918508 121752 215284 331648    0    0    51 10626 20770 19022 35 30 33  3  0	
 5  0 918508 121520 215620 332020    0    0   128 10614 20999 19710 33 28 36  3  0	
 3  0 918508 122180 215928 332096    0    0    51 10411 21083 19578 33 29 35  3  0	
 3  0 918508 122272 216224 332136    0    0    51 10176 21256 19731 33 27 38  3  0	
 2  0 918508 121428 216528 332184    0    0    51 10629 20987 19357 33 29 35  3  0	
 1  0 918508 121800 216824 332220    0    0    51 10626 21197 19780 31 27 37  4  0	
 0  0 918508 120924 217120 332276    0    0    51 10390 21005 19441 32 29 35  4  0	
 4  0 918508 120808 217428 332312    0    0    51  3706 21122 20353 30 27 41  3  0	
procs -----------memory---------- ---swap-- -----io---- --system-- -----cpu-----
 r  b   swpd   free   buff  cache   si   so    bi    bo   in   cs us sy id wa st
 4  1 918508 116356 217756 332340    0    0    51   835 21300 20295 31 29 37  3  0	
 2  0 918508 120296 218112 332380    0    0    51   943 21301 20384 30 27 39  4  0	
 4  0 918508 119452 218432 332440    0    0    51   996 21172 20147 29 28 39  4  0	
 1  0 918508 119600 218732 332472    0    0    51   872 21319 20374 31 28 37  3  0	
 2  0 918508 118824 219088 332508    0    0    51   922 21085 20105 30 29 37  4  0	
 1  0 918508 118856 219452 332548    0    0    51   947 21252 20389 31 29 36  4  0	
 0  0 918508 118080 219792 332592    0    0    51  1001 21232 20357 31 28 37  4  0	
 1  0 918508 127628 210800 332504    0    0    51  2292 21168 19737 33 29 33  4  0	
 7  0 918508 126140 211112 332532    0    0    51  9589 20966 18588 34 27 33  6  0	
 1  0 918508 126520 211428 332588    0    0    51 10561 21019 18148 39 30 28  3  0	
 0  0 918508 125552 211736 332616    0    0    51 10518 21152 19978 30 26 40  3  0	
 1  0 918508 125628 212048 332660    0    0    51 10206 20883 18550 38 33 27  2  0	
 5  0 918508 124924 212368 332712    0    0    52 10171 21006 18608 34 26 37  4  0	
 1  0 918508 124784 212664 332740    0    0    51 10632 20537 17781 37 30 29  3  0	
 2  0 918508 124304 212964 332780    0    0    51 10602 21148 18822 34 27 36  4  0	
10  0 918508 117548 213252 332836    0    0    52 10339 20887 19027 36 28 33  3  0	
 3  0 918508 123404 213560 332880    0    0    51 10515 20699 17498 37 29 31  3  0	
 6  0 918508 123560 213860 332916    0    0    51 10602 21459 18897 34 26 37  3  0	
 1  0 918508 123032 214168 332964    0    0    51 10622 20611 17326 38 32 27  2  0	
 9  1 918508 122692 214476 333000    0    0    51  9573 21387 19627 33 25 39  3  0	
 3  1 918508 122164 214796 333040    0    0    51   767 21127 19702 33 33 33  2  0	
procs -----------memory---------- ---swap-- -----io---- --system-- -----cpu-----
 r  b   swpd   free   buff  cache   si   so    bi    bo   in   cs us sy id wa st
 0  1 918508 122444 215148 333080    0    0    51  1190 21243 20728 29 25 42  5  0	
 1  1 918508 121784 215492 333120    0    0    58   960 21372 20100 32 32 32  4  0	
 3  1 918508 121916 215820 333180    0    0    51   474 21333 20736 29 24 43  3  0	
 0  0 918508 120056 216152 333196    0    0    51   607 21258 19813 32 31 34  2  0	
 1  0 918508 121040 216468 333260    0    0    51   942 21280 20472 30 26 41  4  0	
 0  0 918508 120584 216788 333304    0    0    51   916 21338 20162 31 30 35  4  0	
 1  1 918508 120312 217132 333324    0    0    51   943 21479 20527 29 27 39  4  0	
 1  0 918508 119568 217468 333372    0    0    51   887 21139 19790 32 31 33  3  0	
 4  1 918508 120816 217800 333380    0    0    51   929 21229 20446 31 28 37  5  0	
 7  0 918508 114924 218108 333436    0    0    51   910 21345 20616 31 29 35  5  0	
 1  0 918508 118824 218448 333484    0    0    51   913 21146 20360 30 28 38  4  0	
 2  0 918508 118204 218784 333532    0    0    51   845 21620 20790 29 27 40  4  0	
 1  0 918508 118112 219116 333568    0    0    51   942 21326 20362 31 28 36  4  0	
 2  0 918508 117096 219444 333616    0    0    51   932 21374 20354 31 29 36  4  0	
 1  1 918508 117352 219768 333656    0    0    51   920 21323 20272 30 29 38  4  0	
 0  0 918508 116840 220116 333704    0    0    51   890 21297 20407 29 28 39  4  0	
 0  1 918508 126388 210828 333600    0    0    51   977 21288 20145 31 29 35  5  0	
 7  2 918508 122456 211156 333652    0    0    51  4222 21022 19129 34 27 34  4  0	
 0  2 918508 125792 211456 333688    0    0    51 10419 20889 17754 39 29 28  3  0	
 1  1 918508 124932 211788 333720    0    0    51  2712 21142 20481 28 26 43  3  0	
 5  0 918508 125040 212100 333784    0    0    51  7966 20637 17670 39 31 27  3  0	
procs -----------memory---------- ---swap-- -----io---- --system-- -----cpu-----
 r  b   swpd   free   buff  cache   si   so    bi    bo   in   cs us sy id wa st
 1  0 918508 124180 212408 333832    0    0    51  9558 20926 17668 36 27 34  3  0	
 0  0 918508 124148 212752 333884    0    0    51  7273 20805 18173 37 30 30  3  0	
 2  0 918508 123444 213068 333916    0    0    51 10590 21301 19469 33 25 38  3  0	
 3  0 918508 118456 213360 333960    0    0    51 10240 21102 18370 37 29 32  3  0	
 1  0 918508 122700 213660 333992    0    0    51  8222 20489 18811 34 30 32  3  0	
 1  2 918508 122824 214004 334036    0    0    51   881 21673 20846 29 26 41  4  0	
 2  1 918508 121800 214328 334076    0    0    51  7960 20845 16808 41 31 24  4  0	
 2  0 918508 122204 214632 334116    0    0    51  3142 21418 20634 28 25 43  4  0	
 4  0 918508 121188 215000 334164    0    0    51   887 21092 19727 33 32 32  3  0	
 5  1 918508 121096 215328 334224    0    0    51   921 21488 20776 28 26 42  4  0	
 2  0 918508 119584 215700 334240    0    0    51  1698 21221 19716 32 31 35  3  0	
 1  0 918508 120792 216016 334308    0    0    51 10630 21243 20098 31 27 37  5  0	
 0  1 918508 119484 216312 334340    0    0    51 10462 21144 19261 35 29 33  3  0	
 0  2 918508 119344 216616 334360    0    0    51  9402 21031 18674 35 27 35  4  0	
 2  0 918508 118616 216912 334420    0    0    51   773 21218 20225 32 29 37  2  0	
 3  0 918508 118848 217252 334452    0    0    51   943 21297 20449 30 28 39  4  0	
 0  1 918508 117980 217588 334484    0    0    51   926 21501 20615 32 29 36  3  0	
 2  0 918508 118312 217940 334528    0    0    51   947 21549 20669 30 27 38  5  0	
 5  0 918508 112348 218260 334580    0    0    51   866 21311 20172 31 30 35  3  0	
 1  0 918508 127660 208536 334448    0    0    51   921 21245 20425 31 26 38  4  0	
 3  1 918508 127008 208860 334484    0    0    52   926 20975 20042 31 28 36  5  0	
procs -----------memory---------- ---swap-- -----io---- --system-- -----cpu-----
 r  b   swpd   free   buff  cache   si   so    bi    bo   in   cs us sy id wa st
 3  0 918508 135688 209244 325632    0    0   198   933 21030 19554 36 33 27  4  0	
 0  0 918508 134928 209592 325640    0    0    51  4091 20954 19332 34 28 35  4  0	
 2  0 918508 135060 209900 325668    0    0    51 10698 21022 18969 35 29 33  3  0	
 1  0 918508 133340 210216 325720    0    0    58 10579 21354 19812 32 27 38  3  0	
 4  1 918508 134200 210488 325768    0    0    51 10417 20794 18377 39 30 29  2  0	
 1  0 918508 133372 210796 325792    0    0    51 10347 21178 19453 33 26 38  3  0	
 2  1 918508 134084 211104 325840    0    0    51  8868 20640 18880 36 30 31  3  0	
 0  1 918508 132744 211404 325884    0    0    51 10441 20882 19832 32 26 38  4  0	
 1  0 918508 133068 211720 325920    0    0    51  4320 20764 19567 34 30 32  3  0	
 2  0 918508 132324 212040 325956    0    0    51 10463 20742 19506 32 26 38  5  0	
 1  0 918508 131844 212340 326008    0    0    51 10369 21265 19518 35 29 33  3  0	
 2  0 918508 131092 212644 326036    0    0    51 10609 21002 18255 38 30 30  3  0	
 3  0 918508 129448 212948 326092    0    0    51  9899 21234 19779 34 28 35  3  0	
 1  1 918508 130604 213292 326116    0    0    51   821 21229 20313 30 28 38  4  0	
 3  0 918508 130752 213644 326164    0    0    51   872 21492 20530 32 28 36  5  0	
 7  0 918508 129868 213972 326200    0    0    51   968 21080 19847 35 31 31  3  0	
 2  0 918508 130164 214308 326252    0    0    51   918 21255 20707 29 26 40  5  0	
 4  1 918508 126976 214636 326292    0    0    51   929 21324 20105 32 32 33  3  0	
 0  0 918508 129404 214976 326336    0    0    51  2448 21279 19242 35 30 32  3  0	
 2  0 918508 128180 215316 326376    0    0    51  9522 21304 19526 35 29 32  4  0	
 1  0 918508 128288 215624 326444    0    0    51 10668 21580 19937 32 29 36  3  0	
procs -----------memory---------- ---swap-- -----io---- --system-- -----cpu-----
 r  b   swpd   free   buff  cache   si   so    bi    bo   in   cs us sy id wa st
 4  0 918508 127428 215940 326460    0    0    51 10409 21562 20007 33 29 35  2  0	
 1  0 918508 127404 216256 326516    0    0    51 10568 21280 19805 33 27 37  3  0	
 1  0 918508 127172 216544 326552    0    0    51 10609 21471 20018 33 29 35  3  0	
 0  0 918508 126528 216860 326596    0    0    51 10346 21365 19803 34 28 34  4  0	
 1  1 918508 125776 217164 326636    0    0    51 10646 21479 19993 33 29 35  3  0	
 0  0 918508 126312 217468 326676    0    0    51 10367 21749 20428 31 27 40  3  0	
 2  0 918508 122548 217756 326720    0    0    51 10622 21570 19864 34 29 35  3  0	
 1  0 918508 125568 218076 326748    0    0    51  8857 21453 20224 31 28 37  3  0	
 4  0 918508 124568 218384 326804    0    0    51 10427 21468 20292 31 27 38  4  0	
 3  0 918508 124436 218668 326836    0    0    51 10283 21016 19503 34 30 33  3  0	
 2  0 918508 124180 218956 326888    0    0    51  6017 21456 20044 33 27 37  3  0	
 7  0 918508 123924 219264 326920    0    0    51  5001 21221 19291 36 31 30  3  0	
 2  1 918508 121824 219592 326960    0    0    51  5800 21557 19454 35 26 35  4  0	
 3  0 918508 122896 219912 326996    0    0    51 10389 21048 17964 39 33 26  3  0	
 0  0 918508 122664 220096 327044    0    0    26  5013 21784 20985 29 26 42  3  0	
 0  1 918508 121896 220564 327084    0    0    77  5953 20897 18314 38 34 25  3  0	
 2  1 918508 121408 220884 327116    0    0    51   822 21901 21011 29 26 42  4  0	
 3  0 918508 121020 221180 327172    0    0    51  6814 20514 18066 38 31 28  4  0	
 1  0 918508 120920 221524 327196    0    0    51 10476 21105 19238 34 25 36  5  0	
10  0 918508 114024 221816 327256    0    0    51  7182 21134 19705 34 29 34  3  0	
 2  0 918508 119632 222128 327292    0    0    51   747 21655 20815 30 28 39  3  0	
procs -----------memory---------- ---swap-- -----io---- --system-- -----cpu-----
 r  b   swpd   free   buff  cache   si   so    bi    bo   in   cs us sy id wa st
 3  1 918508 119928 222444 327332    0    0    51  2423 21835 20312 31 27 38  4  0	
 3  0 918508 119028 222764 327376    0    0    51  6078 21474 19572 35 31 32  3  0	
 1  0 918508 119556 223064 327416    0    0    52  5238 21590 19216 34 27 36  3  0	
 7  1 918508 118656 223376 327452    0    0    51 10337 21112 18314 39 31 26  4  0	
 2  0 918508 118780 223700 327484    0    0    51  3830 21563 20752 30 26 39  5  0	
 3  0 918508 118376 223992 327556    0    0    51   741 21284 20361 33 29 35  2  0	
 3  0 918508 118284 224320 327584    0    0    51   922 21296 20501 31 27 38  4  0	
 0  0 918508 117448 224640 327620    0    0    51   883 21263 20331 32 30 35  4  0	
 2  0 918508 117532 224944 327668    0    0    51   930 21497 20605 30 28 38  3  0	
 1  0 918508 116572 225292 327688    0    0    51  8233 21491 19296 35 30 31  3  0	
 4  1 918508 116556 225640 327748    0    0    51  9818 21540 19233 34 28 33  5  0	
 2  0 918508 127220 215056 327640    0    0    51  8861 20835 18239 38 31 29  2  0	
 0  0 918508 126320 215384 327680    0    0    52  7778 21034 18627 37 28 32  3  0	
 6  0 918508 122124 215708 327740    0    0    51 10112 21109 18237 39 28 29  4  0	
 1  1 918508 125484 216040 327764    0    0    51 10302 21177 18790 35 27 34  4  0	
 3  1 918508 124724 216348 327828    0    0    51   983 21613 20848 30 27 39  3  0	
 0  0 918508 124740 216648 327852    0    0    52  9671 21460 18712 37 30 29  3  0	
 4  0 918508 124096 216948 327892    0    0    58 10487 21295 19359 34 27 36  3  0	
 1  3 918508 124236 217252 327940    0    0    51 10397 21403 18633 37 30 29  4  0	
 2  1 918508 123584 217564 327992    0    0    51 10177 21479 19050 36 27 34  3  0	
 7  0 918508 123320 217864 328028    0    0    51 10069 20907 18203 37 29 31  3  0	
procs -----------memory---------- ---swap-- -----io---- --system-- -----cpu-----
 r  b   swpd   free   buff  cache   si   so    bi    bo   in   cs us sy id wa st
 0  0 918508 122684 218176 328068    0    0    51 10424 21041 18948 35 27 33  4  0	
 4  0 918508 121352 218476 328108    0    0    51  9951 20786 18141 38 30 30  2  0	
 0  1 918508 122012 218804 328144    0    0    51 10410 21356 18974 37 25 35  4  0	
 2  0 918508 122120 219112 328196    0    0    51 10431 21091 18769 36 31 31  3  0	
 2  0 918508 121516 219416 328236    0    0    51 10297 21545 19659 34 27 36  3  0	
 2  0 918508 121592 219716 328288    0    0    51  8562 21224 19274 35 31 31  3  0	
 5  0 918508 121144 220028 328320    0    0    51   779 21634 21013 28 26 42  3  0	
 3  0 918508 117676 220336 328360    0    0    51   757 21414 20353 32 30 35  3  0	
 3  0 918508 120748 220656 328408    0    0    51  1214 21168 19968 31 30 36  3  0	
 6  1 918508 117832 220984 328440    0    0    51   921 21460 20500 30 28 37  4  0	
 2  0 918508 120128 221300 328484    0    0    51   914 21381 20432 31 30 36  3  0	
 3  0 918508 120284 221652 328520    0    0    51   918 21566 20639 29 27 40  4  0	
 5  0 918508 128280 213816 328008    0    0    51  5687 20826 19269 34 30 32  4  0	
 4  1 918508 127972 214136 328040    0    0    51 10424 21421 20000 31 27 37  5  0	
 1  0 918508 127196 214424 328088    0    0    51 10793 21065 19268 35 31 31  4  0	
 1  0 918508 127212 214720 328132    0    0    51 10313 21290 20049 32 27 37  5  0	
 3  0 918508 126468 215008 328168    0    0    51 10610 21151 19628 34 30 32  3  0	
 0  0 918508 125148 215320 328212    0    0    51 10582 21397 20243 32 26 39  4  0	
 5  0 918508 124096 215628 328256    0    0    51 10634 21283 19956 32 29 35  3  0	
 0  0 918508 125328 215924 328296    0    0    51 10025 21354 20054 32 28 37  3  0	
 2  0 918508 124476 216232 328332    0    0    51 10605 21493 20022 32 30 35  4  0	
procs -----------memory---------- ---swap-- -----io---- --system-- -----cpu-----
 r  b   swpd   free   buff  cache   si   so    bi    bo   in   cs us sy id wa st
 6  1 918508 124560 216536 328368    0    0    51 10631 21172 19535 33 30 34  3  0	
 4  0 918508 120420 216840 328408    0    0    58 10574 21545 20239 32 27 37  4  0	
 2  0 918508 123708 217148 328444    0    0    51  5520 21149 20076 32 29 35  3  0	
 4  0 918508 123320 217460 328504    0    0    51   766 21469 20772 30 26 41  4  0	
 2  0 918508 117668 217792 328552    0    0    51   738 20860 19773 34 32 31  2  0	
 4  0 918508 122700 218108 328572    0    0    51   871 21428 20613 28 26 41  4  0	
 3  1 918508 120860 205924 328532    0    0    94   904 21214 20189 31 29 36  3  0	
 1  0 918508 117672 206276 328668    0    0    76   926 21748 21247 30 29 37  4  0	
 1  0 918508 121396 206616 328712    0    0    51   941 21422 20501 30 31 36  4  0	
 3  1 918508 121180 206968 328752    0    0    51   917 21619 20928 28 28 40  4  0	
 4  2 918508 121336 207300 328796    0    0    51  2043 21452 20317 31 29 36  4  0	
 2  0 918508 120848 207624 328852    0    0    51  8747 21058 18972 34 26 34  6  0	
 1  0 918508 120864 207916 328900    0    0    51 10230 21061 18429 37 30 28  4  0	
 0  0 918508 120244 208228 328940    0    0    51 10750 21425 19920 32 25 38  4  0	
 1  0 918508 120500 208528 328964    0    0    51 10297 21328 19203 35 30 31  4  0	
 3  0 918508 119648 208844 329008    0    0    51 10371 21481 19132 34 26 37  3  0	
 2  0 918508 115900 209148 329052    0    0    51 10632 20978 18478 37 30 31  3  0	
 1  0 918508 119096 209448 329104    0    0    52 10573 21173 18755 34 27 36  3  0	
 0  0 918508 119236 209756 329132    0    0    51 10436 21269 19163 35 27 34  3  0	
 2  0 918508 118104 210060 329176    0    0    51 10310 20606 18145 38 31 28  3  0	
 4  0 918508 118228 210384 329212    0    0    51 10611 21314 19149 34 25 37  4  0	
procs -----------memory---------- ---swap-- -----io---- --system-- -----cpu-----
 r  b   swpd   free   buff  cache   si   so    bi    bo   in   cs us sy id wa st
 4  0 918508 117608 210676 329268    0    0    51 10546 20932 18054 37 31 29  2  0	
 4  0 918508 117020 210988 329292    0    0    53 10413 21164 18972 34 27 35  3  0	
 5  0 918508 113792 211324 329332    0    0    51  1546 21291 20045 31 31 35  3  0	
 2  0 918508 117500 211640 329384    0    0    51  1102 21778 20974 30 26 41  3  0	
 1  0 918508 116400 211952 329432    0    0    51   754 21208 20195 30 30 38  2  0	
 0  0 918508 116368 212248 329480    0    0    51   346 21154 20533 29 27 42  2  0	
 1  0 918508 124948 203900 329204    0    0    51   484 21227 20229 31 29 37  3  0	
 0  0 918508 124568 204248 329240    0    0    51   476 21461 20685 30 27 40  3  0	
 1  0 918508 124196 204564 329280    0    0    51   385 21472 20371 31 30 38  2  0	
 2  0 918508 123948 204896 329320    0    0    51   889 21435 20527 30 27 39  4  0	
 1  0 918508 123280 205256 329368    0    0    51   938 21503 20513 31 28 36  4  0	
 1  0 918508 123172 205648 329392    0    0    51   923 21483 20612 28 26 41  4  0	
 2  0 918508 121652 205972 329448    0    0    51   878 21562 20626 30 27 38  4  0	
 1  0 918508 122600 206304 329724    0    0    99   930 21394 20428 31 29 36  4  0	
