procs -----------memory---------- ---swap-- -----io---- --system-- -----cpu-----
 r  b   swpd   free   buff  cache   si   so    bi    bo   in   cs us sy id wa st
 4  1 1015328 115864 178944 262072    0    0    28  1708    5    2  8  9 78  5  0	
 4  0 1015328 116104 179364 262160    0    0    51   882 21999 21164 40 34 23  3  0	
 2  1 1015328 116600 179764 262208    0    0    51   922 22843 22116 36 30 31  3  0	
 0  0 1015328 125396 170300 262140    0    0    51   858 22173 20950 39 34 23  3  0	
 5  0 1015328 125776 170676 262196    0    0    51   888 22892 22275 37 30 29  3  0	
 1  1 1015328 124544 171076 262236    0    0    51  1516 22252 20941 41 36 20  3  0	
 2  0 1015328 124916 171408 262292    0    0    51 10446 22647 20712 42 29 26  2  0	
 2  0 1015328 123504 171724 262344    0    0    51 10566 21126 19318 45 34 19  2  0	
 8  1 1015328 120728 172072 262376    0    0    58 10429 22330 20615 42 31 24  3  0	
 7  0 1015328 119092 172420 262408    0    0    51 10407 21702 19751 44 32 21  3  0	
 3  0 1015328 123264 172768 262468    0    0    51  8726 22013 20548 43 32 24  2  0	
 1  0 1015328 122668 173116 262520    0    0    51 10366 22559 20834 41 32 25  2  0	
 1  0 1015328 122288 173524 262548    0    0    51  5499 22399 21672 40 33 25  3  0	
 2  0 1015328 121304 173932 262624    0    0    51  9134 22667 21003 41 31 25  2  0	
 4  0 1015328 121908 174268 262680    0    0    51 10414 22033 20534 42 33 23  2  0	
 5  0 1015328 120916 174584 262728    0    0    51 10308 22626 21177 39 29 29  3  0	
 2  1 1015328 120784 174908 262768    0    0    51 10604 21945 20314 43 33 22  2  0	
 0  1 1015328 120188 175276 262808    0    0    51  3521 22540 22024 34 29 33  4  0	
 9  0 1015328 116380 175656 262836    0    0    51   898 22784 22177 38 32 27  3  0	
 4  1 1015328 119296 176068 262904    0    0    51   886 22672 21791 38 32 28  2  0	
 0  0 1015328 119328 176488 262948    0    0    51   903 23142 22421 36 29 32  3  0	
procs -----------memory---------- ---swap-- -----io---- --system-- -----cpu-----
 r  b   swpd   free   buff  cache   si   so    bi    bo   in   cs us sy id wa st
 1  0 1015328 118552 177016 262996    0    0    70   910 22257 21050 40 34 23  3  0	
 1  0 1015328 118832 177412 263028    0    0    51   894 23152 22596 35 28 32  4  0	
 4  0 1015328 117204 177760 263092    0    0    51  7628 21869 19582 46 35 17  2  0	
 1  0 1015328 117328 178116 263124    0    0    51  9667 22765 22051 37 29 31  4  0	
 7  0 1015328 114328 178456 263180    0    0    51 10420 21726 20411 42 35 22  2  0	
 4  0 1015328 116724 178792 263216    0    0    51 10629 22649 21423 39 32 26  2  0	
 1  0 1015328 126272 169232 262900    0    0    51 10558 22110 20689 40 33 25  2  0	
 3  0 1015328 126488 169568 262948    0    0    51 10255 22877 21756 40 31 26  3  0	
 0  0 1015328 125280 169936 262996    0    0    51 10438 22428 21092 41 32 25  2  0	
 2  0 1015328 125744 170280 263032    0    0    51 10603 22590 21397 39 30 29  2  0	
 5  0 1015328 122504 170584 263388    0    0   114 10558 22263 21333 40 30 28  2  0	
 4  0 1015328 121340 170932 263440    0    0    51 10225 22524 21686 38 31 28  3  0	
 3  0 1015328 123792 171288 263488    0    0    51  8682 22350 21137 39 30 28  3  0	
 4  0 1015328 123544 171620 263520    0    0    52 10318 22327 21057 39 32 27  3  0	
 1  0 1015328 122660 171960 263568    0    0    51  9747 22521 21374 39 31 28  2  0	
 3  0 1015328 122552 172340 263608    0    0    51  5781 22335 20511 42 32 24  3  0	
 2  0 1015328 122040 172712 263664    0    0    51   895 22360 21610 37 32 27  4  0	
 3  0 1015328 122164 173032 263696    0    0    51 10161 22222 19977 43 32 23  2  0	
 0  1 1015328 119784 173392 263740    0    0    58 10070 22422 20349 42 30 25  3  0	
 4  0 1015328 120940 173756 263780    0    0    51  3265 22142 20707 41 33 24  3  0	
 3  0 1015328 120568 174128 263824    0    0    51  3568 22780 21633 39 30 29  3  0	
procs -----------memory---------- ---swap-- -----io---- --system-- -----cpu-----
 r  b   swpd   free   buff  cache   si   so    bi    bo   in   cs us sy id wa st
 3  0 1015328 117628 174540 263868    0    0    51   870 22310 21495 40 33 24  3  0	
 2  0 1015328 119692 174896 263916    0    0    51 10796 22574 20245 42 29 27  2  0	
 4  0 1015328 119288 175244 263952    0    0    51  9920 22015 19316 46 33 19  2  0	
 1  0 1015328 118204 175624 264016    0    0    51  3518 22401 21386 38 34 26  2  0	
 4  0 1015328 115156 176040 264052    0    0    51   908 23106 22459 36 30 30  4  0	
 2  1 1015328 117460 176404 264104    0    0    51  6117 22281 20173 43 35 20  3  0	
 1  0 1015328 117716 176836 264140    0    0    51  2884 22705 22259 35 28 33  4  0	
 1  0 1015328 126984 167348 264040    0    0    51  7346 21651 19005 46 34 18  3  0	
 5  1 1015328 126752 167696 264080    0    0    51 10458 22764 20617 40 29 28  3  0	
17  0 1015328 125628 168048 264124    0    0    51   904 21939 21107 39 33 25  2  0	
 0  0 1015328 125652 168424 264172    0    0    51   912 22898 22392 35 30 32  3  0	
 2  0 1015328 123380 168824 264220    0    0    51   893 22315 21593 39 32 26  3  0	
 4  1 1015328 125364 169212 264264    0    0    51   898 22727 21994 35 29 31  4  0	
 5  0 1015328 121728 169636 264308    0    0    51   836 23089 22581 36 29 31  4  0	
 5  2 1015328 124056 169988 264348    0    0    51  8824 21780 19848 44 33 21  2  0	
 0  0 1015328 123204 170324 264400    0    0    51  9624 22902 21462 39 29 29  3  0	
 2  0 1015328 123188 170652 264452    0    0    51  8679 21958 19552 45 34 20  2  0	
 6  0 1015328 122212 171008 264492    0    0    51  7742 22811 20935 41 29 28  3  0	
 2  1 1015328 122024 171364 264528    0    0    55  9698 21903 18549 47 33 17  2  0	
 2  0 1015328 121336 171704 264660    0    0    65 10292 22328 19908 43 32 23  2  0	
 2  0 1015328 121568 172092 264724    0    0    51   881 22340 21310 39 37 22  2  0	
procs -----------memory---------- ---swap-- -----io---- --system-- -----cpu-----
 r  b   swpd   free   buff  cache   si   so    bi    bo   in   cs us sy id wa st
 4  0 1015328 120832 172420 264756    0    0    51  9814 22480 20526 41 28 28  3  0	
 0  0 1015328 120692 172764 264808    0    0    51 10418 21823 19968 43 32 23  3  0	
 2  0 1015328 120584 173108 264856    0    0    51 10427 22317 20549 41 30 26  3  0	
11  0 1015328 117264 173444 264892    0    0    51 10005 22422 20056 40 31 27  2  0	
 3  0 1015328 119180 173772 264928    0    0    51 10379 22248 20109 44 32 21  2  0	
 3  0 1015328 119212 174096 264984    0    0    51 10389 22636 20577 39 30 27  3  0	
 3  0 1015328 118212 174452 265016    0    0    51 10178 22081 19218 47 32 19  2  0	
 4  0 1015328 118560 174804 265072    0    0    51 10444 22558 20371 42 29 27  2  0	
 2  0 1015328 116212 175116 265128    0    0    51 10362 22198 20431 43 32 23  2  0	
 3  0 1015328 117468 175420 265172    0    0    51  9900 22204 20349 39 31 27  3  0	
 2  0 1015328 116996 175752 265200    0    0    51  8108 22482 21098 40 32 25  3  0	
 5  1 1015328 117080 176128 265248    0    0    51   896 22358 21619 36 31 29  4  0	
 2  1 1015328 125916 166916 264936    0    0    51   834 22554 21628 37 31 29  3  0	
 0  0 1015328 125916 167356 264992    0    0    51  1318 22760 21793 37 32 28  3  0	
 6  0 1015328 121884 167804 265032    0    0    51   923 22699 21840 37 32 28  3  0	
 2  0 1015328 124940 168216 265080    0    0    51   890 22987 22254 35 31 31  4  0	
 2  0 1015328 123932 168568 265104    0    0    53   830 22384 21406 39 33 25  3  0	
 2  0 1015328 124196 168928 265164    0    0    51  5213 22574 21273 39 33 25  3  0	
 2  0 1015328 122940 169264 265208    0    0    51 10094 22486 21578 39 30 28  3  0	
 1  0 1015328 123576 169580 265248    0    0    51 10638 22234 20463 41 32 24  3  0	
 3  0 1015328 122296 169916 265392    0    0    72 10213 22542 21275 41 30 27  2  0	
procs -----------memory---------- ---swap-- -----io---- --system-- -----cpu-----
 r  b   swpd   free   buff  cache   si   so    bi    bo   in   cs us sy id wa st
 3  0 1015328 123196 170236 265440    0    0    51 10598 22087 20670 39 33 26  2  0	
 6  0 1015328 120304 170576 265468    0    0    51 10438 22999 21833 37 28 32  3  0	
 2  0 1015328 121668 170876 265524    0    0    51 10618 21926 20463 39 35 24  2  0	
 1  0 1015328 120592 171224 265556    0    0    51 10174 22696 21628 37 29 32  2  0	
 4  1 1015328 120932 171536 265608    0    0    51 10616 21906 20548 41 34 23  2  0	
 1  0 1015328 120096 171872 265656    0    0    58 10436 22792 21778 36 29 31  4  0	
 7  0 1015328 116164 172188 265708    0    0    51 10615 21902 20575 41 33 23  2  0	
 4  0 1015328 119352 172556 265740    0    0    51  6415 22780 21948 37 28 33  2  0	
 7  0 1015328 119700 172912 265780    0    0    51   875 22582 21695 39 31 27  3  0	
 0  0 1015328 118732 173324 265828    0    0    51   914 22955 22140 38 32 27  4  0	
 3  0 1015328 117716 173704 265868    0    0    51  1004 22969 22071 35 30 32  3  0	
 2  0 1015328 117988 174088 265904    0    0    51   842 22365 21609 39 33 26  3  0	
 1  0 1015328 117864 174464 265948    0    0    51   885 22512 21720 37 31 28  3  0	
 2  0 1015328 116980 174876 265996    0    0    51   908 22194 21181 40 34 23  3  0	
 2  0 1015328 117244 175272 266040    0    0    51   929 22533 21747 36 30 30  4  0	
 3  0 1015328 126496 165236 266016    0    0    51  1042 22266 21282 39 33 26  2  0	
 2  0 1015328 126620 165616 266068    0    0    51  7270 22779 20158 41 30 26  2  0	
 2  0 1015328 124752 165964 266100    0    0    51 10321 21688 19264 45 32 21  2  0	
 1  0 1015328 124760 166300 266156    0    0    51 10079 22422 21032 39 30 29  3  0	
 5  0 1015328 121892 166612 266192    0    0    51 10274 22335 21209 38 29 31  2  0	
 4  0 1015328 124264 166952 266240    0    0    51 10336 21697 19646 43 33 22  2  0	
procs -----------memory---------- ---swap-- -----io---- --system-- -----cpu-----
 r  b   swpd   free   buff  cache   si   so    bi    bo   in   cs us sy id wa st
 2  0 1015328 123552 167280 266284    0    0    51 10618 22245 20262 41 27 29  3  0	
 2  0 1015328 124032 167608 266328    0    0    51 10411 21831 19263 45 34 19  2  0	
 5  0 1015328 123056 167944 266368    0    0    51 10598 22858 20502 41 29 28  2  0	
 7  0 1015328 123148 168264 266420    0    0    51 10298 21918 19081 44 34 20  2  0	
 2  0 1015328 121940 168592 266460    0    0    51 10418 22675 20327 42 27 28  3  0	
 7  0 1015328 120916 168904 266508    0    0    51 10612 21865 19069 44 33 21  2  0	
 6  0 1015328 120684 169232 266540    0    0    51 10558 22245 19710 43 29 26  2  0	
 5  0 1015328 120816 169584 266584    0    0    51  3709 22245 21262 37 32 27  3  0	
 0  0 1015328 119692 169988 266628    0    0    51  1051 22635 22053 36 30 30  4  0	
 6  0 1015328 119956 170400 266672    0    0    51  1187 22182 21031 39 35 23  3  0	
 1  1 1015328 119676 170776 266712    0    0    51   663 22244 21488 39 32 27  2  0	
 5  0 1015328 117528 171172 266752    0    0    51   852 22734 22098 35 29 33  4  0	
 3  1 1015328 117212 171608 266796    0    0    51   912 22202 20959 39 34 24  3  0	
 3  0 1015328 118708 172016 266836    0    0    51   894 22934 22387 36 28 32  4  0	
 3  0 1015328 118096 172408 266888    0    0    51   830 22110 21288 38 33 26  3  0	
 3  0 1015328 117840 172804 266924    0    0    51   873 22548 21851 37 29 29  4  0	
 4  0 1015328 117112 173212 266980    0    0    51   912 22197 21322 38 33 25  4  0	
 3  0 1015328 116972 173652 267012    0    0    51   874 22787 22048 36 30 29  4  0	
 4  1 1015328 126288 163936 266936    0    0    51   889 22295 21462 37 33 27  3  0	
 1  0 1015328 126768 164348 266988    0    0    53   895 22812 21905 38 30 29  3  0	
 1  0 1015328 125792 164736 267020    0    0    51   896 22456 21568 38 33 27  3  0	
procs -----------memory---------- ---swap-- -----io---- --system-- -----cpu-----
 r  b   swpd   free   buff  cache   si   so    bi    bo   in   cs us sy id wa st
 6  1 1015328 122844 165184 267076    0    0    51   876 22783 21952 37 30 30  3  0	
 2  2 1015328 124264 165596 267108    0    0    62   909 22397 21363 39 34 24  4  0	
 7  0 1015328 125172 166020 267204    0    0    51   837 22962 22228 35 29 32  4  0	
 8  0 1015328 123364 166436 267256    0    0    51  1871 22639 21493 38 31 28  4  0	
 3  0 1015328 123940 166816 267292    0    0    51  8580 22489 20073 44 32 23  2  0	
 1  1 1015328 123040 167156 267344    0    0    51  6866 22477 20112 42 31 25  2  0	
 8  0 1015328 123072 167588 267388    0    0    51  3380 22366 19984 45 35 17  2  0	
 1  0 1015328 122172 167920 267436    0    0    51 10360 22300 18805 45 33 19  3  0	
 1  0 1015328 122080 168284 267480    0    0    51  6478 22581 20258 42 32 23  3  0	
 4  1 1015328 120080 168628 267532    0    0    51 10640 22421 20567 40 30 27  3  0	
 5  0 1015328 121684 168968 267572    0    0    51  9588 21724 19552 45 32 21  2  0	
 4  0 1015328 120956 169316 267620    0    0    51 10600 22466 20547 40 29 28  3  0	
 7  0 1015328 120924 169796 267660    0    0    76  3650 22285 21200 38 34 25  3  0	
 6  1 1015328 119848 170172 267696    0    0    51  2713 22814 21232 38 30 28  3  0	
 5  0 1015328 116768 170488 267736    0    0    51  8356 22215 19507 43 32 23  2  0	
 3  0 1015328 118856 170884 267796    0    0    51   913 22936 22007 37 32 28  3  0	
 1  0 1015328 118956 171292 267836    0    0    51   925 23051 22295 35 29 32  4  0	
 5  0 1015328 118088 171736 267880    0    0    51   902 22220 21172 39 34 24  3  0	
 3  0 1015328 118724 172120 267920    0    0    52  5742 22829 21817 38 29 30  4  0	
 4  0 1015328 127504 161788 267872    0    0    51 10145 21745 20229 42 34 23  2  0	
 6  0 1015328 129024 162132 267912    0    0    51 10354 22637 21115 39 29 30  3  0	
procs -----------memory---------- ---swap-- -----io---- --system-- -----cpu-----
 r  b   swpd   free   buff  cache   si   so    bi    bo   in   cs us sy id wa st
 0  0 1015328 127116 162476 267952    0    0    51  5826 21901 20313 42 34 22  2  0	
 2  1 1015328 127116 162848 267992    0    0    51   865 23240 22466 35 29 32  4  0	
 6  0 1015328 122836 163204 268048    0    0    51   862 21920 21097 40 35 22  3  0	
 1  0 1015328 126024 163624 268084    0    0    51   912 22828 22135 36 31 29  4  0	
12  0 1015328 123084 164060 268136    0    0    51   897 22454 21951 37 30 30  4  0	
 2  0 1015328 125388 164488 268156    0    0    51   863 22477 21631 38 32 27  3  0	
 3  0 1015328 124412 164884 268208    0    0    51   902 22661 22230 37 30 29  4  0	
 3  0 1015328 124388 165272 268248    0    0    51   893 22377 21330 38 34 25  3  0	
 2  0 1015328 123544 165636 268296    0    0    51   897 22939 22299 35 31 31  4  0	
 7  1 1015328 123636 166016 268336    0    0    51  5906 22200 20386 42 33 23  2  0	
 2  0 1015328 122800 166360 268384    0    0    51 10631 22681 21147 40 30 28  3  0	
 2  0 1015328 123552 166692 268428    0    0    51 10408 22325 20459 42 32 24  2  0	
 3  0 1015328 122164 167020 268468    0    0    51 10411 22167 20493 42 31 25  2  0	
 3  0 1015328 122436 167352 268512    0    0    51 10616 21979 20449 42 31 26  2  0	
 1  0 1015328 121040 167716 268568    0    0    51  8679 22003 20737 39 30 27  3  0	
 6  0 1015328 121436 168064 268604    0    0    51  9780 22165 20747 41 32 25  3  0	
 1  1 1015328 120816 168436 268636    0    0    51  4592 22234 21185 40 31 26  3  0	
 3  0 1015328 118884 168760 268680    0    0    51 10566 22770 21487 39 29 30  2  0	
10  0 1015328 118172 169104 268732    0    0    51 10333 22292 20720 43 33 22  2  0	
 3  0 1015328 119916 169424 268764    0    0    51 10411 22562 21385 42 30 25  3  0	
 3  0 1015328 119080 169780 268812    0    0    51  8600 21660 20372 43 34 21  2  0	
procs -----------memory---------- ---swap-- -----io---- --system-- -----cpu-----
 r  b   swpd   free   buff  cache   si   so    bi    bo   in   cs us sy id wa st
 4  1 1015328 119064 170212 268848    0    0    51   866 22048 21545 37 31 28  3  0	
 3  0 1015328 118212 170612 268892    0    0    51   843 22557 21994 38 32 27  3  0	
 2  0 1015328 118320 171000 268948    0    0    58   959 22619 21823 37 33 27  3  0	
 4  0 1015328 117468 171380 268984    0    0    51   897 22939 21932 40 33 25  2  0	
 8  0 1015328 114752 171744 269036    0    0    51   903 22596 21516 37 33 28  3  0	
 2  1 1015328 116460 172132 269076    0    0    51  2522 22905 21505 40 32 25  3  0	
 4  0 1015328 116724 172456 269124    0    0    51  9517 22887 20943 41 30 27  2  0	
10  0 1015328 122400 162804 268896    0    0    51 10624 22491 21070 41 32 24  2  0	
 2  0 1015328 125636 163152 268948    0    0    51 10610 22649 21389 38 31 29  3  0	
 0  0 1015328 124992 163468 268984    0    0    51 10567 22934 21806 39 32 27  2  0	
 3  0 1015328 124900 163808 269032    0    0    51 10402 22752 21589 40 33 24  3  0	
 7  0 1015328 123844 164140 269072    0    0    51 10268 23113 21737 40 31 27  2  0	
 1  0 1015328 124224 164472 269128    0    0    51 10630 22406 20967 39 33 26  2  0	
15  0 1015328 120068 164776 269372    0    0    92 10327 22915 21731 40 31 27  2  0	
 3  0 1015328 123148 165092 269412    0    0    51 10622 21940 20588 41 34 23  2  0	
 4  0 1015328 121544 165452 269432    0    0    51  8698 22708 22046 37 29 30  3  0	
 3  2 1015328 122132 165752 269492    0    0    51 10625 22212 20778 43 34 21  2  0	
 7  0 1015328 121172 166064 269532    0    0    51 10059 22400 21078 40 32 26  2  0	
 4  0 1015328 121016 166416 269592    0    0    51  5638 22268 21226 41 35 22  2  0	
 2  0 1015328 120552 166780 269620    0    0    51  5310 23282 21354 40 29 28  3  0	
 9  2 1015328 118728 167168 269672    0    0    51  5602 22566 20416 42 32 23  2  0	
procs -----------memory---------- ---swap-- -----io---- --system-- -----cpu-----
 r  b   swpd   free   buff  cache   si   so    bi    bo   in   cs us sy id wa st
 3  0 1015328 119800 167504 269704    0    0    53 10101 22621 20178 43 32 24  2  0	
 4  0 1015328 119420 167872 269748    0    0    51  5390 22965 22106 37 30 29  3  0	
 5  0 1015328 118776 168240 269788    0    0    51  5889 22037 20167 44 33 20  3  0	
 6  0 1015328 118552 168680 269836    0    0    51   870 22738 22330 36 30 31  3  0	
 3  0 1015328 127456 159424 269788    0    0    51  4988 21817 20077 44 32 20  3  0	
 4  2 1015328 127324 159736 269844    0    0    51 10318 22518 20436 41 30 27  3  0	
 4  1 1015328 126960 160068 269880    0    0    51  8950 22491 20728 43 34 21  2  0	
 5  2 1015328 127084 160452 269924    0    0    51   860 23166 22544 36 30 31  3  0	
 6  0 1015328 126092 160836 269964    0    0    51   838 22751 22034 39 31 27  3  0	
 6  0 1015328 125960 161160 270004    0    0    51  7487 23004 20847 42 31 24  3  0	
 6  0 1015328 122936 161560 270072    0    0    51  2722 22732 21749 39 29 28  4  0	
 3  1 1015328 125496 161912 270112    0    0    51 10323 21845 18801 47 32 18  2  0	
 4  0 1015328 124520 162256 270156    0    0    51  6311 22763 21857 38 29 31  3  0	
 2  0 1015328 124976 162668 270204    0    0    51   880 21870 20673 41 36 20  3  0	
 1  1 1015328 123892 163104 270232    0    0    51   896 23063 22514 37 30 30  3  0	
 1  0 1015328 124256 163516 270296    0    0    51   833 22582 21637 40 34 24  2  0	
 1  0 1015328 123032 163920 270324    0    0    51   894 23139 22605 36 29 32  3  0	
 4  0 1015328 123280 164288 270368    0    0    51  4640 22354 20738 41 33 23  3  0	
 5  0 1015328 121992 164628 270412    0    0    51 10406 22505 21174 40 32 25  2  0	
 4  0 1015328 122520 164940 270468    0    0    51  7838 21950 19719 43 34 21  2  0	
 3  0 1015328 119916 165324 270504    0    0    51  8549 22847 20974 43 31 24  3  0	
procs -----------memory---------- ---swap-- -----io---- --system-- -----cpu-----
 r  b   swpd   free   buff  cache   si   so    bi    bo   in   cs us sy id wa st
 2  0 1015328 120372 165664 270548    0    0    51  8729 22236 20122 43 32 22  3  0	
 2  1 1015328 119288 166004 270592    0    0    51 10517 22636 19568 46 31 21  2  0	
 4  0 1015328 118720 166352 270644    0    0    51  5067 23083 22131 36 30 32  2  0	
 3  0 1015328 118660 166708 270692    0    0    51  5537 22551 20589 42 34 23  2  0	
 2  0 1015328 118684 167072 270740    0    0    51 10266 22740 21082 39 30 26  4  0	
 3  0 1015328 117800 167384 270768    0    0    51 10511 22294 20672 42 32 24  2  0	
 3  0 1015328 118280 167756 270824    0    0    51 10322 22385 20232 43 32 24  2  0	
 4  0 1015328 117444 168112 270852    0    0    51 10028 22260 20109 43 31 23  2  0	
 4  1 1015328 117412 168452 270908    0    0    51 10415 22344 19384 47 32 19  2  0	
 5  0 1015328 116576 168792 270944    0    0    51  9724 22487 19748 45 32 22  2  0	
 5  0 1015328 116808 169124 271008    0    0    51 10412 22298 19753 45 35 19  1  0	
 4  0 1015328 126108 159084 270948    0    0    51 10234 22354 20408 42 33 23  2  0	
 2  0 1015328 126216 159424 270996    0    0    51 10334 22717 21290 39 30 28  3  0	
 7  0 1015328 123772 159752 271036    0    0    51 10563 22477 20728 41 31 26  2  0	
14  0 1015328 126124 160120 271064    0    0    52  2952 22616 22054 36 32 29  2  0	
 2  0 1015328 125636 160488 271116    0    0    51   778 22628 21996 38 31 27  4  0	
 3  0 1015328 125544 160904 271152    0    0    51   873 22810 22001 39 32 26  3  0	
 8  0 1015328 125272 161268 271192    0    0    51  1270 22896 21958 37 32 29  3  0	
 5  0 1015328 124800 161640 271228    0    0    51   882 22865 21951 38 32 27  3  0	
 4  0 1015328 123792 162012 271288    0    0    51   894 23006 22297 38 31 28  3  0	
 1  0 1015328 124428 162416 271320    0    0    51   923 22800 22013 38 33 25  4  0	
procs -----------memory---------- ---swap-- -----io---- --system-- -----cpu-----
 r  b   swpd   free   buff  cache   si   so    bi    bo   in   cs us sy id wa st
 7  0 1015328 123684 162768 271372    0    0    51 10340 22664 21162 39 30 27  4  0	
 1  0 1015328 123544 163096 271420    0    0    51 10222 22116 20516 43 33 20  3  0	
 3  0 1015328 122560 163436 271456    0    0    52 10264 22953 21811 38 29 30  3  0	
11  0 1015328 117976 163752 271488    0    0    51 10611 22646 21448 42 32 23  2  0	
 1  1 1015328 120684 164072 271540    0    0    51 10613 22629 21609 38 31 29  2  0	
 2  0 1015328 121172 164400 271568    0    0    51 10342 22766 21544 39 30 29  2  0	
 3  0 1015328 120444 164744 271632    0    0    52 10244 22140 20682 41 35 22  2  0	
 5  0 1015328 118860 165104 271684    0    0    58 10653 22708 21431 40 32 26  3  0	
 3  0 1015328 119924 165428 271716    0    0    51 10398 22249 20979 41 33 24  2  0	
 0  0 1015328 119948 165736 271760    0    0    51 10563 23029 21994 38 29 30  3  0	
 1  1 1015328 119576 166072 271800    0    0    51 10399 21994 20714 41 34 23  2  0	
 2  0 1015328 119708 166432 271844    0    0    51  1486 23175 22536 36 30 32  2  0	
 4  0 1015328 119520 166812 271884    0    0    57   790 22456 21200 39 34 25  2  0	
 3  1 1015328 121352 154984 271504    0    0    66   941 23194 22772 35 29 33  3  0	
 7  0 1015328 117468 155360 271576    0    0    69   889 23331 22449 42 35 21  2  0	
 2  0 1015328 122084 155752 271604    0    0    51   868 23295 23006 34 29 33  4  0	
 9  0 1015328 117720 156120 271668    0    0    51   933 22775 22271 36 30 30  4  0	
 2  0 1015328 121536 156556 272012    0    0   114   886 22627 22071 38 32 27  3  0	
 5  0 1015328 120544 156940 272072    0    0    51   887 23227 22752 36 29 31  4  0	
 3  0 1015328 120760 157324 272116    0    0    51  3549 22830 21250 42 34 21  3  0	
 6  0 1015328 120040 157748 272152    0    0    58 10641 22945 20297 43 29 24  4  0	
procs -----------memory---------- ---swap-- -----io---- --system-- -----cpu-----
 r  b   swpd   free   buff  cache   si   so    bi    bo   in   cs us sy id wa st
 3  0 1015328 120124 158144 272200    0    0    51 10224 22283 20390 42 34 21  2  0	
 7  0 1015328 119296 158496 272240    0    0    51 10325 22921 21800 37 30 30  3  0	
 5  0 1015328 116008 158828 272288    0    0    51 10322 22725 21366 40 32 25  3  0	
 6  0 1015328 117692 159160 272336    0    0    53 10659 21603 18766 47 33 17  2  0	
 7  0 1015328 118428 159476 272376    0    0    51 10354 22199 20077 44 31 23  2  0	
 5  0 1015328 117800 159816 272436    0    0    51 10642 22278 20167 42 31 25  3  0	
13  0 1015328 113496 160144 272476    0    0    51  9212 22760 21362 41 31 26  3  0	
 0  0 1015328 117156 160480 272520    0    0    52 10670 22288 19528 45 32 20  3  0	
 3  0 1015328 117064 160812 272556    0    0    51 10560 23184 20970 42 28 28  2  0	
 2  0 1015328 114684 161172 272612    0    0    51 10623 22033 19670 44 33 21  2  0	
 2  0 1015328 116436 161536 272636    0    0    51  8185 22917 21431 39 30 29  3  0	
 1  0 1015328 115840 161852 272684    0    0    51   726 22615 21890 38 32 28  2  0	
 2  0 1015328 126240 152444 272272    0    0    51  1042 22883 22158 38 30 30  2  0	
 2  0 1015328 125388 152792 272316    0    0    51   823 22687 21885 37 32 27  3  0	
 2  0 1015328 124496 153164 272364    0    0    51   476 23077 22611 35 29 33  3  0	
 4  0 1015328 123644 153504 272412    0    0    52   446 22577 21857 38 34 26  2  0	
 5  0 1015328 124528 153908 272448    0    0    51   731 23316 22675 36 30 31  3  0	
 1  0 1015328 123148 154312 272500    0    0    51   892 22367 21611 39 34 25  2  0	
 8  0 1015328 123420 154784 272532    0    0    51   895 23145 22587 36 28 32  4  0	
10  1 1015328 117820 155180 272584    0    0    51   880 22406 21592 37 32 27  4  0	
 0  1 1015328 123420 155584 272624    0    0    51   850 22734 22136 38 30 29  4  0	
