procs -----------memory---------- ---swap-- -----io---- --system-- -----cpu-----
 r  b   swpd   free   buff  cache   si   so    bi    bo   in   cs us sy id wa st
 5  0 859976 124700 201840 332016    0    0    28  1709    1    1  8  9 79  5  0	
 4  0 859976 121148 202156 332092    0    0    52  9289 22455 22381 42 35 20  2  0	
 6  1 859976 121512 202448 332136    0    0    51  9591 22722 21748 45 34 19  2  0	
 0  0 859976 120644 202760 332180    0    0    51  7876 22962 23233 41 32 23  3  0	
 2  0 859976 120412 203080 332232    0    0    51  6935 22736 22571 42 34 21  3  0	
 2  0 859976 120132 203400 332268    0    0    51 10626 22252 21967 43 34 21  2  0	
 4  0 859976 118108 203704 332312    0    0    51 10278 23083 23011 40 31 27  2  0	
 6  0 859976 115992 204020 332356    0    0    51 10415 22362 22262 41 35 22  3  0	
 5  0 859976 119032 204328 332396    0    0    51  5672 23157 23673 37 32 28  3  0	
 3  0 859976 118296 204668 332412    0    0    51   911 22717 23356 38 35 23  4  0	
 4  0 859976 118652 205004 332480    0    0    51   898 23167 23975 38 32 27  3  0	
 2  1 859976 118032 205356 332516    0    0    51   894 22926 23409 39 35 22  4  0	
 2  0 859976 117924 205712 332556    0    0    58   919 23328 24082 38 32 25  5  0	
 4  1 859976 117196 206048 332592    0    0    51   874 23001 23280 39 35 23  3  0	
 4  1 859976 117064 206384 332648    0    0    51  5508 22896 23035 42 31 24  3  0	
 3  0 859976 116072 206696 332684    0    0    51  9610 22659 22122 43 34 22  2  0	
 2  0 859976 115304 207004 332724    0    0    51 10627 23139 23569 37 30 30  3  0	
 3  1 859976 122168 197216 332604    0    0    52 10609 22533 22589 40 35 22  2  0	
 0  1 859976 126116 197532 332648    0    0    51 10571 22771 23292 39 31 27  3  0	
 5  0 859976 125232 197824 332696    0    0    51 10045 22643 22924 40 34 24  2  0	
 2  0 859976 125248 198108 332732    0    0    51 10624 22599 22965 41 33 24  3  0	
procs -----------memory---------- ---swap-- -----io---- --system-- -----cpu-----
 r  b   swpd   free   buff  cache   si   so    bi    bo   in   cs us sy id wa st
 3  2 859976 124472 198412 332768    0    0    51 10614 22500 22725 40 33 25  2  0	
12  0 859976 124256 198700 332816    0    0    51 10341 22706 22478 42 36 21  1  0	
 4  0 859976 120928 199012 332864    0    0    51 10630 23092 23227 39 32 27  2  0	
 2  0 859976 123992 199324 332900    0    0    51  8674 22632 22597 41 34 23  2  0	
 0  0 859976 122892 199648 332936    0    0    51 10328 22796 23213 39 31 26  3  0	
 1  0 859976 122984 199940 332984    0    0    51 10358 22326 22370 42 34 21  2  0	
 1  0 859976 122272 200264 333016    0    0    51  5584 22706 22586 40 31 26  3  0	
 3  0 859976 122240 200600 333052    0    0    51  2282 22609 22892 42 34 20  3  0	
 0  1 859976 121736 200908 333104    0    0    51  8502 22944 22388 41 31 25  3  0	
13  0 859976 117084 201216 333144    0    0    51 10062 22887 22080 42 31 25  2  0	
 1  0 859976 121372 201552 333188    0    0    51  3399 22615 23035 40 34 22  3  0	
 7  0 859976 120744 201864 333216    0    0    51  5092 23145 22935 39 30 27  3  0	
 5  0 859976 120232 202236 333264    0    0    51   892 22413 23156 41 36 21  3  0	
 5  0 859976 120528 202548 333300    0    0    51  9214 22952 22230 42 31 24  3  0	
 3  0 859976 119280 202844 333352    0    0    51 10322 22042 20835 46 36 16  3  0	
 5  0 859976 119296 203180 333388    0    0    51  4686 22823 23431 38 31 28  4  0	
13  1 859976 115480 203512 333428    0    0    51   910 22682 23042 39 35 23  3  0	
 7  0 859976 118800 203856 333468    0    0    51  4093 22979 23047 39 31 27  3  0	
 3  1 859976 118048 204216 333512    0    0    51  4876 22642 22693 40 33 24  3  0	
 3  0 859976 118404 204568 333552    0    0    51  6187 22340 21448 46 34 18  3  0	
 8  1 859976 115124 204876 333596    0    0    51 10024 22466 21865 42 30 25  2  0	
procs -----------memory---------- ---swap-- -----io---- --system-- -----cpu-----
 r  b   swpd   free   buff  cache   si   so    bi    bo   in   cs us sy id wa st
 0  0 859976 116924 205236 333632    0    0    51  2495 22528 23291 40 34 22  3  0	
 2  0 859976 115824 205580 333692    0    0    51   899 22714 23932 36 30 28  6  0	
 8  0 859976 126448 196452 332556    0    0    51   890 22556 23143 38 36 22  4  0	
 2  0 859976 125720 196800 332596    0    0    51   932 23141 24035 36 31 29  4  0	
 4  0 859976 125860 197140 332636    0    0    51   834 22903 23608 38 32 27  3  0	
 2  1 859976 125116 197456 332684    0    0    53  8067 22848 22490 41 32 24  3  0	
 3  1 859976 125364 197780 332724    0    0    51  9446 22883 22343 42 33 22  3  0	
 1  0 859976 124348 198100 332760    0    0    52  9054 22427 21736 42 32 22  3  0	
 1  0 859976 124380 198404 332804    0    0    51  7018 22453 21753 43 33 22  2  0	
 3  0 859976 123604 198760 332844    0    0    51 10244 22381 21284 45 32 21  3  0	
 3  0 859976 123704 199060 332900    0    0    51 10062 22565 21384 44 33 20  3  0	
 5  0 859976 119836 199416 333092    0    0    80  1874 22978 23842 37 31 29  3  0	
 2  0 859976 120672 199748 333112    0    0    51  8631 22671 21940 42 33 22  3  0	
 1  0 859976 122008 200056 333160    0    0    51 10428 22304 21812 43 33 23  2  0	
 1  0 859976 122636 200388 333192    0    0    51 10197 22700 22097 42 31 24  3  0	
 6  0 859976 119760 200712 333232    0    0    51 10230 22058 21204 44 35 20  2  0	
 2  0 859976 121884 201032 333296    0    0    51 10375 22521 21278 44 33 21  2  0	
 5  1 859976 120536 201340 333324    0    0    51  9793 22226 21418 44 34 20  2  0	
 2  0 859976 120612 201668 333372    0    0    51 10172 22764 22469 43 31 24  3  0	
 6  0 859976 120172 201984 333416    0    0    51 10241 22254 20886 45 35 17  2  0	
 3  1 859976 120048 202300 333456    0    0    51 10622 23021 22550 41 29 27  3  0	
procs -----------memory---------- ---swap-- -----io---- --system-- -----cpu-----
 r  b   swpd   free   buff  cache   si   so    bi    bo   in   cs us sy id wa st
 3  1 859976 119644 202620 333496    0    0    51 10270 22203 21386 44 35 20  2  0	
 2  0 859976 119428 202928 333528    0    0    51  9502 23131 23268 37 30 30  3  0	
12  0 859976 116464 203268 333580    0    0    51   925 22547 23347 39 33 24  4  0	
 1  1 859976 118940 203640 333616    0    0    51   881 22867 23707 37 31 27  5  0	
 1  0 859976 116652 203996 333668    0    0    51  1266 22743 23262 38 33 25  4  0	
 1  0 859976 118320 204340 333700    0    0    51   901 22801 23297 37 33 25  4  0	
 4  0 859976 117444 204700 333724    0    0    51   911 23184 24027 36 31 29  4  0	
 2  1 859976 117560 205032 333788    0    0    51   878 22433 22754 39 35 22  4  0	
 4  1 859976 116552 205388 333808    0    0    51  3398 23195 23680 37 31 28  5  0	
 6  0 859976 127088 196080 332996    0    0    51 10391 22208 21884 41 37 20  2  0	
 1  0 859976 126872 196152 333032    0    0     0 10287 22587 22840 38 30 29  4  0	
 2  2 859976 126980 196728 333084    0    0   102 10283 21972 22085 42 35 21  3  0	
 2  0 859976 125476 197056 333108    0    0    51 10358 22519 22699 39 31 27  3  0	
 4  0 859976 121584 197368 333152    0    0    58 10637 22257 22346 39 33 26  3  0	
 8  0 859976 125368 197668 333192    0    0    51 10624 22752 22881 39 31 27  3  0	
 1  1 859976 124872 197976 333224    0    0    51 10004 22943 23102 37 31 30  3  0	
 4  0 859976 123748 198276 333820    0    0   162 10576 22552 22308 41 35 22  2  0	
 5  0 859976 123392 198580 333868    0    0    51 10612 22850 22881 37 31 29  3  0	
 2  0 859976 122608 198896 333904    0    0    51 10426 22225 22052 41 34 23  2  0	
 0  1 859976 122896 199224 333952    0    0    51  8442 22593 22957 36 30 30  3  0	
 3  0 859976 120392 199600 333980    0    0    51   864 22681 23230 38 31 26  5  0	
procs -----------memory---------- ---swap-- -----io---- --system-- -----cpu-----
 r  b   swpd   free   buff  cache   si   so    bi    bo   in   cs us sy id wa st
 4  0 859976 122284 199960 334040    0    0    51   890 22972 23316 36 32 27  5  0	
 2  1 859976 121292 200328 334064    0    0    51   984 22732 23306 37 33 27  4  0	
 0  1 859976 121508 200704 334124    0    0    51   896 22615 23152 37 33 26  4  0	
 5  0 859976 120672 201068 334152    0    0    51   814 22568 23092 36 32 27  4  0	
 2  0 859976 120616 201448 334192    0    0    51   906 22534 23091 37 31 28  5  0	
 3  0 859976 116500 201812 334232    0    0    51   886 22537 22927 38 33 24  5  0	
 5  1 859976 119524 202184 334276    0    0    51   959 22840 23429 37 32 26  5  0	
 0  0 859976 118904 202488 334328    0    0    51  5007 22719 21839 41 28 26  5  0	
 0  0 859976 118936 202796 334360    0    0    51 10333 21955 20788 43 32 22  3  0	
 3  0 859976 128096 192872 334416    0    0    51 10082 22152 21539 41 33 23  2  0	
 3  0 859976 128360 193192 334440    0    0    51 10280 22143 21765 39 33 26  2  0	
 4  0 859976 127584 193512 334472    0    0    51 10328 22552 22255 41 30 26  3  0	
 4  0 859976 127848 193804 334516    0    0    51 10395 22035 20779 42 33 22  3  0	
 4  0 859976 124560 194108 334560    0    0    51 10617 22621 21625 42 31 25  3  0	
 3  1 859976 127120 194408 334604    0    0    51 10617 21946 20225 44 34 20  2  0	
 8  0 859976 126376 194716 334648    0    0    51 10255 22659 21962 41 29 27  3  0	
 1  0 859976 126436 195012 334684    0    0    51 10423 21964 20175 45 34 19  3  0	
 2  0 859976 125756 195308 334724    0    0    51 10618 22667 21520 40 30 28  3  0	
 7  1 859976 123248 195628 334764    0    0    51 10620 22012 20678 41 31 25  2  0	
 2  1 859976 124764 195968 334816    0    0    51  6058 22158 22143 38 32 27  3  0	
 2  0 859976 124856 196308 334852    0    0    51   888 22765 23118 36 31 29  5  0	
procs -----------memory---------- ---swap-- -----io---- --system-- -----cpu-----
 r  b   swpd   free   buff  cache   si   so    bi    bo   in   cs us sy id wa st
 1  1 859976 124236 196664 334896    0    0    51  1277 22320 22856 36 32 27  6  0	
 6  0 859976 122608 197024 334936    0    0    51   850 22574 23152 35 29 31  6  0	
 0  0 859976 123384 197364 334968    0    0    51   841 22018 22283 39 34 22  4  0	
 6  0 859976 123284 197692 335012    0    0    51   864 22890 23447 34 30 30  6  0	
 2  0 859976 122764 198032 335056    0    0    51   890 22654 22825 39 33 24  4  0	
 3  0 859976 122920 198356 335100    0    0    51   882 22455 22721 38 34 24  4  0	
 4  0 859976 121764 198712 335140    0    0    58   881 22353 22559 38 33 26  3  0	
 3  1 859976 122160 199080 335180    0    0    51   893 22859 23167 35 30 31  4  0	
 4  0 859976 117236 199412 335220    0    0    51   874 22744 23161 37 32 26  5  0	
 5  0 859976 121548 199748 335236    0    0    51   903 22846 23166 36 32 27  5  0	
 5  0 859976 120812 200104 335300    0    0    51   857 23022 23456 35 30 31  5  0	
 3  0 859976 120656 200468 335340    0    0    51   885 22324 22390 38 34 23  4  0	
 6  0 859976 119820 200828 335372    0    0    51   908 22990 23549 34 30 32  4  0	
 0  0 859976 119664 201168 335420    0    0    51   898 22352 22352 38 34 25  3  0	
 1  0 859976 119076 201500 335452    0    0    51   846 22864 23315 34 29 33  4  0	
 1  0 859976 117672 201864 335500    0    0    51   959 22382 22433 37 33 25  4  0	
 1  0 859976 118308 202172 335532    0    0    51  8938 22370 20370 43 31 22  4  0	
 2  2 859976 118332 202516 335592    0    0    51  7405 22060 20778 43 33 22  3  0	
 4  0 859976 117572 202856 335616    0    0    51  2801 22419 22207 41 31 23  5  0	
 3  0 859976 127244 192940 335668    0    0    51  8999 21756 20273 44 35 19  2  0	
 1  0 859976 126592 193260 335708    0    0    51  6924 22518 21694 42 30 25  3  0	
procs -----------memory---------- ---swap-- -----io---- --system-- -----cpu-----
 r  b   swpd   free   buff  cache   si   so    bi    bo   in   cs us sy id wa st
 8  0 859976 124056 193560 335748    0    0    51 10230 22530 20799 40 31 25  3  0	
 4  0 859976 125484 193872 335784    0    0    52 10197 22420 21259 42 33 24  2  0	
 3  0 859976 126112 194184 335828    0    0    51 10607 22126 20611 43 34 21  2  0	
 3  1 859976 125136 194496 335868    0    0    51  4797 22757 22898 36 33 27  4  0	
 3  0 859976 124872 194860 335916    0    0    51  1473 22935 22981 37 32 26  5  0	
 4  0 859976 124516 195160 335948    0    0    51  9574 22147 20304 46 32 20  3  0	
 1  0 859976 124748 195480 335996    0    0    51   903 22602 22936 36 32 28  4  0	
 4  1 859976 124004 195808 336028    0    0    51   894 22745 23023 36 33 27  4  0	
 4  0 859976 122640 196156 336084    0    0    51   895 22728 23003 36 32 29  3  0	
 6  0 859976 123036 196488 336140    0    0    52  4358 22425 21910 40 34 23  3  0	
 1  0 859976 123020 196816 336172    0    0    51 10350 22702 22336 37 30 30  2  0	
 3  0 859976 118748 197132 336212    0    0    51  9536 22321 21799 39 34 24  3  0	
 1  0 859976 122036 197428 336252    0    0    51  7788 22697 21804 40 31 26  3  0	
 0  1 859976 121408 197740 336288    0    0    51   862 22706 23107 35 31 30  4  0	
 3  2 859976 121532 198068 336328    0    0    51   904 22941 23240 37 32 28  3  0	
 4  0 859976 120904 198428 336376    0    0    51   901 22782 22962 36 31 29  3  0	
 1  0 859976 121176 198732 336408    0    0    51   902 22553 22629 37 34 27  3  0	
10  1 859976 118764 199100 336456    0    0    51   883 22723 23133 35 30 32  3  0	
 1  0 859976 120028 199440 336496    0    0    51   872 22632 22654 38 33 26  4  0	
 5  0 859976 117912 199808 336540    0    0    51   889 22922 23185 35 31 29  4  0	
 9  0 859976 119540 200164 336572    0    0    51   913 22382 22188 39 36 21  4  0	
procs -----------memory---------- ---swap-- -----io---- --system-- -----cpu-----
 r  b   swpd   free   buff  cache   si   so    bi    bo   in   cs us sy id wa st
 2  1 859976 118936 200488 336620    0    0    51  6002 22774 22358 39 30 27  4  0	
 2  2 859976 118440 200792 336648    0    0    51 10582 22170 21446 44 33 20  2  0	
 4  0 859976 117960 201096 336696    0    0    51 10202 22697 22087 40 30 27  3  0	
 6  0 859976 114336 201400 336744    0    0    51 10610 22258 21433 43 32 22  2  0	
 1  0 859976 117432 201712 336768    0    0    51 10618 22311 21883 39 32 27  2  0	
 8  0 859976 116136 202004 336816    0    0    51  8242 22537 22530 39 30 28  3  0	
 2  0 859976 116472 202308 336868    0    0    51  9983 22134 22065 40 33 24  3  0	
 1  1 859976 115976 202656 336900    0    0    51  4171 22775 23134 37 30 29  4  0	
 8  1 859976 125864 193096 336832    0    0    51 10416 21924 21523 44 34 20  2  0	
 4  0 859976 125648 193400 336872    0    0    51 10206 22869 22187 41 31 25  3  0	
 4  2 859976 124864 193792 336912    0    0    72 10734 22050 20864 45 34 19  2  0	
 4  0 859976 124912 194096 336952    0    0    51  9160 22804 23149 38 31 28  3  0	
 2  1 859976 124088 194460 336992    0    0    51   884 22021 21620 42 35 19  3  0	
 3  1 859976 124012 194804 337016    0    0    51   874 23169 23968 36 30 30  4  0	
 5  0 859976 117188 195188 337084    0    0    51   917 22692 22925 39 34 23  4  0	
 5  0 859976 123392 195516 337112    0    0    51   894 23006 23467 36 32 28  5  0	
 1  0 859976 122648 195856 337168    0    0    51   868 22613 22803 38 33 25  4  0	
 4  0 859976 123004 196224 337208    0    0    51  1624 22432 22132 39 34 23  4  0	
 4  0 859976 121904 196556 337244    0    0    51  9011 22959 21828 40 30 26  4  0	
 2  0 859976 121252 196864 337288    0    0    51 10826 22549 21901 41 34 23  2  0	
 1  1 859976 120880 197176 337340    0    0    51 10622 22955 22642 36 31 29  3  0	
procs -----------memory---------- ---swap-- -----io---- --system-- -----cpu-----
 r  b   swpd   free   buff  cache   si   so    bi    bo   in   cs us sy id wa st
 1  0 859976 120516 197484 337372    0    0    51 10579 22698 22127 41 35 22  2  0	
 1  1 859976 120052 197784 337408    0    0    51 10422 22919 22816 38 29 30  3  0	
 2  1 859976 119656 198104 337448    0    0    51 10245 22926 22610 41 32 24  3  0	
 8  0 859976 119408 198404 337496    0    0    51 10610 22532 22167 38 32 27  3  0	
 2  0 859976 119128 198708 337528    0    0    51 10368 22724 22463 39 32 26  3  0	
 4  0 859976 118788 199008 337576    0    0    51 10612 22639 22456 39 33 26  3  0	
 5  0 859976 118268 199308 337612    0    0    51  8484 23145 22993 35 30 31  3  0	
 3  0 859976 118168 199608 337636    0    0    51 10588 22244 21621 41 35 22  2  0	
 0  0 859976 118076 199908 337692    0    0    51 10083 23002 22640 37 29 31  3  0	
 5  0 859976 114260 200228 337728    0    0    51  6526 22398 22301 41 36 21  3  0	
 6  1 859976 117028 200544 337764    0    0    51  5781 23087 22009 40 30 26  5  0	
 2  3 859976 116836 200876 337820    0    0    51  4024 22775 21948 39 34 24  3  0	
 4  0 859976 116928 201192 337868    0    0    51 10070 22746 21586 41 31 25  3  0	
 1  0 859976 116588 201536 337912    0    0    51  6990 22113 21537 42 36 20  2  0	
 7  0 859976 115828 201864 337952    0    0    51  5974 22811 21764 41 32 24  3  0	
 1  0 859976 125516 192208 337776    0    0    51   886 22737 22957 38 34 25  4  0	
 2  0 859976 124996 192592 337820    0    0    51  4577 22795 21996 40 31 27  3  0	
 7  0 859976 120468 192900 337860    0    0    52 10321 22333 21303 40 33 24  3  0	
 2  2 859976 124484 193224 337888    0    0    51  9334 22963 22219 40 29 27  3  0	
 5  1 859976 123096 193568 337936    0    0    51   862 22721 22873 37 33 26  4  0	
 1  0 859976 124036 193960 337996    0    0    51   838 22853 23038 37 32 28  3  0	
procs -----------memory---------- ---swap-- -----io---- --system-- -----cpu-----
 r  b   swpd   free   buff  cache   si   so    bi    bo   in   cs us sy id wa st
 2  0 859976 123012 194328 338032    0    0    51  7484 22855 21658 40 32 24  4  0	
 1  0 859976 122920 194684 338080    0    0    51  2545 22689 22440 39 33 24  4  0	
 3  1 859976 122160 195008 338112    0    0    51 10143 22650 20426 44 32 20  4  0	
 2  1 859976 122292 195332 338156    0    0    51  6702 22449 21945 39 32 26  3  0	
 5  0 859976 121896 195720 338196    0    0    51   861 22606 22866 36 32 28  5  0	
 1  0 859976 121672 196068 338224    0    0    51   905 22260 22607 37 32 28  4  0	
 2  1 859976 120804 196452 338264    0    0    51   905 22575 22915 35 32 29  4  0	
 2  0 859976 120912 196768 338320    0    0    51   847 22568 22639 38 34 25  3  0	
 3  0 859976 119696 197096 338368    0    0    51  4851 22837 22547 37 30 29  4  0	
 6  0 859976 116452 197412 338400    0    0    51 10189 22054 21250 42 35 22  2  0	
 2  0 859976 119152 197716 338440    0    0    51  7845 22379 21104 41 31 26  2  0	
 1  0 859976 118492 198036 338472    0    0    51  8537 22859 21620 42 30 25  3  0	
 5  0 859976 117896 198344 338524    0    0    51  8909 22159 20957 43 33 21  3  0	
 3  0 859976 116912 198656 338552    0    0    51 10078 22714 20678 43 30 24  3  0	
 2  0 859976 117448 198964 338612    0    0    51  5297 22223 21763 40 34 24  3  0	
 2  0 859976 117448 199296 338636    0    0    51  5355 23078 22493 38 29 29  4  0	
 1  0 859976 117028 199632 338696    0    0    51 10566 21856 20576 42 35 20  3  0	
 1  0 859976 117076 199948 338736    0    0    51 10417 22649 22105 38 29 30  3  0	
 0  0 859976 126592 192224 336816    0    0    52 10310 21701 20619 44 35 19  2  0	
 2  0 859976 126376 192560 336856    0    0    51 10037 22603 21389 39 29 28  4  0	
 7  0 859976 117892 192884 336888    0    0    52  9175 21950 20521 43 33 21  2  0	
procs -----------memory---------- ---swap-- -----io---- --system-- -----cpu-----
 r  b   swpd   free   buff  cache   si   so    bi    bo   in   cs us sy id wa st
 3  0 859976 125748 193220 336940    0    0    51 10332 22203 20599 44 29 24  2  0	
 2  0 859976 124880 193584 336976    0    0    58 10435 22722 21738 40 29 27  4  0	
 0  0 859976 124848 193908 337020    0    0    51 10431 21829 20497 44 35 19  2  0	
 0  1 859976 124384 194240 337036    0    0    51 10329 23196 22751 37 29 31  3  0	
 1  2 859976 124220 194536 337092    0    0    51 10421 22151 20699 42 35 21  2  0	
 9  1 859976 123632 194868 337136    0    0    51  3505 22906 23451 34 28 35  3  0	
11  0 859976 119916 195236 337172    0    0    51   783 22081 22177 39 36 23  2  0	
 5  0 859976 122996 195600 337212    0    0    51   883 22696 23222 34 29 32  5  0	
 4  1 859976 122888 195944 337260    0    0    51  1307 22168 22341 37 32 27  4  0	
 1  0 859976 122252 196308 337304    0    0    51   848 22844 23154 36 31 28  4  0	
 3  1 859976 121896 196676 337324    0    0    51   927 22509 22707 36 33 27  4  0	
 2  0 859976 121376 197032 337368    0    0    51   901 22703 23020 36 31 30  3  0	
 5  1 859976 117856 197356 337408    0    0    51  9612 22507 22035 39 32 26  4  0	
 1  0 859976 120384 197676 337448    0    0    51 10360 22504 22059 38 32 26  3  0	
 6  0 859976 120672 197976 337504    0    0    51 10237 22704 22511 36 30 31  3  0	
 3  0 859976 119368 198284 337548    0    0    51 10414 22464 22235 40 31 26  3  0	
 3  1 859976 119360 198576 337580    0    0    51 10624 22195 22035 37 31 28  3  0	
 2  0 859976 118656 198868 337624    0    0    51 10562 22305 22313 39 31 27  3  0	
 0  0 859976 119028 199196 337672    0    0    51 10448 22358 22128 37 31 28  3  0	
 1  0 859976 118176 199524 337708    0    0    51 10229 22534 21816 39 33 25  2  0	
 6  0 859976 117788 199844 337748    0    0    51 10602 22305 21760 38 32 27  2  0	
procs -----------memory---------- ---swap-- -----io---- --system-- -----cpu-----
 r  b   swpd   free   buff  cache   si   so    bi    bo   in   cs us sy id wa st
 2  0 859976 117424 200148 337788    0    0    51 10560 22565 22132 39 33 26  2  0	
 1  0 859976 117680 200460 337832    0    0    51 10403 22527 22634 36 30 31  3  0	
 9  0 859976 115516 200776 337860    0    0    51  2071 22236 22038 39 34 25  3  0	
 4  0 859976 117324 201108 337896    0    0    51   789 22527 22786 35 30 31  3  0	
 6  0 859976 119024 189108 337056    0    0    65   923 22349 22566 36 30 30  4  0	
 1  1 859976 116644 189604 337188    0    0    90   897 22781 23499 38 32 26  4  0	
 2  1 859976 116260 190000 337352    0    0    82   892 22836 23361 35 30 31  4  0	
 7  0 859976 120376 190356 337412    0    0    58   922 22816 22889 36 33 28  3  0	
 3  0 859976 119468 190684 337456    0    0    51   906 22940 23240 35 31 30  4  0	
 1  0 859976 119904 191016 337492    0    0    51   886 22564 22832 36 32 28  4  0	
 1  0 859976 119028 191396 337536    0    0    53  2331 22583 22747 35 30 30  5  0	
 4  0 859976 118764 191744 337588    0    0    51 10678 21702 19927 46 35 17  3  0	
 3  0 859976 118408 192108 337624    0    0    51 10237 22415 21672 37 30 27  6  0	
 4  0 859976 118284 192416 337672    0    0    52 10274 22121 21441 39 34 25  2  0	
 1  0 859976 117680 192732 337708    0    0    51 10637 22695 22388 35 29 32  4  0	
 2  0 859976 127040 183672 337676    0    0    51 10314 21939 20049 45 34 20  2  0	
 4  1 859976 126576 183988 337712    0    0    51 10426 22646 21195 41 30 26  3  0	
 7  0 859976 123544 184288 337772    0    0    51 10580 22579 21164 41 30 26  3  0	
 3  1 859976 125864 184592 337796    0    0    51 10085 21863 21144 40 31 26  3  0	
 1  0 859976 126104 184908 337852    0    0    51 10818 22325 20575 42 30 24  4  0	
 3  0 859976 125336 185220 337896    0    0    51 10399 21274 19846 45 35 18  2  0	
procs -----------memory---------- ---swap-- -----io---- --system-- -----cpu-----
 r  b   swpd   free   buff  cache   si   so    bi    bo   in   cs us sy id wa st
 5  0 859976 125740 185516 337940    0    0    51 10578 22548 21036 40 29 28  3  0	
 2  0 859976 124600 185828 337988    0    0    51  8581 22368 21525 40 33 24  2  0	
 2  0 859976 124624 186184 338024    0    0    51   746 22680 23003 34 31 33  2  0	
 1  1 859976 124344 186516 338056    0    0    53  1073 22565 22468 37 34 27  2  0	
10  0 859976 124120 186868 338100    0    0    51   824 22940 23116 34 30 32  3  0	
 4  0 859976 123740 187208 338144    0    0    51   472 22396 22738 36 32 29  3  0	
 7  0 859976 123864 187552 338172    0    0    51   460 22470 22945 35 31 30  3  0	
 4  0 859976 121104 187928 338196    0    0    51   794 22541 22753 35 29 31  5  0	
 4  0 859976 123136 188328 338260    0    0    51   834 22414 22351 37 33 26  4  0	
 0  1 859976 122904 188728 338288    0    0    51   893 22992 23252 34 28 34  4  0	
 2  0 859976 121492 189128 338316    0    0    51   861 22282 22237 37 33 27  3  0	
 1  1 859976 121880 189528 338364    0    0    51   914 22857 23155 34 30 32  4  0	
