2015-11-19 16:44:34
cpu0 60.4%
cpu1 60.2%
	PDLSL1	26.4%
	PDLSI1	6.6%
	PDLSU1	62.8%
2015-11-19 16:45:35
cpu0 59.1%
cpu1 60.7%
	PDLSL1	26.3%
	PDLSI1	6.5%
	PDLSU1	63.5%
2015-11-19 16:46:35
cpu0 59.7%
cpu1 59.6%
	PDLSL1	26.2%
	PDLSI1	6.6%
	PDLSU1	62.4%
2015-11-19 16:47:36
cpu0 58.9%
cpu1 59.7%
	PDLSL1	26.3%
	PDLSI1	6.6%
	PDLSU1	61.4%
2015-11-19 16:48:37
cpu0 61%
cpu1 60.5%
	PDLSL1	26.6%
	PDLSI1	6.6%
	PDLSU1	63.4%
2015-11-19 16:49:38
cpu0 59.8%
cpu1 60.8%
	PDLSL1	26.5%
	PDLSI1	6.6%
	PDLSU1	62.8%
2015-11-19 16:50:38
cpu0 59.9%
cpu1 59%
	PDLSL1	26.5%
	PDLSI1	6.6%
	PDLSU1	62.1%
2015-11-19 16:51:39
cpu0 59%
cpu1 61.1%
	PDLSL1	26.6%
	PDLSI1	6.5%
	PDLSU1	62.4%
2015-11-19 16:52:40
cpu0 60.4%
cpu1 59.5%
	PDLSL1	26.5%
	PDLSI1	6.6%
	PDLSU1	62.4%
2015-11-19 16:53:41
cpu0 59.7%
cpu1 61.3%
	PDLSL1	26.4%
	PDLSI1	6.6%
	PDLSU1	63.2%
2015-11-19 16:54:42
cpu0 59.7%
cpu1 59.7%
	PDLSL1	26.4%
	PDLSI1	6.7%
	PDLSU1	62.0%
2015-11-19 16:55:42
cpu0 58.6%
cpu1 60.8%
	PDLSL1	26.4%
	PDLSI1	6.7%
	PDLSU1	62.8%
2015-11-19 16:56:43
cpu0 59.5%
cpu1 59.5%
	PDLSL1	26.7%
	PDLSI1	6.7%
	PDLSU1	61.4%
2015-11-19 16:57:44
cpu0 59.4%
cpu1 60.3%
	PDLSL1	26.4%
	PDLSI1	6.6%
	PDLSU1	62.3%
2015-11-19 16:58:45
cpu0 60.3%
cpu1 60.2%
	PDLSL1	26.3%
	PDLSI1	6.5%
	PDLSU1	62.6%
2015-11-19 16:59:45
cpu0 59%
cpu1 59.9%
	PDLSL1	26.4%
	PDLSI1	6.4%
	PDLSU1	62.7%
2015-11-19 17:00:46
cpu0 60.3%
cpu1 59.9%
	PDLSL1	26.5%
	PDLSI1	6.5%
	PDLSU1	62.5%
2015-11-19 17:01:47
cpu0 60%
cpu1 60.5%
	PDLSL1	26.6%
	PDLSI1	6.7%
	PDLSU1	62.6%
2015-11-19 17:02:48
cpu0 59.9%
cpu1 59.4%
	PDLSL1	26.5%
	PDLSI1	6.6%
	PDLSU1	61.8%
2015-11-19 17:03:49
cpu0 59.7%
cpu1 60.5%
	PDLSL1	26.5%
	PDLSI1	6.7%
	PDLSU1	62.4%
2015-11-19 17:04:50
cpu0 58.5%
cpu1 59%
	PDLSL1	26.3%
	PDLSI1	6.7%
	PDLSU1	61.3%
2015-11-19 17:05:50
cpu0 60.4%
cpu1 59.7%
	PDLSL1	26.4%
	PDLSI1	6.6%
	PDLSU1	62.7%
2015-11-19 17:06:51
cpu0 58.9%
cpu1 59.5%
	PDLSL1	26.5%
	PDLSI1	6.6%
	PDLSU1	61.0%
2015-11-19 17:07:52
cpu0 60.1%
cpu1 60%
	PDLSL1	26.2%
	PDLSI1	6.7%
	PDLSU1	62.9%
2015-11-19 17:08:53
cpu0 61%
cpu1 61.8%
	PDLSL1	28.7%
	PDLSI1	8.1%
	PDLSU1	62.0%
2015-11-19 17:09:53
cpu0 59.4%
cpu1 58.7%
	PDLSL1	26.1%
	PDLSI1	6.7%
	PDLSU1	61.1%
2015-11-19 17:10:54
cpu0 58.7%
cpu1 60.6%
	PDLSL1	26.3%
	PDLSI1	6.5%
	PDLSU1	62.0%
2015-11-19 17:11:55
cpu0 59.9%
cpu1 59.8%
	PDLSL1	26.3%
	PDLSI1	6.6%
	PDLSU1	62.6%
2015-11-19 17:12:56
cpu0 58.8%
cpu1 60.1%
	PDLSL1	26.3%
	PDLSI1	6.6%
	PDLSU1	61.5%
2015-11-19 17:13:57
cpu0 59.9%
cpu1 60.1%
	PDLSL1	26.3%
	PDLSI1	6.4%
	PDLSU1	63.3%
2015-11-19 17:14:58
cpu0 59.1%
cpu1 61.2%
	PDLSL1	26.5%
	PDLSI1	6.4%
	PDLSU1	62.6%
2015-11-19 17:15:58
cpu0 60.6%
cpu1 59.1%
	PDLSL1	26.5%
	PDLSI1	6.5%
	PDLSU1	62.3%
2015-11-19 17:16:59
cpu0 59.4%
cpu1 61.7%
	PDLSL1	26.6%
	PDLSI1	6.5%
	PDLSU1	63.2%
2015-11-19 17:18:00
cpu0 60.2%
cpu1 59%
	PDLSL1	26.8%
	PDLSI1	6.7%
	PDLSU1	61.9%
2015-11-19 17:19:01
cpu0 59%
cpu1 61.1%
	PDLSL1	26.7%
	PDLSI1	6.6%
	PDLSU1	62.2%
2015-11-19 17:20:02
cpu0 60.5%
cpu1 59.7%
	PDLSL1	26.7%
	PDLSI1	6.6%
	PDLSU1	62.2%
2015-11-19 17:21:02
cpu0 59.6%
cpu1 60.5%
	PDLSL1	26.6%
	PDLSI1	6.6%
	PDLSU1	62.3%
2015-11-19 17:22:03
cpu0 59.5%
cpu1 60%
	PDLSL1	26.6%
	PDLSI1	6.5%
	PDLSU1	62.1%
2015-11-19 17:23:04
cpu0 59.6%
cpu1 60%
	PDLSL1	26.6%
	PDLSI1	6.5%
	PDLSU1	62.7%
2015-11-19 17:24:05
cpu0 59.8%
cpu1 59.9%
	PDLSL1	26.7%
	PDLSI1	6.6%
	PDLSU1	61.5%
2015-11-19 17:25:06
cpu0 59.1%
cpu1 61.6%
	PDLSL1	26.7%
	PDLSI1	6.6%
	PDLSU1	62.7%
2015-11-19 17:26:06
cpu0 59.7%
cpu1 60.3%
	PDLSL1	26.7%
	PDLSI1	6.8%
	PDLSU1	62.1%
