2015-11-19 16:43:13
cpu0 51%
cpu1 52.3%
	OamACTL	0.6%
	OamCOMM	24.5%
	OamGLOAD	0.4%
	OamGSUITE	0.4%
2015-11-19 16:44:14
cpu0 35.8%
cpu1 37%
	OamACTL	0.5%
	OamCOMM	17.0%
	OamGLOAD	0.4%
	OamGSUITE	0.4%
2015-11-19 16:45:15
cpu0 34%
cpu1 35.4%
	OamACTL	0.5%
	OamCOMM	19.3%
	OamGLOAD	0.4%
	OamGSUITE	0.3%
2015-11-19 16:46:15
cpu0 34.4%
cpu1 36.3%
	OamACTL	0.5%
	OamCOMM	19.4%
	OamGLOAD	0.4%
	OamGSUITE	0.4%
2015-11-19 16:47:16
cpu0 35.4%
cpu1 37.1%
	OamACTL	0.6%
	OamCOMM	21.1%
	OamGLOAD	0.4%
	OamGSUITE	0.4%
2015-11-19 16:48:17
cpu0 40.2%
cpu1 41.7%
	OamACTL	0.7%
	OamCOMM	29.9%
	OamGLOAD	0.3%
	OamGSUITE	0.4%
2015-11-19 16:49:18
cpu0 40%
cpu1 40.7%
	OamACTL	0.9%
	OamCOMM	36.5%
	OamGLOAD	0.3%
	OamGSUITE	0.3%
2015-11-19 16:50:19
cpu0 40.7%
cpu1 42.7%
	OamACTL	0.8%
	OamCOMM	36.3%
	OamGLOAD	0.4%
	OamGSUITE	0.3%
2015-11-19 16:51:20
cpu0 42.8%
cpu1 46.3%
	OamACTL	0.9%
	OamCOMM	36.1%
	OamGLOAD	0.4%
	OamGSUITE	0.4%
2015-11-19 16:52:20
cpu0 44.4%
cpu1 46.6%
	OamACTL	0.9%
	OamCOMM	36.5%
	OamGLOAD	0.4%
	OamGSUITE	0.4%
2015-11-19 16:53:21
cpu0 43.1%
cpu1 44.7%
	OamACTL	0.9%
	OamCOMM	36.4%
	OamGLOAD	0.4%
	OamGSUITE	0.3%
2015-11-19 16:54:22
cpu0 41.9%
cpu1 43.1%
	OamACTL	0.9%
	OamCOMM	37.2%
	OamGLOAD	0.4%
	OamGSUITE	0.4%
2015-11-19 16:55:23
cpu0 44.4%
cpu1 46.8%
	OamACTL	0.9%
	OamCOMM	36.9%
	OamGLOAD	0.4%
	OamGSUITE	0.4%
2015-11-19 16:56:24
cpu0 44.7%
cpu1 45%
	OamACTL	0.8%
	OamCOMM	36.5%
	OamGLOAD	0.3%
	OamGSUITE	0.3%
2015-11-19 16:57:25
cpu0 45.6%
cpu1 46.1%
	OamACTL	0.9%
	OamCOMM	36.7%
	OamGLOAD	0.4%
	OamGSUITE	0.4%
2015-11-19 16:58:25
cpu0 42.3%
cpu1 42.4%
	OamACTL	0.9%
	OamCOMM	36.6%
	OamGLOAD	0.3%
	OamGSUITE	0.4%
2015-11-19 16:59:26
cpu0 39.7%
cpu1 39.8%
	OamACTL	0.8%
	OamCOMM	36.3%
	OamGLOAD	0.4%
	OamGSUITE	0.3%
2015-11-19 17:00:27
cpu0 51.4%
cpu1 51.2%
	OamACTL	0.9%
	OamCOMM	36.8%
	OamGLOAD	0.4%
	OamGSUITE	0.4%
2015-11-19 17:01:28
cpu0 44.6%
cpu1 45.2%
	OamACTL	0.9%
	OamCOMM	36.5%
	OamGLOAD	0.3%
	OamGSUITE	0.4%
2015-11-19 17:02:29
cpu0 44.3%
cpu1 45.5%
	OamACTL	0.9%
	OamCOMM	36.9%
	OamGLOAD	0.4%
	OamGSUITE	0.4%
2015-11-19 17:03:30
cpu0 42.8%
cpu1 42.6%
	OamACTL	0.9%
	OamCOMM	36.6%
	OamGLOAD	0.4%
	OamGSUITE	0.4%
2015-11-19 17:04:31
cpu0 44.2%
cpu1 45.3%
	OamACTL	0.9%
	OamCOMM	37.0%
	OamGLOAD	0.4%
	OamGSUITE	0.4%
2015-11-19 17:05:31
cpu0 44.5%
cpu1 46.9%
	OamACTL	0.9%
	OamCOMM	36.6%
	OamGLOAD	0.4%
	OamGSUITE	0.3%
2015-11-19 17:06:32
cpu0 44.5%
cpu1 45.7%
	OamACTL	0.9%
	OamCOMM	36.6%
	OamGLOAD	0.3%
	OamGSUITE	0.3%
2015-11-19 17:07:33
cpu0 44.1%
cpu1 44.9%
	OamACTL	0.9%
	OamCOMM	36.7%
	OamGLOAD	0.3%
	OamGSUITE	0.4%
2015-11-19 17:08:34
cpu0 33.6%
cpu1 35.4%
	OamACTL	0.6%
	OamCOMM	24.7%
	OamGLOAD	0.4%
	OamGSUITE	0.3%
2015-11-19 17:09:35
cpu0 39.4%
cpu1 40.6%
	OamACTL	0.7%
	OamCOMM	29.2%
	OamGLOAD	0.4%
	OamGSUITE	0.3%
2015-11-19 17:10:36
cpu0 40.3%
cpu1 41.6%
	OamACTL	0.7%
	OamCOMM	29.6%
	OamGLOAD	0.4%
	OamGSUITE	0.3%
2015-11-19 17:11:36
cpu0 40.6%
cpu1 41.5%
	OamACTL	0.7%
	OamCOMM	29.7%
	OamGLOAD	0.4%
	OamGSUITE	0.4%
2015-11-19 17:12:37
cpu0 38.2%
cpu1 39.5%
	OamACTL	0.7%
	OamCOMM	29.6%
	OamGLOAD	0.3%
	OamGSUITE	0.3%
2015-11-19 17:13:38
cpu0 39.8%
cpu1 41.6%
	OamACTL	0.7%
	OamCOMM	29.7%
	OamGLOAD	0.4%
	OamGSUITE	0.3%
2015-11-19 17:14:39
cpu0 39.6%
cpu1 41.7%
	OamACTL	0.7%
	OamCOMM	29.9%
	OamGLOAD	0.4%
	OamGSUITE	0.4%
2015-11-19 17:15:39
cpu0 42.3%
cpu1 44.4%
	OamACTL	0.7%
	OamCOMM	29.8%
	OamGLOAD	0.4%
	OamGSUITE	0.4%
2015-11-19 17:16:40
cpu0 39.5%
cpu1 40.6%
	OamACTL	0.7%
	OamCOMM	29.8%
	OamGLOAD	0.3%
	OamGSUITE	0.4%
2015-11-19 17:17:41
cpu0 36.7%
cpu1 38.2%
	OamACTL	0.7%
	OamCOMM	29.2%
	OamGLOAD	0.3%
	OamGSUITE	0.3%
2015-11-19 17:18:42
cpu0 36.2%
cpu1 38.3%
	OamACTL	0.7%
	OamCOMM	29.4%
	OamGLOAD	0.3%
	OamGSUITE	0.3%
2015-11-19 17:19:43
cpu0 41.2%
cpu1 41.4%
	OamACTL	0.7%
	OamCOMM	29.5%
	OamGLOAD	0.3%
	OamGSUITE	0.4%
2015-11-19 17:20:43
cpu0 41%
cpu1 41.8%
	OamACTL	0.7%
	OamCOMM	29.5%
	OamGLOAD	0.4%
	OamGSUITE	0.4%
2015-11-19 17:21:44
cpu0 39.1%
cpu1 40.2%
	OamACTL	0.7%
	OamCOMM	29.5%
	OamGLOAD	0.3%
	OamGSUITE	0.4%
2015-11-19 17:22:45
cpu0 39.1%
cpu1 40.2%
	OamACTL	0.7%
	OamCOMM	29.6%
	OamGLOAD	0.4%
	OamGSUITE	0.3%
2015-11-19 17:23:46
cpu0 39.8%
cpu1 41.6%
	OamACTL	0.7%
	OamCOMM	29.7%
	OamGLOAD	0.4%
	OamGSUITE	0.4%
2015-11-19 17:24:46
cpu0 39.9%
cpu1 41.4%
	OamACTL	0.7%
	OamCOMM	29.4%
	OamGLOAD	0.3%
	OamGSUITE	0.3%
2015-11-19 17:25:47
cpu0 40.8%
cpu1 42.4%
	OamACTL	0.7%
	OamCOMM	29.4%
	OamGLOAD	0.3%
	OamGSUITE	0.4%
