2015-11-19 16:43:29
cpu0 52.7%
cpu1 51.6%
	PDLSL1	26.3%
	PDLSI1	6.5%
	PDLSU1	59.6%
2015-11-19 16:44:30
cpu0 49.8%
cpu1 50.8%
	PDLSL1	26.3%
	PDLSI1	6.4%
	PDLSU1	58.8%
2015-11-19 16:45:31
cpu0 50.4%
cpu1 49.5%
	PDLSL1	26.4%
	PDLSI1	6.3%
	PDLSU1	58.6%
2015-11-19 16:46:31
cpu0 49.9%
cpu1 50.3%
	PDLSL1	26.4%
	PDLSI1	6.3%
	PDLSU1	59.7%
2015-11-19 16:47:32
cpu0 51.3%
cpu1 49.5%
	PDLSL1	26.2%
	PDLSI1	6.3%
	PDLSU1	59.2%
2015-11-19 16:48:33
cpu0 49.6%
cpu1 51.3%
	PDLSL1	26.5%
	PDLSI1	6.4%
	PDLSU1	59.2%
2015-11-19 16:49:34
cpu0 50.6%
cpu1 48.8%
	PDLSL1	26.2%
	PDLSI1	6.4%
	PDLSU1	58.3%
2015-11-19 16:50:34
cpu0 48.7%
cpu1 51.4%
	PDLSL1	26.5%
	PDLSI1	6.3%
	PDLSU1	59.7%
2015-11-19 16:51:35
cpu0 51.4%
cpu1 50%
	PDLSL1	26.5%
	PDLSI1	6.3%
	PDLSU1	59.7%
2015-11-19 16:52:36
cpu0 50.3%
cpu1 51%
	PDLSL1	26.5%
	PDLSI1	6.3%
	PDLSU1	59.5%
2015-11-19 16:53:36
cpu0 50.8%
cpu1 50.6%
	PDLSL1	26.4%
	PDLSI1	6.3%
	PDLSU1	60.2%
2015-11-19 16:54:37
cpu0 50.3%
cpu1 50.7%
	PDLSL1	26.1%
	PDLSI1	6.4%
	PDLSU1	59.9%
2015-11-19 16:55:38
cpu0 50.6%
cpu1 49.7%
	PDLSL1	26.3%
	PDLSI1	6.5%
	PDLSU1	59.8%
2015-11-19 16:56:39
cpu0 50.9%
cpu1 50.8%
	PDLSL1	26.5%
	PDLSI1	6.5%
	PDLSU1	60.0%
2015-11-19 16:57:39
cpu0 50.7%
cpu1 50%
	PDLSL1	26.2%
	PDLSI1	6.3%
	PDLSU1	59.4%
2015-11-19 16:58:40
cpu0 50%
cpu1 49.9%
	PDLSL1	26.3%
	PDLSI1	6.2%
	PDLSU1	58.7%
2015-11-19 16:59:41
cpu0 49.1%
cpu1 50%
	PDLSL1	26.2%
	PDLSI1	6.2%
	PDLSU1	59.0%
2015-11-19 17:00:42
cpu0 50%
cpu1 50.3%
	PDLSL1	26.4%
	PDLSI1	6.2%
	PDLSU1	59.4%
2015-11-19 17:01:42
cpu0 50.4%
cpu1 50.2%
	PDLSL1	26.3%
	PDLSI1	6.3%
	PDLSU1	59.1%
2015-11-19 17:02:43
cpu0 50.5%
cpu1 50.6%
	PDLSL1	26.4%
	PDLSI1	6.5%
	PDLSU1	59.3%
2015-11-19 17:03:44
cpu0 50.6%
cpu1 50.8%
	PDLSL1	26.5%
	PDLSI1	6.5%
	PDLSU1	59.8%
2015-11-19 17:04:44
cpu0 50.2%
cpu1 49.9%
	PDLSL1	26.2%
	PDLSI1	6.4%
	PDLSU1	59.9%
2015-11-19 17:05:45
cpu0 49.9%
cpu1 50.3%
	PDLSL1	26.3%
	PDLSI1	6.3%
	PDLSU1	58.8%
2015-11-19 17:06:46
cpu0 51.3%
cpu1 50.7%
	PDLSL1	26.7%
	PDLSI1	6.4%
	PDLSU1	60.3%
2015-11-19 17:07:47
cpu0 50.7%
cpu1 50.7%
	PDLSL1	26.4%
	PDLSI1	6.5%
	PDLSU1	59.5%
2015-11-19 17:08:47
cpu0 51.6%
cpu1 52.2%
	PDLSL1	28.8%
	PDLSI1	7.4%
	PDLSU1	59.5%
2015-11-19 17:09:48
cpu0 50.3%
cpu1 50.7%
	PDLSL1	26.4%
	PDLSI1	6.4%
	PDLSU1	59.7%
2015-11-19 17:10:49
cpu0 50.6%
cpu1 50%
	PDLSL1	26.2%
	PDLSI1	6.3%
	PDLSU1	59.1%
2015-11-19 17:11:50
cpu0 48.6%
cpu1 50%
	PDLSL1	26.1%
	PDLSI1	6.4%
	PDLSU1	57.6%
2015-11-19 17:12:51
cpu0 51.2%
cpu1 50.2%
	PDLSL1	26.2%
	PDLSI1	6.4%
	PDLSU1	59.7%
2015-11-19 17:13:52
cpu0 49.3%
cpu1 49.9%
	PDLSL1	26.5%
	PDLSI1	6.2%
	PDLSU1	58.6%
2015-11-19 17:14:53
cpu0 50.6%
cpu1 49.2%
	PDLSL1	26.3%
	PDLSI1	6.2%
	PDLSU1	58.8%
2015-11-19 17:15:54
cpu0 48.9%
cpu1 51.1%
	PDLSL1	26.1%
	PDLSI1	6.2%
	PDLSU1	58.3%
2015-11-19 17:16:55
cpu0 50.6%
cpu1 50%
	PDLSL1	26.1%
	PDLSI1	6.4%
	PDLSU1	59.7%
2015-11-19 17:17:56
cpu0 50.4%
cpu1 51.2%
	PDLSL1	26.2%
	PDLSI1	6.4%
	PDLSU1	59.9%
2015-11-19 17:18:57
cpu0 50.4%
cpu1 48.7%
	PDLSL1	26.1%
	PDLSI1	6.4%
	PDLSU1	58.8%
2015-11-19 17:19:57
cpu0 50.5%
cpu1 50.2%
	PDLSL1	26.2%
	PDLSI1	6.6%
	PDLSU1	59.3%
2015-11-19 17:20:58
cpu0 49.9%
cpu1 49.4%
	PDLSL1	26.2%
	PDLSI1	6.3%
	PDLSU1	57.8%
2015-11-19 17:21:59
cpu0 49.8%
cpu1 50.6%
	PDLSL1	26.5%
	PDLSI1	6.3%
	PDLSU1	58.8%
2015-11-19 17:23:00
cpu0 51.4%
cpu1 50.5%
	PDLSL1	26.5%
	PDLSI1	6.3%
	PDLSU1	60.0%
2015-11-19 17:24:00
cpu0 49.9%
cpu1 49.7%
	PDLSL1	26.5%
	PDLSI1	6.4%
	PDLSU1	58.8%
2015-11-19 17:25:01
cpu0 50.4%
cpu1 50%
	PDLSL1	26.5%
	PDLSI1	6.4%
	PDLSU1	58.7%
2015-11-19 17:26:02
cpu0 50.8%
cpu1 50.8%
	PDLSL1	26.5%
	PDLSI1	6.6%
	PDLSU1	59.7%
