2015-11-19 16:44:41
cpu0 56.7%
cpu1 55.9%
	PDLSL1	26.3%
	PDLSI1	6.4%
	PDLSU1	60.3%
2015-11-19 16:45:42
cpu0 56%
cpu1 57.3%
	PDLSL1	26.3%
	PDLSI1	6.4%
	PDLSU1	60.6%
2015-11-19 16:46:42
cpu0 56%
cpu1 56.5%
	PDLSL1	26.1%
	PDLSI1	6.5%
	PDLSU1	60.8%
2015-11-19 16:47:43
cpu0 57.1%
cpu1 56.5%
	PDLSL1	26.3%
	PDLSI1	6.4%
	PDLSU1	61.0%
2015-11-19 16:48:44
cpu0 57.5%
cpu1 58.3%
	PDLSL1	26.2%
	PDLSI1	6.5%
	PDLSU1	62.4%
2015-11-19 16:49:45
cpu0 56.9%
cpu1 57%
	PDLSL1	26.1%
	PDLSI1	6.5%
	PDLSU1	61.4%
2015-11-19 16:50:46
cpu0 56.2%
cpu1 56.9%
	PDLSL1	26.1%
	PDLSI1	6.4%
	PDLSU1	61.6%
2015-11-19 16:51:46
cpu0 57%
cpu1 57.6%
	PDLSL1	26.3%
	PDLSI1	6.5%
	PDLSU1	61.9%
2015-11-19 16:52:47
cpu0 56.3%
cpu1 57.2%
	PDLSL1	26.3%
	PDLSI1	6.6%
	PDLSU1	60.4%
2015-11-19 16:53:48
cpu0 57%
cpu1 57.6%
	PDLSL1	26.3%
	PDLSI1	6.6%
	PDLSU1	61.4%
2015-11-19 16:54:49
cpu0 56.9%
cpu1 56.9%
	PDLSL1	26.3%
	PDLSI1	6.6%
	PDLSU1	61.0%
2015-11-19 16:55:50
cpu0 56.5%
cpu1 57.1%
	PDLSL1	26.0%
	PDLSI1	6.7%
	PDLSU1	61.8%
2015-11-19 16:56:51
cpu0 56.9%
cpu1 57%
	PDLSL1	26.1%
	PDLSI1	6.6%
	PDLSU1	60.9%
2015-11-19 16:57:51
cpu0 57%
cpu1 57.4%
	PDLSL1	26.3%
	PDLSI1	6.4%
	PDLSU1	61.6%
2015-11-19 16:58:52
cpu0 56%
cpu1 57.5%
	PDLSL1	26.5%
	PDLSI1	6.4%
	PDLSU1	60.5%
2015-11-19 16:59:53
cpu0 56.9%
cpu1 56.9%
	PDLSL1	26.4%
	PDLSI1	6.4%
	PDLSU1	61.2%
2015-11-19 17:00:54
cpu0 56.4%
cpu1 57.3%
	PDLSL1	26.5%
	PDLSI1	6.4%
	PDLSU1	61.4%
2015-11-19 17:01:55
cpu0 56.7%
cpu1 56.9%
	PDLSL1	26.4%
	PDLSI1	6.4%
	PDLSU1	60.7%
2015-11-19 17:02:56
cpu0 56.6%
cpu1 57.9%
	PDLSL1	26.7%
	PDLSI1	6.6%
	PDLSU1	61.2%
2015-11-19 17:03:57
cpu0 57.3%
cpu1 57.7%
	PDLSL1	26.2%
	PDLSI1	6.7%
	PDLSU1	61.7%
2015-11-19 17:04:58
cpu0 56.4%
cpu1 57.2%
	PDLSL1	26.2%
	PDLSI1	6.6%
	PDLSU1	61.7%
2015-11-19 17:05:59
cpu0 57.6%
cpu1 57.7%
	PDLSL1	26.2%
	PDLSI1	6.5%
	PDLSU1	62.1%
2015-11-19 17:06:59
cpu0 56.8%
cpu1 57.5%
	PDLSL1	26.3%
	PDLSI1	6.4%
	PDLSU1	61.5%
2015-11-19 17:08:00
cpu0 57.4%
cpu1 57.4%
	PDLSL1	26.2%
	PDLSI1	7.2%
	PDLSU1	61.0%
2015-11-19 17:09:01
cpu0 58.4%
cpu1 59.1%
	PDLSL1	28.1%
	PDLSI1	6.5%
	PDLSU1	61.9%
2015-11-19 17:10:02
cpu0 58%
cpu1 56.8%
	PDLSL1	26.7%
	PDLSI1	6.7%
	PDLSU1	62.1%
2015-11-19 17:11:03
cpu0 57.4%
cpu1 57.5%
	PDLSL1	26.4%
	PDLSI1	6.6%
	PDLSU1	61.5%
2015-11-19 17:12:03
cpu0 56.7%
cpu1 57.6%
	PDLSL1	26.6%
	PDLSI1	6.6%
	PDLSU1	61.1%
2015-11-19 17:13:04
cpu0 56.7%
cpu1 57.6%
	PDLSL1	26.5%
	PDLSI1	6.6%
	PDLSU1	61.0%
2015-11-19 17:14:05
cpu0 56.9%
cpu1 56.4%
	PDLSL1	26.5%
	PDLSI1	6.4%
	PDLSU1	60.8%
2015-11-19 17:15:06
cpu0 56.7%
cpu1 56.9%
	PDLSL1	26.4%
	PDLSI1	6.3%
	PDLSU1	60.6%
2015-11-19 17:16:07
cpu0 57.7%
cpu1 58.2%
	PDLSL1	26.6%
	PDLSI1	6.5%
	PDLSU1	62.4%
2015-11-19 17:17:08
cpu0 57%
cpu1 56.9%
	PDLSL1	26.5%
	PDLSI1	6.6%
	PDLSU1	60.6%
2015-11-19 17:18:08
cpu0 56.9%
cpu1 57.9%
	PDLSL1	26.6%
	PDLSI1	6.6%
	PDLSU1	61.2%
2015-11-19 17:19:10
cpu0 57.3%
cpu1 57.6%
	PDLSL1	26.5%
	PDLSI1	6.6%
	PDLSU1	61.9%
2015-11-19 17:20:10
cpu0 56.7%
cpu1 57.8%
	PDLSL1	26.5%
	PDLSI1	6.6%
	PDLSU1	61.0%
2015-11-19 17:21:11
cpu0 57.9%
cpu1 57.9%
	PDLSL1	26.8%
	PDLSI1	6.6%
	PDLSU1	62.0%
2015-11-19 17:22:12
cpu0 56.4%
cpu1 57.8%
	PDLSL1	26.6%
	PDLSI1	6.4%
	PDLSU1	60.9%
2015-11-19 17:23:13
cpu0 57.8%
cpu1 56.6%
	PDLSL1	26.7%
	PDLSI1	6.5%
	PDLSU1	61.0%
2015-11-19 17:24:14
cpu0 55.9%
cpu1 58%
	PDLSL1	26.8%
	PDLSI1	6.6%
	PDLSU1	60.8%
2015-11-19 17:25:14
cpu0 57.6%
cpu1 57.4%
	PDLSL1	26.6%
	PDLSI1	6.7%
	PDLSU1	61.4%
2015-11-19 17:26:15
cpu0 56.8%
cpu1 58.4%
	PDLSL1	26.8%
	PDLSI1	6.7%
	PDLSU1	61.4%
