2015-11-19 16:44:10
cpu0 50.2%
cpu1 50.4%
	PDLSL1	26.1%
	PDLSI1	6.4%
	PDLSU1	59.1%
2015-11-19 16:45:11
cpu0 49.7%
cpu1 50.3%
	PDLSL1	25.9%
	PDLSI1	6.3%
	PDLSU1	59.4%
2015-11-19 16:46:11
cpu0 50.1%
cpu1 50.1%
	PDLSL1	26.3%
	PDLSI1	6.3%
	PDLSU1	59.4%
2015-11-19 16:47:12
cpu0 50%
cpu1 50.1%
	PDLSL1	25.8%
	PDLSI1	6.3%
	PDLSU1	59.6%
2015-11-19 16:48:13
cpu0 49.7%
cpu1 50.2%
	PDLSL1	25.9%
	PDLSI1	6.2%
	PDLSU1	59.0%
2015-11-19 16:49:14
cpu0 49.1%
cpu1 49.3%
	Warning: PDLSL1 include 2 instances. cpu for PDLSL1 would not send to ganglia
	cpus_p
	PDLSI1	6.3%
	PDLSU1	58.7%
2015-11-19 16:50:15
cpu0 49.1%
cpu1 49.8%
	PDLSL1	26.0%
	PDLSI1	6.4%
	PDLSU1	58.2%
2015-11-19 16:51:15
cpu0 49.4%
cpu1 50.3%
	PDLSL1	26.2%
	PDLSI1	6.4%
	PDLSU1	58.7%
2015-11-19 16:52:16
cpu0 49.8%
cpu1 49.8%
	PDLSL1	26.0%
	PDLSI1	6.3%
	PDLSU1	59.2%
2015-11-19 16:53:17
cpu0 49.7%
cpu1 51.1%
	PDLSL1	26.1%
	PDLSI1	6.3%
	PDLSU1	59.6%
2015-11-19 16:54:18
cpu0 49.3%
cpu1 49.9%
	PDLSL1	26.3%
	PDLSI1	6.4%
	PDLSU1	59.3%
2015-11-19 16:55:19
cpu0 50.1%
cpu1 50%
	PDLSL1	26.1%
	PDLSI1	6.5%
	PDLSU1	59.1%
2015-11-19 16:56:20
cpu0 49.5%
cpu1 50.1%
	PDLSL1	26.1%
	PDLSI1	6.5%
	PDLSU1	58.9%
2015-11-19 16:57:20
cpu0 48.9%
cpu1 48.9%
	PDLSL1	25.7%
	PDLSI1	6.3%
	PDLSU1	57.7%
2015-11-19 16:58:21
cpu0 49.7%
cpu1 49.9%
	PDLSL1	25.8%
	PDLSI1	6.2%
	PDLSU1	59.6%
2015-11-19 16:59:22
cpu0 50.4%
cpu1 49.5%
	PDLSL1	25.9%
	PDLSI1	6.2%
	PDLSU1	59.7%
2015-11-19 17:00:23
cpu0 49.1%
cpu1 50.3%
	PDLSL1	25.9%
	PDLSI1	6.1%
	PDLSU1	58.9%
2015-11-19 17:01:24
cpu0 49.7%
cpu1 49.3%
	Warning: PDLSL1 include 2 instances. cpu for PDLSL1 would not send to ganglia
	cpus_p
	PDLSI1	6.2%
	PDLSU1	58.8%
2015-11-19 17:02:25
cpu0 48.3%
cpu1 49.8%
	PDLSL1	25.9%
	PDLSI1	6.4%
	PDLSU1	58.6%
2015-11-19 17:03:26
cpu0 50.1%
cpu1 49.4%
	PDLSL1	26.2%
	PDLSI1	6.4%
	PDLSU1	58.9%
2015-11-19 17:04:27
cpu0 48.7%
cpu1 50.6%
	PDLSL1	26.1%
	PDLSI1	6.3%
	PDLSU1	58.5%
2015-11-19 17:05:27
cpu0 49.9%
cpu1 49.1%
	PDLSL1	25.9%
	PDLSI1	6.3%
	PDLSU1	58.5%
2015-11-19 17:06:28
cpu0 48.9%
cpu1 50.1%
	PDLSL1	26.1%
	PDLSI1	6.2%
	PDLSU1	58.5%
2015-11-19 17:07:29
cpu0 49.1%
cpu1 48.5%
	PDLSL1	26.0%
	PDLSI1	6.3%
	PDLSU1	58.0%
2015-11-19 17:08:30
cpu0 50.7%
cpu1 51.9%
	PDLSL1	27.1%
	PDLSI1	7.1%
	PDLSU1	59.6%
2015-11-19 17:09:30
cpu0 50.4%
cpu1 49.9%
	PDLSL1	27.2%
	PDLSI1	6.4%
	PDLSU1	58.4%
2015-11-19 17:10:31
cpu0 48.9%
cpu1 50.2%
	PDLSL1	26.1%
	PDLSI1	6.4%
	PDLSU1	58.3%
2015-11-19 17:11:32
cpu0 49.4%
cpu1 50.1%
	PDLSL1	25.9%
	PDLSI1	6.4%
	PDLSU1	59.2%
2015-11-19 17:12:33
cpu0 48.7%
cpu1 49.6%
	PDLSL1	26.0%
	PDLSI1	6.4%
	PDLSU1	58.8%
2015-11-19 17:13:34
cpu0 48.9%
cpu1 49.3%
	PDLSL1	25.9%
	PDLSI1	6.3%
	PDLSU1	57.6%
2015-11-19 17:14:35
cpu0 49%
cpu1 48.4%
	PDLSL1	25.9%
	PDLSI1	6.1%
	PDLSU1	57.5%
2015-11-19 17:15:36
cpu0 49.3%
cpu1 49.7%
	PDLSL1	25.8%
	PDLSI1	6.3%
	PDLSU1	58.8%
2015-11-19 17:16:37
cpu0 49.4%
cpu1 48.9%
	PDLSL1	25.7%
	PDLSI1	6.2%
	PDLSU1	58.4%
2015-11-19 17:17:37
cpu0 49.1%
cpu1 49.5%
	PDLSL1	25.7%
	PDLSI1	6.3%
	PDLSU1	58.5%
2015-11-19 17:18:38
cpu0 50.6%
cpu1 49.8%
	Warning: PDLSL1 include 2 instances. cpu for PDLSL1 would not send to ganglia
	cpus_p
	PDLSI1	6.3%
	PDLSU1	59.0%
2015-11-19 17:19:39
cpu0 49.4%
cpu1 49.6%
	PDLSL1	25.8%
	PDLSI1	6.4%
	PDLSU1	58.4%
2015-11-19 17:20:40
cpu0 49.8%
cpu1 49.6%
	PDLSL1	26.2%
	PDLSI1	6.4%
	PDLSU1	58.6%
2015-11-19 17:21:41
cpu0 48.8%
cpu1 50%
	PDLSL1	25.9%
	PDLSI1	6.3%
	PDLSU1	58.8%
2015-11-19 17:22:41
cpu0 49.2%
cpu1 49.6%
	PDLSL1	26.3%
	PDLSI1	6.3%
	PDLSU1	58.2%
2015-11-19 17:23:42
cpu0 49.5%
cpu1 50.7%
	PDLSL1	26.3%
	PDLSI1	6.3%
	PDLSU1	58.9%
2015-11-19 17:24:43
cpu0 49.9%
cpu1 50%
	PDLSL1	26.4%
	PDLSI1	6.3%
	PDLSU1	58.8%
2015-11-19 17:25:44
cpu0 49.5%
cpu1 50.1%
	PDLSL1	26.3%
	PDLSI1	6.5%
	PDLSU1	58.7%
2015-11-19 17:26:45
cpu0 48.6%
cpu1 49.2%
	PDLSL1	26.1%
	PDLSI1	6.6%
	PDLSU1	58.0%
