2015-11-19 16:43:38
cpu0 48.4%
cpu1 48.5%
	PDLSL1	23.2%
	PDLSI1	5.7%
	PDLSU1	56.0%
2015-11-19 16:44:39
cpu0 46.2%
cpu1 44.9%
	PDLSL1	22.9%
	PDLSI1	5.6%
	PDLSU1	54.3%
2015-11-19 16:45:39
cpu0 45.5%
cpu1 46%
	PDLSL1	22.9%
	PDLSI1	5.6%
	PDLSU1	54.5%
2015-11-19 16:46:40
cpu0 46.2%
cpu1 45.1%
	PDLSL1	23.1%
	PDLSI1	5.6%
	PDLSU1	55.0%
2015-11-19 16:47:41
cpu0 46%
cpu1 46.9%
	PDLSL1	23.1%
	PDLSI1	5.7%
	PDLSU1	55.2%
2015-11-19 16:48:41
cpu0 46.1%
cpu1 46%
	PDLSL1	23.2%
	PDLSI1	5.7%
	PDLSU1	54.6%
2015-11-19 16:49:42
cpu0 45.1%
cpu1 45.7%
	PDLSL1	23.1%
	PDLSI1	5.6%
	PDLSU1	53.7%
2015-11-19 16:50:43
cpu0 46.7%
cpu1 45.7%
	PDLSL1	23.3%
	PDLSI1	5.6%
	PDLSU1	55.2%
2015-11-19 16:51:44
cpu0 45.7%
cpu1 46.5%
	PDLSL1	23.2%
	PDLSI1	5.6%
	PDLSU1	55.5%
2015-11-19 16:52:44
cpu0 46.5%
cpu1 45.5%
	PDLSL1	23.3%
	PDLSI1	5.6%
	PDLSU1	54.2%
2015-11-19 16:53:45
cpu0 45.4%
cpu1 47.2%
	PDLSL1	23.1%
	PDLSI1	5.6%
	PDLSU1	55.5%
2015-11-19 16:54:46
cpu0 47.2%
cpu1 45.3%
	PDLSL1	23.1%
	PDLSI1	5.7%
	PDLSU1	55.2%
2015-11-19 16:55:47
cpu0 45.8%
cpu1 45.3%
	PDLSL1	23.0%
	PDLSI1	5.7%
	PDLSU1	54.8%
2015-11-19 16:56:47
cpu0 46.6%
cpu1 46.5%
	PDLSL1	23.2%
	PDLSI1	5.8%
	PDLSU1	55.8%
2015-11-19 16:57:48
cpu0 46.5%
cpu1 47%
	PDLSL1	23.0%
	PDLSI1	5.6%
	PDLSU1	56.0%
2015-11-19 16:58:49
cpu0 46.8%
cpu1 46.1%
	PDLSL1	22.9%
	PDLSI1	5.5%
	PDLSU1	55.9%
2015-11-19 16:59:49
cpu0 45.9%
cpu1 46.3%
	PDLSL1	23.0%
	PDLSI1	5.5%
	PDLSU1	55.2%
2015-11-19 17:00:50
cpu0 45.5%
cpu1 44.5%
	PDLSL1	22.9%
	PDLSI1	5.5%
	PDLSU1	53.7%
2015-11-19 17:01:51
cpu0 45.7%
cpu1 46.2%
	PDLSL1	23.0%
	PDLSI1	5.6%
	PDLSU1	54.8%
2015-11-19 17:02:52
cpu0 47%
cpu1 46.6%
	PDLSL1	23.0%
	PDLSI1	5.7%
	PDLSU1	56.0%
2015-11-19 17:03:52
cpu0 45.7%
cpu1 46.4%
	PDLSL1	23.1%
	PDLSI1	5.7%
	PDLSU1	54.8%
2015-11-19 17:04:53
cpu0 46.8%
cpu1 47.1%
	PDLSL1	23.1%
	PDLSI1	5.7%
	PDLSU1	55.7%
2015-11-19 17:05:54
cpu0 46.6%
cpu1 45.7%
	PDLSL1	23.1%
	PDLSI1	5.6%
	PDLSU1	55.5%
2015-11-19 17:06:55
cpu0 45.8%
cpu1 45.9%
	PDLSL1	23.0%
	PDLSI1	5.5%
	PDLSU1	54.7%
2015-11-19 17:07:55
cpu0 47.1%
cpu1 46.5%
	PDLSL1	23.1%
	PDLSI1	5.9%
	PDLSU1	55.7%
2015-11-19 17:08:56
cpu0 47.5%
cpu1 48.5%
	PDLSL1	25.4%
	PDLSI1	5.8%
	PDLSU1	56.0%
2015-11-19 17:09:57
cpu0 45.3%
cpu1 44.7%
	PDLSL1	23.0%
	PDLSI1	5.7%
	PDLSU1	53.7%
2015-11-19 17:10:58
cpu0 45.5%
cpu1 45.5%
	PDLSL1	22.9%
	PDLSI1	5.7%
	PDLSU1	54.1%
2015-11-19 17:11:58
cpu0 45.9%
cpu1 46%
	PDLSL1	23.1%
	PDLSI1	5.7%
	PDLSU1	54.4%
2015-11-19 17:12:59
cpu0 45.9%
cpu1 47.2%
	PDLSL1	23.2%
	PDLSI1	5.6%
	PDLSU1	55.4%
2015-11-19 17:14:00
cpu0 45.4%
cpu1 45.4%
	PDLSL1	23.1%
	PDLSI1	5.5%
	PDLSU1	53.9%
2015-11-19 17:15:00
cpu0 45.1%
cpu1 45.7%
	PDLSL1	23.0%
	PDLSI1	5.5%
	PDLSU1	54.6%
2015-11-19 17:16:01
cpu0 46.3%
cpu1 45.2%
	PDLSL1	23.2%
	PDLSI1	5.6%
	PDLSU1	54.2%
2015-11-19 17:17:02
cpu0 44.7%
cpu1 46.1%
	PDLSL1	23.2%
	PDLSI1	5.5%
	PDLSU1	53.9%
2015-11-19 17:18:03
cpu0 47.2%
cpu1 46.1%
	PDLSL1	23.5%
	PDLSI1	5.7%
	PDLSU1	55.4%
2015-11-19 17:19:03
cpu0 45%
cpu1 45.7%
	PDLSL1	23.2%
	PDLSI1	5.6%
	PDLSU1	54.2%
2015-11-19 17:20:04
cpu0 46.8%
cpu1 45.5%
	PDLSL1	23.2%
	PDLSI1	5.7%
	PDLSU1	54.6%
2015-11-19 17:21:05
cpu0 46.1%
cpu1 46.1%
	PDLSL1	23.1%
	PDLSI1	5.7%
	PDLSU1	54.9%
2015-11-19 17:22:06
cpu0 46.2%
cpu1 44.8%
	PDLSL1	23.1%
	PDLSI1	5.6%
	PDLSU1	53.8%
2015-11-19 17:23:06
cpu0 45.5%
cpu1 46%
	PDLSL1	23.0%
	PDLSI1	5.5%
	PDLSU1	54.2%
2015-11-19 17:24:07
cpu0 45.9%
cpu1 45.6%
	PDLSL1	23.0%
	PDLSI1	5.7%
	PDLSU1	55.2%
2015-11-19 17:25:08
cpu0 45.5%
cpu1 46.1%
	PDLSL1	23.2%
	PDLSI1	5.8%
	PDLSU1	54.2%
2015-11-19 17:26:08
cpu0 46.6%
cpu1 46%
	PDLSL1	23.2%
	PDLSI1	5.8%
	PDLSU1	55.1%
