2015-11-19 16:43:46
cpu0 50.8%
cpu1 51.5%
	PDLSL1	25.9%
	PDLSI1	6.4%
	PDLSU1	59.1%
2015-11-19 16:44:46
cpu0 50.2%
cpu1 49.4%
	PDLSL1	25.7%
	PDLSI1	6.3%
	PDLSU1	59.6%
2015-11-19 16:45:47
cpu0 49.7%
cpu1 50.1%
	PDLSL1	25.8%
	PDLSI1	6.3%
	PDLSU1	59.3%
2015-11-19 16:46:48
cpu0 49.3%
cpu1 49.5%
	PDLSL1	25.9%
	PDLSI1	6.4%
	PDLSU1	58.6%
2015-11-19 16:47:49
cpu0 48.8%
cpu1 50.4%
	PDLSL1	25.7%
	PDLSI1	6.4%
	PDLSU1	59.3%
2015-11-19 16:48:50
cpu0 49.8%
cpu1 49.4%
	PDLSL1	25.8%
	PDLSI1	6.3%
	PDLSU1	59.0%
2015-11-19 16:49:50
cpu0 49.8%
cpu1 50.3%
	PDLSL1	25.7%
	PDLSI1	6.4%
	PDLSU1	59.9%
2015-11-19 16:50:51
cpu0 49.9%
cpu1 49.1%
	PDLSL1	25.8%
	PDLSI1	6.3%
	PDLSU1	58.8%
2015-11-19 16:51:52
cpu0 48.8%
cpu1 49.9%
	PDLSL1	25.8%
	PDLSI1	6.3%
	PDLSU1	59.4%
2015-11-19 16:52:53
cpu0 50.1%
cpu1 49.5%
	PDLSL1	25.6%
	PDLSI1	6.3%
	PDLSU1	59.3%
2015-11-19 16:53:54
cpu0 48.6%
cpu1 50.4%
	PDLSL1	25.8%
	PDLSI1	6.5%
	PDLSU1	58.8%
2015-11-19 16:54:54
cpu0 49.8%
cpu1 49.9%
	PDLSL1	25.7%
	PDLSI1	6.5%
	PDLSU1	59.1%
2015-11-19 16:55:55
cpu0 49%
cpu1 50.4%
	PDLSL1	25.9%
	PDLSI1	6.4%
	PDLSU1	58.9%
2015-11-19 16:56:56
cpu0 48.6%
cpu1 49.2%
	PDLSL1	25.3%
	PDLSI1	6.4%
	PDLSU1	58.8%
2015-11-19 16:57:57
cpu0 49%
cpu1 49.9%
	PDLSL1	25.9%
	PDLSI1	6.4%
	PDLSU1	58.0%
2015-11-19 16:58:58
cpu0 49.5%
cpu1 49.2%
	PDLSL1	25.8%
	PDLSI1	6.2%
	PDLSU1	58.6%
2015-11-19 16:59:58
cpu0 48.6%
cpu1 49.5%
	PDLSL1	25.7%
	PDLSI1	6.2%
	PDLSU1	58.1%
2015-11-19 17:00:59
cpu0 50.2%
cpu1 49.5%
	PDLSL1	25.4%
	PDLSI1	6.4%
	PDLSU1	60.2%
2015-11-19 17:02:00
cpu0 49.6%
cpu1 49.9%
	PDLSL1	25.6%
	PDLSI1	6.4%
	PDLSU1	59.5%
2015-11-19 17:03:01
cpu0 49.6%
cpu1 49.1%
	PDLSL1	25.6%
	PDLSI1	6.3%
	PDLSU1	58.2%
2015-11-19 17:04:02
cpu0 49.7%
cpu1 50.6%
	PDLSL1	25.5%
	PDLSI1	6.5%
	PDLSU1	60.2%
2015-11-19 17:05:02
cpu0 49.8%
cpu1 49.5%
	PDLSL1	25.8%
	PDLSI1	6.5%
	PDLSU1	59.1%
2015-11-19 17:06:03
cpu0 48.7%
cpu1 49%
	PDLSL1	25.6%
	PDLSI1	6.3%
	PDLSU1	58.6%
2015-11-19 17:07:04
cpu0 49.9%
cpu1 50.6%
	PDLSL1	25.7%
	PDLSI1	6.3%
	PDLSU1	59.8%
2015-11-19 17:08:04
cpu0 50.9%
cpu1 51.6%
	PDLSL1	27.2%
	PDLSI1	6.5%
	PDLSU1	60.1%
2015-11-19 17:09:05
cpu0 49.4%
cpu1 51.4%
	PDLSL1	25.9%
	PDLSI1	7.3%
	PDLSU1	59.1%
2015-11-19 17:10:06
cpu0 48.5%
cpu1 49.8%
	PDLSL1	25.8%
	PDLSI1	6.4%
	PDLSU1	58.8%
2015-11-19 17:11:07
cpu0 49.9%
cpu1 49.8%
	PDLSL1	26.0%
	PDLSI1	6.4%
	PDLSU1	59.1%
2015-11-19 17:12:07
cpu0 50.1%
cpu1 49.4%
	PDLSL1	26.0%
	PDLSI1	6.3%
	PDLSU1	58.8%
2015-11-19 17:13:08
cpu0 49.2%
cpu1 50.1%
	PDLSL1	25.8%
	PDLSI1	6.4%
	PDLSU1	58.5%
2015-11-19 17:14:09
cpu0 49.9%
cpu1 49.6%
	PDLSL1	26.0%
	PDLSI1	6.3%
	PDLSU1	59.0%
2015-11-19 17:15:10
cpu0 48.9%
cpu1 49.7%
	PDLSL1	26.0%
	PDLSI1	6.1%
	PDLSU1	59.1%
2015-11-19 17:16:10
cpu0 50.3%
cpu1 49.7%
	PDLSL1	26.2%
	PDLSI1	6.3%
	PDLSU1	59.3%
2015-11-19 17:17:11
cpu0 49.7%
cpu1 49.8%
	PDLSL1	25.9%
	PDLSI1	6.4%
	PDLSU1	58.8%
2015-11-19 17:18:12
cpu0 50.2%
cpu1 49.8%
	PDLSL1	26.1%
	PDLSI1	6.4%
	PDLSU1	58.9%
2015-11-19 17:19:12
cpu0 48.8%
cpu1 50.5%
	PDLSL1	26.0%
	PDLSI1	6.5%
	PDLSU1	58.7%
2015-11-19 17:20:13
cpu0 49.8%
cpu1 49.9%
	PDLSL1	26.2%
	PDLSI1	6.4%
	PDLSU1	59.6%
2015-11-19 17:21:14
cpu0 47.9%
cpu1 50.2%
	PDLSL1	25.8%
	PDLSI1	6.3%
	PDLSU1	57.6%
2015-11-19 17:22:15
cpu0 50.3%
cpu1 49.5%
	PDLSL1	25.8%
	PDLSI1	6.2%
	PDLSU1	59.6%
2015-11-19 17:23:15
cpu0 48.9%
cpu1 50.2%
	PDLSL1	25.8%
	PDLSI1	6.3%
	PDLSU1	58.5%
2015-11-19 17:24:16
cpu0 49%
cpu1 48.2%
	PDLSL1	25.7%
	PDLSI1	6.5%
	PDLSU1	57.3%
2015-11-19 17:25:17
cpu0 48.9%
cpu1 50.2%
	PDLSL1	25.8%
	PDLSI1	6.5%
	PDLSU1	59.4%
2015-11-19 17:26:18
cpu0 49.1%
cpu1 49.6%
	PDLSL1	25.8%
	PDLSI1	6.6%
	PDLSU1	58.2%
