2015-11-19 16:44:18
cpu0 50.4%
cpu1 50.3%
	PDLSL1	26.1%
	PDLSI1	6.4%
	PDLSU1	59.7%
2015-11-19 16:45:19
cpu0 49.2%
cpu1 49.3%
	PDLSL1	25.8%
	PDLSI1	6.3%
	PDLSU1	58.6%
2015-11-19 16:46:19
cpu0 49.7%
cpu1 50.5%
	PDLSL1	26.0%
	PDLSI1	6.4%
	PDLSU1	59.6%
2015-11-19 16:47:20
cpu0 49.1%
cpu1 50.7%
	PDLSL1	26.2%
	PDLSI1	6.4%
	PDLSU1	59.0%
2015-11-19 16:48:21
cpu0 50.1%
cpu1 50.1%
	PDLSL1	26.3%
	PDLSI1	6.4%
	PDLSU1	58.8%
2015-11-19 16:49:21
cpu0 49.4%
cpu1 49.7%
	PDLSL1	25.9%
	PDLSI1	6.3%
	PDLSU1	59.3%
2015-11-19 16:50:22
cpu0 49.8%
cpu1 50.6%
	PDLSL1	26.1%
	PDLSI1	6.4%
	PDLSU1	59.6%
2015-11-19 16:51:23
cpu0 50.6%
cpu1 49.3%
	PDLSL1	26.2%
	PDLSI1	6.3%
	PDLSU1	59.1%
2015-11-19 16:52:24
cpu0 50%
cpu1 50.4%
	PDLSL1	26.5%
	PDLSI1	6.3%
	PDLSU1	59.3%
2015-11-19 16:53:24
cpu0 49.5%
cpu1 50.9%
	PDLSL1	26.0%
	PDLSI1	6.4%
	PDLSU1	59.5%
2015-11-19 16:54:25
cpu0 49.3%
cpu1 49.4%
	PDLSL1	25.8%
	PDLSI1	6.5%
	PDLSU1	59.1%
2015-11-19 16:55:26
cpu0 49.2%
cpu1 49.8%
	PDLSL1	25.8%
	PDLSI1	6.5%
	PDLSU1	58.6%
2015-11-19 16:56:27
cpu0 49.2%
cpu1 50.5%
	PDLSL1	26.2%
	PDLSI1	6.6%
	PDLSU1	58.8%
2015-11-19 16:57:27
cpu0 50.1%
cpu1 49.9%
	PDLSL1	26.0%
	PDLSI1	6.4%
	PDLSU1	59.3%
2015-11-19 16:58:28
cpu0 48.7%
cpu1 50.1%
	PDLSL1	26.1%
	PDLSI1	6.2%
	PDLSU1	58.8%
2015-11-19 16:59:29
cpu0 50.1%
cpu1 49.2%
	PDLSL1	26.0%
	PDLSI1	6.3%
	PDLSU1	58.9%
2015-11-19 17:00:29
cpu0 49%
cpu1 50.2%
	PDLSL1	26.0%
	PDLSI1	6.2%
	PDLSU1	58.5%
2015-11-19 17:01:30
cpu0 50%
cpu1 49.3%
	PDLSL1	26.2%
	PDLSI1	6.3%
	PDLSU1	58.6%
2015-11-19 17:02:31
cpu0 49.6%
cpu1 50.3%
	PDLSL1	26.3%
	PDLSI1	6.4%
	PDLSU1	58.9%
2015-11-19 17:03:32
cpu0 50%
cpu1 49.4%
	PDLSL1	26.0%
	PDLSI1	6.5%
	PDLSU1	59.1%
2015-11-19 17:04:33
cpu0 48.9%
cpu1 50.1%
	PDLSL1	26.0%
	PDLSI1	6.4%
	PDLSU1	58.5%
2015-11-19 17:05:33
cpu0 49.4%
cpu1 48.9%
	PDLSL1	25.8%
	PDLSI1	6.5%
	PDLSU1	57.9%
2015-11-19 17:06:34
cpu0 48.8%
cpu1 50.4%
	PDLSL1	26.1%
	PDLSI1	6.2%
	PDLSU1	58.9%
2015-11-19 17:07:35
cpu0 50.3%
cpu1 49%
	PDLSL1	26.4%
	PDLSI1	6.3%
	PDLSU1	59.4%
2015-11-19 17:08:36
cpu0 51.8%
cpu1 52.6%
	PDLSL1	28.4%
	PDLSI1	7.3%
	PDLSU1	59.9%
2015-11-19 17:09:36
cpu0 49.9%
cpu1 50%
	PDLSL1	26.3%
	PDLSI1	6.6%
	PDLSU1	58.7%
2015-11-19 17:10:37
cpu0 49%
cpu1 51.2%
	PDLSL1	26.2%
	PDLSI1	6.4%
	PDLSU1	59.1%
2015-11-19 17:11:38
cpu0 49.1%
cpu1 49.9%
	PDLSL1	25.9%
	PDLSI1	6.4%
	PDLSU1	58.4%
2015-11-19 17:12:38
cpu0 48.9%
cpu1 49.5%
	PDLSL1	26.1%
	PDLSI1	6.4%
	PDLSU1	58.4%
2015-11-19 17:13:39
cpu0 49.6%
cpu1 50.3%
	PDLSL1	26.2%
	PDLSI1	6.4%
	PDLSU1	58.9%
2015-11-19 17:14:40
cpu0 49%
cpu1 50%
	PDLSL1	26.3%
	PDLSI1	6.2%
	PDLSU1	58.4%
2015-11-19 17:15:41
cpu0 50%
cpu1 49.6%
	PDLSL1	26.2%
	PDLSI1	6.3%
	PDLSU1	58.9%
2015-11-19 17:16:42
cpu0 49%
cpu1 49.2%
	PDLSL1	26.0%
	PDLSI1	6.2%
	PDLSU1	57.9%
2015-11-19 17:17:42
cpu0 49%
cpu1 49.4%
	PDLSL1	26.2%
	PDLSI1	6.4%
	PDLSU1	58.5%
2015-11-19 17:18:43
cpu0 50.9%
cpu1 50.8%
	PDLSL1	26.4%
	PDLSI1	6.5%
	PDLSU1	60.3%
2015-11-19 17:19:44
cpu0 49.7%
cpu1 50.2%
	PDLSL1	26.2%
	PDLSI1	6.4%
	PDLSU1	58.9%
2015-11-19 17:20:45
cpu0 50%
cpu1 49.6%
	PDLSL1	26.2%
	PDLSI1	6.4%
	PDLSU1	58.6%
2015-11-19 17:21:46
cpu0 48.5%
cpu1 50%
	PDLSL1	26.4%
	PDLSI1	6.4%
	PDLSU1	58.6%
2015-11-19 17:22:46
cpu0 50.2%
cpu1 50%
	PDLSL1	26.3%
	PDLSI1	6.3%
	PDLSU1	59.2%
2015-11-19 17:23:47
cpu0 49.5%
cpu1 50.4%
	PDLSL1	26.2%
	PDLSI1	6.3%
	PDLSU1	58.6%
2015-11-19 17:24:48
cpu0 50%
cpu1 48.8%
	PDLSL1	26.1%
	PDLSI1	6.4%
	PDLSU1	58.0%
2015-11-19 17:25:48
cpu0 49.1%
cpu1 50.4%
	PDLSL1	26.2%
	PDLSI1	6.6%
	PDLSU1	58.7%
