2015-11-19 16:43:54
cpu0 58.9%
cpu1 58.3%
	PDLSL1	27.0%
	PDLSI1	6.5%
	PDLSU1	60.9%
2015-11-19 16:44:54
cpu0 56.2%
cpu1 57.3%
	PDLSL1	26.8%
	PDLSI1	6.5%
	PDLSU1	60.2%
2015-11-19 16:45:55
cpu0 56.8%
cpu1 57.1%
	PDLSL1	26.7%
	PDLSI1	6.4%
	PDLSU1	60.8%
2015-11-19 16:46:56
cpu0 57.3%
cpu1 57.4%
	PDLSL1	26.7%
	PDLSI1	6.6%
	PDLSU1	61.3%
2015-11-19 16:47:57
cpu0 57.1%
cpu1 56.5%
	PDLSL1	26.7%
	PDLSI1	6.5%
	PDLSU1	61.0%
2015-11-19 16:48:58
cpu0 56.1%
cpu1 57%
	PDLSL1	26.5%
	PDLSI1	6.4%
	PDLSU1	60.3%
2015-11-19 16:49:59
cpu0 58.2%
cpu1 57.4%
	PDLSL1	26.7%
	PDLSI1	6.5%
	PDLSU1	62.3%
2015-11-19 16:51:00
cpu0 57.2%
cpu1 57.9%
	PDLSL1	26.9%
	PDLSI1	6.4%
	PDLSU1	61.4%
2015-11-19 16:52:01
cpu0 57.5%
cpu1 57%
	PDLSL1	26.8%
	PDLSI1	6.4%
	PDLSU1	61.2%
2015-11-19 16:53:01
cpu0 56.5%
cpu1 56.3%
	PDLSL1	26.5%
	PDLSI1	6.4%
	PDLSU1	60.5%
2015-11-19 16:54:02
cpu0 57.2%
cpu1 57.3%
	PDLSL1	26.8%
	PDLSI1	6.5%
	PDLSU1	61.2%
2015-11-19 16:55:03
cpu0 57.7%
cpu1 56.9%
	PDLSL1	26.6%
	PDLSI1	6.6%
	PDLSU1	61.3%
2015-11-19 16:56:04
cpu0 56.1%
cpu1 57.2%
	PDLSL1	26.5%
	PDLSI1	6.6%
	PDLSU1	60.3%
2015-11-19 16:57:04
cpu0 55.7%
cpu1 56.1%
	PDLSL1	26.4%
	PDLSI1	6.5%
	PDLSU1	60.0%
2015-11-19 16:58:05
cpu0 57.2%
cpu1 57%
	PDLSL1	26.7%
	PDLSI1	6.3%
	PDLSU1	61.0%
2015-11-19 16:59:06
cpu0 56.1%
cpu1 56.4%
	PDLSL1	26.4%
	PDLSI1	6.4%
	PDLSU1	59.6%
2015-11-19 17:00:07
cpu0 56.7%
cpu1 57.3%
	PDLSL1	26.7%
	PDLSI1	6.4%
	PDLSU1	60.6%
2015-11-19 17:01:07
cpu0 56.7%
cpu1 56.4%
	PDLSL1	26.3%
	PDLSI1	6.4%
	PDLSU1	60.4%
2015-11-19 17:02:08
cpu0 55.7%
cpu1 56.8%
	PDLSL1	26.3%
	PDLSI1	6.4%
	PDLSU1	60.7%
2015-11-19 17:03:09
cpu0 56.8%
cpu1 56.1%
	PDLSL1	26.5%
	PDLSI1	6.5%
	PDLSU1	59.5%
2015-11-19 17:04:10
cpu0 56.7%
cpu1 57.8%
	PDLSL1	26.6%
	PDLSI1	6.6%
	PDLSU1	61.2%
2015-11-19 17:05:11
cpu0 57.7%
cpu1 55.9%
	PDLSL1	26.6%
	PDLSI1	6.4%
	PDLSU1	60.4%
2015-11-19 17:06:11
cpu0 56%
cpu1 56.9%
	PDLSL1	26.6%
	PDLSI1	6.4%
	PDLSU1	60.7%
2015-11-19 17:07:12
cpu0 57.7%
cpu1 56.8%
	PDLSL1	26.7%
	PDLSI1	6.4%
	PDLSU1	61.1%
2015-11-19 17:08:13
cpu0 56.2%
cpu1 57.7%
	PDLSL1	26.7%
	PDLSI1	7.3%
	PDLSU1	59.3%
2015-11-19 17:09:14
cpu0 59.5%
cpu1 58.4%
	PDLSL1	28.9%
	PDLSI1	6.5%
	PDLSU1	62.1%
2015-11-19 17:10:14
cpu0 55.9%
cpu1 58.1%
	PDLSL1	26.6%
	PDLSI1	6.6%
	PDLSU1	60.7%
2015-11-19 17:11:15
cpu0 57%
cpu1 56.8%
	PDLSL1	26.6%
	PDLSI1	6.6%
	PDLSU1	61.4%
2015-11-19 17:12:16
cpu0 56.5%
cpu1 57.5%
	PDLSL1	26.6%
	PDLSI1	6.5%
	PDLSU1	60.5%
2015-11-19 17:13:17
cpu0 57.5%
cpu1 57.2%
	PDLSL1	26.7%
	PDLSI1	6.3%
	PDLSU1	61.1%
2015-11-19 17:14:17
cpu0 56.6%
cpu1 56.5%
	PDLSL1	26.5%
	PDLSI1	6.4%
	PDLSU1	60.0%
2015-11-19 17:15:18
cpu0 56.8%
cpu1 56.2%
	PDLSL1	26.4%
	PDLSI1	6.4%
	PDLSU1	60.1%
2015-11-19 17:16:19
cpu0 56.6%
cpu1 57.1%
	PDLSL1	26.7%
	PDLSI1	6.4%
	PDLSU1	61.0%
2015-11-19 17:17:20
cpu0 56.7%
cpu1 56.8%
	PDLSL1	26.6%
	PDLSI1	6.5%
	PDLSU1	60.3%
2015-11-19 17:18:21
cpu0 56.4%
cpu1 57.5%
	PDLSL1	26.7%
	PDLSI1	6.5%
	PDLSU1	60.4%
2015-11-19 17:19:21
cpu0 57.3%
cpu1 57.2%
	PDLSL1	26.8%
	PDLSI1	6.5%
	PDLSU1	60.9%
2015-11-19 17:20:22
cpu0 56.5%
cpu1 56.9%
	PDLSL1	26.5%
	PDLSI1	6.5%
	PDLSU1	61.1%
2015-11-19 17:21:23
cpu0 56.8%
cpu1 57.6%
	PDLSL1	26.8%
	PDLSI1	6.4%
	PDLSU1	60.9%
2015-11-19 17:22:24
cpu0 57.3%
cpu1 57.2%
	PDLSL1	26.9%
	PDLSI1	6.4%
	PDLSU1	61.1%
2015-11-19 17:23:25
cpu0 57.7%
cpu1 57.1%
	PDLSL1	27.0%
	PDLSI1	6.4%
	PDLSU1	60.8%
2015-11-19 17:24:25
cpu0 57.7%
cpu1 56.6%
	PDLSL1	26.9%
	PDLSI1	6.5%
	PDLSU1	60.7%
2015-11-19 17:25:26
cpu0 56.3%
cpu1 55.6%
	PDLSL1	26.6%
	PDLSI1	6.6%
	PDLSU1	59.7%
2015-11-19 17:26:27
cpu0 56.9%
cpu1 56.6%
	PDLSL1	26.8%
	PDLSI1	6.7%
	PDLSU1	59.8%
