2015-11-19 16:44:02
cpu0 57.3%
cpu1 57.8%
	PDLSL1	26.2%
	PDLSI1	6.5%
	PDLSU1	61.1%
2015-11-19 16:45:03
cpu0 57.6%
cpu1 57.6%
	PDLSL1	26.4%
	PDLSI1	6.4%
	PDLSU1	62.0%
2015-11-19 16:46:03
cpu0 55.6%
cpu1 56.7%
	PDLSL1	26.0%
	PDLSI1	6.4%
	PDLSU1	60.0%
2015-11-19 16:47:04
cpu0 58%
cpu1 55.8%
	PDLSL1	26.3%
	PDLSI1	6.4%
	PDLSU1	61.3%
2015-11-19 16:48:05
cpu0 55.1%
cpu1 57.2%
	PDLSL1	26.0%
	PDLSI1	6.4%
	PDLSU1	60.3%
2015-11-19 16:49:06
cpu0 57.5%
cpu1 56.5%
	PDLSL1	26.2%
	PDLSI1	6.4%
	PDLSU1	61.3%
2015-11-19 16:50:06
cpu0 56.1%
cpu1 56.8%
	PDLSL1	26.4%
	PDLSI1	6.5%
	PDLSU1	59.6%
2015-11-19 16:51:07
cpu0 57%
cpu1 57.4%
	PDLSL1	26.4%
	PDLSI1	6.4%
	PDLSU1	61.0%
2015-11-19 16:52:08
cpu0 56.6%
cpu1 57.1%
	PDLSL1	26.4%
	PDLSI1	6.4%
	PDLSU1	61.0%
2015-11-19 16:53:09
cpu0 56%
cpu1 55.7%
	PDLSL1	26.3%
	PDLSI1	6.4%
	PDLSU1	59.5%
2015-11-19 16:54:10
cpu0 55.9%
cpu1 56.8%
	PDLSL1	26.2%
	PDLSI1	6.5%
	PDLSU1	60.0%
2015-11-19 16:55:10
cpu0 56.7%
cpu1 56.7%
	PDLSL1	26.2%
	PDLSI1	6.6%
	PDLSU1	60.6%
2015-11-19 16:56:11
cpu0 56.9%
cpu1 56.7%
	PDLSL1	26.2%
	PDLSI1	6.6%
	PDLSU1	60.9%
2015-11-19 16:57:12
cpu0 57.2%
cpu1 57.7%
	PDLSL1	26.4%
	PDLSI1	6.5%
	PDLSU1	61.8%
2015-11-19 16:58:13
cpu0 56.3%
cpu1 56.6%
	PDLSL1	26.3%
	PDLSI1	6.4%
	PDLSU1	60.4%
2015-11-19 16:59:13
cpu0 56.8%
cpu1 57.6%
	PDLSL1	26.4%
	PDLSI1	6.3%
	PDLSU1	61.6%
2015-11-19 17:00:14
cpu0 57.2%
cpu1 57.1%
	PDLSL1	26.4%
	PDLSI1	6.4%
	PDLSU1	61.0%
2015-11-19 17:01:15
cpu0 57%
cpu1 57.2%
	PDLSL1	26.3%
	PDLSI1	6.3%
	PDLSU1	61.3%
2015-11-19 17:02:16
cpu0 57%
cpu1 55.9%
	PDLSL1	26.3%
	PDLSI1	6.5%
	PDLSU1	60.9%
2015-11-19 17:03:16
cpu0 56.3%
cpu1 57.7%
	PDLSL1	26.5%
	PDLSI1	6.5%
	PDLSU1	60.7%
2015-11-19 17:04:17
cpu0 56.9%
cpu1 56.4%
	PDLSL1	26.4%
	PDLSI1	6.5%
	PDLSU1	60.2%
2015-11-19 17:05:18
cpu0 56.3%
cpu1 57.2%
	PDLSL1	26.3%
	PDLSI1	6.5%
	PDLSU1	60.6%
2015-11-19 17:06:19
cpu0 57.5%
cpu1 56.1%
	PDLSL1	26.3%
	PDLSI1	6.4%
	PDLSU1	60.7%
2015-11-19 17:07:19
cpu0 56.1%
cpu1 56.3%
	PDLSL1	26.3%
	PDLSI1	6.4%
	PDLSU1	60.4%
2015-11-19 17:08:20
cpu0 58.3%
cpu1 57%
	PDLSL1	26.9%
	PDLSI1	6.8%
	PDLSU1	61.0%
2015-11-19 17:09:21
cpu0 57.5%
cpu1 59%
	PDLSL1	27.8%
	PDLSI1	6.9%
	PDLSU1	61.2%
2015-11-19 17:10:22
cpu0 57.3%
cpu1 57%
	PDLSL1	26.6%
	PDLSI1	6.6%
	PDLSU1	60.8%
2015-11-19 17:11:22
cpu0 56%
cpu1 57.1%
	PDLSL1	26.6%
	PDLSI1	6.5%
	PDLSU1	60.7%
2015-11-19 17:12:23
cpu0 57.5%
cpu1 56.5%
	PDLSL1	26.2%
	PDLSI1	6.5%
	PDLSU1	60.9%
2015-11-19 17:13:24
cpu0 56.7%
cpu1 57.9%
	PDLSL1	26.3%
	PDLSI1	6.5%
	PDLSU1	61.2%
2015-11-19 17:14:25
cpu0 56.6%
cpu1 56.4%
	PDLSL1	26.5%
	PDLSI1	6.3%
	PDLSU1	60.1%
2015-11-19 17:15:26
cpu0 56.3%
cpu1 57.1%
	PDLSL1	26.5%
	PDLSI1	6.3%
	PDLSU1	60.3%
2015-11-19 17:16:27
cpu0 57.3%
cpu1 56%
	PDLSL1	26.5%
	PDLSI1	6.5%
	PDLSU1	60.7%
2015-11-19 17:17:27
cpu0 56.4%
cpu1 56.5%
	PDLSL1	26.6%
	PDLSI1	6.5%
	PDLSU1	59.6%
2015-11-19 17:18:28
cpu0 57.6%
cpu1 56.9%
	PDLSL1	26.8%
	PDLSI1	6.5%
	PDLSU1	60.5%
2015-11-19 17:19:29
cpu0 56.2%
cpu1 57%
	PDLSL1	26.6%
	PDLSI1	6.6%
	PDLSU1	59.8%
2015-11-19 17:20:30
cpu0 57.7%
cpu1 57.3%
	PDLSL1	26.8%
	PDLSI1	6.5%
	PDLSU1	61.2%
2015-11-19 17:21:31
cpu0 56.8%
cpu1 57%
	PDLSL1	26.6%
	PDLSI1	6.4%
	PDLSU1	61.4%
2015-11-19 17:22:31
cpu0 57.4%
cpu1 56.9%
	PDLSL1	26.8%
	PDLSI1	6.4%
	PDLSU1	60.8%
2015-11-19 17:23:32
cpu0 56.6%
cpu1 57.6%
	PDLSL1	26.7%
	PDLSI1	6.4%
	PDLSU1	60.6%
2015-11-19 17:24:33
cpu0 57.4%
cpu1 58.1%
	PDLSL1	26.8%
	PDLSI1	6.5%
	PDLSU1	61.7%
2015-11-19 17:25:34
cpu0 56.2%
cpu1 56.3%
	PDLSL1	26.7%
	PDLSI1	6.6%
	PDLSU1	60.1%
2015-11-19 17:26:34
cpu0 56.8%
cpu1 57.3%
	PDLSL1	26.7%
	PDLSI1	6.6%
	PDLSU1	60.5%
