2015-11-19 16:44:26
cpu0 50%
cpu1 50.6%
	PDLSL1	25.7%
	PDLSI1	6.6%
	PDLSU1	59.2%
2015-11-19 16:45:27
cpu0 49.5%
cpu1 48.6%
	PDLSL1	25.6%
	PDLSI1	6.5%
	PDLSU1	58.8%
2015-11-19 16:46:27
cpu0 50%
cpu1 49.9%
	PDLSL1	25.7%
	PDLSI1	6.4%
	PDLSU1	59.4%
2015-11-19 16:47:28
cpu0 49.9%
cpu1 49.8%
	PDLSL1	25.7%
	PDLSI1	6.5%
	PDLSU1	59.3%
2015-11-19 16:48:29
cpu0 49.7%
cpu1 50.2%
	PDLSL1	25.9%
	PDLSI1	6.6%
	PDLSU1	58.7%
2015-11-19 16:49:30
cpu0 49.9%
cpu1 48.7%
	PDLSL1	25.5%
	PDLSI1	6.5%
	PDLSU1	58.6%
2015-11-19 16:50:30
cpu0 49.5%
cpu1 49.1%
	PDLSL1	26.1%
	PDLSI1	6.5%
	PDLSU1	58.5%
2015-11-19 16:51:31
cpu0 49%
cpu1 49.7%
	PDLSL1	26.0%
	PDLSI1	6.5%
	PDLSU1	58.0%
2015-11-19 16:52:32
cpu0 49.3%
cpu1 49.4%
	PDLSL1	25.7%
	PDLSI1	6.5%
	PDLSU1	58.4%
2015-11-19 16:53:32
cpu0 50.4%
cpu1 49.9%
	PDLSL1	26.2%
	PDLSI1	6.5%
	PDLSU1	59.0%
2015-11-19 16:54:33
cpu0 49.6%
cpu1 49.4%
	PDLSL1	25.8%
	PDLSI1	6.6%
	PDLSU1	58.9%
2015-11-19 16:55:34
cpu0 49.5%
cpu1 49.7%
	PDLSL1	25.8%
	PDLSI1	6.7%
	PDLSU1	58.5%
2015-11-19 16:56:35
cpu0 50.1%
cpu1 49.2%
	PDLSL1	25.9%
	PDLSI1	6.7%
	PDLSU1	58.4%
2015-11-19 16:57:35
cpu0 49.1%
cpu1 49.5%
	PDLSL1	25.6%
	PDLSI1	6.5%
	PDLSU1	58.2%
2015-11-19 16:58:36
cpu0 49.4%
cpu1 49.8%
	PDLSL1	25.6%
	PDLSI1	6.3%
	PDLSU1	58.6%
2015-11-19 16:59:37
cpu0 49.5%
cpu1 49.7%
	PDLSL1	25.6%
	PDLSI1	6.3%
	PDLSU1	59.9%
2015-11-19 17:00:38
cpu0 50.1%
cpu1 49.5%
	PDLSL1	25.6%
	PDLSI1	6.3%
	PDLSU1	59.2%
2015-11-19 17:01:38
cpu0 49.8%
cpu1 50.5%
	PDLSL1	25.7%
	PDLSI1	6.4%
	PDLSU1	59.9%
2015-11-19 17:02:39
cpu0 51.1%
cpu1 49.5%
	PDLSL1	25.9%
	PDLSI1	6.6%
	PDLSU1	59.8%
2015-11-19 17:03:40
cpu0 49.6%
cpu1 50.7%
	PDLSL1	25.9%
	PDLSI1	6.6%
	PDLSU1	59.8%
2015-11-19 17:04:40
cpu0 50.2%
cpu1 49.2%
	PDLSL1	26.0%
	PDLSI1	6.7%
	PDLSU1	58.5%
2015-11-19 17:05:41
cpu0 49.8%
cpu1 50.6%
	PDLSL1	25.8%
	PDLSI1	6.7%
	PDLSU1	59.4%
2015-11-19 17:06:42
cpu0 50.8%
cpu1 49.7%
	PDLSL1	25.7%
	PDLSI1	6.3%
	PDLSU1	60.0%
2015-11-19 17:07:43
cpu0 49.5%
cpu1 50.3%
	PDLSL1	25.7%
	PDLSI1	6.5%
	PDLSU1	59.4%
2015-11-19 17:08:43
cpu0 52.1%
cpu1 51.2%
	PDLSL1	27.6%
	PDLSI1	7.4%
	PDLSU1	60.2%
2015-11-19 17:09:44
cpu0 49.2%
cpu1 50.7%
	PDLSL1	25.9%
	PDLSI1	6.8%
	PDLSU1	58.7%
2015-11-19 17:10:45
cpu0 49.3%
cpu1 49.8%
	PDLSL1	25.8%
	PDLSI1	6.6%
	PDLSU1	58.3%
2015-11-19 17:11:45
cpu0 49.1%
cpu1 49.4%
	PDLSL1	25.6%
	PDLSI1	6.6%
	PDLSU1	58.1%
2015-11-19 17:12:46
cpu0 48.6%
cpu1 49.2%
	PDLSL1	25.9%
	PDLSI1	6.5%
	PDLSU1	58.0%
2015-11-19 17:13:47
cpu0 49.6%
cpu1 50.4%
	PDLSL1	26.1%
	PDLSI1	6.5%
	PDLSU1	58.9%
2015-11-19 17:14:48
cpu0 49.9%
cpu1 49.8%
	PDLSL1	26.0%
	PDLSI1	6.3%
	PDLSU1	59.0%
2015-11-19 17:15:48
cpu0 50.2%
cpu1 50.5%
	PDLSL1	25.8%
	PDLSI1	6.4%
	PDLSU1	59.2%
2015-11-19 17:16:49
cpu0 49.5%
cpu1 49.1%
	PDLSL1	26.1%
	PDLSI1	6.4%
	PDLSU1	57.8%
2015-11-19 17:17:50
cpu0 49.1%
cpu1 48.7%
	PDLSL1	25.9%
	PDLSI1	6.7%
	PDLSU1	57.9%
2015-11-19 17:18:51
cpu0 50.1%
cpu1 50.5%
	PDLSL1	26.2%
	PDLSI1	6.6%
	PDLSU1	58.8%
2015-11-19 17:19:51
cpu0 49.3%
cpu1 49%
	PDLSL1	26.0%
	PDLSI1	6.6%
	PDLSU1	57.4%
2015-11-19 17:20:52
cpu0 49.5%
cpu1 49.8%
	PDLSL1	26.0%
	PDLSI1	6.5%
	PDLSU1	57.9%
2015-11-19 17:21:53
cpu0 49.4%
cpu1 49.2%
	PDLSL1	25.9%
	PDLSI1	6.4%
	PDLSU1	57.9%
2015-11-19 17:22:54
cpu0 49%
cpu1 49.5%
	PDLSL1	26.0%
	PDLSI1	6.5%
	PDLSU1	58.5%
2015-11-19 17:23:54
cpu0 50.3%
cpu1 50.1%
	PDLSL1	26.0%
	PDLSI1	6.6%
	PDLSU1	58.9%
2015-11-19 17:24:55
cpu0 49.9%
cpu1 51.1%
	PDLSL1	26.1%
	PDLSI1	6.6%
	PDLSU1	59.6%
2015-11-19 17:25:56
cpu0 50.5%
cpu1 50%
	PDLSL1	26.2%
	PDLSI1	6.8%
	PDLSU1	59.1%
