Thu Nov 19 16:42:12 CST 2015 Executing: /usr/dhafw/bin/mppread
Thu Nov 19 16:42:12 2015
***********************************************************************
Global Information :
  NRGkey = 1
  NRG Access = OK_RW
  FrontEnd Identification = 135.252.182.68
  FrontEnd Software Version Number = 2
  FrontEnd Isolated  = NO

BackEnd Id 1 Information :
  Host Name or Ip Address = 192.168.58.20
  Connection Port = 15777
  Access = OK_RO
  Consolidate Access = OK_RO
  BackEnd Audit = OK
  Database Audit = OK
  Software Version Number = 2
  StaleStatus = No

BackEnd Id 2 Information :
  Host Name or Ip Address = 192.168.57.20
  Connection Port = 15777
  Access = OK_RW
  Consolidate Access = OK_RW
  BackEnd Audit = OK
  Database Audit = OK
  Software Version Number = 2
  StaleStatus = No

Thu Nov 19 16:42:12 2015
***********************************************************************
Global Information :
  NRGkey = 2
  NRG Access = OK_RW
  FrontEnd Identification = 135.252.182.68
  FrontEnd Software Version Number = 2
  FrontEnd Isolated  = NO

BackEnd Id 1 Information :
  Host Name or Ip Address = 192.168.56.20
  Connection Port = 15777
  Access = OK_RW
  Consolidate Access = OK_RW
  BackEnd Audit = OK
  Database Audit = OK
  Software Version Number = 2
  StaleStatus = Yes

BackEnd Id 2 Information :
  Host Name or Ip Address = 192.168.254.20
  Connection Port = 15777
  Access = KO_MAINTENANCE
  Consolidate Access = KO_MAINTENANCE
  BackEnd Audit = KO
  Database Audit = Not Running
  Software Version Number = 1
  StaleStatus = No

Thu Nov 19 16:42:12 2015
***********************************************************************
Global Information :
  NRGkey = 3
  NRG Access = OK_RW
  FrontEnd Identification = 135.252.182.68
  FrontEnd Software Version Number = 2
  FrontEnd Isolated  = NO

BackEnd Id 1 Information :
  Host Name or Ip Address = 192.168.253.20
  Connection Port = 15777
  Access = KO_MAINTENANCE
  Consolidate Access = KO_MAINTENANCE
  BackEnd Audit = KO
  Database Audit = Not Running
  Software Version Number = 1
  StaleStatus = No

BackEnd Id 2 Information :
  Host Name or Ip Address = 192.168.59.20
  Connection Port = 15777
  Access = OK_RW
  Consolidate Access = OK_RW
  BackEnd Audit = OK
  Database Audit = OK
  Software Version Number = 2
  StaleStatus = No

Thu Nov 19 16:42:12 2015
***********************************************************************
Global Information :
  NRGkey = 4
  NRG Access = OK_RW
  FrontEnd Identification = 135.252.182.68
  FrontEnd Software Version Number = 2
  FrontEnd Isolated  = NO

BackEnd Id 1 Information :
  Host Name or Ip Address = 192.168.19.20
  Connection Port = 15777
  Access = OK_RW
  Consolidate Access = OK_RW
  BackEnd Audit = OK
  Database Audit = OK
  Software Version Number = 2
  StaleStatus = No

BackEnd Id 2 Information :
  Host Name or Ip Address = 192.168.252.20
  Connection Port = 15777
  Access = KO_MAINTENANCE
  Consolidate Access = KO_MAINTENANCE
  BackEnd Audit = KO
  Database Audit = Not Running
  Software Version Number = 1
  StaleStatus = No

***********************************************************************
Thu Nov 19 16:47:12 CST 2015 Executing: /usr/dhafw/bin/mppread
Thu Nov 19 16:47:12 2015
***********************************************************************
Global Information :
  NRGkey = 1
  NRG Access = OK_RW
  FrontEnd Identification = 135.252.182.68
  FrontEnd Software Version Number = 2
  FrontEnd Isolated  = NO

BackEnd Id 1 Information :
  Host Name or Ip Address = 192.168.58.20
  Connection Port = 15777
  Access = OK_RO
  Consolidate Access = OK_RO
  BackEnd Audit = OK
  Database Audit = OK
  Software Version Number = 2
  StaleStatus = No

BackEnd Id 2 Information :
  Host Name or Ip Address = 192.168.57.20
  Connection Port = 15777
  Access = OK_RW
  Consolidate Access = OK_RW
  BackEnd Audit = OK
  Database Audit = OK
  Software Version Number = 2
  StaleStatus = No

Thu Nov 19 16:47:12 2015
***********************************************************************
Global Information :
  NRGkey = 2
  NRG Access = OK_RW
  FrontEnd Identification = 135.252.182.68
  FrontEnd Software Version Number = 2
  FrontEnd Isolated  = NO

BackEnd Id 1 Information :
  Host Name or Ip Address = 192.168.56.20
  Connection Port = 15777
  Access = OK_RW
  Consolidate Access = OK_RW
  BackEnd Audit = OK
  Database Audit = OK
  Software Version Number = 2
  StaleStatus = Yes

BackEnd Id 2 Information :
  Host Name or Ip Address = 192.168.254.20
  Connection Port = 15777
  Access = KO_MAINTENANCE
  Consolidate Access = KO_MAINTENANCE
  BackEnd Audit = KO
  Database Audit = Not Running
  Software Version Number = 1
  StaleStatus = No

Thu Nov 19 16:47:12 2015
***********************************************************************
Global Information :
  NRGkey = 3
  NRG Access = OK_RW
  FrontEnd Identification = 135.252.182.68
  FrontEnd Software Version Number = 2
  FrontEnd Isolated  = NO

BackEnd Id 1 Information :
  Host Name or Ip Address = 192.168.253.20
  Connection Port = 15777
  Access = KO_MAINTENANCE
  Consolidate Access = KO_MAINTENANCE
  BackEnd Audit = KO
  Database Audit = Not Running
  Software Version Number = 1
  StaleStatus = No

BackEnd Id 2 Information :
  Host Name or Ip Address = 192.168.59.20
  Connection Port = 15777
  Access = OK_RW
  Consolidate Access = OK_RW
  BackEnd Audit = OK
  Database Audit = OK
  Software Version Number = 2
  StaleStatus = No

Thu Nov 19 16:47:12 2015
***********************************************************************
Global Information :
  NRGkey = 4
  NRG Access = OK_RW
  FrontEnd Identification = 135.252.182.68
  FrontEnd Software Version Number = 2
  FrontEnd Isolated  = NO

BackEnd Id 1 Information :
  Host Name or Ip Address = 192.168.19.20
  Connection Port = 15777
  Access = OK_RW
  Consolidate Access = OK_RW
  BackEnd Audit = OK
  Database Audit = OK
  Software Version Number = 2
  StaleStatus = No

BackEnd Id 2 Information :
  Host Name or Ip Address = 192.168.252.20
  Connection Port = 15777
  Access = KO_MAINTENANCE
  Consolidate Access = KO_MAINTENANCE
  BackEnd Audit = KO
  Database Audit = Not Running
  Software Version Number = 1
  StaleStatus = No

***********************************************************************
Thu Nov 19 16:52:12 CST 2015 Executing: /usr/dhafw/bin/mppread
Thu Nov 19 16:52:12 2015
***********************************************************************
Global Information :
  NRGkey = 1
  NRG Access = OK_RW
  FrontEnd Identification = 135.252.182.68
  FrontEnd Software Version Number = 2
  FrontEnd Isolated  = NO

BackEnd Id 1 Information :
  Host Name or Ip Address = 192.168.58.20
  Connection Port = 15777
  Access = OK_RO
  Consolidate Access = OK_RO
  BackEnd Audit = OK
  Database Audit = OK
  Software Version Number = 2
  StaleStatus = No

BackEnd Id 2 Information :
  Host Name or Ip Address = 192.168.57.20
  Connection Port = 15777
  Access = OK_RW
  Consolidate Access = OK_RW
  BackEnd Audit = OK
  Database Audit = OK
  Software Version Number = 2
  StaleStatus = No

Thu Nov 19 16:52:12 2015
***********************************************************************
Global Information :
  NRGkey = 2
  NRG Access = OK_RW
  FrontEnd Identification = 135.252.182.68
  FrontEnd Software Version Number = 2
  FrontEnd Isolated  = NO

BackEnd Id 1 Information :
  Host Name or Ip Address = 192.168.56.20
  Connection Port = 15777
  Access = OK_RW
  Consolidate Access = OK_RW
  BackEnd Audit = OK
  Database Audit = OK
  Software Version Number = 2
  StaleStatus = Yes

BackEnd Id 2 Information :
  Host Name or Ip Address = 192.168.254.20
  Connection Port = 15777
  Access = KO_MAINTENANCE
  Consolidate Access = KO_MAINTENANCE
  BackEnd Audit = KO
  Database Audit = Not Running
  Software Version Number = 1
  StaleStatus = No

Thu Nov 19 16:52:12 2015
***********************************************************************
Global Information :
  NRGkey = 3
  NRG Access = OK_RW
  FrontEnd Identification = 135.252.182.68
  FrontEnd Software Version Number = 2
  FrontEnd Isolated  = NO

BackEnd Id 1 Information :
  Host Name or Ip Address = 192.168.253.20
  Connection Port = 15777
  Access = KO_MAINTENANCE
  Consolidate Access = KO_MAINTENANCE
  BackEnd Audit = KO
  Database Audit = Not Running
  Software Version Number = 1
  StaleStatus = No

BackEnd Id 2 Information :
  Host Name or Ip Address = 192.168.59.20
  Connection Port = 15777
  Access = OK_RW
  Consolidate Access = OK_RW
  BackEnd Audit = OK
  Database Audit = OK
  Software Version Number = 2
  StaleStatus = No

Thu Nov 19 16:52:12 2015
***********************************************************************
Global Information :
  NRGkey = 4
  NRG Access = OK_RW
  FrontEnd Identification = 135.252.182.68
  FrontEnd Software Version Number = 2
  FrontEnd Isolated  = NO

BackEnd Id 1 Information :
  Host Name or Ip Address = 192.168.19.20
  Connection Port = 15777
  Access = OK_RW
  Consolidate Access = OK_RW
  BackEnd Audit = OK
  Database Audit = OK
  Software Version Number = 2
  StaleStatus = No

BackEnd Id 2 Information :
  Host Name or Ip Address = 192.168.252.20
  Connection Port = 15777
  Access = KO_MAINTENANCE
  Consolidate Access = KO_MAINTENANCE
  BackEnd Audit = KO
  Database Audit = Not Running
  Software Version Number = 1
  StaleStatus = No

***********************************************************************
Thu Nov 19 16:57:12 CST 2015 Executing: /usr/dhafw/bin/mppread
Thu Nov 19 16:57:12 2015
***********************************************************************
Global Information :
  NRGkey = 1
  NRG Access = OK_RW
  FrontEnd Identification = 135.252.182.68
  FrontEnd Software Version Number = 2
  FrontEnd Isolated  = NO

BackEnd Id 1 Information :
  Host Name or Ip Address = 192.168.58.20
  Connection Port = 15777
  Access = OK_RO
  Consolidate Access = OK_RO
  BackEnd Audit = OK
  Database Audit = OK
  Software Version Number = 2
  StaleStatus = No

BackEnd Id 2 Information :
  Host Name or Ip Address = 192.168.57.20
  Connection Port = 15777
  Access = OK_RW
  Consolidate Access = OK_RW
  BackEnd Audit = OK
  Database Audit = OK
  Software Version Number = 2
  StaleStatus = No

Thu Nov 19 16:57:12 2015
***********************************************************************
Global Information :
  NRGkey = 2
  NRG Access = OK_RW
  FrontEnd Identification = 135.252.182.68
  FrontEnd Software Version Number = 2
  FrontEnd Isolated  = NO

BackEnd Id 1 Information :
  Host Name or Ip Address = 192.168.56.20
  Connection Port = 15777
  Access = OK_RW
  Consolidate Access = OK_RW
  BackEnd Audit = OK
  Database Audit = OK
  Software Version Number = 2
  StaleStatus = Yes

BackEnd Id 2 Information :
  Host Name or Ip Address = 192.168.254.20
  Connection Port = 15777
  Access = KO_MAINTENANCE
  Consolidate Access = KO_MAINTENANCE
  BackEnd Audit = KO
  Database Audit = Not Running
  Software Version Number = 1
  StaleStatus = No

Thu Nov 19 16:57:12 2015
***********************************************************************
Global Information :
  NRGkey = 3
  NRG Access = OK_RW
  FrontEnd Identification = 135.252.182.68
  FrontEnd Software Version Number = 2
  FrontEnd Isolated  = NO

BackEnd Id 1 Information :
  Host Name or Ip Address = 192.168.253.20
  Connection Port = 15777
  Access = KO_MAINTENANCE
  Consolidate Access = KO_MAINTENANCE
  BackEnd Audit = KO
  Database Audit = Not Running
  Software Version Number = 1
  StaleStatus = No

BackEnd Id 2 Information :
  Host Name or Ip Address = 192.168.59.20
  Connection Port = 15777
  Access = OK_RW
  Consolidate Access = OK_RW
  BackEnd Audit = OK
  Database Audit = OK
  Software Version Number = 2
  StaleStatus = No

Thu Nov 19 16:57:12 2015
***********************************************************************
Global Information :
  NRGkey = 4
  NRG Access = OK_RW
  FrontEnd Identification = 135.252.182.68
  FrontEnd Software Version Number = 2
  FrontEnd Isolated  = NO

BackEnd Id 1 Information :
  Host Name or Ip Address = 192.168.19.20
  Connection Port = 15777
  Access = OK_RW
  Consolidate Access = OK_RW
  BackEnd Audit = OK
  Database Audit = OK
  Software Version Number = 2
  StaleStatus = No

BackEnd Id 2 Information :
  Host Name or Ip Address = 192.168.252.20
  Connection Port = 15777
  Access = KO_MAINTENANCE
  Consolidate Access = KO_MAINTENANCE
  BackEnd Audit = KO
  Database Audit = Not Running
  Software Version Number = 1
  StaleStatus = No

***********************************************************************
Thu Nov 19 17:02:12 CST 2015 Executing: /usr/dhafw/bin/mppread
Thu Nov 19 17:02:12 2015
***********************************************************************
Global Information :
  NRGkey = 1
  NRG Access = OK_RW
  FrontEnd Identification = 135.252.182.68
  FrontEnd Software Version Number = 2
  FrontEnd Isolated  = NO

BackEnd Id 1 Information :
  Host Name or Ip Address = 192.168.58.20
  Connection Port = 15777
  Access = OK_RO
  Consolidate Access = OK_RO
  BackEnd Audit = OK
  Database Audit = OK
  Software Version Number = 2
  StaleStatus = No

BackEnd Id 2 Information :
  Host Name or Ip Address = 192.168.57.20
  Connection Port = 15777
  Access = OK_RW
  Consolidate Access = OK_RW
  BackEnd Audit = OK
  Database Audit = OK
  Software Version Number = 2
  StaleStatus = No

Thu Nov 19 17:02:12 2015
***********************************************************************
Global Information :
  NRGkey = 2
  NRG Access = OK_RW
  FrontEnd Identification = 135.252.182.68
  FrontEnd Software Version Number = 2
  FrontEnd Isolated  = NO

BackEnd Id 1 Information :
  Host Name or Ip Address = 192.168.56.20
  Connection Port = 15777
  Access = OK_RW
  Consolidate Access = OK_RW
  BackEnd Audit = OK
  Database Audit = OK
  Software Version Number = 2
  StaleStatus = Yes

BackEnd Id 2 Information :
  Host Name or Ip Address = 192.168.254.20
  Connection Port = 15777
  Access = KO_MAINTENANCE
  Consolidate Access = KO_MAINTENANCE
  BackEnd Audit = KO
  Database Audit = Not Running
  Software Version Number = 1
  StaleStatus = No

Thu Nov 19 17:02:12 2015
***********************************************************************
Global Information :
  NRGkey = 3
  NRG Access = OK_RW
  FrontEnd Identification = 135.252.182.68
  FrontEnd Software Version Number = 2
  FrontEnd Isolated  = NO

BackEnd Id 1 Information :
  Host Name or Ip Address = 192.168.253.20
  Connection Port = 15777
  Access = KO_MAINTENANCE
  Consolidate Access = KO_MAINTENANCE
  BackEnd Audit = KO
  Database Audit = Not Running
  Software Version Number = 1
  StaleStatus = No

BackEnd Id 2 Information :
  Host Name or Ip Address = 192.168.59.20
  Connection Port = 15777
  Access = OK_RW
  Consolidate Access = OK_RW
  BackEnd Audit = OK
  Database Audit = OK
  Software Version Number = 2
  StaleStatus = No

Thu Nov 19 17:02:12 2015
***********************************************************************
Global Information :
  NRGkey = 4
  NRG Access = OK_RW
  FrontEnd Identification = 135.252.182.68
  FrontEnd Software Version Number = 2
  FrontEnd Isolated  = NO

BackEnd Id 1 Information :
  Host Name or Ip Address = 192.168.19.20
  Connection Port = 15777
  Access = OK_RW
  Consolidate Access = OK_RW
  BackEnd Audit = OK
  Database Audit = OK
  Software Version Number = 2
  StaleStatus = No

BackEnd Id 2 Information :
  Host Name or Ip Address = 192.168.252.20
  Connection Port = 15777
  Access = KO_MAINTENANCE
  Consolidate Access = KO_MAINTENANCE
  BackEnd Audit = KO
  Database Audit = Not Running
  Software Version Number = 1
  StaleStatus = No

***********************************************************************
Thu Nov 19 17:07:12 CST 2015 Executing: /usr/dhafw/bin/mppread
Thu Nov 19 17:07:12 2015
***********************************************************************
Global Information :
  NRGkey = 1
  NRG Access = OK_RW
  FrontEnd Identification = 135.252.182.68
  FrontEnd Software Version Number = 2
  FrontEnd Isolated  = NO

BackEnd Id 1 Information :
  Host Name or Ip Address = 192.168.58.20
  Connection Port = 15777
  Access = OK_RO
  Consolidate Access = OK_RO
  BackEnd Audit = OK
  Database Audit = OK
  Software Version Number = 2
  StaleStatus = No

BackEnd Id 2 Information :
  Host Name or Ip Address = 192.168.57.20
  Connection Port = 15777
  Access = OK_RW
  Consolidate Access = OK_RW
  BackEnd Audit = OK
  Database Audit = OK
  Software Version Number = 2
  StaleStatus = No

Thu Nov 19 17:07:12 2015
***********************************************************************
Global Information :
  NRGkey = 2
  NRG Access = OK_RW
  FrontEnd Identification = 135.252.182.68
  FrontEnd Software Version Number = 2
  FrontEnd Isolated  = NO

BackEnd Id 1 Information :
  Host Name or Ip Address = 192.168.56.20
  Connection Port = 15777
  Access = OK_RW
  Consolidate Access = OK_RW
  BackEnd Audit = OK
  Database Audit = OK
  Software Version Number = 2
  StaleStatus = Yes

BackEnd Id 2 Information :
  Host Name or Ip Address = 192.168.254.20
  Connection Port = 15777
  Access = KO_MAINTENANCE
  Consolidate Access = KO_MAINTENANCE
  BackEnd Audit = KO
  Database Audit = Not Running
  Software Version Number = 1
  StaleStatus = No

Thu Nov 19 17:07:12 2015
***********************************************************************
Global Information :
  NRGkey = 3
  NRG Access = OK_RW
  FrontEnd Identification = 135.252.182.68
  FrontEnd Software Version Number = 2
  FrontEnd Isolated  = NO

BackEnd Id 1 Information :
  Host Name or Ip Address = 192.168.253.20
  Connection Port = 15777
  Access = KO_MAINTENANCE
  Consolidate Access = KO_MAINTENANCE
  BackEnd Audit = KO
  Database Audit = Not Running
  Software Version Number = 1
  StaleStatus = No

BackEnd Id 2 Information :
  Host Name or Ip Address = 192.168.59.20
  Connection Port = 15777
  Access = OK_RW
  Consolidate Access = OK_RW
  BackEnd Audit = OK
  Database Audit = OK
  Software Version Number = 2
  StaleStatus = No

Thu Nov 19 17:07:12 2015
***********************************************************************
Global Information :
  NRGkey = 4
  NRG Access = OK_RW
  FrontEnd Identification = 135.252.182.68
  FrontEnd Software Version Number = 2
  FrontEnd Isolated  = NO

BackEnd Id 1 Information :
  Host Name or Ip Address = 192.168.19.20
  Connection Port = 15777
  Access = OK_RW
  Consolidate Access = OK_RW
  BackEnd Audit = OK
  Database Audit = OK
  Software Version Number = 2
  StaleStatus = No

BackEnd Id 2 Information :
  Host Name or Ip Address = 192.168.252.20
  Connection Port = 15777
  Access = KO_MAINTENANCE
  Consolidate Access = KO_MAINTENANCE
  BackEnd Audit = KO
  Database Audit = Not Running
  Software Version Number = 1
  StaleStatus = No

***********************************************************************
Thu Nov 19 17:12:12 CST 2015 Executing: /usr/dhafw/bin/mppread
Thu Nov 19 17:12:12 2015
***********************************************************************
Global Information :
  NRGkey = 1
  NRG Access = OK_RW
  FrontEnd Identification = 135.252.182.68
  FrontEnd Software Version Number = 2
  FrontEnd Isolated  = NO

BackEnd Id 1 Information :
  Host Name or Ip Address = 192.168.58.20
  Connection Port = 15777
  Access = OK_RW
  Consolidate Access = OK_RW
  BackEnd Audit = OK
  Database Audit = OK
  Software Version Number = 2
  StaleStatus = No

BackEnd Id 2 Information :
  Host Name or Ip Address = 192.168.57.20
  Connection Port = 15777
  Access = OK_RO
  Consolidate Access = OK_RO
  BackEnd Audit = OK
  Database Audit = OK
  Software Version Number = 2
  StaleStatus = No

Thu Nov 19 17:12:12 2015
***********************************************************************
Global Information :
  NRGkey = 2
  NRG Access = OK_RW
  FrontEnd Identification = 135.252.182.68
  FrontEnd Software Version Number = 2
  FrontEnd Isolated  = NO

BackEnd Id 1 Information :
  Host Name or Ip Address = 192.168.56.20
  Connection Port = 15777
  Access = OK_RW
  Consolidate Access = OK_RW
  BackEnd Audit = OK
  Database Audit = OK
  Software Version Number = 2
  StaleStatus = Yes

BackEnd Id 2 Information :
  Host Name or Ip Address = 192.168.254.20
  Connection Port = 15777
  Access = KO_MAINTENANCE
  Consolidate Access = KO_MAINTENANCE
  BackEnd Audit = KO
  Database Audit = Not Running
  Software Version Number = 1
  StaleStatus = No

Thu Nov 19 17:12:12 2015
***********************************************************************
Global Information :
  NRGkey = 3
  NRG Access = OK_RW
  FrontEnd Identification = 135.252.182.68
  FrontEnd Software Version Number = 2
  FrontEnd Isolated  = NO

BackEnd Id 1 Information :
  Host Name or Ip Address = 192.168.253.20
  Connection Port = 15777
  Access = KO_MAINTENANCE
  Consolidate Access = KO_MAINTENANCE
  BackEnd Audit = KO
  Database Audit = Not Running
  Software Version Number = 1
  StaleStatus = No

BackEnd Id 2 Information :
  Host Name or Ip Address = 192.168.59.20
  Connection Port = 15777
  Access = OK_RW
  Consolidate Access = OK_RW
  BackEnd Audit = OK
  Database Audit = OK
  Software Version Number = 2
  StaleStatus = No

Thu Nov 19 17:12:12 2015
***********************************************************************
Global Information :
  NRGkey = 4
  NRG Access = OK_RW
  FrontEnd Identification = 135.252.182.68
  FrontEnd Software Version Number = 2
  FrontEnd Isolated  = NO

BackEnd Id 1 Information :
  Host Name or Ip Address = 192.168.19.20
  Connection Port = 15777
  Access = OK_RW
  Consolidate Access = OK_RW
  BackEnd Audit = OK
  Database Audit = OK
  Software Version Number = 2
  StaleStatus = No

BackEnd Id 2 Information :
  Host Name or Ip Address = 192.168.252.20
  Connection Port = 15777
  Access = KO_MAINTENANCE
  Consolidate Access = KO_MAINTENANCE
  BackEnd Audit = KO
  Database Audit = Not Running
  Software Version Number = 1
  StaleStatus = No

***********************************************************************
Thu Nov 19 17:17:12 CST 2015 Executing: /usr/dhafw/bin/mppread
Thu Nov 19 17:17:12 2015
***********************************************************************
Global Information :
  NRGkey = 1
  NRG Access = OK_RW
  FrontEnd Identification = 135.252.182.68
  FrontEnd Software Version Number = 2
  FrontEnd Isolated  = NO

BackEnd Id 1 Information :
  Host Name or Ip Address = 192.168.58.20
  Connection Port = 15777
  Access = OK_RW
  Consolidate Access = OK_RW
  BackEnd Audit = OK
  Database Audit = OK
  Software Version Number = 2
  StaleStatus = No

BackEnd Id 2 Information :
  Host Name or Ip Address = 192.168.57.20
  Connection Port = 15777
  Access = OK_RO
  Consolidate Access = OK_RO
  BackEnd Audit = OK
  Database Audit = OK
  Software Version Number = 2
  StaleStatus = No

Thu Nov 19 17:17:12 2015
***********************************************************************
Global Information :
  NRGkey = 2
  NRG Access = OK_RW
  FrontEnd Identification = 135.252.182.68
  FrontEnd Software Version Number = 2
  FrontEnd Isolated  = NO

BackEnd Id 1 Information :
  Host Name or Ip Address = 192.168.56.20
  Connection Port = 15777
  Access = OK_RW
  Consolidate Access = OK_RW
  BackEnd Audit = OK
  Database Audit = OK
  Software Version Number = 2
  StaleStatus = Yes

BackEnd Id 2 Information :
  Host Name or Ip Address = 192.168.254.20
  Connection Port = 15777
  Access = KO_MAINTENANCE
  Consolidate Access = KO_MAINTENANCE
  BackEnd Audit = KO
  Database Audit = Not Running
  Software Version Number = 1
  StaleStatus = No

Thu Nov 19 17:17:12 2015
***********************************************************************
Global Information :
  NRGkey = 3
  NRG Access = OK_RW
  FrontEnd Identification = 135.252.182.68
  FrontEnd Software Version Number = 2
  FrontEnd Isolated  = NO

BackEnd Id 1 Information :
  Host Name or Ip Address = 192.168.253.20
  Connection Port = 15777
  Access = KO_MAINTENANCE
  Consolidate Access = KO_MAINTENANCE
  BackEnd Audit = KO
  Database Audit = Not Running
  Software Version Number = 1
  StaleStatus = No

BackEnd Id 2 Information :
  Host Name or Ip Address = 192.168.59.20
  Connection Port = 15777
  Access = OK_RW
  Consolidate Access = OK_RW
  BackEnd Audit = OK
  Database Audit = OK
  Software Version Number = 2
  StaleStatus = No

Thu Nov 19 17:17:12 2015
***********************************************************************
Global Information :
  NRGkey = 4
  NRG Access = OK_RW
  FrontEnd Identification = 135.252.182.68
  FrontEnd Software Version Number = 2
  FrontEnd Isolated  = NO

BackEnd Id 1 Information :
  Host Name or Ip Address = 192.168.19.20
  Connection Port = 15777
  Access = OK_RW
  Consolidate Access = OK_RW
  BackEnd Audit = OK
  Database Audit = OK
  Software Version Number = 2
  StaleStatus = No

BackEnd Id 2 Information :
  Host Name or Ip Address = 192.168.252.20
  Connection Port = 15777
  Access = KO_MAINTENANCE
  Consolidate Access = KO_MAINTENANCE
  BackEnd Audit = KO
  Database Audit = Not Running
  Software Version Number = 1
  StaleStatus = No

***********************************************************************
Thu Nov 19 17:22:13 CST 2015 Executing: /usr/dhafw/bin/mppread
Thu Nov 19 17:22:13 2015
***********************************************************************
Global Information :
  NRGkey = 1
  NRG Access = OK_RW
  FrontEnd Identification = 135.252.182.68
  FrontEnd Software Version Number = 2
  FrontEnd Isolated  = NO

BackEnd Id 1 Information :
  Host Name or Ip Address = 192.168.58.20
  Connection Port = 15777
  Access = OK_RW
  Consolidate Access = OK_RW
  BackEnd Audit = OK
  Database Audit = OK
  Software Version Number = 2
  StaleStatus = No

BackEnd Id 2 Information :
  Host Name or Ip Address = 192.168.57.20
  Connection Port = 15777
  Access = OK_RO
  Consolidate Access = OK_RO
  BackEnd Audit = OK
  Database Audit = OK
  Software Version Number = 2
  StaleStatus = No

Thu Nov 19 17:22:13 2015
***********************************************************************
Global Information :
  NRGkey = 2
  NRG Access = OK_RW
  FrontEnd Identification = 135.252.182.68
  FrontEnd Software Version Number = 2
  FrontEnd Isolated  = NO

BackEnd Id 1 Information :
  Host Name or Ip Address = 192.168.56.20
  Connection Port = 15777
  Access = OK_RW
  Consolidate Access = OK_RW
  BackEnd Audit = OK
  Database Audit = OK
  Software Version Number = 2
  StaleStatus = Yes

BackEnd Id 2 Information :
  Host Name or Ip Address = 192.168.254.20
  Connection Port = 15777
  Access = KO_MAINTENANCE
  Consolidate Access = KO_MAINTENANCE
  BackEnd Audit = KO
  Database Audit = Not Running
  Software Version Number = 1
  StaleStatus = No

Thu Nov 19 17:22:13 2015
***********************************************************************
Global Information :
  NRGkey = 3
  NRG Access = OK_RW
  FrontEnd Identification = 135.252.182.68
  FrontEnd Software Version Number = 2
  FrontEnd Isolated  = NO

BackEnd Id 1 Information :
  Host Name or Ip Address = 192.168.253.20
  Connection Port = 15777
  Access = KO_MAINTENANCE
  Consolidate Access = KO_MAINTENANCE
  BackEnd Audit = KO
  Database Audit = Not Running
  Software Version Number = 1
  StaleStatus = No

BackEnd Id 2 Information :
  Host Name or Ip Address = 192.168.59.20
  Connection Port = 15777
  Access = OK_RW
  Consolidate Access = OK_RW
  BackEnd Audit = OK
  Database Audit = OK
  Software Version Number = 2
  StaleStatus = No

Thu Nov 19 17:22:13 2015
***********************************************************************
Global Information :
  NRGkey = 4
  NRG Access = OK_RW
  FrontEnd Identification = 135.252.182.68
  FrontEnd Software Version Number = 2
  FrontEnd Isolated  = NO

BackEnd Id 1 Information :
  Host Name or Ip Address = 192.168.19.20
  Connection Port = 15777
  Access = OK_RW
  Consolidate Access = OK_RW
  BackEnd Audit = OK
  Database Audit = OK
  Software Version Number = 2
  StaleStatus = No

BackEnd Id 2 Information :
  Host Name or Ip Address = 192.168.252.20
  Connection Port = 15777
  Access = KO_MAINTENANCE
  Consolidate Access = KO_MAINTENANCE
  BackEnd Audit = KO
  Database Audit = Not Running
  Software Version Number = 1
  StaleStatus = No

***********************************************************************
