procs -----------memory---------- ---swap-- -----io---- --system-- -----cpu-----
 r  b   swpd   free   buff  cache   si   so    bi    bo   in   cs us sy id wa st
 2  0      0 5033768  52620 1249612    0    0     0     0    5    1 19  7 73  1  0	
 2  0      0 5031012  52620 1249628    0    0     0     0 11330 20889 40 16 44  0  0	
 2  0      0 5031284  52620 1249636    0    0     0     9 11395 20404 36 12 51  0  0	
 4  0      0 5031060  52620 1249648    0    0     0     2 11282 20765 39 15 45  0  0	
 1  0      0 5030068  52620 1249656    0    0     0     2 11565 21091 36 12 50  2  0	
 7  0      0 5031044  52620 1249664    0    0     0     2 10798 20383 37 14 49  0  0	
 6  0      0 5031160  52620 1249672    0    0     0     2 11639 20950 38 15 45  2  0	
 1  0      0 5031100  52620 1249692    0    0     0    18 11520 20372 36 13 51  0  0	
 1  0      0 5031404  52620 1249700    0    0     0     8 11212 19851 37 12 51  0  0	
 1  0      0 5031412  52620 1249708    0    0     0     4 11347 20107 36 12 52  0  0	
 0  1      0 5031536  52620 1249716    0    0     0     5 12102 20070 36 13 49  2  0	
 0  0      0 5031164  52620 1249728    0    0     0     5 10898 19807 36 12 51  0  0	
 5  0      0 5031420  52620 1249732    0    0     0     5 11176 19812 36 11 52  0  0	
 3  0      0 5031420  52620 1249748    0    0     0    16 11871 20663 39 15 45  0  0	
 3  0      0 5031084  52620 1249756    0    0     0     4 11097 20857 40 15 45  0  0	
 2  0      0 5031084  52620 1249764    0    0     0     0 10929 19942 35 12 51  2  0	
 1  0      0 5031240  52620 1249752    0    0     0     7 12135 20846 38 15 47  0  0	
 2  0      0 5031032  52620 1249760    0    0     0     4 11010 19933 36 12 49  2  0	
 2  0      0 5031280  52620 1249768    0    0     0     5 11028 19725 35 12 53  0  0	
 2  0      0 5031156  52620 1249788    0    0     0    17 11870 20677 37 14 47  2  0	
 1  0      0 5031536  52620 1249796    0    0     0     6 11095 19709 37 12 51  0  0	
procs -----------memory---------- ---swap-- -----io---- --system-- -----cpu-----
 r  b   swpd   free   buff  cache   si   so    bi    bo   in   cs us sy id wa st
 9  0      0 5030916  52620 1249808    0    0     0     0 10968 20425 36 13 50  1  0	
 3  0      0 5031016  52620 1249816    0    0     0     5 11807 20049 39 13 48  0  0	
 4  0      0 5030900  52620 1249828    0    0     0     6 11029 20103 36 13 51  0  0	
 0  0      0 5031164  52620 1249832    0    0     0     5 11258 20043 36 12 52  0  0	
 0  0      0 5031396  52620 1249840    0    0     0    17 11737 20121 37 15 46  2  0	
 0  0      0 5030900  52620 1249848    0    0     0     4 11034 19560 37 12 52  0  0	
 0  0      0 5031032  52620 1249860    0    0     0     2 11214 20271 37 12 51  0  0	
 4  0      0 5031032  52620 1249864    0    0     0     6 11819 20458 38 14 47  1  0	
 3  0      0 5030232  52620 1249876    0    0     0     4 11092 20462 39 13 48  0  0	
 2  0      0 5030688  52620 1249888    0    0     0     7 10900 20599 38 14 46  2  0	
 1  0      0 5030852  52620 1249880    0    0     0    13 11721 20162 37 14 50  0  0	
 5  0      0 5030736  52620 1249892    0    0     0     7 11193 20190 38 12 49  1  0	
 2  0      0 5031148  52620 1249900    0    0     0     5 11132 20525 37 12 51  0  0	
 2  0      0 5031024  52620 1249908    0    0     0     4 11894 19925 38 14 47  1  0	
 8  1      0 5030900  52620 1249916    0    0     0     4 11337 20351 36 13 51  0  0	
 1  0      0 5031280  52620 1249928    0    0     0     1 11094 19609 36 12 51  1  0	
 3  0      0 5031240  52620 1249936    0    0     0    14 11435 19975 37 15 47  0  0	
 3  0      0 5030760  52620 1249940    0    0     0     7 11120 19780 36 12 52  0  0	
 2  0      0 5030884  52620 1249956    0    0     0     3 10927 20651 37 12 51  0  0	
 0  0      0 5031132  52620 1249960    0    0     0     6 11672 19942 37 13 48  2  0	
 3  0      0 5030884  52620 1249968    0    0     0     5 11252 20221 35 12 52  0  0	
procs -----------memory---------- ---swap-- -----io---- --system-- -----cpu-----
 r  b   swpd   free   buff  cache   si   so    bi    bo   in   cs us sy id wa st
 0  0      0 5030892  52620 1249976    0    0     0     4 11312 19774 37 11 53  0  0	
 4  1      0 5030776  52620 1249992    0    0     0    14 11819 20410 38 14 47  1  0	
 2  0      0 5031148  52620 1249996    0    0     0     3 11055 19685 37 12 51  0  0	
 1  0      0 5030516  52620 1250004    0    0     0     3 11068 21199 41 16 43  0  0	
 0  0      0 5030704  52620 1250012    0    0     0     4 11547 19929 37 13 49  0  0	
 4  0      0 5030464  52620 1250008    0    0     0     3 11049 20492 37 13 49  1  0	
 0  0      0 5030892  52620 1250016    0    0     0     6 11338 20250 36 12 52  0  0	
 0  0      0 5031140  52620 1250024    0    0     0    17 11933 21097 40 15 45  0  0	
 5  0      0 5030768  52620 1250028    0    0     0     4 11363 19866 35 12 53  0  0	
 1  0      0 5030900  52620 1250040    0    0     0     2 11308 20206 37 13 48  2  0	
 1  0      0 5030776  52620 1250052    0    0     0     4 11365 19153 35 13 52  0  0	
 2  0      0 5030528  52620 1250060    0    0     0     6 10818 19474 36 13 49  2  0	
 2  0      0 5031024  52624 1250064    0    0     0     7 11169 20199 37 12 51  0  0	
 0  0      0 5030660  52624 1250088    0    0     0    16 11174 19870 37 14 48  1  0	
 0  0      0 5030784  52624 1250096    0    0     0     4 11125 20138 36 12 52  0  0	
 5  1      0 5030784  52624 1250104    0    0     0     5 11335 20613 37 12 49  1  0	
 0  0      0 5030884  52624 1250112    0    0     0     7 11857 20765 37 14 48  1  0	
 2  0      0 5030520  52624 1250120    0    0     0     5 11402 20240 37 13 50  0  0	
 6  0      0 5030168  52624 1250128    0    0     0     1 11125 19533 38 15 47  0  0	
 2  0      0 5030952  52624 1250136    0    0     0    15 11447 20908 38 16 46  0  0	
 2  0      0 5028224  52624 1250128    0    0     0    10 11023 20466 36 12 51  1  0	
procs -----------memory---------- ---swap-- -----io---- --system-- -----cpu-----
 r  b   swpd   free   buff  cache   si   so    bi    bo   in   cs us sy id wa st
 2  0      0 5030496  52624 1250136    0    0     0     5 10853 19788 36 12 52  0  0	
 1  0      0 5030652  52624 1250144    0    0     0     7 11594 19895 38 13 49  1  0	
 1  0      0 5030784  52624 1250152    0    0     0     9 11077 19395 35 12 53  0  0	
 2  1      0 5030784  52624 1250160    0    0     0     3 11063 19560 36 12 50  1  0	
 5  0      0 5030536  52624 1250180    0    0     0    16 11916 20395 36 14 49  0  0	
 0  0      0 5030660  52624 1250192    0    0     0     4 11123 19794 35 11 53  1  0	
 0  0      0 5030908  52624 1250196    0    0     0     0 10998 20352 37 12 51  0  0	
 0  0      0 5030412  52624 1250208    0    0     0     5 11636 20015 38 14 47  0  0	
 1  0      0 5030536  52624 1250220    0    0     0     5 11172 20072 37 12 51  0  0	
 3  0      0 5031032  52624 1250228    0    0     0     4 11331 20061 38 13 49  1  0	
 3  0      0 5031412  52624 1250232    0    0     0    15 11459 19625 37 14 49  0  0	
 4  0      0 5030668  52624 1250244    0    0     0     9 11281 19925 34 12 54  0  0	
 1  0      0 5030916  52624 1250248    0    0     0     5 10893 19309 37 13 50  0  0	
 2  0      0 5030400  52624 1250256    0    0     0     0 11349 19509 37 17 46  0  0	
 0  0      0 5030292  52624 1250268    0    0     0     4 11481 20607 37 13 50  0  0	
 2  0      0 5030820  52624 1250252    0    0     0     5 11284 20592 37 12 49  2  0	
 0  0      0 5030404  52624 1250268    0    0     0    15 11151 20521 37 13 50  0  0	
 1  0      0 5030808  52624 1250280    0    0     0     5 11074 19458 35 11 53  0  0	
 0  0      0 5030684  52624 1250288    0    0     0     8 11081 19216 35 12 52  1  0	
14  0      0 4993324  52624 1250296    0    0     0     1 11408 20064 36 13 51  0  0	
 3  0      0 5030544  52624 1250312    0    0     0     4 11569 20729 37 14 48  1  0	
procs -----------memory---------- ---swap-- -----io---- --system-- -----cpu-----
 r  b   swpd   free   buff  cache   si   so    bi    bo   in   cs us sy id wa st
 3  0      0 5030800  52624 1250324    0    0     0     6 11177 20209 36 12 51  1  0	
 0  0      0 5030428  52624 1250328    0    0     0    15 11035 20550 37 12 50  0  0	
 4  0      0 5030800  52624 1250340    0    0     0     6 11616 20027 37 15 48  0  0	
 1  0      0 5030188  52624 1250352    0    0     0     3 11173 20460 37 13 49  0  0	
 1  0      0 5030560  52624 1250364    0    0     0     2 11042 20084 37 11 52  0  0	
 2  0      0 5030436  52624 1250368    0    0     0     6 12034 20303 38 14 47  0  0	
 0  0      0 5030312  52624 1250376    0    0     0     6 11202 19444 35 12 52  0  0	
 0  0      0 5030448  52624 1250384    0    0     0    14 11025 20381 40 15 45  0  0	
 1  0      0 5030620  52624 1250388    0    0     0     4 11678 19457 36 14 51  0  0	
 2  0      0 5030232  52628 1250380    0    0     0     1 10960 20570 38 12 48  2  0	
 0  0      0 5030488  52628 1250388    0    0     0     7 10915 20133 36 12 52  0  0	
 1  0      0 5030420  52628 1250400    0    0     0     7 11791 20246 38 14 46  1  0	
 3  0      0 5030676  52628 1250408    0    0     0     5 11289 20557 37 12 51  0  0	
 4  0      0 5030312  52628 1250416    0    0     0    15 11117 19536 37 12 49  3  0	
 1  0      0 5030512  52628 1250420    0    0     0     6 11735 19368 36 14 50  0  0	
 8  0      0 5030272  52628 1250432    0    0     0     4 11147 20238 38 13 49  0  0	
 0  0      0 5030528  52628 1250440    0    0     0     4 11034 19847 35 11 52  1  0	
 3  0      0 5030428  52628 1250448    0    0     0     4 11852 20169 37 15 48  0  0	
 2  0      0 5030552  52628 1250452    0    0     0    10 11148 20419 37 13 50  0  0	
 5  0      0 5030180  52628 1250476    0    0     0     9 10851 19898 37 12 51  0  0	
 2  0      0 5030436  52628 1250484    0    0     0     7 11930 19889 37 14 48  2  0	
procs -----------memory---------- ---swap-- -----io---- --system-- -----cpu-----
 r  b   swpd   free   buff  cache   si   so    bi    bo   in   cs us sy id wa st
 4  0      0 5030684  52628 1250492    0    0     0     4 11209 19713 36 13 51  0  0	
 3  0      0 5029420  52628 1250504    0    0     0     5 11263 20125 37 11 51  1  0	
 3  0      0 5030192  52628 1250516    0    0     0     4 11572 20121 40 17 43  0  0	
 1  0      0 5030364  52628 1250500    0    0     0     7 11413 21147 38 12 49  1  0	
 2  0      0 5030280  52628 1250508    0    0     0    18 10989 19975 36 12 52  0  0	
 4  0      0 5030628  52628 1250516    0    0     0     0 11787 20628 39 14 47  0  0	
 8  0      0 5030256  52628 1250528    0    0     0     6 11127 20002 38 13 48  0  0	
 2  0      0 5030504  52628 1250536    0    0     0     4 11332 20764 37 12 50  1  0	
 0  0      0 5030272  52628 1250544    0    0     0     6 11872 19629 37 14 49  0  0	
 2  0      0 5030272  52628 1250548    0    0     0     5 11098 20174 37 12 50  1  0	
 1  0      0 5030280  52628 1250568    0    0     0    15 11357 19964 37 12 50  0  0	
 1  0      0 5030528  52628 1250580    0    0     0     9 11709 20502 37 13 50  0  0	
 0  0      0 5030636  52628 1250584    0    0     0     5 10990 20234 36 13 51  0  0	
 2  1      0 5030528  52628 1250592    0    0     0     0 10958 20646 36 12 51  2  0	
 3  0      0 5030008  52628 1250600    0    0     0     5 11502 19216 36 15 49  1  0	
 3  0      0 5030404  52628 1250612    0    0     0     5 11279 20530 37 12 51  0  0	
 1  0      0 5030512  52628 1250616    0    0     0    15 11090 20205 37 13 49  1  0	
 2  0      0 5030308  52628 1250632    0    0     0    10 11786 20701 41 18 41  0  0	
 1  0      0 5029936  52628 1250616    0    0     0     4 11178 19910 36 12 52  0  0	
 1  0      0 5030184  52628 1250628    0    0     0     5 11280 20597 36 12 52  0  0	
 4  0      0 5030124  52628 1250636    0    0     0     3 11498 19779 36 14 50  0  0	
procs -----------memory---------- ---swap-- -----io---- --system-- -----cpu-----
 r  b   swpd   free   buff  cache   si   so    bi    bo   in   cs us sy id wa st
 0  0      0 5030132  52628 1250644    0    0     0     4 11005 19750 37 13 50  0  0	
 2  0      0 5030396  52628 1250660    0    0     0    15 10993 19885 36 11 51  2  0	
 1  0      0 5030156  52628 1250672    0    0     0     7 11504 20249 37 14 49  0  0	
 1  0      0 5030296  52628 1250680    0    0     0     4 11018 19658 36 12 49  2  0	
 3  0      0 5030024  52628 1250692    0    0     0     7 11509 21112 39 13 48  0  0	
 1  0      0 5030296  52628 1250700    0    0     0     4 11916 19615 36 14 48  2  0	
 0  0      0 5030296  52628 1250712    0    0     0     8 11222 20610 38 13 49  0  0	
 2  0      0 5030296  52628 1250716    0    0     0    15 10966 19608 36 11 50  2  0	
 5  0      0 5030660  52628 1250724    0    0     0     6 11535 20035 38 15 47  0  0	
 3  0      0 5030164  52628 1250736    0    0     0     0 11071 20024 36 12 52  0  0	
 2  0      0 5030172  52628 1250744    0    0     0     5 11208 20003 37 12 50  2  0	
 5  0      0 5029484  52628 1250752    0    0     0     6 11769 20365 40 17 42  0  0	
 6  0      0 5029664  52628 1250764    0    0     0     5 11193 19984 36 13 51  0  0	
 4  0      0 5030084  52628 1250748    0    0     0    15 11323 20365 38 12 50  0  0	
 4  0      0 5030116  52628 1250756    0    0     0     9 11615 20664 38 13 48  0  0	
 0  0      0 5030048  52628 1250768    0    0     0     4 11477 20690 37 13 50  0  0	
 2  0      0 5030180  52628 1250776    0    0     0     4 10848 20203 35 12 51  1  0	
 0  0      0 5029932  52628 1250784    0    0     0     3 11570 20342 37 14 50  0  0	
 2  0      0 5030056  52628 1250796    0    0     0     4 11157 20004 38 13 48  1  0	
 2  0      0 5030188  52628 1250804    0    0     0     8 11100 19053 35 11 54  0  0	
 2  0      0 5030676  52628 1250808    0    0     0     6 11969 20991 38 15 47  0  0	
procs -----------memory---------- ---swap-- -----io---- --system-- -----cpu-----
 r  b   swpd   free   buff  cache   si   so    bi    bo   in   cs us sy id wa st
 2  0      0 5030048  52628 1250820    0    0     0     8 11372 20123 37 12 51  0  0	
 2  0      0 5030048  52628 1250828    0    0     0     4 11270 20908 37 12 48  3  0	
 3  0      0 5029684  52628 1250836    0    0     0     4 11041 18901 34 12 54  0  0	
 0  0      0 5030048  52628 1250844    0    0     0     8 11375 19897 37 13 47  3  0	
 1  0      0 5030056  52628 1250864    0    0     0    19 10720 19686 36 11 53  0  0	
 6  0      0 5029940  52628 1250868    0    0     0     6 11514 19577 36 14 49  0  0	
 3  0      0 5029804  52628 1250880    0    0     0     4 11562 20444 39 16 45  0  0	
 0  0      0 5029916  52628 1250888    0    0     0     0 11348 20687 37 12 51  0  0	
 5  0      0 5030024  52628 1250876    0    0     0     5 11673 20884 37 14 48  1  0	
 2  0      0 5029932  52628 1250884    0    0     0     4 11470 20453 37 13 50  0  0	
 0  0      0 5029832  52628 1250896    0    0     0    15 11159 20687 38 12 48  2  0	
 3  0      0 5028888  52628 1250900    0    0     0     6 11041 20803 37 12 51  0  0	
 0  0      0 5030004  52628 1250912    0    0     0     6 11633 20424 39 14 47  0  0	
 1  0      0 5030004  52628 1250924    0    0     0     4 10682 19045 35 11 54  0  0	
 0  0      0 5030004  52628 1250932    0    0     0     4 10996 19833 36 11 53  0  0	
 3  0      0 5029756  52628 1250936    0    0     0     0 11615 20017 37 14 49  0  0	
 1  0      0 5029756  52628 1250956    0    0     0    13 11086 19878 36 11 51  2  0	
 1  0      0 5030128  52628 1250968    0    0     0     6 11025 20314 36 12 52  0  0	
 5  0      0 5030136  52628 1250976    0    0     0     8 11542 20006 37 14 49  0  0	
 1  0      0 5029748  52628 1250980    0    0     0     7 11158 20644 36 13 51  0  0	
 0  0      0 5029648  52628 1250992    0    0     0     4 11004 19739 35 12 53  0  0	
procs -----------memory---------- ---swap-- -----io---- --system-- -----cpu-----
 r  b   swpd   free   buff  cache   si   so    bi    bo   in   cs us sy id wa st
 5  0      0 5029888  52628 1251000    0    0     0     5 12074 20348 37 15 48  0  0	
 1  0      0 5029396  52628 1251008    0    0     0    17 10946 19480 37 14 48  1  0	
 1  0      0 5029576  52628 1251020    0    0     0     0 11051 19412 36 12 53  0  0	
 0  0      0 5029700  52628 1251008    0    0     0     6 11833 20373 38 15 46  1  0	
 0  0      0 5029764  52628 1251016    0    0     0     9 10956 19900 35 12 53  0  0	
 0  0      0 5029904  52628 1251024    0    0     0     5 11123 20497 38 12 50  0  0	
 5  0      0 5029904  52628 1251036    0    0     0     5 11514 19774 37 14 48  0  0	
 0  0      0 5029904  52628 1251052    0    0     0    14 11007 19901 35 11 54  0  0	
 2  0      0 5029780  52628 1251068    0    0     0     4 10919 19829 37 12 50  2  0	
 2  0      0 5029656  52628 1251076    0    0     0     0 11980 20332 37 15 48  0  0	
 0  0      0 5029632  52632 1251084    0    0     0     3 11533 20889 37 13 49  1  0	
 0  0      0 5029408  52632 1251092    0    0     0    11 11334 20011 36 12 52  0  0	
 0  0      0 5029656  52632 1251104    0    0     0     6 11929 20845 39 15 46  0  0	
 4  0      0 5029584  52632 1251108    0    0     0    17 11035 20612 37 14 48  0  0	
 1  0      0 5029600  52632 1251116    0    0     0     5 11079 20445 36 13 51  0  0	
 5  0      0 5029732  52632 1251124    0    0     0     9 11636 20415 39 15 46  0  0	
 5  0      0 5029856  52632 1251132    0    0     0     5 10893 19424 36 12 50  2  0	
 3  0      0 5029628  52632 1251140    0    0     0     4 11163 20039 38 14 48  0  0	
 1  0      0 5029296  52632 1251132    0    0     0     5 12145 20570 39 15 46  0  0	
 1  0      0 5029428  52632 1251148    0    0     0    19 11281 20238 37 11 52  0  0	
 0  0      0 5029740  52632 1251160    0    0     0     0 11160 20594 37 12 50  1  0	
procs -----------memory---------- ---swap-- -----io---- --system-- -----cpu-----
 r  b   swpd   free   buff  cache   si   so    bi    bo   in   cs us sy id wa st
 2  0      0 5029492  52632 1251168    0    0     0     5 11717 20629 38 15 47  0  0	
 8  0      0 5029748  52632 1251176    0    0     0     4 11060 20048 36 12 49  4  0	
 0  0      0 5029756  52632 1251180    0    0     0     5 10938 19753 36 11 52  0  0	
 0  0      0 5029524  52632 1251192    0    0     0     5 12065 20369 38 14 48  0  0	
 1  0      0 5029524  52632 1251200    0    0     0    14 11280 20089 36 12 48  3  0	
 2  0      0 5029648  52632 1251208    0    0     0     2 11307 20233 36 12 52  0  0	
 1  0      0 5029896  52632 1251224    0    0     0     4 11860 20068 38 15 48  0  0	
 4  0      0 5029772  52632 1251232    0    0     0     5 11113 20249 36 13 51  0  0	
 6  0      0 5029408  52632 1251236    0    0     0     6 11045 20095 35 12 52  1  0	
 0  0      0 5029532  52632 1251244    0    0     0     4 11457 20183 37 14 49  0  0	
 0  0      0 5029656  52632 1251252    0    0     0    17 11069 20117 36 12 51  1  0	
 4  0      0 5029264  52632 1251260    0    0     0     5 10804 20355 39 15 46  0  0	
 0  0      0 5029436  52632 1251268    0    0     0     8 11888 19835 36 13 50  0  0	
 0  0      0 5029560  52632 1251256    0    0     0     0 11248 20553 36 12 51  0  0	
 0  0      0 5029492  52632 1251264    0    0     0     5 10930 19878 36 12 52  1  0	
 1  0      0 5029392  52632 1251272    0    0     0     5 11960 20821 39 16 45  0  0	
 1  0      0 5029632  52632 1251284    0    0     0    15 10794 19465 36 11 51  2  0	
13  0      0 5029516  52632 1251288    0    0     0     5 10897 20176 36 12 51  0  0	
 0  1      0 5029640  52632 1251300    0    0     0     6 11628 20485 37 16 47  1  0	
 4  0      0 5029400  52632 1251308    0    0     0     8 10927 19621 36 12 51  1  0	
 2  0      0 5029408  52632 1251316    0    0     0     4 11340 20361 38 12 50  0  0	
procs -----------memory---------- ---swap-- -----io---- --system-- -----cpu-----
 r  b   swpd   free   buff  cache   si   so    bi    bo   in   cs us sy id wa st
 1  0      0 5029532  52632 1251320    0    0     0     3 11543 19789 37 13 50  0  0	
 0  0      0 5029656  52632 1251340    0    0     0    10 11211 19641 36 12 53  0  0	
 3  0      0 5029408  52632 1251352    0    0     0     7 10995 19596 37 11 50  2  0	
 2  0      0 5029284  52632 1251364    0    0     0     6 11724 19623 37 14 49  0  0	
 2  0      0 5029408  52632 1251368    0    0     0     3 11112 20053 36 12 50  2  0	
 3  0      0 5029268  52632 1251380    0    0     0     8 10850 20002 35 11 53  0  0	
 2  0      0 5029148  52632 1251392    0    0     0     4 11593 20625 40 18 41  1  0	
 0  0      0 5029088  52632 1251400    0    0     0    16 11439 20178 35 12 53  0  0	
 2  0      0 5029468  52632 1251392    0    0     0     0 11459 20654 37 12 50  0  0	
 1  0      0 5029872  52632 1251404    0    0     0     6 11981 20093 38 15 47  0  0	
 0  0      0 5029384  52632 1251408    0    0     0     9 11515 20714 36 13 49  2  0	
 0  0      0 5029400  52632 1251420    0    0     0     5 11104 20642 37 12 51  0  0	
 6  0      0 5029160  52632 1251424    0    0     0     9 11210 19574 37 15 48  0  0	
 0  0      0 5029532  52632 1251444    0    0     0    16 11058 19674 36 11 53  0  0	
 0  0      0 5029408  52632 1251456    0    0     0     6 11012 20080 36 11 52  0  0	
 4  0      0 5029004  52632 1251460    0    0     0     5 11243 19605 35 14 50  0  0	
 2  0      0 5029268  52632 1251468    0    0     0     5 11439 19800 37 12 51  0  0	
 0  0      0 5029284  52632 1251476    0    0     0     0 11242 20241 36 11 51  2  0	
10  0      0 4986456  52632 1251484    0    0     0     4 11506 20559 38 14 48  0  0	
 0  0      0 5029268  52632 1251488    0    0     0    17 11391 20193 37 14 46  4  0	
 0  0      0 5029276  52632 1251496    0    0     0     5 10848 19803 36 11 53  1  0	
procs -----------memory---------- ---swap-- -----io---- --system-- -----cpu-----
 r  b   swpd   free   buff  cache   si   so    bi    bo   in   cs us sy id wa st
 1  0      0 5029400  52632 1251512    0    0     0     8 10968 20284 36 12 51  2  0	
 0  0      0 5028868  52632 1251524    0    0     0     9 11929 20822 42 19 38  0  0	
 1  0      0 5029040  52632 1251508    0    0     0     5 11453 20655 36 12 51  0  0	
 0  0      0 5028956  52632 1251520    0    0     0     4 11230 20342 38 12 50  0  0	
 1  0      0 5029096  52632 1251536    0    0     0     8 12001 20047 37 15 45  4  0	
 0  0      0 5029376  52632 1251548    0    0     0    11 11210 19831 37 11 51  0  0	
 0  0      0 5029004  52632 1251556    0    0     0     6 10783 20686 36 11 53  0  0	
 2  0      0 5028980  52632 1251564    0    0     0     4 11669 20200 38 15 48  0  0	
 7  0      0 5029252  52632 1251568    0    0     0     5 10892 20176 36 11 52  0  0	
 0  0      0 5029152  52632 1251576    0    0     0     4 10908 19977 36 11 53  0  0	
 1  0      0 5028948  52632 1251584    0    0     0    16 12063 20529 38 17 45  0  0	
 0  0      0 5028972  52632 1251592    0    0     0     4 11275 20120 36 11 50  2  0	
 1  0      0 5028996  52632 1251608    0    0     0     2 11181 20078 36 12 53  0  0	
 5  0      0 5029252  52632 1251616    0    0     0     5 11995 20537 37 16 45  2  0	
 2  0      0 5029136  52632 1251620    0    0     0     6 10949 20544 36 12 51  0  0	
 0  0      0 5029144  52632 1251628    0    0     0     6 10749 19574 36 11 52  1  0	
 4  0      0 5028816  52632 1251640    0    0     0    16 12010 20681 40 18 42  0  0	
 1  0      0 5029220  52632 1251652    0    0     0     4 10965 19725 37 12 51  0  0	
 1  0      0 5029236  52632 1251636    0    0     0     4 11124 20612 36 12 51  0  0	
 2  0      0 5029136  52632 1251648    0    0     0     6 11765 19780 37 14 46  3  0	
 1  0      0 5029012  52632 1251652    0    0     0     5 11118 20401 36 12 52  0  0	
procs -----------memory---------- ---swap-- -----io---- --system-- -----cpu-----
 r  b   swpd   free   buff  cache   si   so    bi    bo   in   cs us sy id wa st
 1  0      0 5029268  52632 1251656    0    0     0     7 10807 19361 35 11 53  0  0	
 7  0      0 5029136  52632 1251668    0    0     0    16 11733 20570 36 15 48  0  0	
 0  0      0 5029136  52632 1251672    0    0     0     4 11054 20093 37 11 52  0  0	
 4  0      0 5029136  52632 1251688    0    0     0     0 10898 19851 37 12 52  0  0	
 1  0      0 5029260  52632 1251696    0    0     0     5 11832 20467 37 15 48  0  0	
 0  0      0 5029144  52632 1251704    0    0     0     6 11538 21030 37 12 49  1  0	
 3  0      0 5029020  52632 1251708    0    0     0     5 11322 20442 38 12 50  0  0	
 3  0      0 5029144  52632 1251728    0    0     0    17 11746 19420 36 15 47  1  0	
 3  0      0 5029144  52632 1251740    0    0     0     6 11054 19613 37 11 51  0  0	
 0  0      0 5028896  52632 1251748    0    0     0     5 10856 20060 37 12 51  0  0	
 1  0      0 5028652  52632 1251764    0    0     0     4 11870 19976 40 17 43  0  0	
 0  0      0 5028776  52632 1251772    0    0     0     5 10757 19670 34 12 51  4  0	
 0  0      0 5028972  52632 1251756    0    0     0     0 11034 20341 35 11 53  0  0	
 2  0      0 5029128  52632 1251764    0    0     0    12 11850 20172 37 15 45  3  0	
 3  0      0 5029260  52632 1251776    0    0     0    10 11264 19721 37 11 52  0  0	
 1  0      0 5029020  52632 1251792    0    0     0     6 11214 20448 36 12 52  0  0	
 1  0      0 5029228  52632 1251796    0    0     0     3 11518 19823 36 15 49  0  0	
 2  0      0 5028732  52632 1251808    0    0     0     5 11011 20312 36 12 52  0  0	
 0  0      0 5028880  52632 1251812    0    0     0     3 10991 20092 38 12 49  2  0	
 9  0      0 5029004  52632 1251828    0    0     0    14 11699 20653 37 15 48  0  0	
 2  0      0 5029004  52632 1251844    0    0     0    10 11081 19990 35 11 53  1  0	
procs -----------memory---------- ---swap-- -----io---- --system-- -----cpu-----
 r  b   swpd   free   buff  cache   si   so    bi    bo   in   cs us sy id wa st
 2  0      0 5029252  52632 1251848    0    0     0     5 11201 20297 37 12 51  0  0	
 7  0      0 5029104  52632 1251856    0    0     0     9 12138 20912 37 15 47  1  0	
 1  0      0 5028880  52632 1251864    0    0     0     0 10981 19712 35 12 52  0  0	
 2  0      0 5029128  52632 1251872    0    0     0     5 10959 19765 37 12 51  0  0	
 2  0      0 5028996  52632 1251876    0    0     0    12 11771 19883 36 15 49  0  0	
 2  0      0 5028736  52632 1251888    0    0     0     7 11082 21146 39 15 43  3  0	
 0  0      0 5028576  52632 1251900    0    0     0     4 10772 19555 35 12 52  0  0	
 1  0      0 5028932  52632 1251888    0    0     0     5 11622 20732 38 15 45  2  0	
 6  0      0 5028708  52632 1251896    0    0     0     7 11109 20008 35 12 54  0  0	
 0  0      0 5028732  52632 1251904    0    0     0     4 11086 20221 37 11 52  0  0	
 1  0      0 5028996  52632 1251920    0    0     0    15 11726 20036 37 14 48  2  0	
10  0      0 5028880  52632 1251936    0    0     0     4 11197 20034 36 12 52  0  0	
 0  0      0 5028508  52632 1251944    0    0     0     7 11031 20407 37 12 51  0  0	
 3  0      0 5028632  52632 1251948    0    0     0     1 11188 19388 35 14 51  0  0	
 0  0      0 5028632  52632 1251956    0    0     0     6 11062 20552 37 12 48  3  0	
 0  0      0 5028764  52632 1251964    0    0     0     9 11194 20495 37 12 51  0  0	
 0  0      0 5028648  52632 1251972    0    0     0    16 11885 20285 36 15 49  0  0	
 0  0      0 5028772  52632 1251976    0    0     0     5 11156 19735 36 11 53  0  0	
 0  0      0 5028648  52632 1251996    0    0     0     6 10972 20352 35 12 52  0  0	
 1  0      0 5029268  52632 1252000    0    0     0     1 11881 19692 37 15 49  0  0	
 1  0      0 5028648  52632 1252008    0    0     0     8 11195 20329 36 12 51  0  0	
procs -----------memory---------- ---swap-- -----io---- --system-- -----cpu-----
 r  b   swpd   free   buff  cache   si   so    bi    bo   in   cs us sy id wa st
 1  0      0 5028216  52632 1252020    0    0     0     5 10812 19665 37 15 48  0  0	
 3  0      0 5027992  52632 1252036    0    0     0    17 11551 20220 36 15 48  1  0	
 2  0      0 5081900  52632 1252024    0    0     0    12 12083 20909 38 12 49  1  0	
 4  0      0 5081964  52632 1252032    0    0     0     5 11674 20296 37 13 50  0  0	
 4  0      0 5081980  52632 1252040    0    0     0     4 11993 19808 37 15 48  0  0	
 3  0      0 5082484  52632 1252048    0    0     0     5 11921 20250 37 12 51  0  0	
 1  0      0 5082360  52632 1252056    0    0     0     4 11325 19905 36 12 52  0  0	
 0  1      0 5081932  52632 1252064    0    0     0    10 11803 20599 38 17 45  0  0	
 0  0      0 5065076  52632 1252072    0    0     0    14 11976 20429 41 13 46  1  0	
 3  0      0 5011772  52632 1252088    0    0     0     7 11782 20582 41 13 46  0  0	
20  0      0 4973060  52632 1252096    0    0     0     6 11775 19661 39 14 46  0  0	
 0  0      0 4989948  52632 1252104    0    0     0    11 12662 20821 43 15 42  0  0	
 2  0      0 5009152  52632 1252112    0    0     0    11 11085 18870 34 11 54  0  0	
 0  0      0 5009020  52632 1252136    0    0     0    15 11282 19062 35 12 53  0  0	
 1  0      0 5009260  52632 1252140    0    0     0     6 11984 19363 36 14 48  2  0	
 1  0      0 5007232  52632 1252152    0    0     0     0 11181 20068 40 14 46  0  0	
 3  0      0 5008596  52632 1252160    0    0     0    14 11384 21330 39 14 44  3  0	
 1  0      0 5007900  52632 1252168    0    0     0     5 11770 20086 37 14 49  0  0	
 1  0      0 5009156  52632 1252152    0    0     0     5 11483 19956 36 11 53  0  0	
 4  0      0 5008872  52632 1252160    0    0     0    16 11472 19465 36 12 52  0  0	
 3  0      0 5009120  52632 1252168    0    0     0     5 12089 19796 38 14 49  0  0	
procs -----------memory---------- ---swap-- -----io---- --system-- -----cpu-----
 r  b   swpd   free   buff  cache   si   so    bi    bo   in   cs us sy id wa st
 1  0      0 5009020  52632 1252180    0    0     0     5 11664 20582 38 12 50  0  0	
 0  1      0 5009268  52632 1252188    0    0     0     4 11357 20139 38 12 50  1  0	
 4  0      0 5009268  52632 1252196    0    0     0     6 11812 20183 38 15 45  2  0	
 0  0      0 5009276  52632 1252204    0    0     0     3 11204 19737 36 11 52  0  0	
 4  0      0 5009268  52632 1252228    0    0     0    12 11446 21039 37 13 50  0  0	
 0  0      0 5008772  52632 1252240    0    0     0     7 11998 19252 37 14 50  0  0	
 0  0      0 5008896  52632 1252244    0    0     0     3 11644 20227 37 12 51  0  0	
 1  0      0 5009268  52632 1252252    0    0     0     4 11646 19992 37 12 51  0  0	
 5  0      0 5009020  52632 1252264    0    0     0     5 12037 19791 36 14 48  1  0	
 0  0      0 5009144  52632 1252272    0    0     0     3 11345 20160 37 12 51  0  0	
 0  0      0 5008700  52632 1252280    0    0     0    11 11073 19743 37 16 46  1  0	
 0  0      0 5008824  52632 1252292    0    0     0     8 11806 19580 36 14 50  0  0	
 2  0      0 5008956  52632 1252284    0    0     0     4 11536 20811 37 12 50  0  0	
12  0      0 5009244  52632 1252292    0    0     0     5 11270 19341 35 11 53  0  0	
 2  0      0 5008864  52632 1252300    0    0     0     6 12106 20516 35 16 47  2  0	
 2  0      0 5008740  52632 1252308    0    0     0     4 11493 20084 36 12 52  0  0	
 2  1      0 5008872  52632 1252324    0    0     0    15 11472 20497 36 13 49  1  0	
 1  0      0 5008996  52632 1252336    0    0     0     7 11995 20032 38 13 48  0  0	
 5  0      0 5008872  52632 1252344    0    0     0     4 11087 19813 35 12 53  0  0	
 0  0      0 5008608  52632 1252348    0    0     0     7 11425 20844 37 12 50  0  0	
 3  0      0 5008756  52632 1252356    0    0     0     5 11992 20026 37 14 49  0  0	
procs -----------memory---------- ---swap-- -----io---- --system-- -----cpu-----
 r  b   swpd   free   buff  cache   si   so    bi    bo   in   cs us sy id wa st
 1  1      0 5008888  52632 1252364    0    0     0     3 11392 19801 37 12 51  0  0	
 0  0      0 5009012  52632 1252376    0    0     0    10 11748 20356 36 13 51  0  0	
 2  0      0 5008640  52632 1252380    0    0     0     7 12455 20564 38 15 46  2  0	
 3  0      0 5008764  52632 1252396    0    0     0     6 11672 20756 36 12 51  0  0	
 1  0      0 5005444  52632 1252408    0    0     0     8 11669 20522 39 14 47  0  0	
 4  0      0 5008840  52632 1252412    0    0     0     9 11681 20349 38 16 46  0  0	
 3  0      0 5008716  52632 1252400    0    0     0     5 11567 20489 38 12 48  2  0	
 0  0      0 5008756  52632 1252420    0    0     0    15 11021 19373 35 13 52  0  0	
 1  0      0 5009004  52632 1252428    0    0     0     4 12117 20067 36 14 49  0  0	
 1  0      0 5008764  52632 1252440    0    0     0     0 11394 19578 36 12 51  0  0	
 5  0      0 5008872  52632 1252444    0    0     0     5 11581 20571 37 12 49  2  0	
 1  0      0 5008772  52632 1252452    0    0     0     4 12409 20669 37 14 48  0  0	
 5  1      0 5009144  52632 1252460    0    0     0     7 11432 20167 37 11 51  0  0	
 3  0      0 5008640  52632 1252468    0    0     0    15 11115 19686 35 13 51  2  0	
 2  0      0 5009012  52632 1252476    0    0     0     5 12033 19635 36 13 50  0  0	
 5  0      0 5008748  52632 1252488    0    0     0     5 11169 20211 37 12 51  0  0	
 0  0      0 5008640  52632 1252500    0    0     0     3 11488 20036 36 12 52  0  0	
 1  0      0 5008856  52632 1252508    0    0     0     0 11995 20155 38 15 43  4  0	
 0  0      0 5008640  52632 1252512    0    0     0     6 11653 20371 36 11 53  0  0	
 1  0      0 5008988  52632 1252528    0    0     0    15 11170 18776 34 12 54  0  0	
 0  0      0 5008892  52632 1252536    0    0     0     7 11988 20683 41 16 43  0  0	
procs -----------memory---------- ---swap-- -----io---- --system-- -----cpu-----
 r  b   swpd   free   buff  cache   si   so    bi    bo   in   cs us sy id wa st
 3  0      0 5008296  52632 1252520    0    0     0     3 11236 19975 36 12 51  1  0	
 3  0      0 5008624  52632 1252532    0    0     0     8 11372 19863 36 12 52  0  0	
 6  0      0 5008888  52632 1252536    0    0     0     0 11672 19665 36 14 50  1  0	
 5  0      0 5008896  52632 1252544    0    0     0     5 11469 20042 37 12 52  0  0	
 1  0      0 5008632  52632 1252552    0    0     0    13 11334 19236 35 13 50  2  0	
 3  0      0 5008508  52632 1252560    0    0     0    10 12334 19912 37 14 49  1  0	
 1  0      0 5008508  52632 1252568    0    0     0     4 11486 19450 35 11 53  0  0	
 2  0      0 5008756  52632 1252580    0    0     0     5 11497 20768 37 14 49  0  0	
 0  0      0 5008880  52632 1252588    0    0     0     6 11698 19853 38 14 48  0  0	
 5  0      0 5008756  52632 1252596    0    0     0     6 11365 19536 35 12 52  0  0	
 0  0      0 5008656  52632 1252616    0    0     0    14 11225 19486 34 12 54  0  0	
 2  0      0 5008788  52632 1252628    0    0     0     1 11830 19828 37 14 47  3  0	
 0  0      0 5008912  52632 1252632    0    0     0    11 11686 19886 36 11 53  0  0	
 2  0      0 5008664  52632 1252640    0    0     0     5 11438 19436 37 13 47  3  0	
 0  0      0 5008784  52632 1252652    0    0     0     4 11651 20134 38 16 46  0  0	
 3  0      0 5008676  52632 1252660    0    0     0     5 11828 20642 37 12 51  0  0	
 1  0      0 5008468  52632 1252648    0    0     0    15 11063 20087 34 12 52  2  0	
 6  0      0 4950924  52632 1252660    0    0     0     1 11447 20113 35 13 51  0  0	
 0  0      0 5008524  52632 1252668    0    0     0     3 11667 20249 35 12 53  0  0	
 0  0      0 5008532  52632 1252680    0    0     0     3 11541 20487 37 13 50  0  0	
 3  0      0 5008656  52632 1252688    0    0     0     6 11454 19607 35 11 50  4  0	
procs -----------memory---------- ---swap-- -----io---- --system-- -----cpu-----
 r  b   swpd   free   buff  cache   si   so    bi    bo   in   cs us sy id wa st
 3  0      0 5008408  52632 1252696    0    0     0     8 12473 20607 38 17 45  0  0	
 0  0      0 5008532  52632 1252712    0    0     0    15 11796 20123 36 12 51  1  0	
 4  0      0 5008780  52632 1252724    0    0     0     4 11265 19806 37 12 51  0  0	
 0  0      0 5008664  52632 1252732    0    0     0     4 11641 19500 35 12 53  0  0	
 0  0      0 5008384  52632 1252740    0    0     0     7 11424 20451 37 13 50  0  0	
 7  0      0 5008408  52632 1252744    0    0     0     4 11643 20965 38 12 48  2  0	
 0  0      0 5008656  52632 1252756    0    0     0     6 11987 20019 35 14 50  0  0	
 1  0      0 5008284  52632 1252760    0    0     0    19 11567 19808 36 12 52  0  0	
 2  0      0 5008492  52632 1252768    0    0     0     5 11742 20274 37 13 48  2  0	
 0  0      0 5008280  52632 1252780    0    0     0     0 12196 20532 39 16 46  0  0	
 1  0      0 5008304  52632 1252792    0    0     0     4 11110 19491 36 13 51  0  0	
 1  0      0 5008268  52632 1252776    0    0     0     5 11324 19936 35 12 53  0  0	
 3  0      0 5008648  52632 1252788    0    0     0     6 12272 20577 38 16 45  0  0	
 2  0      0 5008656  52632 1252808    0    0     0    16 11391 20212 37 12 51  0  0	
 5  0      0 5008656  52632 1252816    0    0     0     8 11524 19973 36 12 49  3  0	
 0  0      0 5008408  52632 1252832    0    0     0     4 11995 19420 35 13 52  0  0	
 1  0      0 5008408  52632 1252836    0    0     0     0 11609 20435 37 12 51  0  0	
 1  0      0 5008532  52632 1252844    0    0     0     4 11184 19180 35 14 51  0  0	
 0  0      0 5008408  52632 1252852    0    0     0     6 11953 20374 37 14 49  0  0	
 0  0      0 5008284  52632 1252860    0    0     0    15 11575 20591 38 13 49  0  0	
 2  0      0 5008532  52632 1252864    0    0     0     6 11057 19743 35 13 51  2  0	
procs -----------memory---------- ---swap-- -----io---- --system-- -----cpu-----
 r  b   swpd   free   buff  cache   si   so    bi    bo   in   cs us sy id wa st
 1  0      0 5008416  52632 1252876    0    0     0     4 11669 19417 35 13 52  0  0	
 1  0      0 5008292  52632 1252888    0    0     0     8 11586 20780 37 13 50  0  0	
 2  0      0 5008416  52632 1252896    0    0     0     7 11523 19921 36 12 50  3  0	
 0  0      0 5008072  52632 1252904    0    0     0     0 11971 20451 40 18 42  0  0	
 2  0      0 5008064  52632 1252916    0    0     0    15 11628 20361 36 12 50  3  0	
 2  0      0 5008096  52632 1252904    0    0     0     6 11605 21182 38 13 49  0  0	
 5  0      0 5008376  52632 1252912    0    0     0     5 11819 19456 35 13 51  0  0	
 3  0      0 5008640  52632 1252920    0    0     0     5 11349 20826 38 13 49  0  0	
 2  0      0 5008640  52632 1252928    0    0     0     7 11074 19697 35 12 51  2  0	
 0  0      0 5008152  52632 1252936    0    0     0     5 12152 19916 37 15 48  0  0	
 0  0      0 5008524  52632 1252944    0    0     0     9 11680 19716 36 12 51  2  0	
 8  0      0 5008276  52632 1252952    0    0     0     6 11525 20037 36 12 52  0  0	
 5  0      0 5008524  52632 1252964    0    0     0     7 12030 19643 36 13 51  0  0	
 2  0      0 5008284  52632 1252976    0    0     0     5 11278 20040 37 13 50  0  0	
 2  0      0 5008160  52632 1252984    0    0     0     4 11333 20240 36 12 52  0  0	
 1  0      0 5008772  52632 1252988    0    0     0     8 11686 19416 36 15 49  0  0	
 4  0      0 5008028  52632 1253008    0    0     0    17 11233 20107 36 12 51  0  0	
 3  0      0 5008276  52632 1253016    0    0     0     5 11420 20165 37 12 48  3  0	
 4  0      0 5008400  52632 1253020    0    0     0     1 12173 19837 37 13 50  0  0	
 1  0      0 5008072  52632 1253032    0    0     0     5 11776 21470 42 16 42  0  0	
10  0      0 5008120  52632 1253040    0    0     0     5 11618 19987 37 12 51  0  0	
procs -----------memory---------- ---swap-- -----io---- --system-- -----cpu-----
 r  b   swpd   free   buff  cache   si   so    bi    bo   in   cs us sy id wa st
 1  0      0 5008352  52632 1253028    0    0     0     4 12343 21067 38 15 47  0  0	
 2  0      0 5008012  52632 1253032    0    0     0    18 11369 20490 38 14 48  0  0	
 2  0      0 5008136  52632 1253044    0    0     0     5 11212 20096 37 12 49  3  0	
 4  0      0 5008260  52632 1253052    0    0     0     5 12116 20212 37 14 50  0  0	
 0  0      0 5008020  52632 1253064    0    0     0     6 11432 19650 36 12 51  0  0	
 1  0      0 5008276  52632 1253072    0    0     0     0 11687 20010 36 12 52  0  0	
 1  0      0 5008384  52632 1253084    0    0     0     4 11991 19526 36 15 49  0  0	
 1  0      0 5007872  52632 1253100    0    0     0    14 11691 19856 36 12 52  0  0	
 0  0      0 5008136  52632 1253112    0    0     0     6 10923 18865 35 12 53  0  0	
 6  0      0 5008028  52632 1253120    0    0     0     6 11641 20326 36 13 50  0  0	
 7  1      0 5008228  52632 1253128    0    0     0     4 11349 20420 37 13 47  3  0	
 1  0      0 5008276  52632 1253136    0    0     0     7 11264 20024 36 12 52  0  0	
 0  0      0 5008276  52632 1253144    0    0     0     5 11737 19656 36 14 51  0  0	
 2  0      0 5007744  52632 1253152    0    0     0    15 11741 20390 38 16 44  2  0	
 2  0      0 5007760  52632 1253160    0    0     0     0 11703 20914 37 12 50  0  0	
 3  0      0 5008196  52632 1253148    0    0     0     9 11784 19964 37 13 49  0  0	
 7  0      0 5003284  52632 1253160    0    0     0     4 11260 19324 36 13 51  0  0	
 1  0      0 5008152  52632 1253168    0    0     0     5 11493 20185 36 11 50  3  0	
 2  0      0 5008640  52632 1253176    0    0     0     6 11800 20597 39 16 46  0  0	
 5  0      0 5008160  52632 1253196    0    0     0    17 11659 20314 37 11 51  1  0	
 1  0      0 5007912  52632 1253204    0    0     0     4 11518 19779 36 13 51  0  0	
procs -----------memory---------- ---swap-- -----io---- --system-- -----cpu-----
 r  b   swpd   free   buff  cache   si   so    bi    bo   in   cs us sy id wa st
 6  0      0 5007896  52632 1253216    0    0     0     0 12045 20402 38 14 48  0  0	
 1  0      0 5008036  52632 1253220    0    0     0     4 11778 20340 36 13 52  0  0	
 0  0      0 5007912  52632 1253236    0    0     0    10 11513 20450 37 13 49  1  0	
 2  0      0 5007772  52632 1253244    0    0     0     7 11727 19960 35 14 51  0  0	
 2  0      0 5008036  52632 1253252    0    0     0    15 11647 20455 37 12 51  0  0	
 4  0      0 5007912  52632 1253256    0    0     0     5 11433 20156 36 13 48  3  0	
 3  0      0 5005540  52632 1253268    0    0     0     5 11164 19739 36 11 53  0  0	
 2  0      0 5008152  52632 1253280    0    0     0     5 12582 20241 37 14 47  2  0	
 1  0      0 5007628  52632 1253292    0    0     0     1 11442 20395 40 16 44  0  0	
 1  0      0 5008032  52632 1253280    0    0     0    11 11576 20578 35 12 52  0  0	
 1  0      0 5007980  52632 1253300    0    0     0    17 12253 21171 38 15 46  0  0	
 0  0      0 5007888  52632 1253308    0    0     0     5 11217 19192 36 13 50  2  0	
 2  0      0 5007880  52632 1253316    0    0     0     5 11457 19539 36 11 53  0  0	
 1  0      0 5007856  52632 1253324    0    0     0     5 11900 20309 37 14 48  1  0	
 0  0      0 5007640  52632 1253332    0    0     0     5 11549 20544 38 12 50  0  0	
 2  0      0 5008020  52632 1253336    0    0     0     5 11522 20635 36 13 51  0  0	
 0  0      0 5007896  52632 1253348    0    0     0     9 12177 19549 36 13 51  0  0	
 0  0      0 5007772  52632 1253352    0    0     0    10 11589 20281 37 13 50  1  0	
 2  0      0 5007640  52632 1253364    0    0     0     5 11601 20087 36 12 52  0  0	
 2  0      0 5007756  52632 1253372    0    0     0     4 12021 19930 37 14 49  0  0	
 3  0      0 5007648  52632 1253388    0    0     0     5 11407 20369 35 12 50  3  0	
procs -----------memory---------- ---swap-- -----io---- --system-- -----cpu-----
 r  b   swpd   free   buff  cache   si   so    bi    bo   in   cs us sy id wa st
 4  0      0 5008120  52632 1253392    0    0     0     3 11366 19989 37 12 51  0  0	
 2  0      0 5007896  52632 1253400    0    0     0    18 12529 21053 38 15 47  0  0	
 0  0      0 5007668  52632 1253412    0    0     0     1 11547 20223 40 15 45  0  0	
 7  0      0 5007444  52632 1253416    0    0     0     7 11683 19989 35 12 53  0  0	
 5  0      0 5007964  52632 1253404    0    0     0     9 12184 20438 38 14 48  0  0	
 3  0      0 5007640  52632 1253412    0    0     0     5 11403 20059 36 13 50  1  0	
 1  0      0 5007748  52632 1253420    0    0     0     5 11525 20182 37 11 52  0  0	
 0  0      0 5007896  52632 1253428    0    0     0    16 11796 20079 37 14 47  3  0	
 4  0      0 5007904  52632 1253436    0    0     0     1 11440 19837 36 12 51  0  0	
 1  0      0 5008028  52632 1253444    0    0     0     4 11118 19696 36 11 53  0  0	
 1  0      0 5007904  52632 1253452    0    0     0     5 11977 19458 35 13 51  0  0	
 7  0      0 5008020  52632 1253464    0    0     0     5 11559 20028 37 13 50  0  0	
 3  0      0 5008028  52632 1253472    0    0     0     6 11639 19807 36 11 53  0  0	
 2  0      0 5008128  52632 1253488    0    0     0    16 12299 20348 37 16 47  0  0	
 2  0      0 5008012  52632 1253504    0    0     0     4 11422 20002 35 12 50  2  0	
 0  0      0 5007764  52632 1253508    0    0     0     7 11092 19468 36 12 52  0  0	
 1  0      0 5007532  52632 1253516    0    0     0     0 12072 19470 36 13 51  0  0	
 3  0      0 5007444  52632 1253532    0    0     0     4 11544 21089 40 16 44  0  0	
 0  0      0 5007816  52632 1253540    0    0     0     4 11632 20421 37 12 51  0  0	
 2  0      0 5007708  52632 1253528    0    0     0    19 12137 20827 38 16 46  0  0	
 1  0      0 5007508  52632 1253536    0    0     0     4 11747 20235 37 12 49  2  0	
procs -----------memory---------- ---swap-- -----io---- --system-- -----cpu-----
 r  b   swpd   free   buff  cache   si   so    bi    bo   in   cs us sy id wa st
 1  0      0 5007524  52632 1253548    0    0     0     3 11710 20303 37 12 51  0  0	
 2  0      0 5007648  52632 1253556    0    0     0     6 12093 20347 37 14 48  0  0	
 1  0      0 5007772  52632 1253564    0    0     0     0 11348 19872 35 13 52  0  0	
 5  0      0 5007780  52632 1253576    0    0     0     5 11325 19771 37 12 51  0  0	
 4  0      0 5007896  52632 1253592    0    0     0    15 11997 20642 38 17 45  0  0	
 5  0      0 5007648  52632 1253604    0    0     0    10 11359 19375 36 12 50  1  0	
 5  0      0 5007648  52632 1253612    0    0     0     4 11605 20307 36 12 52  0  0	
 2  0      0 5007384  52632 1253620    0    0     0     4 12073 19824 36 14 47  2  0	
 3  0      0 5007540  52632 1253624    0    0     0     7 11692 19955 36 12 52  0  0	
 5  1      0 5007788  52632 1253632    0    0     0     4 11657 20747 38 12 50  0  0	
 1  0      0 5007416  52632 1253640    0    0     0     8 11843 19454 37 14 46  2  0	
 3  0      0 5007540  52632 1253648    0    0     0     7 11528 20038 36 13 51  0  0	
 0  0      0 5007544  52632 1253660    0    0     0     7 11169 19764 38 15 47  0  0	
 5  0      0 5007312  52632 1253664    0    0     0     5 12314 19921 36 14 50  0  0	
 2  0      0 5007368  52632 1253660    0    0     0     8 11938 21513 38 13 46  3  0	
 2  0      0 5007392  52632 1253668    0    0     0     4 11671 20136 37 12 51  0  0	
 0  0      0 5008136  52632 1253688    0    0     0    10 12001 20150 37 15 47  1  0	
 1  0      0 5007764  52632 1253696    0    0     0     8 11362 19792 36 12 52  0  0	
 0  0      0 5007756  52632 1253704    0    0     0     4 11343 20757 38 13 49  0  0	
 1  0      0 5007764  52632 1253712    0    0     0     4 12434 20512 38 14 48  0  0	
 1  0      0 5007516  52632 1253720    0    0     0     7 11291 19722 35 13 51  2  0	
procs -----------memory---------- ---swap-- -----io---- --system-- -----cpu-----
 r  b   swpd   free   buff  cache   si   so    bi    bo   in   cs us sy id wa st
 3  0      0 5007640  52632 1253724    0    0     0     7 11397 19551 36 11 53  0  0	
 3  0      0 5007392  52632 1253736    0    0     0    16 12131 19821 37 15 48  0  0	
 1  0      0 5007640  52632 1253740    0    0     0     1 11930 19942 37 12 49  2  0	
 1  0      0 5007640  52632 1253752    0    0     0     4 11599 19831 36 12 52  0  0	
 0  0      0 5007772  52632 1253760    0    0     0     5 11970 20010 38 14 48  0  0	
 2  0      0 5007648  52632 1253772    0    0     0     5 11602 20206 36 13 51  0  0	
 3  0      0 5007148  52632 1253776    0    0     0    10 11340 19617 38 14 47  0  0	
 0  0      0 5007868  52632 1253784    0    0     0    16 11604 20246 37 15 48  0  0	
 3  0      0 5007444  52632 1253780    0    0     0     6 11897 20646 36 13 50  1  0	
 2  0      0 5007592  52632 1253788    0    0     0     5 11657 20344 37 12 50  0  0	
 2  0      0 5007128  52632 1253800    0    0     0     3 12204 19736 35 14 51  0  0	
 3  0      0 5007392  52632 1253808    0    0     0     0 11703 19643 36 12 52  0  0	
 0  0      0 5007640  52632 1253812    0    0     0     4 11610 19772 37 11 50  2  0	
 4  0      0 4964208  52632 1253820    0    0     0    18 11589 19461 36 13 50  0  0	
 1  0      0 5007532  52632 1253828    0    0     0     6 11587 19613 36 12 50  1  0	
 2  0      0 5007656  52632 1253836    0    0     0     6 11284 19733 36 12 53  0  0	
 1  1      0 5007408  52632 1253844    0    0     0     4 11613 20263 38 12 46  5  0	
 3  0      0 5007532  52632 1253856    0    0     0     0 12084 20042 37 15 48  1  0	
 0  0      0 5007532  52632 1253864    0    0     0     5 11601 19885 36 12 52  0  0	
 4  0      0 5007284  52632 1253880    0    0     0    14 11607 20378 36 13 51  0  0	
