procs -----------memory---------- ---swap-- -----io---- --system-- -----cpu-----
 r  b   swpd   free   buff  cache   si   so    bi    bo   in   cs us sy id wa st
 6  0      0 5077652  52380 1245916    0    0     0     0    2    7 19  8 72  1  0	
 3  0      0 5075836  52380 1245944    0    0     0     8 11248 20436 39 16 44  0  0	
 7  1      0 5075836  52380 1245948    0    0     0     2 11594 20438 37 14 49  0  0	
 6  0      0 5075828  52380 1245964    0    0     0     1 11308 20554 37 15 48  0  0	
 0  0      0 5075828  52380 1245980    0    0     0     3 11262 20710 36 13 51  0  0	
12  0      0 5073196  52380 1245996    0    0     0     2 11126 20567 40 18 42  0  0	
 1  0      0 5075468  52380 1245996    0    0     0     2 11443 20621 37 15 48  0  0	
 7  0      0 5075640  52380 1246008    0    0     0     7 11047 20022 36 12 50  2  0	
 6  1      0 5076112  52380 1245992    0    0     0    22 11660 20538 38 16 46  0  0	
 0  0      0 5075716  52380 1246008    0    0     0     6 12064 21339 39 15 44  2  0	
 1  0      0 5075632  52380 1246012    0    0     0     0 11299 20998 37 12 51  0  0	
 4  0      0 5033484  52380 1246028    0    0     0     4 11634 20082 36 17 46  2  0	
 1  0      0 5075632  52380 1246032    0    0     0     5 11384 20645 37 14 48  1  0	
 1  0      0 5075556  52380 1246048    0    0     0     7 10982 20557 39 16 44  1  0	
 1  0      0 5075448  52380 1246056    0    0     0    14 11095 20395 36 13 50  1  0	
 5  0      0 5075820  52380 1246064    0    0     0     6 11786 20032 37 16 46  1  0	
 0  0      0 5075992  52380 1246080    0    0     0     4 11132 20160 36 12 51  1  0	
 1  1      0 5075908  52380 1246092    0    0     0     5 11024 19768 35 13 50  3  0	
 2  0      0 5076040  52380 1246104    0    0     0     0 11755 20331 36 15 49  0  0	
 0  0      0 5075544  52380 1246108    0    0     0     3 11158 20395 35 13 52  1  0	
 1  0      0 5075552  52380 1246120    0    0     0    14 10947 19812 36 12 51  1  0	
procs -----------memory---------- ---swap-- -----io---- --system-- -----cpu-----
 r  b   swpd   free   buff  cache   si   so    bi    bo   in   cs us sy id wa st
 4  0      0 5075448  52380 1246124    0    0     0     7 11920 20643 39 19 36  5  0	
 1  0      0 5075876  52380 1246132    0    0     0     5 11355 20754 38 13 48  2  0	
 4  1      0 5075652  52380 1246144    0    0     0     5 11193 20108 36 13 49  2  0	
 1  0      0 5075884  52380 1246136    0    0     0     4 12194 20593 37 16 44  3  0	
 0  0      0 5075792  52380 1246140    0    0     0     5 11105 20147 36 14 48  1  0	
 1  0      0 5075940  52380 1246152    0    0     0    17 10949 19409 36 13 50  2  0	
 0  0      0 5076072  52380 1246160    0    0     0     5 11926 20150 37 15 48  1  0	
 1  0      0 5075948  52380 1246176    0    0     0     2 11085 19934 36 12 50  2  0	
 0  0      0 5076080  52380 1246188    0    0     0     4 11091 20096 35 13 51  1  0	
 4  0      0 5075816  52380 1246196    0    0     0     5 11605 19935 37 15 47  1  0	
 4  0      0 5075592  52380 1246200    0    0     0     5 11142 20285 37 12 49  1  0	
 4  0      0 5075584  52380 1246208    0    0     0    15 10918 19734 36 13 48  3  0	
 2  0      0 5075964  52380 1246216    0    0     0     6 11760 19224 35 15 48  1  0	
 0  0      0 5076096  52380 1246220    0    0     0     4 11174 19722 35 12 52  2  0	
 3  0      0 5076096  52380 1246236    0    0     0     0 11409 21091 37 13 50  0  0	
 2  0      0 5072844  52380 1246252    0    0     0     6 11850 20231 40 18 39  3  0	
 2  0      0 5075504  52380 1246260    0    0     0     3 11318 21381 37 14 49  1  0	
 0  0      0 5075676  52380 1246264    0    0     0    15 11116 20031 36 13 47  4  0	
 0  0      0 5075676  52380 1246260    0    0     0     3 12272 20856 38 16 45  1  0	
 3  0      0 5075700  52380 1246272    0    0     0     6 11074 19867 36 13 51  1  0	
 6  0      0 5075700  52380 1246284    0    0     0     1 11387 20875 38 13 49  0  0	
procs -----------memory---------- ---swap-- -----io---- --system-- -----cpu-----
 r  b   swpd   free   buff  cache   si   so    bi    bo   in   cs us sy id wa st
 4  0      0 5075716  52380 1246292    0    0     0     5 11675 19936 37 15 45  2  0	
 0  0      0 5075592  52380 1246304    0    0     0     6 11201 20372 37 13 49  1  0	
 1  0      0 5075708  52380 1246308    0    0     0    15 10972 19856 35 11 52  1  0	
 1  0      0 5075460  52380 1246320    0    0     0     4 11932 19581 37 16 44  2  0	
 5  0      0 5075716  52380 1246324    0    0     0     3 11029 19515 34 12 54  0  0	
 0  0      0 5075716  52380 1246340    0    0     0     4 11403 20569 38 13 47  2  0	
 0  0      0 5075468  52380 1246348    0    0     0     6 11939 20102 36 15 48  1  0	
 0  0      0 5075468  52380 1246356    0    0     0     5 11315 20143 36 12 48  3  0	
 0  0      0 5075708  52380 1246360    0    0     0    10 10967 19915 36 12 51  1  0	
 2  0      0 5075832  52380 1246368    0    0     0     6 11789 19531 37 15 44  3  0	
 2  0      0 5075232  52380 1246376    0    0     0     4 11121 20013 40 15 45  1  0	
 4  0      0 5075264  52380 1246384    0    0     0     6 11041 19634 35 12 51  2  0	
 1  0      0 5075396  52380 1246396    0    0     0     6 11739 20085 37 15 48  1  0	
 3  0      0 5075320  52380 1246384    0    0     0     6 11454 21451 37 13 49  1  0	
 6  0      0 5075344  52380 1246392    0    0     0    15 11004 19877 36 12 51  1  0	
 1  0      0 5075708  52380 1246396    0    0     0     2 11612 19301 36 15 49  0  0	
 5  0      0 5075840  52380 1246408    0    0     0     5 11396 20262 37 12 49  1  0	
 8  1      0 5075592  52380 1246420    0    0     0     4 11229 20823 38 14 48  1  0	
 1  0      0 5075468  52380 1246428    0    0     0     7 11840 19491 36 15 48  1  0	
 2  0      0 5075932  52380 1246436    0    0     0     6 11129 20547 37 15 48  1  0	
 1  0      0 5075692  52380 1246444    0    0     0    14 11084 20029 36 12 50  1  0	
procs -----------memory---------- ---swap-- -----io---- --system-- -----cpu-----
 r  b   swpd   free   buff  cache   si   so    bi    bo   in   cs us sy id wa st
 5  0      0 5075568  52380 1246452    0    0     0     5 12047 20410 36 16 47  1  0	
 0  0      0 5075436  52380 1246472    0    0     0     2 11076 19799 36 12 51  2  0	
 0  0      0 5075320  52380 1246480    0    0     0     4 10965 19874 36 12 50  1  0	
 3  0      0 5075684  52380 1246488    0    0     0     5 11507 20744 37 15 46  2  0	
 1  0      0 5075604  52380 1246496    0    0     0     4 11254 20476 38 16 45  1  0	
 0  0      0 5075480  52380 1246504    0    0     0    16 10860 19502 34 12 51  3  0	
 2  0      0 5075792  52380 1246508    0    0     0     5 11585 20202 38 17 45  0  0	
 2  0      0 5075304  52380 1246500    0    0     0     4 11378 20406 37 12 49  2  0	
 0  0      0 5075452  52380 1246520    0    0     0     2 11273 20055 36 13 51  0  0	
 1  0      0 5075064  52380 1246528    0    0     0     5 11969 20179 36 15 46  3  0	
 0  0      0 5075924  52384 1246532    0    0     0     6 11258 19904 37 14 48  1  0	
 1  0      0 5075544  52388 1246540    0    0     0    17 10787 20040 36 12 51  2  0	
 9  0      0 5027844  52388 1246552    0    0     0     4 10961 19527 35 14 48  3  0	
 1  0      0 5075568  52388 1246564    0    0     0     5 11711 20475 37 13 48  1  0	
 3  0      0 5075320  52388 1246580    0    0     0     5 11135 20196 36 12 50  1  0	
 0  0      0 5075328  52388 1246584    0    0     0     7 10742 19158 34 12 52  1  0	
 0  0      0 5075328  52388 1246592    0    0     0     1 11809 20150 37 15 45  3  0	
 1  0      0 5075452  52388 1246600    0    0     0    14 11174 20392 35 12 51  1  0	
 2  0      0 5075080  52388 1246608    0    0     0     6 11162 20555 37 13 47  3  0	
 0  0      0 5075328  52388 1246612    0    0     0     5 11715 19919 36 15 49  1  0	
 4  0      0 5074976  52388 1246628    0    0     0     4 10969 20277 38 16 44  2  0	
procs -----------memory---------- ---swap-- -----io---- --system-- -----cpu-----
 r  b   swpd   free   buff  cache   si   so    bi    bo   in   cs us sy id wa st
 0  0      0 5075148  52388 1246632    0    0     0     5 11158 20141 36 13 50  1  0	
 0  0      0 5076092  52388 1246620    0    0     0     4 11857 19707 37 16 45  2  0	
 6  0      0 5075372  52388 1246632    0    0     0     9 11330 20723 37 13 51  0  0	
 1  0      0 5075412  52388 1246644    0    0     0     7 12105 21969 37 14 48  1  0	
 6  0      0 5075296  52388 1246656    0    0     0     4 12261 20175 38 15 46  1  0	
 0  0      0 5075180  52388 1246672    0    0     0     6 11288 20669 37 13 45  5  0	
 1  0      0 5075328  52388 1246680    0    0     0     4 11050 19542 35 12 52  1  0	
 0  0      0 5075188  52388 1246696    0    0     0     4 11712 20340 37 15 47  1  0	
 3  0      0 5075064  52388 1246700    0    0     0    15 11098 19954 36 12 50  2  0	
 1  0      0 5075064  52388 1246712    0    0     0     9 10970 20102 36 13 50  1  0	
 1  0      0 5075204  52388 1246716    0    0     0     0 11865 19787 37 14 47  2  0	
 0  0      0 5075296  52388 1246724    0    0     0     4 11041 19742 35 13 50  1  0	
 0  0      0 5075204  52388 1246740    0    0     0     5 11324 20182 36 13 49  2  0	
 4  0      0 5075428  52388 1246744    0    0     0     4 12020 19928 37 15 46  1  0	
 4  0      0 5074820  52388 1246752    0    0     0    16 10996 20914 40 17 41  3  0	
 0  0      0 5074928  52388 1246760    0    0     0     4 11149 20042 37 13 50  1  0	
 1  0      0 5075164  52388 1246768    0    0     0     6 11784 19863 37 15 47  1  0	
 5  0      0 5075132  52388 1246756    0    0     0     4 11252 20487 36 13 50  1  0	
 1  0      0 5075048  52388 1246772    0    0     0     2 11275 20665 37 13 48  1  0	
 1  0      0 5074932  52388 1246776    0    0     0     6 11928 20027 38 15 46  1  0	
 0  0      0 5074956  52388 1246784    0    0     0    15 11103 19803 36 13 50  2  0	
procs -----------memory---------- ---swap-- -----io---- --system-- -----cpu-----
 r  b   swpd   free   buff  cache   si   so    bi    bo   in   cs us sy id wa st
 2  0      0 5075180  52388 1246792    0    0     0     5 11104 19795 37 14 48  2  0	
 4  0      0 5075204  52388 1246800    0    0     0     8 11665 19647 36 14 49  1  0	
 0  0      0 5074940  52388 1246812    0    0     0     4 11138 20024 36 13 50  1  0	
 0  1      0 5074840  52388 1246824    0    0     0     7 11074 20241 36 12 50  1  0	
 1  0      0 5074932  52388 1246832    0    0     0     1 11878 19919 37 15 47  1  0	
 2  0      0 5075080  52388 1246836    0    0     0    15 11441 20800 37 14 46  4  0	
 1  0      0 5075088  52388 1246848    0    0     0     7 11217 19776 36 12 48  4  0	
 1  0      0 5075088  52388 1246864    0    0     0     4 11870 19381 35 15 50  0  0	
 3  0      0 5072300  52388 1246876    0    0     0     7 11063 19720 39 15 45  1  0	
 1  0      0 5074812  52388 1246876    0    0     0     5 11020 20059 37 14 49  1  0	
 2  0      0 5074720  52388 1246888    0    0     0     4 11878 20030 37 14 46  3  0	
 3  0      0 5074968  52388 1246872    0    0     0    10 11233 20805 38 13 49  0  0	
 0  0      0 5074792  52388 1246880    0    0     0     7 11265 21182 38 13 46  3  0	
 0  0      0 5075312  52388 1246888    0    0     0     7 11739 20179 37 15 46  1  0	
 2  0      0 5075312  52388 1246900    0    0     0     4 11106 20117 37 12 50  1  0	
 3  0      0 5074520  52388 1246908    0    0     0     5 11183 20298 37 14 49  1  0	
 0  0      0 5072884  52388 1246920    0    0     0     5 11553 20199 36 16 46  3  0	
 8  0      0 5073132  52388 1246924    0    0     0    10 11355 21390 39 14 48  0  0	
 2  0      0 5072900  52388 1246936    0    0     0     9 11214 20208 38 12 47  3  0	
 1  0      0 5072908  52388 1246956    0    0     0     5 12140 20550 37 15 47  1  0	
 1  1      0 5072792  52388 1246968    0    0     0     6 11143 19849 36 13 51  1  0	
procs -----------memory---------- ---swap-- -----io---- --system-- -----cpu-----
 r  b   swpd   free   buff  cache   si   so    bi    bo   in   cs us sy id wa st
 4  0      0 5073164  52388 1246972    0    0     0     7 11097 21799 37 15 46  2  0	
 0  0      0 5073164  52388 1246980    0    0     0     4 11298 19611 37 15 48  1  0	
 4  0      0 5072908  52388 1246988    0    0     0     8 11339 20547 38 13 49  0  0	
 4  0      0 5072392  52388 1246996    0    0     0     7 11308 20420 40 16 43  2  0	
 2  0      0 5072556  52388 1247008    0    0     0     5 11862 20337 37 15 45  2  0	
 9  0      0 5072580  52388 1246996    0    0     0     6 11250 19955 36 12 51  1  0	
 0  0      0 5072580  52388 1247008    0    0     0     7 10797 19441 36 12 50  3  0	
 0  0      0 5072976  52388 1247012    0    0     0     4 11606 19612 36 14 50  0  0	
 1  0      0 5073132  52388 1247024    0    0     0    16 11243 20499 36 13 49  1  0	
 0  0      0 5072496  52388 1247032    0    0     0     7 10830 19353 35 13 51  1  0	
 0  0      0 5073000  52388 1247048    0    0     0     1 11615 20668 37 14 49  0  0	
 2  0      0 5072892  52388 1247060    0    0     0     5 11359 20119 37 12 49  1  0	
 2  0      0 5073000  52388 1247072    0    0     0     5 11118 20446 37 13 47  3  0	
 0  0      0 5072520  52388 1247076    0    0     0     7 11465 19842 36 14 49  1  0	
 4  0      0 5072908  52388 1247088    0    0     0    16 11570 21112 37 13 47  3  0	
 0  0      0 5072676  52388 1247092    0    0     0     4 11054 20117 38 12 49  1  0	
 6  0      0 5072792  52388 1247104    0    0     0     5 11650 20863 38 15 47  1  0	
 0  0      0 5072552  52388 1247116    0    0     0     3 11331 20272 37 12 51  0  0	
 6  1      0 5072392  52388 1247128    0    0     0     0 11128 20296 39 16 45  0  0	
 3  0      0 5035588  52388 1247132    0    0     0     4 11429 20036 36 15 47  2  0	
 3  0      0 5073068  52388 1247140    0    0     0    17 11485 21185 37 15 47  2  0	
procs -----------memory---------- ---swap-- -----io---- --system-- -----cpu-----
 r  b   swpd   free   buff  cache   si   so    bi    bo   in   cs us sy id wa st
 0  0      0 5072432  52388 1247132    0    0     0     6 11332 20659 37 13 48  3  0	
 3  0      0 5072464  52388 1247148    0    0     0     4 11110 20190 36 13 50  1  0	
 0  0      0 5073000  52388 1247156    0    0     0     7 11902 20179 37 15 46  1  0	
 5  0      0 5072992  52388 1247168    0    0     0     5 11169 20225 37 12 50  1  0	
 5  0      0 5072636  52388 1247172    0    0     0     0 11223 20501 37 12 50  2  0	
 0  0      0 5072628  52388 1247176    0    0     0    13 12029 19975 38 15 46  1  0	
 0  0      0 5072868  52388 1247188    0    0     0    11 10963 19961 36 12 49  3  0	
 1  0      0 5072636  52388 1247192    0    0     0     5 10990 20748 38 13 48  2  0	
 3  0      0 5072776  52388 1247204    0    0     0     5 11568 19609 36 14 49  1  0	
 0  0      0 5072388  52388 1247216    0    0     0     5 11021 20059 36 13 50  1  0	
 2  0      0 5072652  52388 1247224    0    0     0     1 11236 20252 37 12 51  0  0	
 0  0      0 5073116  52388 1247228    0    0     0    14 11672 19827 37 16 46  1  0	
 1  0      0 5072504  52388 1247240    0    0     0     7 11328 19991 36 13 47  4  0	
 4  0      0 5072468  52388 1247252    0    0     0     4 11265 20678 41 17 42  0  0	
 2  0      0 5072640  52388 1247260    0    0     0     3 11569 19825 37 14 48  1  0	
 2  0      0 5072448  52388 1247268    0    0     0     6 10820 19326 35 13 51  1  0	
 0  0      0 5072580  52388 1247256    0    0     0     6 11372 20824 37 13 50  1  0	
 0  0      0 5072372  52388 1247260    0    0     0    14 12115 20757 37 16 45  1  0	
 2  0      0 5072380  52388 1247268    0    0     0     0 11056 20113 36 12 50  2  0	
 1  0      0 5072520  52388 1247276    0    0     0     4 11054 20053 38 13 49  0  0	
 5  0      0 5072528  52388 1247288    0    0     0     7 11951 20017 37 15 47  1  0	
procs -----------memory---------- ---swap-- -----io---- --system-- -----cpu-----
 r  b   swpd   free   buff  cache   si   so    bi    bo   in   cs us sy id wa st
 5  0      0 5072536  52388 1247296    0    0     0     4 11236 20755 38 13 48  1  0	
 4  0      0 5072296  52388 1247308    0    0     0     8 11266 20557 36 13 51  1  0	
 0  0      0 5072736  52388 1247312    0    0     0    19 11680 20711 38 17 43  2  0	
 0  0      0 5072776  52388 1247324    0    0     0     5 11198 20152 36 12 51  1  0	
 0  0      0 5072536  52388 1247340    0    0     0     5 11547 20525 37 14 46  3  0	
 3  0      0 5072660  52388 1247348    0    0     0     0 11774 19824 36 14 50  0  0	
 4  0      0 5072520  52388 1247360    0    0     0     4 11331 20868 37 13 47  3  0	
 1  0      0 5072544  52388 1247368    0    0     0     4 11344 20178 36 12 51  1  0	
 1  0      0 5072228  52388 1247380    0    0     0    14 11867 21521 42 18 39  1  0	
 3  0      0 5072284  52388 1247388    0    0     0     6 11014 19516 36 11 52  0  0	
 1  0      0 5072240  52392 1247400    0    0     0     6 10991 19702 36 13 50  2  0	
 1  0      0 5072612  52392 1247388    0    0     0     7 11998 20193 36 16 48  1  0	
 3  0      0 5072528  52392 1247400    0    0     0     0 10965 20023 35 12 50  3  0	
 4  0      0 5072224  52392 1247408    0    0     0     5 11041 20721 38 15 47  1  0	
 0  0      0 5072372  52392 1247416    0    0     0    15 11928 20077 37 15 46  2  0	
 4  0      0 5072604  52392 1247424    0    0     0     9 11139 20666 36 13 49  3  0	
 2  0      0 5072496  52392 1247440    0    0     0     8 11137 20293 36 13 51  0  0	
 0  0      0 5072760  52392 1247452    0    0     0     5 11485 19655 36 15 48  1  0	
 0  0      0 5072372  52392 1247456    0    0     0     5 10968 20851 37 13 49  1  0	
 0  0      0 5072256  52392 1247464    0    0     0     0 11007 19753 36 12 50  2  0	
 3  0      0 5072280  52392 1247472    0    0     0    13 12074 20001 37 16 46  1  0	
procs -----------memory---------- ---swap-- -----io---- --system-- -----cpu-----
 r  b   swpd   free   buff  cache   si   so    bi    bo   in   cs us sy id wa st
 2  0      0 5072156  52392 1247480    0    0     0     7 10969 19813 37 12 48  3  0	
 0  0      0 5072536  52392 1247484    0    0     0     4 11130 20140 36 12 51  1  0	
 6  0      0 5069540  52392 1247496    0    0     0     6 11791 19556 36 16 47  1  0	
 5  0      0 5072036  52392 1247508    0    0     0     5 11277 21148 38 15 46  1  0	
 3  0      0 5072084  52392 1247516    0    0     0     5 10983 19464 34 12 52  1  0	
 0  0      0 5072580  52392 1247504    0    0     0    15 11585 20182 37 16 46  1  0	
 0  0      0 5072208  52392 1247520    0    0     0     4 10967 20082 35 14 48  3  0	
 4  0      0 5072108  52392 1247532    0    0     0     0 11146 19679 35 12 52  0  0	
 3  0      0 5072520  52392 1247548    0    0     0     4 11682 20249 38 14 47  1  0	
 1  0      0 5072148  52392 1247552    0    0     0     6 11294 20093 37 13 49  1  0	
 1  0      0 5072412  52392 1247560    0    0     0     7 11187 19756 36 13 50  1  0	
 1  0      0 5072016  52392 1247568    0    0     0    15 11548 19995 37 15 48  1  0	
 0  0      0 5072412  52392 1247576    0    0     0     5 11262 20414 35 12 51  2  0	
 4  0      0 5072256  52392 1247580    0    0     0     4 10885 19825 37 13 49  1  0	
 1  0      0 5072032  52392 1247592    0    0     0     1 11842 20376 36 14 50  0  0	
 4  0      0 5072164  52392 1247600    0    0     0     4 11457 20267 37 13 47  3  0	
 0  0      0 5072436  52392 1247612    0    0     0     8 10983 19553 35 12 51  2  0	
 6  0      0 5071784  52392 1247616    0    0     0    14 11546 19938 37 15 46  2  0	
 0  0      0 5072160  52392 1247628    0    0     0     5 11336 20461 41 16 43  0  0	
 2  0      0 5072224  52392 1247636    0    0     0     5 11166 19871 36 12 49  2  0	
23  0      0 5063276  52392 1247640    0    0     0     4 11230 20635 35 14 50  1  0	
procs -----------memory---------- ---swap-- -----io---- --system-- -----cpu-----
 r  b   swpd   free   buff  cache   si   so    bi    bo   in   cs us sy id wa st
 1  1      0 5072240  52392 1247632    0    0     0     4 12422 21274 37 14 46  3  0	
 5  1      0 5072056  52392 1247648    0    0     0     7 10910 19865 35 14 51  0  0	
 3  0      0 5031840  52392 1247656    0    0     0    14 11829 20194 36 15 46  4  0	
 3  0      0 5072296  52392 1247664    0    0     0     6 11459 20176 35 14 50  1  0	
 5  0      0 5072172  52392 1247672    0    0     0     4 11230 19811 36 12 51  1  0	
 1  0      0 5072312  52392 1247684    0    0     0     4 11261 20758 38 13 48  1  0	
 0  0      0 5072188  52392 1247692    0    0     0     3 12045 19689 36 15 46  3  0	
 2  0      0 5072312  52392 1247704    0    0     0     7 11297 20555 36 14 50  0  0	
 4  1      0 5072560  52392 1247712    0    0     0    14 11189 20404 37 13 50  1  0	
 2  0      0 5072420  52392 1247732    0    0     0     3 11758 21354 37 16 46  1  0	
 2  0      0 5072296  52392 1247740    0    0     0     9 11086 19664 35 13 51  1  0	
 2  0      0 5072420  52392 1247752    0    0     0     5 11184 20876 37 13 49  1  0	
 0  1      0 5072056  52392 1247756    0    0     0     4 11884 20493 38 15 46  1  0	
 0  0      0 5071740  52392 1247768    0    0     0     5 10888 19638 39 16 42  3  0	
 4  0      0 5071812  52392 1247772    0    0     0    15 11121 19379 34 12 53  1  0	
 2  0      0 5072256  52392 1247776    0    0     0     1 11646 19557 36 15 48  0  0	
 1  0      0 5071992  52392 1247768    0    0     0     9 11059 19971 36 13 50  1  0	
 3  0      0 5072280  52392 1247776    0    0     0     5 11118 20277 36 13 49  1  0	
 3  0      0 5072280  52392 1247784    0    0     0     4 12083 20299 38 15 47  1  0	
 1  0      0 5072164  52392 1247796    0    0     0     5 11106 19898 35 13 50  2  0	
 0  0      0 5071684  52392 1247808    0    0     0    14 11039 19863 36 12 51  1  0	
procs -----------memory---------- ---swap-- -----io---- --system-- -----cpu-----
 r  b   swpd   free   buff  cache   si   so    bi    bo   in   cs us sy id wa st
 0  0      0 5072156  52392 1247824    0    0     0     4 11870 21293 38 17 42  3  0	
 2  0      0 5072032  52392 1247832    0    0     0     2 11204 19767 36 13 51  0  0	
 4  0      0 5072056  52392 1247844    0    0     0     7 11127 20723 38 13 48  1  0	
 0  0      0 5072428  52392 1247852    0    0     0     5 11824 19761 37 15 47  1  0	
 1  0      0 5072056  52392 1247860    0    0     0     5 11146 20042 37 13 49  1  0	
 4  0      0 5072056  52392 1247868    0    0     0    15 11011 19747 35 12 51  1  0	
 0  0      0 5071808  52392 1247872    0    0     0     8 11549 19186 36 15 47  3  0	
 1  0      0 5068424  52392 1247888    0    0     0     0 11297 19877 38 15 47  0  0	
 2  0      0 5071736  52392 1247892    0    0     0     4 11083 20974 37 14 49  0  0	
 2  0      0 5072140  52392 1247900    0    0     0     5 12123 20301 37 15 46  1  0	
 2  0      0 5071736  52392 1247888    0    0     0     6 11226 21058 38 16 44  2  0	
 8  0      0 5071768  52392 1247900    0    0     0    15 10773 19388 35 12 52  2  0	
 2  0      0 5072288  52392 1247916    0    0     0     5 11552 20235 36 16 47  1  0	
 3  0      0 5072048  52392 1247924    0    0     0     2 10954 19400 36 12 48  3  0	
 1  0      0 5072056  52392 1247936    0    0     0     4 11024 19907 36 12 51  1  0	
 1  0      0 5071916  52392 1247944    0    0     0     7 12001 20201 36 16 47  2  0	
 1  0      0 5071816  52392 1247956    0    0     0     5 11217 20382 36 14 48  1  0	
 3  0      0 5071816  52392 1247964    0    0     0    14 11355 21427 37 14 48  1  0	
 0  0      0 5071692  52392 1247972    0    0     0     4 12045 20821 38 15 47  1  0	
 1  0      0 5072064  52392 1247976    0    0     0     3 11179 20285 37 13 49  1  0	
 1  0      0 5071948  52392 1247988    0    0     0     6 11090 20391 35 13 51  1  0	
procs -----------memory---------- ---swap-- -----io---- --system-- -----cpu-----
 r  b   swpd   free   buff  cache   si   so    bi    bo   in   cs us sy id wa st
 3  0      0 5072204  52392 1247996    0    0     0     7 12147 20453 39 15 42  4  0	
 3  0      0 5071832  52392 1248008    0    0     0     5 11024 19755 37 13 49  1  0	
 0  1      0 5071796  52392 1248016    0    0     0    14 10986 20092 38 15 45  1  0	
 4  0      0 5071976  52392 1248024    0    0     0     1 11885 20400 36 15 47  2  0	
 2  0      0 5071588  52392 1248008    0    0     0     5 11256 20140 37 13 50  1  0	
 9  0      0 5071744  52392 1248020    0    0     0     4 10932 19747 35 13 51  1  0	
 3  0      0 5071760  52392 1248028    0    0     0     4 11972 20377 37 15 47  1  0	
 0  0      0 5071652  52392 1248036    0    0     0     7 10984 19729 37 13 46  4  0	
 3  0      0 5071784  52392 1248040    0    0     0    17 10944 20118 36 12 51  1  0	
 0  0      0 5071544  52392 1248048    0    0     0     0 11607 19861 37 15 46  2  0	
 1  0      0 5071668  52392 1248060    0    0     0     5 11303 20167 36 13 50  1  0	
 0  0      0 5071792  52392 1248068    0    0     0     3 11283 20563 37 13 50  1  0	
 2  0      0 5071924  52392 1248080    0    0     0     4 11786 19948 37 14 48  1  0	
 9  0      0 5071924  52392 1248092    0    0     0     5 11279 20526 37 14 48  1  0	
 1  0      0 5071924  52392 1248100    0    0     0    10 11158 20526 36 12 51  0  0	
 1  0      0 5072364  52392 1248120    0    0     0     6 11824 20861 38 17 44  1  0	
 2  0      0 5071652  52392 1248128    0    0     0     7 11508 20927 38 13 48  1  0	
 0  0      0 5071332  52392 1248136    0    0     0     3 10720 19328 37 16 47  0  0	
 1  0      0 5071852  52392 1248144    0    0     0     4 11492 19819 36 15 48  1  0	
 6  0      0 5071264  52392 1248152    0    0     0     4 11290 20312 36 14 49  1  0	
 1  0      0 5071612  52392 1248140    0    0     0    10 11250 20168 37 13 51  0  0	
procs -----------memory---------- ---swap-- -----io---- --system-- -----cpu-----
 r  b   swpd   free   buff  cache   si   so    bi    bo   in   cs us sy id wa st
 3  1      0 5071420  52392 1248148    0    0     0    12 11558 20660 38 15 45  2  0	
 1  0      0 5071792  52392 1248156    0    0     0     5 11204 19287 35 12 51  2  0	
 0  0      0 5071668  52392 1248164    0    0     0     4 10924 19794 36 12 52  1  0	
 4  0      0 5071776  52392 1248172    0    0     0     5 11818 20201 36 15 46  3  0	
 5  0      0 5071668  52392 1248184    0    0     0     5 11355 20149 36 13 50  1  0	
 1  0      0 5071668  52392 1248192    0    0     0    15 11079 19695 36 12 50  1  0	
10  0      0 4992056  52392 1248208    0    0     0     4 11904 20035 36 15 49  0  0	
 4  0      0 5071792  52392 1248220    0    0     0     2 11638 20954 38 14 45  2  0	
 1  0      0 5071552  52392 1248228    0    0     0    10 10828 19567 36 12 51  1  0	
 2  0      0 5071536  52392 1248236    0    0     0     5 11174 20221 36 12 48  4  0	
 2  0      0 5071436  52392 1248248    0    0     0     4 11835 20529 38 16 45  1  0	
 1  0      0 5070520  52392 1248252    0    0     0    16 10977 19455 36 12 50  2  0	
 0  0      0 5071316  52392 1248264    0    0     0     7 10975 21623 39 16 44  1  0	
 2  0      0 5071612  52392 1248272    0    0     0     5 11868 20343 38 15 46  1  0	
 1  0      0 5071224  52392 1248260    0    0     0     1 11318 20508 39 13 48  0  0	
 5  0      0 5071264  52392 1248264    0    0     0     5 11282 20205 37 13 46  4  0	
 7  0      0 5071512  52392 1248276    0    0     0     6 11837 20457 38 16 45  1  0	
 1  0      0 5071644  52392 1248284    0    0     0    15 11360 20574 38 12 48  2  0	
 0  0      0 5071660  52392 1248304    0    0     0     4 10837 19549 36 13 49  2  0	
 4  1      0 5071388  52392 1248308    0    0     0     4 11887 20483 39 16 43  2  0	
 1  0      0 5071404  52392 1248324    0    0     0     1 10879 19824 36 13 50  2  0	
procs -----------memory---------- ---swap-- -----io---- --system-- -----cpu-----
 r  b   swpd   free   buff  cache   si   so    bi    bo   in   cs us sy id wa st
 0  0      0 5071652  52392 1248328    0    0     0     5 11206 20137 38 12 49  1  0	
 1  0      0 5071412  52392 1248336    0    0     0     6 11953 20228 39 16 42  2  0	
 4  0      0 5071164  52392 1248344    0    0     0    16 11133 19967 37 12 48  3  0	
 3  0      0 5071544  52392 1248352    0    0     0     6 10929 20218 37 12 50  1  0	
 1  0      0 5071420  52392 1248356    0    0     0     6 11389 19803 37 14 46  2  0	
 4  0      0 5071544  52392 1248372    0    0     0     0 10914 19786 36 12 52  0  0	
 0  0      0 5071100  52392 1248380    0    0     0     5 10801 20546 39 15 45  2  0	
 5  0      0 5071596  52392 1248396    0    0     0     5 11865 20238 37 18 44  1  0	
 0  0      0 5071496  52392 1248404    0    0     0    16 11232 20710 35 12 50  2  0	
 0  0      0 5060816  52392 1248408    0    0     0     9 10904 19628 36 12 48  4  0	
 3  0      0 5071296  52392 1248412    0    0     0     9 12648 21110 37 17 42  3  0	
 0  0      0 5071188  52392 1248424    0    0     0     9 11357 19623 35 12 51  1  0	
 0  0      0 5071320  52392 1248436    0    0     0     4 11597 20579 37 13 49  1  0	
 2  0      0 5070956  52392 1248440    0    0     0     3 12152 19861 37 16 46  1  0	
 3  0      0 5070972  52392 1248448    0    0     0    18 11361 19614 36 13 49  2  0	
 2  0      0 5071352  52392 1248456    0    0     0     0 11630 19787 37 14 47  2  0	
 2  0      0 5050640  52392 1248464    0    0     0     6 12775 20741 40 16 43  2  0	
 2  0      0 5048400  52392 1248472    0    0     0    10 11769 20125 39 14 46  1  0	
 0  0      0 5046424  52392 1248484    0    0     0    13 12171 20884 41 13 43  2  0	
 7  0      0 5024992  52392 1248488    0    0     0     4 12488 19838 46 16 37  1  0	
 2  0      0 5028456  52392 1248500    0    0     0    21 11362 19980 35 12 50  3  0	
procs -----------memory---------- ---swap-- -----io---- --system-- -----cpu-----
 r  b   swpd   free   buff  cache   si   so    bi    bo   in   cs us sy id wa st
 2  0      0 5051400  52392 1248512    0    0     0     6 11387 20151 36 12 50  2  0	
 1  0      0 5051024  52392 1248524    0    0     0     6 12120 21157 42 20 35  3  0	
 1  0      0 5050964  52392 1248528    0    0     0     4 11417 20401 37 12 50  1  0	
 5  0      0 5050948  52392 1248544    0    0     0     0 11345 20037 37 13 48  2  0	
 0  0      0 5051236  52392 1248528    0    0     0     5 12489 20515 37 16 44  2  0	
 1  0      0 5051360  52392 1248536    0    0     0    18 11385 20309 35 13 51  2  0	
 0  0      0 5051268  52392 1248544    0    0     0     4 11452 20323 38 11 50  0  0	
 3  0      0 5051276  52392 1248552    0    0     0     4 12238 20869 38 16 45  1  0	
 3  0      0 5051276  52392 1248560    0    0     0     3 11475 19567 37 12 50  0  0	
 0  0      0 5051408  52392 1248568    0    0     0     4 11404 20648 37 13 47  3  0	
 1  0      0 5051168  52392 1248576    0    0     0     7 11693 19121 36 14 48  1  0	
 0  0      0 5051160  52392 1248584    0    0     0     9 11551 20363 37 13 50  0  0	
 3  0      0 5051284  52392 1248604    0    0     0    10 11219 19672 36 12 49  3  0	
 0  0      0 5051368  52392 1248612    0    0     0     7 12194 20772 38 16 44  1  0	
 4  0      0 5051368  52392 1248624    0    0     0     5 11285 19350 34 12 51  2  0	
 0  0      0 5051260  52392 1248628    0    0     0     5 11349 19850 38 13 48  2  0	
 0  0      0 5051136  52392 1248644    0    0     0     5 12411 20881 38 16 44  3  0	
 3  1      0 5051040  52392 1248652    0    0     0    14 11501 20364 38 16 44  2  0	
 2  0      0 5051104  52392 1248660    0    0     0     1 11497 20153 37 12 49  1  0	
 2  0      0 5051080  52392 1248668    0    0     0     5 11991 20369 38 16 45  2  0	
 0  0      0 5051244  52392 1248660    0    0     0     7 11639 20034 36 12 48  4  0	
procs -----------memory---------- ---swap-- -----io---- --system-- -----cpu-----
 r  b   swpd   free   buff  cache   si   so    bi    bo   in   cs us sy id wa st
 3  0      0 5050880  52392 1248668    0    0     0     5 11560 20797 38 13 47  2  0	
 0  0      0 5051020  52392 1248676    0    0     0     4 11961 20147 37 14 46  3  0	
 2  0      0 5051144  52392 1248688    0    0     0    17 11385 20020 36 13 49  3  0	
 2  0      0 5051028  52392 1248708    0    0     0     0 11263 19300 36 11 51  1  0	
 1  0      0 5051408  52392 1248716    0    0     0     4 11602 19951 36 16 47  1  0	
 1  0      0 5051400  52392 1248728    0    0     0     5 11829 20614 37 12 48  2  0	
 0  0      0 5051004  52392 1248732    0    0     0    10 11750 21382 37 13 46  4  0	
 3  0      0 5023664  52392 1248740    0    0     0     4 12134 19960 35 16 48  1  0	
 3  0      0 5051284  52392 1248748    0    0     0    17 11771 20582 37 13 47  3  0	
 1  0      0 5050912  52392 1248752    0    0     0     4 11285 20035 36 12 51  1  0	
 3  0      0 5051400  52392 1248760    0    0     0     7 11500 20375 36 13 47  4  0	
 0  0      0 5051024  52392 1248772    0    0     0     4 11794 19517 38 17 44  1  0	
 4  0      0 5051196  52392 1248780    0    0     0     0 11404 19979 35 12 52  1  0	
 0  0      0 5051220  52392 1248784    0    0     0     7 11400 19547 35 12 51  2  0	
 0  0      0 5051088  52392 1248784    0    0     0    14 12152 20264 36 16 45  4  0	
 1  0      0 5051128  52392 1248800    0    0     0     5 11199 19510 35 12 52  1  0	
 2  0      0 5051004  52392 1248808    0    0     0     3 11255 19590 35 13 51  1  0	
 3  0      0 5051120  52392 1248820    0    0     0     5 12176 20560 39 16 45  1  0	
 0  0      0 5050848  52392 1248832    0    0     0     3 11691 21021 38 13 47  2  0	
 0  0      0 5051004  52392 1248836    0    0     0     6 11310 19650 36 12 51  0  0	
 3  1      0 5051128  52392 1248844    0    0     0    10 12071 19939 36 15 47  2  0	
procs -----------memory---------- ---swap-- -----io---- --system-- -----cpu-----
 r  b   swpd   free   buff  cache   si   so    bi    bo   in   cs us sy id wa st
 0  0      0 5050896  52392 1248852    0    0     0    11 11252 19608 36 12 48  3  0	
 0  0      0 5051268  52392 1248856    0    0     0     6 11342 20052 37 13 50  0  0	
 2  0      0 5051020  52392 1248872    0    0     0     5 11975 19956 38 14 46  3  0	
 0  0      0 5050896  52392 1248876    0    0     0     5 11170 19784 37 13 49  1  0	
 5  0      0 5051104  52392 1248884    0    0     0     0 11567 20350 37 14 46  4  0	
 6  0      0 5047588  52392 1248900    0    0     0    14 11798 19973 38 17 43  2  0	
 2  0      0 5050536  52392 1248908    0    0     0     7 11275 20239 38 14 45  3  0	
 2  0      0 5051064  52392 1248912    0    0     0     4 11345 19857 38 14 48  0  0	
 0  0      0 5050544  52392 1248900    0    0     0     8 12031 20915 37 16 44  3  0	
 3  0      0 5050668  52392 1248908    0    0     0     4 11595 20260 35 13 50  1  0	
 1  0      0 5050592  52392 1248916    0    0     0     4 11177 19315 35 12 50  2  0	
 2  0      0 5050856  52392 1248920    0    0     0    14 12224 19888 35 16 48  2  0	
 0  0      0 5050732  52392 1248932    0    0     0     2 11373 19521 37 12 49  2  0	
 0  0      0 5050624  52392 1248936    0    0     0     6 11819 20998 36 12 50  1  0	
 1  0      0 5050508  52392 1248948    0    0     0     5 12283 20206 38 15 46  2  0	
 3  0      0 5050756  52392 1248960    0    0     0     4 11425 20096 38 13 49  1  0	
 6  0      0 5050624  52392 1248964    0    0     0     5 11205 19752 36 12 50  2  0	
 3  0      0 5050632  52392 1248976    0    0     0    18 12154 19957 37 16 44  3  0	
 1  0      0 5050632  52392 1248996    0    0     0     6 10913 18603 34 11 54  0  0	
 2  0      0 5050748  52392 1249004    0    0     0     1 11429 19884 37 14 47  3  0	
 1  0      0 5051128  52392 1249012    0    0     0     4 12073 20450 37 16 45  1  0	
procs -----------memory---------- ---swap-- -----io---- --system-- -----cpu-----
 r  b   swpd   free   buff  cache   si   so    bi    bo   in   cs us sy id wa st
 2  0      0 5050560  52392 1249028    0    0     0     7 11047 19304 37 15 44  5  0	
 3  0      0 5050560  52392 1249032    0    0     0     5 11197 19489 34 13 51  2  0	
 1  0      0 5049756  52392 1249040    0    0     0    16 11898 19584 37 16 44  4  0	
 0  0      0 5050492  52392 1249028    0    0     0     8 11556 20015 37 12 50  1  0	
 5  0      0 5050508  52392 1249036    0    0     0     0 11465 20272 37 13 49  0  0	
 1  0      0 5050896  52392 1249044    0    0     0     5 12161 19618 36 15 47  2  0	
 1  0      0 5050524  52392 1249052    0    0     0     4 11671 20505 37 14 49  1  0	
 2  0      0 5050516  52392 1249060    0    0     0     5 11211 19871 36 12 46  6  0	
 0  0      0 5050780  52392 1249072    0    0     0    16 11766 19436 36 15 46  2  0	
 0  0      0 5050656  52392 1249088    0    0     0     5 11501 19763 36 12 50  2  0	
 0  0      0 5050392  52392 1249100    0    0     0     6 11441 20068 37 14 48  1  0	
 1  0      0 5051128  52392 1249112    0    0     0     8 11964 20235 36 16 47  1  0	
 2  0      0 5050484  52392 1249120    0    0     0     1 11631 20875 37 12 50  0  0	
 3  0      0 5050360  52392 1249128    0    0     0     5 11422 19587 36 12 48  4  0	
 0  0      0 5050508  52392 1249132    0    0     0    14 12070 19996 39 15 46  1  0	
 4  1      0 5050224  52392 1249148    0    0     0     6 11281 19885 38 15 44  3  0	
 2  0      0 5047412  52392 1249156    0    0     0     4 10879 19220 35 16 48  1  0	
 1  0      0 5050668  52392 1249164    0    0     0     3 12185 19813 35 16 48  0  0	
 1  0      0 5050676  52392 1249148    0    0     0     3 11296 20229 36 13 50  1  0	
 0  0      0 5050732  52392 1249160    0    0     0     7 11259 19533 35 12 51  1  0	
 1  0      0 5050360  52392 1249168    0    0     0    14 11976 19434 36 16 47  2  0	
procs -----------memory---------- ---swap-- -----io---- --system-- -----cpu-----
 r  b   swpd   free   buff  cache   si   so    bi    bo   in   cs us sy id wa st
 0  0      0 5050500  52392 1249188    0    0     0     6 11305 19137 36 12 51  2  0	
 0  0      0 5050616  52392 1249196    0    0     0     4 11283 19626 35 13 48  4  0	
 1  0      0 5051320  52392 1249208    0    0     0     5 11840 19861 37 15 48  0  0	
 2  0      0 5050732  52392 1249212    0    0     0     7 11516 20653 38 12 49  1  0	
 5  0      0 5050624  52392 1249220    0    0     0     2 11426 19902 36 12 52  0  0	
 2  0      0 5050624  52392 1249228    0    0     0    14 11886 19927 36 15 47  1  0	
 0  0      0 5050392  52392 1249232    0    0     0     7 11703 20129 37 13 49  2  0	
 3  0      0 5050532  52392 1249240    0    0     0     4 11339 20126 37 12 48  3  0	
 4  0      0 5050268  52392 1249256    0    0     0     5 12356 20352 36 15 47  1  0	
 6  1      0 5050656  52392 1249264    0    0     0     0 11738 19733 35 13 50  2  0	
 1  0      0 5050156  52392 1249272    0    0     0     6 11416 20867 39 16 44  1  0	
 3  0      0 5050544  52392 1249288    0    0     0    14 11653 19665 36 15 47  1  0	
 0  0      0 5050452  52392 1249292    0    0     0     8 11710 20674 37 12 46  4  0	
 3  0      0 5050320  52392 1249280    0    0     0     4 11372 20251 36 13 51  1  0	
18  0      0 5009536  52392 1249292    0    0     0     5 11536 20003 38 14 47  1  0	
 4  0      0 5050468  52392 1249300    0    0     0     0 11957 19936 36 14 50  0  0	
 1  0      0 5050500  52392 1249304    0    0     0     5 11692 20228 37 12 47  4  0	
 2  0      0 5050516  52392 1249316    0    0     0    14 11355 19773 37 13 49  1  0	
 3  0      0 5050268  52392 1249320    0    0     0    11 12096 20892 38 16 42  4  0	
 1  0      0 5050376  52392 1249328    0    0     0     4 11325 20009 37 12 50  1  0	
 1  0      0 5050144  52392 1249340    0    0     0     5 11586 19949 37 12 49  1  0	
procs -----------memory---------- ---swap-- -----io---- --system-- -----cpu-----
 r  b   swpd   free   buff  cache   si   so    bi    bo   in   cs us sy id wa st
 2  0      0 5050748  52392 1249348    0    0     0     4 11964 19346 37 15 48  0  0	
 1  0      0 5050484  52392 1249352    0    0     0     1 11412 20497 38 14 47  1  0	
 4  0      0 5050468  52392 1249360    0    0     0    14 11343 19918 37 13 49  2  0	
 5  0      0 5050740  52392 1249384    0    0     0     8 12277 20108 36 15 47  3  0	
 2  0      0 5050344  52392 1249388    0    0     0     6 11343 19981 37 12 50  1  0	
 5  0      0 5050288  52392 1249404    0    0     0     5 11718 21092 41 16 42  1  0	
 2  0      0 5050264  52392 1249412    0    0     0     5 12233 20515 38 17 43  2  0	
 4  0      0 5050220  52392 1249400    0    0     0     4 11475 20770 36 12 51  1  0	
 1  0      0 5050228  52392 1249404    0    0     0    14 11201 19720 36 13 50  1  0	
 2  0      0 5050244  52392 1249416    0    0     0     1 12126 20135 36 14 50  0  0	
 0  0      0 5050608  52392 1249420    0    0     0     4 11291 19851 37 12 47  4  0	
 2  0      0 5050508  52392 1249432    0    0     0     8 11426 19773 36 12 49  3  0	
 0  0      0 5050120  52392 1249440    0    0     0     6 12449 20324 38 16 45  1  0	
 4  0      0 5050144  52392 1249448    0    0     0     5 11538 20567 37 12 50  1  0	
 0  0      0 5050376  52392 1249452    0    0     0    15 11482 19736 37 13 48  2  0	
 2  0      0 5050144  52392 1249476    0    0     0     0 12107 19935 37 14 50  0  0	
 2  0      0 5050368  52392 1249484    0    0     0     6 11504 20064 38 13 48  2  0	
 1  0      0 5049460  52392 1249500    0    0     0     5 11702 20442 36 13 50  1  0	
 9  0      0 5049048  52392 1249508    0    0     0     8 11911 19876 36 15 45  4  0	
 0  0      0 5049592  52392 1249516    0    0     0     9 11411 20365 37 13 50  1  0	
 3  0      0 5049620  52392 1249528    0    0     0    14 11535 20781 40 16 42  2  0	
procs -----------memory---------- ---swap-- -----io---- --system-- -----cpu-----
 r  b   swpd   free   buff  cache   si   so    bi    bo   in   cs us sy id wa st
 0  0      0 5049420  52392 1249536    0    0     0     5 12053 20310 37 16 44  3  0	
 2  0      0 5049204  52392 1249548    0    0     0     4 11136 20069 37 12 50  1  0	
 0  0      0 5049684  52392 1249540    0    0     0     1 11362 20226 36 13 51  0  0	
 8  0      0 5049716  52392 1249544    0    0     0     4 12125 20061 38 16 46  1  0	
 0  0      0 5049600  52392 1249556    0    0     0     7 11267 19712 36 13 47  4  0	
 0  0      0 5049724  52392 1249560    0    0     0    14 11215 19611 36 13 50  1  0	
 6  0      0 5049536  52392 1249580    0    0     0     8 11977 19955 36 15 47  3  0	
 2  0      0 5049280  52392 1249592    0    0     0     4 11389 20143 37 13 48  2  0	
 6  0      0 5049396  52392 1249600    0    0     0     0 11061 19932 36 13 51  0  0	
 4  0      0 5049372  52392 1249608    0    0     0     4 12089 20389 37 16 45  1  0	
 4  0      0 5049380  52392 1249620    0    0     0     9 11275 19831 37 13 47  3  0	
 0  0      0 5049264  52392 1249628    0    0     0    14 11403 20172 36 13 50  1  0	
 3  1      0 5049272  52392 1249632    0    0     0     6 11893 19337 36 15 47  3  0	
 3  0      0 5049528  52392 1249640    0    0     0     0 11660 19971 36 12 50  1  0	
 0  0      0 5048964  52392 1249656    0    0     0     7 11479 20269 39 16 44  1  0	
 1  0      0 5049120  52392 1249660    0    0     0     5 11800 19290 34 14 50  3  0	
 4  0      0 5049388  52392 1249668    0    0     0     5 11565 20459 38 12 48  2  0	
 1  0      0 5049240  52392 1249656    0    0     0    14 11312 19484 34 12 53  1  0	
 2  0      0 5049272  52392 1249676    0    0     0     6 11913 20439 36 15 48  1  0	
 2  0      0 5049520  52392 1249688    0    0     0     0 11363 19527 36 12 51  1  0	
 2  0      0 5049644  52392 1249700    0    0     0     4 11508 21096 38 13 48  1  0	
procs -----------memory---------- ---swap-- -----io---- --system-- -----cpu-----
 r  b   swpd   free   buff  cache   si   so    bi    bo   in   cs us sy id wa st
 1  0      0 5049364  52392 1249708    0    0     0     5 12056 20642 38 15 44  2  0	
 0  0      0 5049264  52392 1249712    0    0     0     4 11576 20272 37 13 49  1  0	
 5  0      0 5049016  52392 1249724    0    0     0    16 11383 19877 36 13 50  1  0	
 0  0      0 5049272  52392 1249728    0    0     0     7 11906 19420 36 15 49  0  0	
 1  0      0 5049528  52392 1249736    0    0     0     0 11330 19357 37 12 50  1  0	
 0  0      0 5049156  52392 1249748    0    0     0     4 11067 19058 33 12 53  1  0	
 3  0      0 5049140  52392 1249756    0    0     0     5 11822 19757 37 14 48  2  0	
 1  0      0 5049296  52392 1249760    0    0     0     5 11601 20001 36 13 47  4  0	
 0  0      0 5049172  52392 1249768    0    0     0    19 11457 19907 36 14 48  2  0	
 0  0      0 5048724  52392 1249784    0    0     0     8 11536 19678 39 18 42  1  0	
 1  0      0 5049084  52392 1249792    0    0     0     1 11625 19668 36 12 52  0  0	
 3  0      0 5049092  52392 1249776    0    0     0     4 11446 20210 37 13 49  1  0	
 2  0      0 5049332  52392 1249784    0    0     0     5 11630 19996 37 15 48  1  0	
 0  0      0 5049008  52392 1249792    0    0     0     6 11565 20141 36 14 48  2  0	
 0  0      0 5049024  52392 1249800    0    0     0    15 11503 19974 38 13 47  2  0	
 6  0      0 5026740  52392 1249808    0    0     0     3 11924 20572 38 15 44  3  0	
 0  0      0 5049016  52392 1249816    0    0     0     4 11522 19213 35 12 52  0  0	
 1  0      0 5049396  52392 1249828    0    0     0     4 11253 19522 35 13 50  2  0	
 2  0      0 5049272  52392 1249836    0    0     0     4 11662 20689 38 13 49  0  0	
 0  0      0 5049108  52392 1249848    0    0     0     5 12365 20613 40 17 41  2  0	
 0  0      0 5048884  52392 1249852    0    0     0    14 11191 19566 35 13 52  1  0	
procs -----------memory---------- ---swap-- -----io---- --system-- -----cpu-----
 r  b   swpd   free   buff  cache   si   so    bi    bo   in   cs us sy id wa st
 1  0      0 5049024  52392 1249880    0    0     0     4 11474 20852 38 13 49  1  0	
 2  0      0 5049404  52392 1249884    0    0     0     6 12046 19533 37 15 47  2  0	
 1  0      0 5048908  52392 1249896    0    0     0     1 11388 20255 37 13 50  0  0	
 2  0      0 5049460  52392 1249908    0    0     0     6 11347 20329 40 16 44  0  0	
 1  0      0 5049160  52392 1249916    0    0     0     7 12006 20918 37 16 46  2  0	
 0  0      0 5049372  52392 1249920    0    0     0    14 11172 19654 36 13 49  2  0	
 0  0      0 5048984  52392 1249908    0    0     0     6 11553 20883 36 13 50  1  0	
 3  0      0 5049256  52392 1249916    0    0     0     5 12041 19735 36 15 46  3  0	
 3  0      0 5049132  52392 1249924    0    0     0     4 11278 20522 37 13 50  0  0	
 1  0      0 5049140  52392 1249932    0    0     0     5 11382 19681 36 12 50  1  0	
 0  0      0 5049032  52392 1249940    0    0     0     5 12301 20703 39 16 45  1  0	
 1  0      0 5048908  52392 1249948    0    0     0    15 11388 19926 35 13 51  2  0	
 3  0      0 5048908  52392 1249972    0    0     0     6 11301 20079 36 13 50  2  0	
 1  0      0 5049272  52392 1249984    0    0     0     0 11725 19653 36 15 49  1  0	
 2  0      0 5049032  52392 1249992    0    0     0     5 11343 20149 36 12 51  1  0	
 3  0      0 5049132  52392 1250000    0    0     0     8 11471 20381 36 13 48  3  0	
 0  0      0 5049164  52392 1250008    0    0     0     7 12180 20998 39 16 44  1  0	
 0  0      0 5049040  52392 1250016    0    0     0    15 11360 19906 37 13 48  2  0	
 5  0      0 5048684  52392 1250028    0    0     0     6 11583 20527 40 16 43  2  0	
 0  0      0 5048640  52392 1250036    0    0     0     0 12177 19954 36 14 50  0  0	
 6  0      0 5048836  52392 1250040    0    0     0     4 11310 19974 36 14 49  1  0	
procs -----------memory---------- ---swap-- -----io---- --system-- -----cpu-----
 r  b   swpd   free   buff  cache   si   so    bi    bo   in   cs us sy id wa st
 1  0      0 5049000  52392 1250028    0    0     0     5 11219 20281 36 12 50  1  0	
 1  0      0 5049032  52392 1250036    0    0     0     4 12342 19984 36 15 46  3  0	
 9  0      0 5048668  52392 1250040    0    0     0    18 11474 20415 38 13 44  5  0	
 2  0      0 5049040  52392 1250064    0    0     0     5 11361 19841 37 12 47  4  0	
 0  0      0 5049172  52392 1250072    0    0     0     4 11637 19235 34 14 50  1  0	
 0  0      0 5048924  52392 1250084    0    0     0     0 11290 19777 36 13 51  0  0	
 4  0      0 5049056  52392 1250088    0    0     0     4 11208 19505 36 12 51  1  0	
 3  0      0 5049016  52392 1250096    0    0     0     5 12197 21306 39 16 42  3  0	
 1  0      0 5049016  52392 1250104    0    0     0    14 11358 19801 35 13 51  1  0	
 5  1      0 5049140  52392 1250116    0    0     0     7 11466 20499 37 13 46  3  0	
 2  0      0 5048884  52392 1250124    0    0     0     5 12100 19893 36 14 48  2  0	
 5  0      0 5048884  52392 1250136    0    0     0     5 11316 20277 36 14 50  1  0	
 4  0      0 5048760  52392 1250140    0    0     0     3 11620 20468 38 12 49  1  0	
 4  0      0 5048904  52392 1250152    0    0     0     1 12105 20418 41 19 40  0  0	
 2  0      0 5049028  52392 1250160    0    0     0    16 11406 19945 37 13 49  1  0	
 5  0      0 5048984  52392 1250172    0    0     0     6 11439 20498 37 13 49  1  0	
 5  0      0 5048860  52392 1250156    0    0     0     9 11844 20534 37 15 46  2  0	
 2  0      0 5048884  52392 1250172    0    0     0     4 11655 20353 36 14 49  1  0	
 1  0      0 5048760  52392 1250176    0    0     0     4 11231 19422 34 11 53  1  0	
 0  0      0 5048636  52392 1250180    0    0     0     0 11980 20573 38 16 46  0  0	
 9  0      0 5048760  52392 1250192    0    0     0    14 11734 20557 39 13 45  3  0	
procs -----------memory---------- ---swap-- -----io---- --system-- -----cpu-----
 r  b   swpd   free   buff  cache   si   so    bi    bo   in   cs us sy id wa st
 0  0      0 5048660  52392 1250200    0    0     0     6 11316 19380 36 13 49  2  0	
 5  0      0 5048660  52392 1250208    0    0     0     6 11704 19563 36 15 46  3  0	
 4  0      0 5048784  52392 1250220    0    0     0     9 11758 20820 38 14 46  1  0	
 4  1      0 5048908  52392 1250228    0    0     0     5 11324 19667 35 12 50  3  0	
 6  0      0 5048396  52392 1250232    0    0     0     0 12147 19763 38 16 46  0  0	
 2  0      0 5048536  52392 1250240    0    0     0    14 11227 19232 35 12 52  1  0	
