procs -----------memory---------- ---swap-- -----io---- --system-- -----cpu-----
 r  b   swpd   free   buff  cache   si   so    bi    bo   in   cs us sy id wa st
 4  1 1680088 144732 2329356 3255704    0    0    31   841    2    0 12 13 59 16  0	
 3  0 1680088 137132 2329640 3256076    0    0    58   897 7378 9725 35 31 30  4  0	
 1  3 1680088 138336 2329916 3256388    0    0    51  4049 8633 8773 31 21 28 21  0	
 1  1 1680088 138624 2330180 3256664    0    0    51  3482 8043 8612 27 20 27 27  0	
 3  0 1680088 132812 2330460 3256948    0    0    52  1193 7079 10543 39 38 20  3  0	
 4  1 1680088 133508 2330748 3257188    0    0    51  3710 8199 9234 33 32 19 16  0	
 0  1 1680088 131980 2331032 3257396    0    0    51  1558 7744 8879 21 19 39 21  0	
 0  0 1680088 133616 2331296 3257620    0    0    57   750 7413 8800 23 23 40 14  0	
 0  1 1680088 130376 2331576 3257876    0    0    51  3441 8130 8476 26 21 40 13  0	
 2  0 1680088 128212 2331860 3258104    0    0    51  2212 8394 9684 28 29 25 18  0	
 0  0 1680088 125344 2332156 3258296    0    0    51   950 7657 9017 23 20 47 10  0	
 2  2 1680088 124832 2332432 3258508    0    0    74  3147 8389 9361 21 21 26 32  0	
 1  0 1680088 147912 2313396 3258180    0    0    68  2374 7888 9487 23 24 31 21  0	
 2  0 1680088 146012 2313676 3258380    0    0    55  1418 7359 7691 17 15 53 15  0	
 2  1 1680088 146332 2313952 3258560    0    0    53  3415 8226 8707 19 21 32 27  0	
 0  3 1680088 144300 2314232 3258728    0    0    51  1338 7705 9052 22 23 42 14  0	
 1  0 1680088 144324 2314504 3258940    0    0    54   529 7707 7965 18 15 56 11  0	
 1  2 1680088 142660 2314788 3259116    0    0    51  3910 8645 9174 23 22 30 24  0	
 4  1 1680088 141288 2315060 3259284    0    0    51  1758 8520 10138 30 38 18 14  0	
 1  0 1680088 142900 2315340 3259456    0    0    53  1842 7219 7333 15  9 60 16  0	
 2  2 1680088 141216 2315620 3259640    0    0    51  3742 8135 8084 16 15 33 35  0	
procs -----------memory---------- ---swap-- -----io---- --system-- -----cpu-----
 r  b   swpd   free   buff  cache   si   so    bi    bo   in   cs us sy id wa st
 4  2 1680088 143580 2315884 3259820    0    0    51   642 6709 7289 14 12 66  8  0	
 0  0 1680088 143352 2316156 3260044    0    0    52   823 6883 7472 15  9 45 31  0	
 0  1 1680088 142908 2316444 3260256    0    0    51  4122 8203 7468 17 13 43 27  0	
 0  2 1680088 139552 2316720 3260464    0    0    51  1167 7646 8176 19 15 42 24  0	
 1  0 1680088 134960 2317000 3260648    0    0    51  1673 7558 9048 21 20 44 15  0	
 1  1 1680088 138396 2317276 3260844    0    0    51  3589 8658 8435 19 18 33 30  0	
 1  0 1680088 140776 2317552 3261000    0    0    85  1598 7779 8027 19 15 47 19  0	
 1  0 1680088 140576 2317828 3261220    0    0    56   622 7310 7699 16 11 49 23  0	
 5  1 1680088 138072 2318104 3261436    0    0    51  3208 7751 7422 16  8 52 24  0	
 2  1 1680088 136032 2318376 3261636    0    0    51  2097 7625 7897 17 13 45 26  0	
 2  0 1680088 135676 2318652 3261848    0    0    54   282 7595 8627 27 27 32 14  0	
 2  1 1680088 138320 2318948 3262032    0    0    51  3474 8622 8907 24 25 28 23  0	
 2  0 1680088 136308 2319228 3262252    0    0    51  2226 8063 7909 17 11 40 31  0	
 3  2 1680088 131572 2319516 3262524    0    0    58  1643 7377 7985 18 13 41 27  0	
 5  2 1680088 133668 2319800 3263340    0    0    51  3885 8699 11897 27 17 17 39  0	
 3  1 1680088 135608 2320108 3263560    0    0    51  1170 6996 7415 16 11 64  9  0	
 5  0 1680088 135492 2320392 3263760    0    0    54   472 7296 7402 15 10 48 28  0	
 0  1 1680088 133708 2320664 3263952    0    0    51  3742 8483 7444 16 13 45 26  0	
 2  0 1680088 129616 2320952 3264148    0    0    51  1774 7747 8354 21 21 34 24  0	
 1  0 1680088 128972 2321236 3264384    0    0    54   611 7571 8075 20 16 61  3  0	
 1  2 1680088 130672 2321524 3264596    0    0    52  2746 8160 8186 18 15 45 23  0	
procs -----------memory---------- ---swap-- -----io---- --system-- -----cpu-----
 r  b   swpd   free   buff  cache   si   so    bi    bo   in   cs us sy id wa st
 0  1 1680132 135572 2316632 3264564    0    9    69  2218 7957 8021 23 21 37 19  0	
 1  0 1680132 134936 2317044 3264832    0    0    82  1358 7453 7639 18 13 44 24  0	
 3  1 1680132 134000 2317340 3265036    0    0    51  4068 8134 7529 20 16 46 18  0	
 1  1 1680132 137148 2317620 3265244    0    0    51  1425 8013 9815 32 36 21 11  0	
 1  0 1680132 134364 2317904 3265200    0    0    53   462 6884 7341 15  9 63 12  0	
 1  4 1680132 134076 2318188 3265388    0    0    52  2826 7689 7656 17 14 44 25  0	
 0  0 1680132 135016 2318472 3265608    0    0    51  2666 7821 7435 15  9 39 37  0	
 0  0 1680132 135008 2318752 3265828    0    0    54  1064 6988 7291 16 12 59 13  0	
 1  1 1680132 132720 2319036 3266032    0    0    52  3946 8440 7828 18 14 40 29  0	
 1  0 1680132 133140 2319316 3266248    0    0    51   481 6898 7373 16 11 69  5  0	
 1  0 1680132 133008 2319592 3266480    0    0    59  1079 7346 7694 16 13 42 28  0	
 0  1 1680132 133164 2319864 3266684    0    0    51  3130 7499 7086 14  9 48 29  0	
 3  2 1680132 130472 2320148 3266884    0    0    51  2918 7781 7613 15 10 40 34  0	
 4  0 1680132 126472 2320420 3267124    0    0    52   351 7545 8422 26 23 41 10  0	
 1  1 1680132 129180 2320704 3267308    0    0    51  2489 7853 8021 19 15 54 12  0	
 0  0 1680508 145804 2305444 3265320    0   75    51  3127 8073 8068 21 15 29 35  0	
 2  1 1680508 143056 2305728 3265364    0    0    85  1273 7892 9999 35 37 21  7  0	
 0  2 1680508 146996 2306024 3265596    0    0    51  2048 7739 8430 23 19 36 22  0	
 2  1 1680508 147424 2306308 3265836    0    0    51   866 7219 7703 19 13 56 11  0	
 2  1 1680508 148044 2306576 3266100    0    0    54   618 7129 7539 21 16 57  7  0	
 1  2 1680508 146268 2306848 3266304    0    0    51  2658 7996 7650 18 11 43 28  0	
procs -----------memory---------- ---swap-- -----io---- --system-- -----cpu-----
 r  b   swpd   free   buff  cache   si   so    bi    bo   in   cs us sy id wa st
 2  0 1680508 145640 2307128 3266524    0    0    51  2915 8079 7894 20 14 33 33  0	
 1  1 1680508 145348 2307400 3266780    0    0    51  1588 6880 7504 19 10 52 19  0	
 0  1 1680508 143680 2307684 3267016    0    0    51  2724 7663 7578 18 11 50 21  0	
 4  0 1680508 141764 2307968 3267220    0    0    51  1886 7402 7572 17 12 51 19  0	
 0  0 1680508 144144 2308244 3267476    0    0    53   402 7269 7480 19 12 53 16  0	
 3  1 1680508 141516 2308524 3267764    0    0    51  2123 7720 7551 23 12 51 14  0	
 0  0 1680508 143220 2308792 3268060    0    0    51  3406 8316 8225 25 14 29 32  0	
 6  0 1680508 136412 2309088 3268372    0    0    54   926 7527 8426 31 19 42  8  0	
 1  1 1680508 135944 2309372 3268696    0    0    51  2234 7652 8709 34 23 34  8  0	
 5  1 1680508 127116 2309644 3269000    0    0    51  5181 8777 10227 42 41  6 12  0	
 1  2 1680508 140216 2309924 3269308    0    0    91  1382 7482 8282 31 19 37 14  0	
 2  1 1680508 138416 2310204 3269608    0    0    51  2730 8001 8071 29 16 33 22  0	
 2  0 1680508 139044 2310476 3269912    0    0    51  2534 7747 7661 26 12 43 20  0	
 0  0 1680508 138324 2310748 3270228    0    0    57   604 7141 7973 26 13 55  6  0	
 1  1 1680508 137768 2311032 3270536    0    0    51  2405 7721 7720 25 12 44 19  0	
 1  0 1680508 134840 2311308 3270868    0    0    51  2981 7942 8248 25 12 26 37  0	
 3  0 1680508 135968 2311588 3271192    0    0    55   394 6983 7823 27 14 56  3  0	
 1  2 1680508 136380 2311868 3271484    0    0    51  1348 7423 7478 23 10 55 12  0	
 0  1 1680508 135064 2312140 3271776    0    0    51  4102 8061 7721 23 12 40 25  0	
 0  0 1680508 135288 2312420 3272104    0    0    51   443 6996 8147 27 15 49  8  0	
 0  2 1680508 134768 2312708 3272400    0    0    51  2291 7619 7828 24 13 51 12  0	
procs -----------memory---------- ---swap-- -----io---- --system-- -----cpu-----
 r  b   swpd   free   buff  cache   si   so    bi    bo   in   cs us sy id wa st
 1  1 1680508 134388 2312984 3272732    0    0    51  3212 8203 7789 23  9 29 38  0	
 3  0 1680508 128596 2313264 3273032    0    0    54   242 7359 9162 36 29 34  1  0	
 1  2 1680508 128620 2313540 3273320    0    0    51  1490 7507 9824 43 39 13  6  0	
 0  0 1680508 129340 2313828 3273628    0    0    51  4229 8622 8714 29 19 18 33  0	
 3  1 1680508 129148 2314108 3273952    0    0    54   775 7635 8353 28 16 48  8  0	
 2  1 1680508 131196 2314388 3274248    0    0    85  1647 7665 7912 25 12 50 13  0	
 4  1 1680508 124836 2314664 3274556    0    0    51  3886 8354 8229 26 16 25 34  0	
 2  3 1680508 129932 2314940 3274876    0    0    51  1434 7102 7620 25 11 50 14  0	
 0  2 1680508 129468 2315216 3275156    0    0    51  2829 7472 7391 24 11 48 17  0	
 2  0 1680508 128932 2315488 3275460    0    0    51  1663 7533 8140 26 14 41 20  0	
 2  0 1680508 124808 2315776 3275940    0    0    54   926 7418 8549 28 13 49  9  0	
 1  1 1680508 127684 2316064 3276268    0    0    53  2591 7811 8151 25 13 46 16  0	
 0  0 1680508 127196 2316336 3276588    0    0    51  3082 7576 7810 24 14 39 23  0	
 1  0 1680508 126632 2316616 3276896    0    0    51   842 7367 8208 24 11 44 22  0	
 4  2 1681420 143836 2305488 3268816    0  182    68  2142 7861 8119 28 17 45 10  0	
 3  1 1681420 139152 2305768 3269160    0    0    61  3678 8526 9772 36 33  8 23  0	
 0  0 1681420 142004 2306040 3269488    0    0    59   831 7514 8737 34 23 39  4  0	
 1  2 1681420 141068 2306316 3269836    0    0    58  1647 7233 8305 28 19 42 10  0	
 2  0 1681420 140176 2306596 3270156    0    0    51  1548 7768 8320 27 13 43 17  0	
 1  0 1681420 138656 2306864 3270464    0    0    52   813 7348 8530 26 15 49 10  0	
 0  1 1681420 136576 2307144 3270724    0    0    85  2171 8263 8724 31 20 33 16  0	
procs -----------memory---------- ---swap-- -----io---- --system-- -----cpu-----
 r  b   swpd   free   buff  cache   si   so    bi    bo   in   cs us sy id wa st
 1  1 1681420 141064 2307424 3271056    0    0    51  3363 7842 8064 26 14 31 29  0	
 4  1 1681420 140632 2307704 3271408    0    0    58   850 7172 7749 24 10 43 23  0	
 0  1 1681420 139068 2308000 3271752    0    0    52  1986 7111 7551 24 12 45 18  0	
 1  0 1681420 139280 2308272 3272100    0    0    51  3701 7715 7795 24 10 28 38  0	
 2  1 1681420 136308 2308552 3272424    0    0    55   648 7369 8564 27 15 38 20  0	
 2  1 1681420 137224 2308832 3272728    0    0    51  2209 7918 7876 26 16 45 13  0	
 0  0 1681420 137412 2309116 3273012    0    0    51  3550 7891 7897 24 12 34 29  0	
 1  0 1681420 131876 2309392 3273308    0    0    51   734 7338 8355 30 18 36 16  0	
 2  1 1681420 136108 2309676 3273608    0    0    51  2520 8271 9549 39 36 18  7  0	
 3  1 1681420 132788 2309956 3273916    0    0    51  3193 7976 8418 25 11 19 46  0	
 3  0 1681420 135432 2310220 3274224    0    0    51   555 7139 7783 26 14 53  7  0	
 1  2 1681420 132232 2310496 3274496    0    0    51  2010 7219 7762 25 14 51 10  0	
 1  0 1681420 131612 2310768 3274804    0    0    51  3575 8043 8742 31 21 25 23  0	
 1  0 1681420 129944 2311040 3275104    0    0    51   764 7119 8326 28 17 40 15  0	
 1  2 1681420 129556 2311316 3275388    0    0    87  1548 8090 8759 30 16 45  9  0	
 0  2 1681420 132464 2311600 3275764    0    0    51  3642 8183 8133 26 14 28 31  0	
 1  0 1681420 136500 2308200 3275120    0    0    27   674 7260 7767 26 17 37 20  0	
 0  2 1681420 135192 2308488 3275416    0    0    52   924 7225 7547 24 13 60  3  0	
 1  2 1681420 133308 2308884 3275716    0    0    77  4664 8109 8091 26 15 24 34  0	
 3  0 1681420 130748 2309156 3276032    0    0    51   490 7097 7979 25 10 58  7  0	
 2  0 1681420 121412 2309436 3276356    0    0    54   174 7198 7858 28 14 56  2  0	
procs -----------memory---------- ---swap-- -----io---- --system-- -----cpu-----
 r  b   swpd   free   buff  cache   si   so    bi    bo   in   cs us sy id wa st
 1  2 1681420 134468 2309720 3271776    0    0    51  4887 8515 9097 33 27 19 21  0	
 0  0 1681420 137788 2309992 3272064    0    0    51   846 7211 8616 34 25 30 11  0	
 4  1 1681420 131336 2310288 3272392    0    0    60   499 6957 8007 27 15 54  4  0	
 1  1 1681420 136624 2310564 3272712    0    0    51  4018 8001 8122 26 14 27 34  0	
 0  0 1681420 135920 2310860 3273004    0    0    51  1526 7313 7887 23 10 43 24  0	
 0  1 1681420 145368 2311140 3263544    0    0    55  1514 7225 7693 24 13 48 15  0	
 0  0 1681420 141988 2311408 3263868    0    0    51  4143 8087 8464 30 19 31 20  0	
 2  0 1681420 136420 2311696 3264196    0    0    51   331 7501 8714 29 15 44 11  0	
 2  0 1681420 140300 2311980 3264532    0    0    57   745 7536 8523 31 21 44  4  0	
 2  1 1681420 142252 2312256 3264812    0    0    85  3937 8562 8085 29 18 27 26  0	
 2  0 1681420 141812 2312532 3265104    0    0    51  1710 7537 7843 23 12 43 22  0	
 3  1 1681420 140524 2312812 3265456    0    0    58  1429 7766 8126 25 13 50 12  0	
 1  0 1681420 138832 2313100 3265756    0    0    51  4203 8481 8168 25 12 25 38  0	
 2  0 1681420 139184 2313376 3266072    0    0    52   436 7266 7632 27 12 56  4  0	
 3  1 1681420 135640 2313652 3266396    0    0    58   694 7735 9819 40 40 17  4  0	
 0  2 1681420 138164 2313928 3266684    0    0    51  4371 8244 8221 28 15 24 33  0	
 1  0 1681420 137536 2314220 3267012    0    0    59  1240 7408 8564 27 15 42 15  0	
 0  1 1681420 137648 2314504 3267384    0    0    53  1502 7866 7760 23 10 54 13  0	
 2  2 1681420 136772 2314792 3267708    0    0    51  5750 8679 8109 27 14 20 38  0	
 1  0 1681420 135020 2315072 3268040    0    0    51  1179 7477 7977 24 11 45 20  0	
 1  0 1681420 133436 2315352 3268348    0    0    51   472 7308 7920 27 13 54  6  0	
procs -----------memory---------- ---swap-- -----io---- --system-- -----cpu-----
 r  b   swpd   free   buff  cache   si   so    bi    bo   in   cs us sy id wa st
 0  2 1681420 132664 2315628 3268632    0    0    51  3916 7866 8568 32 24 16 28  0	
 2  0 1681420 132580 2315920 3268924    0    0    51  1639 7612 8370 27 16 39 18  0	
 0  0 1681420 129780 2316196 3269264    0    0    53   244 7672 8409 29 16 52  3  0	
 3  2 1681420 129004 2316468 3269568    0    0    85  4753 8392 8808 29 20 14 37  0	
 1  0 1681420 132848 2316744 3269860    0    0    51  1112 7902 7999 25 12 46 17  0	
10  0 1681420 130296 2317012 3270152    0    0    53   226 7172 7655 25 13 60  2  0	
 1  2 1681420 127236 2317276 3270448    0    0    51  4123 8347 8962 34 28 17 21  0	
 5  0 1681420 125904 2317544 3270756    0    0    51  1692 7987 9288 37 29 17 17  0	
 1  0 1681420 131232 2317824 3271224    0    0    54   238 7345 8307 30 16 47  8  0	
 1  1 1681420 129884 2318112 3271544    0    0    51  3943 8129 7763 23  9 36 32  0	
 0  0 1681420 127364 2318392 3271868    0    0    51  1920 8056 8112 24  9 38 29  0	
 7  1 1681420 126612 2318668 3272168    0    0    51   826 7320 7820 27 14 54  6  0	
 1  2 1681420 128612 2318948 3272468    0    0    51  3794 8335 8365 27 16 26 31  0	
 6  0 1681420 127636 2319224 3272780    0    0    51  1422 7503 7653 23  9 45 23  0	
 0  0 1681420 124596 2319500 3273084    0    0    51   581 7557 8060 27 17 54  3  0	
 6  4 1681420 123928 2319764 3273384    0    0    51  3817 8413 8329 24 11 25 39  0	
 3  0 1681444 145088 2302748 3270588    0    5    76  1690 7625 8669 31 22 24 23  0	
 1  0 1681444 144344 2303028 3270924    0    0    52   418 7249 8138 27 17 53  3  0	
 3  2 1681444 139908 2303304 3271236    0    0    51  2974 8118 8611 29 16 32 24  0	
 0  0 1681444 143420 2303584 3271496    0    0    85  2682 8022 8967 33 20 15 32  0	
 2  0 1681444 141056 2303872 3271840    0    0    52  1678 7980 9754 39 36 22  3  0	
procs -----------memory---------- ---swap-- -----io---- --system-- -----cpu-----
 r  b   swpd   free   buff  cache   si   so    bi    bo   in   cs us sy id wa st
 0  1 1681444 144120 2304136 3272168    0    0    51  4091 8254 8295 27 14 18 41  0	
 1  0 1681444 141964 2304412 3272484    0    0    51   528 7204 7747 24 11 48 17  0	
 4  0 1681444 141640 2304688 3272784    0    0    52   605 7250 7972 25 12 60  2  0	
 0  2 1681444 142236 2304964 3273064    0    0    51  4208 8633 8346 28 20 22 30  0	
 0  0 1681444 141476 2305244 3273368    0    0    51  1432 7425 7618 23 10 44 23  0	
 2  0 1681444 140920 2305520 3273700    0    0    53   455 7087 7433 24 11 62  3  0	
 0  1 1681444 138056 2305788 3274008    0    0    51  4310 8470 8398 27 14 25 34  0	
 1  0 1681444 140220 2306060 3274316    0    0    51  1215 7795 7842 23  9 44 24  0	
 0  0 1681444 139532 2306328 3274632    0    0    54   306 7210 7725 25 12 58  6  0	
 0  2 1681444 139320 2306604 3274944    0    0    51  4293 8320 8266 27 16 25 32  0	
 0  0 1681444 136148 2306876 3275248    0    0    51  1339 7266 7883 24 10 51 16  0	
 1  0 1681444 133460 2307156 3275572    0    0    54   885 7198 8850 33 25 39  3  0	
 5  1 1681444 131872 2307444 3275912    0    0    51  3705 7821 8986 34 26 22 19  0	
 0  1 1681444 134060 2307720 3276212    0    0    51  1730 7298 9769 42 43  6  9  0	
 0  0 1681444 136400 2307988 3276484    0    0    85   994 7477 8036 29 17 42 12  0	
 0  2 1681444 134732 2308268 3276784    0    0    51  4438 8216 8067 27 18 23 32  0	
 2  1 1681444 131888 2308544 3277108    0    0    51  1010 7078 7672 25 10 42 24  0	
 0  0 1681444 134664 2308816 3277448    0    0    54   490 7386 7855 27 15 56  2  0	
 1  3 1681444 133828 2309088 3277760    0    0    51  4414 8217 7815 24 10 32 35  0	
 1  0 1681444 129012 2309368 3278056    0    0    51  1327 7410 7678 24  9 43 24  0	
 3  1 1681444 129088 2309644 3278360    0    0    54   713 7284 8124 28 17 51  3  0	
procs -----------memory---------- ---swap-- -----io---- --system-- -----cpu-----
 r  b   swpd   free   buff  cache   si   so    bi    bo   in   cs us sy id wa st
 0  2 1681444 132212 2309920 3278668    0    0    51  3578 8079 7866 25 14 37 24  0	
 1  1 1681444 131384 2310212 3278980    0    0    51  2043 7782 8006 25 12 22 41  0	
 0  0 1681444 131308 2310488 3279280    0    0    51   883 7234 7673 24 11 54 12  0	
 1  2 1681444 128944 2310764 3279624    0    0    51  3991 7914 7722 23 11 32 34  0	
 2  0 1681444 121784 2311032 3279904    0    0    51  1047 7191 7672 25 12 39 24  0	
 6  0 1681444 120836 2311312 3280196    0    0    52  1053 7202 8894 36 30 32  2  0	
 0  1 1681996 146932 2291288 3279732    0  110    65  3824 7891 9980 41 39  9 11  0	
 0  0 1681996 145336 2291572 3280028    0    0    51  1840 7774 8610 29 18 34 18  0	
 1  0 1681996 148212 2291848 3280376    0    0    86   786 7605 8211 30 18 46  7  0	
 0  2 1681996 146728 2292128 3280652    0    0    51  4211 8232 8109 27 14 28 30  0	
 1  0 1681996 147660 2292396 3280948    0    0    51  1429 7498 7818 23 10 38 29  0	
 5  0 1681996 145832 2292676 3281272    0    0    57   751 7120 8070 25 13 58  4  0	
 1  3 1681996 146492 2292944 3281584    0    0    51  3663 8000 8147 27 17 30 26  0	
 2  1 1681996 145748 2293224 3281888    0    0    51  1933 7900 8167 23 10 45 22  0	
 0  0 1681996 145236 2293508 3282212    0    0    54  1306 7222 7448 24 10 59  8  0	
 5  1 1681996 141808 2293784 3282532    0    0    51  3826 8117 7947 25 15 27 33  0	
 0  0 1681996 143756 2294064 3282848    0    0    53  1054 7334 7832 24  9 40 27  0	
 0  0 1681996 143872 2294340 3283132    0    0    51  1197 7376 7702 26 16 52  6  0	
 3  3 1681996 140360 2294616 3283428    0    0    51  4323 8338 7912 29 16 27 28  0	
 1  0 1681996 139036 2294892 3283748    0    0    51  1004 7931 9383 36 32 18 14  0	
 0  0 1681996 142020 2295184 3284048    0    0    53  1119 7502 8820 32 23 37  8  0	
procs -----------memory---------- ---swap-- -----io---- --system-- -----cpu-----
 r  b   swpd   free   buff  cache   si   so    bi    bo   in   cs us sy id wa st
 0  2 1681996 138600 2295456 3284380    0    0    51  3476 7718 8538 29 19 33 19  0	
 2  1 1681996 137020 2295736 3284688    0    0    51  1868 7567 8279 26 15 33 26  0	
 2  0 1681996 135576 2296016 3285000    0    0    52  1413 7656 8610 31 20 41  8  0	
 1  3 1682068 151556 2285120 3283040    0   14    95  3193 7661 8012 28 21 21 30  0	
 2  2 1682068 148968 2285292 3283420    0    0    32  1945 7710 8277 27 13 31 30  0	
 5  2 1682068 143732 2285724 3284364    0    0   102  2978 8185 11411 42 20 16 22  0	
 4  1 1682068 145312 2286004 3285556    0    0   135  5071 8340 8977 39 18 11 32  0	
 0  0 1682068 142880 2286292 3286092    0    0    54  1764 7813 12328 44 22 15 19  0	
 1  0 1682068 147436 2286576 3286600    0    0    55  1452 7783 8596 26 12 54  8  0	
 7  2 1682068 147660 2286848 3286876    0    0    51  3950 8171 8040 25 14 32 28  0	
 3  0 1682068 145972 2287116 3287192    0    0    54  1101 7151 7774 24 13 40 23  0	
 5  0 1682068 137404 2287396 3287540    0    0    57  1088 7166 8127 31 17 44  8  0	
 7  1 1682068 141512 2287664 3287844    0    0    51  3986 8369 9747 40 37 13 10  0	
 2  0 1682068 144864 2287932 3288256    0    0    54  1440 7312 7973 26 13 40 21  0	
 2  0 1682068 143928 2288208 3288548    0    0    51  1133 7414 7731 24 12 49 16  0	
 0  2 1682068 143376 2288488 3288844    0    0    51  2458 7618 8019 25 15 43 17  0	
 7  0 1682068 133980 2288768 3289196    0    0    54  2859 8215 9092 31 20 24 25  0	
 1  2 1682068 140068 2289056 3289536    0    0    55  1481 7349 8138 28 15 48  9  0	
 2  1 1682068 139200 2289320 3289864    0    0    51  2789 7929 8824 29 19 34 19  0	
 0  0 1682068 140980 2289588 3290216    0    0    88  2083 7915 8002 27 13 38 22  0	
 4  0 1682068 138592 2289864 3290520    0    0    54  1250 7381 7859 24 11 57  8  0	
procs -----------memory---------- ---swap-- -----io---- --system-- -----cpu-----
 r  b   swpd   free   buff  cache   si   so    bi    bo   in   cs us sy id wa st
 2  1 1682068 136964 2290136 3290800    0    0    51  2305 7858 8204 26 18 43 13  0	
 1  0 1682068 139196 2290412 3291132    0    0    54  3015 8051 8099 26 13 23 38  0	
 1  0 1682068 138392 2290684 3291432    0    0    51  1089 7512 7950 25 13 56  6  0	
 1  4 1682068 137152 2290960 3291748    0    0    51  1441 7159 7700 27 12 48 13  0	
 0  1 1682068 131416 2291224 3292060    0    0    51  3928 8569 9544 35 28  9 27  0	
 4  1 1682068 136852 2291496 3292340    0    0    52  1754 7624 9138 35 28 24 12  0	
 1  1 1682068 137280 2291772 3292640    0    0    51  1918 7463 7490 23 11 52 13  0	
 0  0 1682068 136420 2292048 3292944    0    0    52  2522 7732 7771 23 10 38 29  0	
 2  1 1682068 134812 2292324 3293256    0    0    51  1217 7320 7944 26 15 48 12  0	
 0  2 1682068 134448 2292596 3293588    0    0    51  2238 7599 7831 25 11 44 20  0	
 4  0 1682068 129576 2292868 3293896    0    0    51  2848 7488 7968 28 20 17 35  0	
 2  3 1682068 131596 2293148 3294204    0    0    54  1237 7679 8619 31 22 36 11  0	
 0  2 1682068 129076 2293432 3294532    0    0    51  2658 8247 8588 29 19 30 22  0	
 2  0 1682068 131348 2293704 3294864    0    0    86  2571 7932 8807 32 22 30 16  0	
 0  3 1682068 132140 2293992 3295136    0    0    51   990 7371 7752 25 11 50 14  0	
 0  1 1682068 140828 2294264 3285680    0    0    51  1444 7227 7483 23  9 59  9  0	
 4  1 1682068 139780 2294532 3285980    0    0    51  4226 8552 8489 26 13 24 37  0	
 4  0 1682068 137400 2294820 3286264    0    0    54   613 7417 8022 29 14 50  7  0	
 3  2 1682068 135768 2295096 3286576    0    0    51   961 7724 9846 41 41 15  3  0	
 0  1 1682068 138008 2295380 3286900    0    0    54  4393 8211 8446 29 16 18 38  0	
 0  0 1682068 136692 2295656 3287224    0    0    54  1158 7488 7888 24 10 57  9  0	
procs -----------memory---------- ---swap-- -----io---- --system-- -----cpu-----
 r  b   swpd   free   buff  cache   si   so    bi    bo   in   cs us sy id wa st
 6  0 1682068 134872 2295936 3287560    0    0    51  1390 7469 8092 26 15 53  6  0	
 6  0 1682068 135276 2296216 3287868    0    0    51  3558 7896 7756 23 10 36 31  0	
 0  0 1682068 135992 2296496 3288164    0    0    53   375 7224 7720 24 11 61  4  0	
 0  2 1682068 133216 2296800 3288336    0    0    51  2055 8265 8117 27 18 39 16  0	
 1  1 1682068 133308 2297064 3288664    0    0    51  4208 8598 8266 24 13 18 45  0	
 0  2 1682068 132332 2297344 3288996    0    0    51   536 7605 8739 31 21 44  3  0	
 0  1 1682068 131168 2297620 3289308    0    0    51  1847 7926 8608 28 17 33 22  0	
 0  0 1682068 130044 2297888 3289612    0    0    51  4022 7968 8312 28 16 33 23  0	
 1  0 1682068 129640 2298164 3289876    0    0    85   282 7633 8283 28 15 50  6  0	
 0  2 1682068 131888 2298448 3290176    0    0    51  1959 7492 7793 26 16 45 12  0	
 2  2 1682068 127068 2298728 3290644    0    0    51  4125 8546 9035 33 22 13 32  0	
 1  0 1682068 130224 2299020 3290792    0    0    51   368 7706 9264 37 32 30  2  0	
 1  2 1682068 127456 2299292 3291128    0    0    51  1424 7528 7858 25 10 53 12  0	
 1  1 1682068 129820 2299580 3291448    0    0    51  4529 8250 8110 24 11 21 44  0	
 0  1 1682068 129396 2299860 3291740    0    0    51   762 7267 7800 26 12 56  6  0	
 0  2 1682068 128572 2300148 3292028    0    0    51  1986 7813 7969 26 15 35 24  0	
 2  0 1682068 125976 2300420 3292348    0    0    51  3893 8341 8275 26 13 29 32  0	
 0  0 1682068 127564 2300708 3292660    0    0    51   205 7131 7764 26 15 55  5  0	
 0  1 1682068 126908 2300984 3292952    0    0    51  2290 7532 7704 22  9 55 14  0	
 2  0 1682068 122464 2301264 3293268    0    0    51  3922 8219 8414 26 14 16 44  0	
 0  0 1682360 143212 2288764 3283944    0   58    54   317 7282 8557 32 19 47  2  0	
procs -----------memory---------- ---swap-- -----io---- --system-- -----cpu-----
 r  b   swpd   free   buff  cache   si   so    bi    bo   in   cs us sy id wa st
 0  3 1682360 145840 2289040 3284164    0    0    51  1394 7787 8297 28 19 40 13  0	
 1  3 1682360 144476 2289320 3284468    0    0    51  4465 8567 8628 28 16 16 39  0	
 0  1 1682360 143364 2289612 3284916    0    0    85  1173 7648 8793 35 19 37  8  0	
 2  2 1682360 141644 2289892 3285252    0    0    51  1986 7864 9933 41 37 16  6  0	
 0  0 1682360 145684 2290172 3285532    0    0    51  3738 8202 8528 29 18 19 34  0	
 0  0 1682360 144940 2290440 3285828    0    0    51   357 7169 7365 25 11 60  5  0	
 0  2 1682360 144120 2290724 3286124    0    0    51  1958 7860 7873 25 14 37 24  0	
 0  0 1682360 143680 2290992 3286428    0    0    51  4192 8294 8446 27 15 20 38  0	
 0  0 1682360 148368 2291272 3281864    0    0    51   242 7059 7633 23 11 60  6  0	
 1  1 1682360 146476 2291544 3282168    0    0    51  1705 7449 7895 25 13 46 16  0	
 1  0 1682360 146196 2291820 3282476    0    0    51  4393 8403 8218 25 11 23 42  0	
 1  0 1682360 146244 2292104 3282752    0    0    51   298 7363 7761 25 13 59  3  0	
 0  1 1682360 146080 2292372 3283064    0    0    51  1176 7346 7703 27 18 46  9  0	
 2  2 1682360 144056 2292660 3283332    0    0    51  4378 8062 7822 23  9 24 45  0	
 3  0 1682360 142600 2292936 3283676    0    0    51   847 7380 7914 26 12 54  8  0	
 4  1 1682360 141600 2293208 3284004    0    0    51  2619 7887 8822 34 22 33 11  0	
 2  3 1682360 137708 2293480 3284336    0    0    51  7329 9025 8665 33 25 19 22  0	
 3  1 1682360 137452 2293752 3284628    0    0    51   563 7435 10469 44 40 14  2  0	
 1  1 1682360 139908 2294032 3284920    0    0    85  1694 7945 7885 29 18 44  9  0	
 0  2 1682360 141768 2294320 3285224    0    0    51  4188 8247 8059 25 12 21 43  0	
 1  1 1682360 140912 2294600 3285544    0    0    51  1556 7361 7638 25 13 47 14  0	
procs -----------memory---------- ---swap-- -----io---- --system-- -----cpu-----
 r  b   swpd   free   buff  cache   si   so    bi    bo   in   cs us sy id wa st
 0  1 1682360 140112 2294876 3285860    0    0    51  2154 7732 7904 25 12 39 24  0	
 0  0 1682360 138732 2295152 3286156    0    0    51  2994 7878 7954 24 12 37 28  0	
 0  0 1682360 139204 2295440 3286464    0    0    51   274 7271 7823 27 14 49 10  0	
 0  1 1682360 138252 2295708 3286752    0    0    51  1767 7760 8016 24 14 54  8  0	
 2  2 1682360 138200 2295992 3287052    0    0    51  4347 8562 8061 22  9 18 50  0	
 0  1 1682360 136720 2296276 3287384    0    0    57   417 7253 7834 26 14 53  7  0	
 0  2 1682360 137340 2296556 3287716    0    0    51  1785 7228 7557 24 10 51 16  0	
 1  0 1682360 136868 2296836 3288020    0    0    51  4128 8437 8479 26 14 27 34  0	
 2  1 1682360 134844 2297112 3288332    0    0    54   310 6963 7583 28 18 52  2  0	
13  0 1682360 127208 2297404 3288652    0    0    51  1258 7431 9934 39 38 20  3  0	
 2  0 1682360 130644 2297680 3288956    0    0    51  4865 8621 9732 38 34 12 15  0	
 3  1 1682360 132700 2297952 3289288    0    0    56   523 7066 8161 28 18 52  3  0	
 1  3 1682536 144204 2288304 3285828    0   35    72  1213 7040 7934 27 19 42 11  0	
 0  1 1682536 142316 2288584 3288296    0    0   163  4253 8482 10616 24 19 23 34  0	
 6  0 1682536 135764 2289000 3288820    0    0    77  1256 7792 9607 23 15 50 12  0	
20  0 1682536 140456 2289404 3289464    0    0    86  1599 7389 7778 18 13 61  8  0	
 0  1 1682536 140728 2289696 3289820    0    0    51  4350 8627 8641 20 12 24 44  0	
 0  0 1682536 139896 2289988 3290264    0    0    55   636 7197 8119 22 13 53 12  0	
 1  2 1682536 134540 2290260 3290884    0    0    51  1794 7604 8893 21 15 52 11  0	
 0  0 1682536 136672 2290532 3291448    0    0    51  4330 8070 8397 16 12 29 43  0	
 0  0 1682536 137596 2290804 3291848    0    0    54   387 6980 7471  9  9 74  9  0	
procs -----------memory---------- ---swap-- -----io---- --system-- -----cpu-----
 r  b   swpd   free   buff  cache   si   so    bi    bo   in   cs us sy id wa st
 0  0 1682536 137132 2291096 3292052    0    0    51  1378 7528 7697 16 12 55 17  0	
 1  2 1682536 135372 2291372 3292364    0    0    53  4708 8560 7629 19 12 28 41  0	
 2  3 1682536 127800 2291648 3292632    0    0    58   827 7801 9826 36 38 18  9  0	
 1  1 1682536 134424 2291928 3292940    0    0    51  1860 7182 8083 27 20 42 11  0	
 5  0 1682536 131696 2292208 3293204    0    0    51  3896 8073 8320 24 17 25 34  0	
 0  0 1682536 132280 2292488 3293508    0    0    59   243 7540 8280 27 18 47  8  0	
 1  2 1682536 130060 2292752 3293776    0    0    51  1326 7844 8207 25 17 46 12  0	
 1  4 1682536 129236 2293032 3294044    0    0    73  4021 8339 8858 25 17 21 37  0	
 0  1 1682536 132184 2293328 3294296    0    0    66  1862 7879 7945 23 14 39 23  0	
 1  1 1682536 131852 2293600 3294584    0    0    51  2512 7637 7518 20 10 47 23  0	
 1  0 1682536 129472 2293868 3294820    0    0    51  2824 7872 7706 20 10 44 26  0	
 0  0 1682536 130424 2294144 3295132    0    0    56   435 7273 8135 23 15 59  3  0	
 0  1 1682536 130116 2294428 3295380    0    0    51  1430 6863 7270 19 10 52 19  0	
 2  1 1682536 129116 2294704 3295620    0    0    51  4355 8367 7890 22 14 22 43  0	
 0  0 1682536 127448 2294984 3295908    0    0    53  1121 7042 7631 23 16 51 10  0	
 6  3 1682796 137660 2279960 3294860    0   52    51  2187 7714 8096 27 18 50  6  0	
 0  1 1682796 144452 2280232 3295124    0    0    52  3222 8045 9359 35 36 15 15  0	
 0  0 1682796 143880 2280516 3295376    0    0    53   310 7101 7499 21 10 64  6  0	
 0  1 1682796 142576 2280784 3295652    0    0    51  1210 7460 7602 21 12 52 15  0	
 1  1 1682796 140532 2281052 3295952    0    0    53  4230 8276 8296 24 15 22 40  0	
 3  1 1682796 140276 2281344 3296360    0    0    62  1037 7549 9105 29 20 32 19  0	
procs -----------memory---------- ---swap-- -----io---- --system-- -----cpu-----
 r  b   swpd   free   buff  cache   si   so    bi    bo   in   cs us sy id wa st
 5  2 1682796 134656 2281624 3296664    0    0    51  2056 8051 8515 23 15 43 18  0	
 2  1 1682796 135500 2281904 3296944    0    0    51  3898 8517 8457 24 17 36 23  0	
 0  0 1682796 140616 2282164 3297180    0    0    86   639 7571 8211 26 18 47  8  0	
 0  1 1682796 140120 2282456 3297444    0    0    51   905 7336 7493 21 12 57  9  0	
 2  2 1682796 138408 2282728 3297708    0    0    51  4389 8435 7751 22 14 23 41  0	
 0  2 1682796 138588 2283012 3297944    0    0    51  1113 7228 7650 22 13 50 15  0	
 0  2 1682796 138408 2283280 3298220    0    0    51  1114 7193 7562 22 13 60  5  0	
 0  0 1682796 137408 2283560 3298500    0    0    51  4571 8172 7846 21 10 22 47  0	
 1  1 1682796 134476 2283836 3298748    0    0    51  1174 7802 9588 35 32 31  2  0	
 0  3 1682796 136212 2284116 3299020    0    0    51  1422 7209 8294 30 23 39  8  0	
 1  0 1682796 136252 2284404 3299300    0    0    51  3806 8212 7940 21 12 22 45  0	
 0  1 1682796 134556 2284688 3299556    0    0    51   646 7303 7862 24 15 57  4  0	
 0  1 1682796 135380 2284960 3299840    0    0    51   489 6897 7252 19  8 65  8  0	
 1  2 1682796 133248 2285236 3300120    0    0    51  4670 8253 8347 20 11 21 48  0	
 1  0 1682796 132448 2285512 3300392    0    0    51  1254 7640 8552 28 20 40 12  0	
 0  0 1682796 132200 2285808 3300580    0    0    51  1726 7913 8468 25 17 40 18  0	
 3  0 1682796 141012 2286072 3291108    0    0    54  3574 8458 8342 24 16 33 26  0	
 1  0 1682796 141484 2286364 3291356    0    0    87  1125 7864 8495 29 21 36 15  0	
 1  0 1682796 138800 2286636 3291632    0    0    51  1660 7248 7287 20 10 60 10  0	
 2  0 1682796 140228 2286908 3291900    0    0    51  3742 8025 7854 21 13 31 36  0	
 3  0 1682796 138584 2287180 3292164    0    0    51   996 7447 7777 20  9 57 14  0	
procs -----------memory---------- ---swap-- -----io---- --system-- -----cpu-----
 r  b   swpd   free   buff  cache   si   so    bi    bo   in   cs us sy id wa st
 1  1 1682796 137452 2287448 3292412    0    0    51   900 7049 8034 30 24 43  3  0	
 0  2 1682796 139344 2287728 3292688    0    0    51  4319 8421 10014 38 37  5 19  0	
 0  1 1682796 138984 2288020 3292944    0    0    51  1491 7319 7477 20 11 57 11  0	
 1  1 1682796 138496 2288288 3293240    0    0    51  3838 8340 7742 19  9 46 27  0	
 1  0 1682796 133084 2288556 3293508    0    0    51  3544 7863 7675 22 13 33 32  0	
 7  0 1682796 133624 2288824 3293752    0    0    51  1319 7421 8244 24 19 46 11  0	
 1  2 1682796 136084 2289096 3294012    0    0    51   782 6956 7588 20 10 59 10  0	
 1  0 1682796 136100 2289360 3294292    0    0    51  4377 8330 7888 23 17 28 32  0	
 4  1 1682796 131788 2289636 3294552    0    0    51   993 6947 7831 22 15 58  6  0	
 1  2 1682796 128104 2289916 3294840    0    0    51  1238 7395 9163 28 22 41  9  0	
 2  1 1682796 132704 2290196 3295112    0    0    51  4182 8297 8371 24 15 29 32  0	
 6  0 1682796 129912 2290472 3295376    0    0    51   761 7491 8369 24 15 51 11  0	
 0  0 1682796 134232 2290752 3295616    0    0    85   574 7160 7640 25 17 56  2  0	
 0 10 1682796 122280 2291052 3295856    0    0    51  4227 7766 7588 21 10 23 47  0	
 3  2 1682796 122732 2291332 3296132    0    0    51  1489 7812 9537 32 28 29 11  0	
 6  2 1682796 129408 2291604 3296412    0    0    51  1297 7344 8634 31 26 35  7  0	
 1  0 1682796 132140 2291892 3296672    0    0    51  3920 8123 7912 20 10 29 41  0	
 1  2 1682796 130884 2292168 3296936    0    0    51  1098 7398 7566 22 13 58  7  0	
 0  2 1682796 128712 2292448 3297188    0    0    51  2132 7545 7538 22 13 40 26  0	
 1  0 1682796 128124 2292736 3297452    0    0    51  3180 8341 8074 22 12 35 31  0	
 0  2 1682796 129404 2293024 3297732    0    0    51   882 7356 7746 24 15 53  8  0	
procs -----------memory---------- ---swap-- -----io---- --system-- -----cpu-----
 r  b   swpd   free   buff  cache   si   so    bi    bo   in   cs us sy id wa st
 0  1 1682796 128676 2293296 3298000    0    0    51  1512 7032 7386 20 11 56 14  0	
 2  0 1682796 126364 2293572 3298280    0    0    51  4054 7978 7653 20 11 23 46  0	
 1  0 1682796 126396 2293856 3298544    0    0    51   880 7405 7600 23 13 54 11  0	
 0  3 1683252 144128 2280468 3293984    0   91    57  2156 7776 8275 28 22 41 10  0	
 0  1 1683252 142516 2280756 3294276    0    0    51  3284 8183 8558 26 18 20 36  0	
 0  1 1683252 142648 2281040 3294540    0    0    51   206 7378 7917 23 13 54  9  0	
 1  1 1683252 139296 2281312 3294780    0    0    85  2206 8072 8135 27 17 35 21  0	
 5  0 1683252 133532 2281596 3295088    0    0    61  3876 8489 10337 39 42  8 11  0	
 0  0 1683252 143144 2281864 3295344    0    0    51   661 7322 7479 22 11 64  3  0	
 3  1 1683252 142976 2282140 3295604    0    0    51  2361 7359 7355 20 10 51 19  0	
 5  1 1683288 148840 2278436 3295244    0    7    26  3476 8352 8434 23 16 20 41  0	
 2  0 1683288 146024 2278724 3295560    0    0    63   187 7129 7689 22 11 63  4  0	
 2  2 1683288 146900 2279132 3295832    0    0    77  1958 7038 7340 22 12 47 19  0	
 0  0 1683288 145024 2279404 3296092    0    0    51  4189 8352 8164 22 14 21 43  0	
 1  0 1683288 142248 2279688 3296368    0    0    54   460 7163 7463 21 11 62  6  0	
 1  2 1683288 143908 2279968 3296640    0    0    51  2141 7859 8210 25 18 42 15  0	
 2  2 1683288 141620 2280256 3296936    0    0    51  3601 8215 7696 20 10 27 44  0	
 1  0 1683288 144716 2280560 3294392    0    0    53   528 8589 12610 34 18 35 14  0	
 1  0 1683288 137924 2280848 3294696    0    0    51  1362 7780 8244 26 17 47 10  0	
 1  4 1683288 141840 2281144 3294968    0    0    51  4586 8509 8549 25 16 14 44  0	
 3  0 1683288 134304 2281428 3295248    0    0    54  1096 7551 9355 33 28 29 10  0	
procs -----------memory---------- ---swap-- -----io---- --system-- -----cpu-----
 r  b   swpd   free   buff  cache   si   so    bi    bo   in   cs us sy id wa st
 0  4 1683288 140236 2281708 3295484    0    0    73   637 7379 9480 38 38 17  7  0	
 1  1 1683288 141016 2281992 3295728    0    0    64  4724 8584 8100 22 13 18 46  0	
 1  3 1683288 142172 2282280 3295992    0    0    53   552 7157 7791 23 15 58  4  0	
 4  0 1683288 141536 2282552 3296260    0    0    51   970 7070 7536 21 12 59  8  0	
 0  2 1683288 141204 2282820 3296532    0    0    51  4258 7996 7434 19  9 33 39  0	
 1  1 1683288 139296 2283096 3296812    0    0    52   817 7425 7792 22 12 54 12  0	
 1  0 1683288 138792 2283364 3297100    0    0    52  1484 7329 7455 23 17 52  8  0	
 2  2 1683288 139832 2283644 3297360    0    0    51  4080 8273 7993 19  8 33 40  0	
 0  0 1683288 138972 2283916 3297628    0    0    52   798 7214 7590 22 12 54 12  0	
 1  0 1683288 138164 2284200 3297932    0    0    53  1152 7354 7980 23 13 50 15  0	
 4  2 1683288 137520 2284472 3298200    0    0    51  4251 8182 7800 22 13 36 29  0	
 3  0 1683288 137196 2284752 3298456    0    0    52   967 7447 7669 20 11 53 16  0	
 0  0 1683288 134700 2285036 3298748    0    0    52  1454 7290 7478 23 12 55  9  0	
 1  2 1683288 127304 2285308 3299008    0    0    51  4103 8006 10214 39 43 11  7  0	
 2  3 1683288 133376 2285588 3299288    0    0    51  1114 7781 9285 33 28 34  5  0	
 0  0 1683288 133012 2285856 3299556    0    0    51  1863 7839 8181 23 15 41 21  0	
 0  0 1683288 132484 2286132 3299804    0    0    85  4069 8214 8493 23 16 27 34  0	
 1  0 1683288 132064 2286424 3300060    0    0    52   298 7486 8365 24 13 60  3  0	
 3  1 1683288 131552 2286704 3300316    0    0    51  1962 7574 8034 23 17 37 23  0	
 0  1 1683288 132724 2286988 3300576    0    0    51  4206 8023 7769 20 11 22 47  0	
 0  0 1683288 132600 2287272 3300844    0    0    54   241 6686 7503 20 10 64  5  0	
procs -----------memory---------- ---swap-- -----io---- --system-- -----cpu-----
 r  b   swpd   free   buff  cache   si   so    bi    bo   in   cs us sy id wa st
 0  1 1683288 129476 2287540 3301148    0    0    51  1331 7489 7661 21 11 59  9  0	
 0  2 1683288 129708 2287812 3301408    0    0    51  4500 7933 8287 21 11 21 47  0	
 1  0 1683288 130664 2288092 3301664    0    0    51  1179 6929 7449 22 15 56  7  0	
 1  3 1683288 130524 2288368 3301900    0    0    51  2410 7572 7661 21 13 53 13  0	
 0  0 1683288 129052 2288640 3302176    0    0    51  3044 8239 7740 20 12 41 26  0	
 5  0 1683288 120172 2288920 3302464    0    0    51   268 7093 7888 25 14 58  2  0	
 3  1 1683784 144208 2275900 3293232    0   99    91  1725 7829 9982 39 43 14  5  0	
 0  2 1683784 150860 2276172 3293500    0    0    53  4219 8239 7848 22 10 20 48  0	
 1  0 1683784 148076 2276456 3293752    0    0    51   572 7537 8818 29 21 44  5  0	
 1  0 1683784 146072 2276748 3294040    0    0    53  1484 7762 8542 26 20 46  9  0	
 3  0 1683784 142384 2277020 3294316    0    0    51  4658 8572 8600 24 16 21 39  0	
 1  2 1683784 148712 2277308 3294552    0    0    95   423 7764 8291 26 18 48  7  0	
 0  0 1683784 148124 2277576 3294880    0    0    53  1605 7246 7375 20  8 55 18  0	
 1  2 1683784 147596 2277848 3295128    0    0    51  6353 8580 7607 19  9 31 40  0	
 6  0 1683784 143820 2278112 3295404    0    0    52   830 7090 7648 22 11 60  7  0	
 0  0 1683784 150292 2278400 3290808    0    0    54  1316 7202 8410 24 17 54  6  0	
 0  2 1683784 150760 2278668 3291048    0    0    51  4503 8203 8187 23 16 33 29  0	
 1  0 1683784 150216 2278952 3291324    0    0    54   497 7185 7772 20 10 62  8  0	
 1  0 1683784 150272 2279224 3291604    0    0    51  1583 7645 7651 20  9 58 14  0	
 2  1 1683784 146420 2279492 3291864    0    0    51  4622 8602 9051 31 27 19 23  0	
 3  0 1683784 148420 2279776 3292124    0    0    51   272 7742 9323 32 26 40  2  0	
procs -----------memory---------- ---swap-- -----io---- --system-- -----cpu-----
 r  b   swpd   free   buff  cache   si   so    bi    bo   in   cs us sy id wa st
 0  0 1683784 148424 2280056 3292384    0    0    54  1409 7333 7598 23 15 56  6  0	
 2  2 1683784 146904 2280340 3292672    0    0    52  4415 8174 7891 22 14 25 40  0	
 0  0 1683784 144808 2280628 3292944    0    0    54   576 7275 8310 26 16 47 10  0	
 3  0 1683784 137256 2280908 3293272    0    0    57  1365 7514 8423 27 18 35 20  0	
 3  0 1683784 141404 2281192 3293516    0    0    51  4723 8461 8424 24 16 30 30  0	
 1  0 1683784 142332 2281464 3293772    0    0    87   364 7401 7998 25 16 56  4  0	
 3  0 1683784 142108 2281760 3294036    0    0    55  1194 7156 7725 23 15 47 14  0	
 1  3 1683784 142232 2282028 3294312    0    0    51  4033 8296 8059 22 13 28 37  0	
 3  0 1683784 141760 2282312 3294580    0    0    54  1135 7436 7639 20 11 55 14  0	
 1  0 1683784 142472 2282584 3294876    0    0    51  2266 8079 7813 22 13 52 13  0	
 4  0 1683784 139116 2282848 3295152    0    0    51  3893 8122 8036 21  9 35 35  0	
 3  1 1683784 139520 2283132 3295412    0    0    53   248 7085 7495 24 13 62  2  0	
 1  0 1683784 134744 2283416 3295680    0    0    53  1055 7620 10056 38 43 13  5  0	
 0  4 1683784 138568 2283692 3296048    0    0    70  4234 8018 7936 24 14 26 37  0	
 1  1 1683784 135992 2283972 3296468    0    0    51  1175 7494 8532 26 15 46 13  0	
 2  0 1683784 137684 2284248 3296760    0    0    53  2004 7373 7332 20 11 56 13  0	
 1  2 1683784 136812 2284532 3297020    0    0    51  4126 8246 7944 20 10 24 46  0	
 1  0 1683784 131948 2284804 3297264    0    0    51   367 7503 7845 24 15 56  6  0	
 3  0 1683784 130256 2285096 3297544    0    0    51  1185 7573 8717 28 20 36 17  0	
 1  1 1683784 131536 2285364 3297820    0    0    51  4074 8737 8535 26 18 26 30  0	
 1  0 1683784 134380 2285648 3298036    0    0    85  1106 7701 8107 26 19 47  8  0	
procs -----------memory---------- ---swap-- -----io---- --system-- -----cpu-----
 r  b   swpd   free   buff  cache   si   so    bi    bo   in   cs us sy id wa st
 1  1 1683784 134528 2285920 3298328    0    0    55  1386 7405 7515 21 10 58 11  0	
 2  2 1683784 131940 2286196 3298596    0    0    51  4014 8299 8387 25 17 24 34  0	
 2  0 1683784 134220 2286484 3298852    0    0    52  1011 7451 7460 19  9 52 20  0	
 0  1 1683860 149856 2280192 3289096    0   15    61  1093 7518 7690 23 15 50 12  0	
 3  1 1683860 141328 2280480 3289376    4    0    55  3841 8432 8981 31 26 19 24  0	
 1  0 1683860 147332 2280764 3289632    0    0    51  1504 8153 9176 33 28 32  7  0	
 1  0 1683860 148240 2281032 3289916    0    0    51  1310 7424 7493 19  9 60 12  0	
 2  4 1683860 146992 2281308 3290192    0    0    51  3687 8005 7828 22 13 37 28  0	
 2  0 1683860 144496 2281584 3290452    0    0    54  1386 7486 7928 22 13 49 16  0	
 3  1 1683860 143556 2281872 3290720    0    0    52  1874 7316 7792 22 13 55 10  0	
 0  0 1683860 145364 2282156 3291008    0    0    51  4043 8415 8010 22 14 30 34  0	
 0  1 1683860 145300 2282448 3291276    0    0    52   798 6808 7383 21 10 66  3  0	
 5  1 1683860 140904 2282724 3291568    0    0    51  1508 7304 8575 28 21 41 10  0	
 4  0 1683860 137956 2283012 3291856    0    0    51  3911 8320 8623 25 18 22 35  0	
 2  0 1683860 141092 2283308 3292144    0    0    56   672 7347 8055 24 14 57  4  0	
 0  2 1684060 152888 2282420 3283924    0   40    34  1057 7128 7691 25 19 45 11  0	
 3  2 1684060 151944 2282952 3284188    0    0   102  4681 8153 7882 20 11 22 47  0	
 5  0 1684060 146352 2283236 3284440    0    0    51   702 6996 7621 24 11 58  7  0	
 5  2 1684060 141584 2283516 3284740    0    0    51  1209 7688 9926 38 40 18  4  0	
 2  0 1684060 150184 2283796 3284988    0    0    51  4487 8373 8191 24 14 22 41  0	
 3  0 1684060 149224 2284068 3285244    0    0    51   730 7040 7845 24 19 51  6  0	
procs -----------memory---------- ---swap-- -----io---- --system-- -----cpu-----
 r  b   swpd   free   buff  cache   si   so    bi    bo   in   cs us sy id wa st
 0  0 1684060 149108 2284348 3285496    0    0    51  1025 7243 7430 20 11 61  8  0	
 3  0 1684060 145076 2284612 3285784    0    0    51  4918 8146 7718 22 12 26 39  0	
 4  0 1684060 147368 2284892 3286044    0    0    51   324 7204 7921 23 14 60  2  0	
 0  1 1684060 147200 2285172 3286312    0    0    53  1128 7033 7371 19 10 59 12  0	
 2  2 1684060 147184 2285436 3286580    0    0    51  4403 8119 8164 21 13 29 37  0	
 0  0 1684060 144416 2285712 3286848    0    0    51   814 7015 7622 21 11 57 11  0	
 1  0 1684060 141540 2285980 3286832    0    0    51  1382 7664 8541 27 23 46  4  0	
 1  2 1684060 140408 2286304 3287080    0    0    51  3594 7906 8567 25 18 21 36  0	
 1  0 1684060 142488 2286580 3287364    0    0    54  1458 7455 8355 23 15 48 15  0	
 0  2 1684060 144224 2286852 3287624    0    0    89  2085 7644 8037 24 14 43 19  0	
 2  1 1684060 136120 2287140 3287908    0    0    52  3956 8224 8904 30 23 21 26  0	
 0  0 1684060 142920 2287412 3288156    0    0    51   829 7953 9183 34 30 31  4  0	
 0  0 1684060 142876 2287688 3288420    0    0    54   982 6890 7331 21 13 58  8  0	
 0  0 1684060 151960 2287964 3278920    0    0    51  4369 8013 7745 22 13 32 33  0	
 1  1 1684060 151432 2288252 3279184    0    0    51  1046 7591 7517 21 13 56 10  0	
 1  0 1684060 146460 2288516 3279476    0    0    51   909 7344 7915 23 13 59  5  0	
 0  1 1684060 150160 2288796 3279732    0    0    51  4311 8304 7868 21 13 26 39  0	
 3  0 1684060 149524 2289088 3279992    0    0    51  1090 7409 7526 20  9 52 19  0	
 0  0 1684060 149428 2289368 3280264    1    0    54   942 7187 7557 24 16 56  3  0	
 3  4 1684060 144396 2289656 3280540    0    0    51  4398 8018 8145 20 12 27 41  0	
 1  1 1684060 148588 2289960 3280800    0    0    51   793 7221 7760 21 10 58 11  0	
procs -----------memory---------- ---swap-- -----io---- --system-- -----cpu-----
 r  b   swpd   free   buff  cache   si   so    bi    bo   in   cs us sy id wa st
 3  1 1684060 143216 2290236 3281100    0    0    53  1221 7601 7975 23 14 47 16  0	
 0  1 1684060 144316 2290516 3281356    0    0    51  5145 8888 8765 27 19 23 31  0	
 0  0 1684060 143200 2290792 3281632    0    0    51  2391 7710 8154 25 14 42 19  0	
 5  0 1684060 136932 2291076 3281900    0    0    51  2200 7487 10707 40 42 12  6  0	
 0  0 1684060 144896 2291356 3282116    0    0    85  3592 8051 8726 30 23 18 29  0	
 0  0 1684060 144712 2291640 3282364    0    0    51   652 7360 7645 23 14 55  8  0	
 0  1 1684060 144124 2291920 3282648    0    0    55  1207 7138 7433 20 10 53 18  0	
 0  3 1684060 144232 2292200 3282920    0    0    51  4588 8229 7966 20 11 27 43  0	
 0  0 1684060 139844 2292472 3283196    0    0    51   572 7213 8092 22 13 55  9  0	
 3  1 1684060 142184 2292744 3283448    0    0    51  1155 7214 7852 22 16 57  5  0	
 0  2 1684060 141496 2293016 3283736    0    0    51  4167 8007 7744 20 11 25 44  0	
 3  1 1684060 141596 2293292 3284116    0    0    56  1112 7823 8783 25 16 40 19  0	
 0  3 1684060 139884 2293576 3284420    0    0    52  1795 7500 7441 19 10 52 18  0	
 3  0 1684060 136100 2293856 3284692    0    0    51  3853 8161 8237 23 14 24 39  0	
 2  0 1684060 139776 2294128 3284936    0    0    51   853 7265 7631 20 11 60  9  0	
 1  2 1684060 139676 2294404 3285180    0    0    51   586 6824 7503 21 13 59  7  0	
 5  3 1684060 132488 2294672 3285444    0    0    51  4616 7902 8473 30 22 13 35  0	
 5  0 1684060 129908 2294972 3285716    0    0    51  1144 8409 10525 40 43 14  3  0	
 6  0 1684060 131292 2295256 3285992    0    0    51  2329 7739 8491 27 17 42 15  0	
 0  1 1684060 136768 2295528 3286224    0    0    85  3587 8211 8631 27 21 20 32  0	
 0  0 1684060 136568 2295816 3286488    0    0    51   575 7217 7467 21 10 66  4  0	
procs -----------memory---------- ---swap-- -----io---- --system-- -----cpu-----
 r  b   swpd   free   buff  cache   si   so    bi    bo   in   cs us sy id wa st
 0  3 1684060 136204 2296084 3286744    0    0    51   726 6890 7391 21 13 58  8  0	
 4  5 1684060 131876 2296364 3287000    0    0    51  4226 8090 8235 21 13 25 41  0	
 0  1 1684060 134024 2296640 3287256    0    0    51  1427 7352 7636 21 13 45 22  0	
 1  1 1684060 134312 2296912 3287548    0    0    54  1522 7058 7563 21 12 55 12  0	
 1  2 1684060 134188 2297200 3287816    0    0    51  4267 8180 7887 19  9 24 48  0	
 1  0 1684060 132040 2297472 3288080    0    0    51   638 7138 7459 20 11 58 12  0	
 1  2 1684060 130808 2297752 3288336    0    0    51  1197 7359 8072 25 16 50  9  0	
 0  2 1684060 132376 2298032 3288608    0    0    51  4337 7988 7564 21  9 24 46  0	
 3  0 1684060 131468 2298308 3288880    0    0    51   794 7209 7330 21 12 52 14  0	
 1  2 1684060 127468 2298580 3289176    0    0    51  1407 7326 8936 31 24 38  7  0	
