procs -----------memory---------- ---swap-- -----io---- --system-- -----cpu-----
 r  b   swpd   free   buff  cache   si   so    bi    bo   in   cs us sy id wa st
 2  0      0 141496 4133880 1763680    0    0    27     4   12   23 27 11 61  1  0	
 1  0      0 138440 4134136 1763720    0    0    51     0 13771 25030 44 22 34  0  0	
 5  0      0 138564 4134400 1763732    0    0    51    18 13322 24538 43 19 36  1  0	
 3  0      0 138240 4134664 1763756    0    0    51    17 13581 24240 42 17 40  0  0	
 4  0      0 138040 4134928 1763772    0    0    51    12 14081 23499 42 18 39  1  0	
 4  0      0 137668 4135192 1763788    0    0    51     7 13443 24328 42 19 39  0  0	
 0  0      0 137544 4135456 1763800    0    0    51    13 13255 23734 41 17 40  2  0	
 2  0      0 137172 4135720 1763816    0    0    51    18 13700 23841 42 19 39  0  0	
 0  0      0 136800 4135984 1763824    0    0    51    14 13312 23573 42 18 40  1  0	
 0  0      0 136676 4136240 1763836    0    0    51     2 13152 24387 41 17 42  0  0	
12  0      0 135928 4136504 1763864    0    0    51    15 13697 24080 46 21 32  0  0	
 1  0      0 135556 4136768 1763856    0    0    51    21 13572 24239 40 18 41  0  0	
 2  0      0 135324 4137036 1763868    0    0    51    18 13463 23742 40 16 42  1  0	
 3  0      0 135008 4137300 1763888    0    0    51    14 13973 23928 43 20 37  0  0	
 3  1      0 135288 4137564 1763900    0    0    51    10 13513 23900 42 18 39  1  0	
 6  0      0 134924 4137828 1763920    0    0    51    11 13377 24110 41 18 41  0  0	
 3  0      0 134692 4138084 1763940    0    0    51     7 14109 24839 43 18 38  0  0	
 4  0      0 134296 4138348 1763956    0    0    51    14 13609 24874 41 19 39  1  0	
 0  0      0 134080 4138612 1763968    0    0    51    20 13245 24126 43 17 40  0  0	
 1  0      0 133584 4138876 1763984    0    0    51    16 13871 23876 43 18 37  1  0	
 0  0      0 133956 4139140 1763996    0    0    51    13 13773 24782 43 18 39  0  0	
procs -----------memory---------- ---swap-- -----io---- --system-- -----cpu-----
 r  b   swpd   free   buff  cache   si   so    bi    bo   in   cs us sy id wa st
 7  0      0 133212 4139404 1764008    0    0    51     7 13524 23967 42 18 39  1  0	
 3  0      0 159128 4114072 1764020    0    0    51    11 13824 23755 42 17 40  0  0	
 0  0      0 158764 4114336 1764040    0    0    51    13 13411 24210 41 18 40  0  0	
 2  0      0 158516 4114604 1764048    0    0    51    12 13210 23894 41 17 42  0  0	
 1  0      0 154084 4114860 1764068    0    0    51    25 13866 24648 44 21 34  1  0	
12  0      0 157760 4115128 1764084    0    0    51    12 13528 23630 42 20 38  0  0	
 1  0      0 157164 4115392 1764088    0    0    51    21 13610 25032 41 18 39  2  0	
 4  0      0 156600 4115656 1764100    0    0    51    13 13921 23657 42 18 40  0  0	
 1  0      0 156244 4115920 1764124    0    0    51    10 13548 23885 40 18 41  1  0	
 3  0      0 156244 4116188 1764128    0    0    51    11 13374 24071 42 16 41  0  0	
 1  2      0 155640 4116452 1764144    0    0    51    18 13562 24137 42 19 39  0  0	
 1  1      0 156268 4116712 1764160    0    0    51    16 13394 23539 41 17 41  1  0	
11  0      0 155772 4116976 1764176    0    0    51     8 13103 23054 40 17 43  0  0	
 2  0      0 156004 4117240 1764188    0    0    51    16 13671 23545 40 18 42  0  0	
 5  0      0 155532 4117508 1764208    0    0    51    14 13616 24545 41 18 41  0  0	
 6  0      0 155160 4117776 1764224    0    0    51    12 13752 24822 44 18 36  2  0	
 0  0      0 154640 4118040 1764236    0    0    51    21 13751 24940 42 20 38  0  0	
 3  0      0 154384 4118304 1764244    0    0    51     9 13656 23893 42 17 40  1  0	
 0  1      0 154012 4118568 1764260    0    0    51     8 13349 24200 41 17 42  0  0	
15  0      0 146588 4118828 1764276    0    0    51    17 13308 23350 40 16 43  0  0	
 2  0      0 152784 4119092 1764292    0    0    51    10 13724 24559 46 22 32  0  0	
procs -----------memory---------- ---swap-- -----io---- --system-- -----cpu-----
 r  b   swpd   free   buff  cache   si   so    bi    bo   in   cs us sy id wa st
 1  0      0 152668 4119356 1764288    0    0    51    16 13555 24298 41 17 41  2  0	
 0  0      0 152592 4119620 1764308    0    0    51    28 13497 24139 41 17 42  0  0	
 1  0      0 152252 4119884 1764316    0    0    51    11 14057 23428 41 18 39  2  0	
 2  0      0 152004 4120148 1764324    0    0    51     9 13522 24195 41 17 42  0  0	
 2  1      0 151516 4120412 1764336    0    0    51     6 13427 23948 40 16 44  0  0	
 1  0      0 151516 4120676 1764360    0    0    51     4 13943 24476 43 19 37  1  0	
 2  0      0 151144 4120940 1764384    0    0    51    20 13332 24297 43 17 40  0  0	
 4  0      0 151144 4121204 1764392    0    0    51    28 13296 24529 43 18 39  0  0	
 5  0      0 150648 4121468 1764404    0    0    51    15 14175 23592 42 18 40  0  0	
 2  0      0 150400 4121732 1764428    0    0    51     5 13581 24465 42 18 40  0  0	
 1  1      0 150160 4122004 1764440    0    0    51    19 13623 23634 41 17 41  0  0	
 0  0      0 150152 4122260 1764460    0    0    51     3 14252 24339 42 20 36  2  0	
 4  0      0 150308 4122524 1764476    0    0    51    12 13595 24216 42 17 41  0  0	
 5  0      0 149688 4122792 1764488    0    0    51    23 13307 23983 44 18 38  0  0	
 5  0      0 146232 4123056 1764504    0    0    51    14 13876 24196 46 22 31  0  0	
 0  0      0 148444 4123320 1764520    0    0    51     4 13340 24800 42 18 39  1  0	
 6  0      0 148640 4123588 1764516    0    0    51    17 13728 24662 41 17 42  0  0	
 0  0      0 148920 4123852 1764528    0    0    51    14 13938 23934 42 19 39  0  0	
 2  1      0 148688 4124120 1764540    0    0    51     9 13702 24697 44 17 39  0  0	
 1  1      0 148392 4124384 1764552    0    0    51    33 13291 24288 42 20 37  1  0	
 1  0      0 147648 4124640 1764572    0    0    51     6 13883 24277 43 19 38  0  0	
procs -----------memory---------- ---swap-- -----io---- --system-- -----cpu-----
 r  b   swpd   free   buff  cache   si   so    bi    bo   in   cs us sy id wa st
 2  0      0 147416 4124904 1764600    0    0    51     6 13271 23933 43 18 39  0  0	
 0  0      0 146688 4125172 1764612    0    0    51    17 13470 24659 43 17 40  0  0	
 3  0      0 146564 4125436 1764628    0    0    51     6 13783 23832 41 19 40  0  0	
 5  0      0 146564 4125700 1764640    0    0    51    12 13535 24071 41 17 42  0  0	
 2  2      0 146688 4125964 1764652    0    0    51    29 13544 24298 41 17 41  1  0	
 2  0      0 146076 4126220 1764668    0    0    51     9 14352 23695 41 19 40  0  0	
11  0      0 145580 4126484 1764684    0    0    51    13 13485 24089 43 17 40  0  0	
 0  0      0 145704 4126748 1764696    0    0    51    14 13543 24511 41 17 41  0  0	
 1  0      0 145332 4127016 1764716    0    0    51    17 14087 24090 42 20 38  0  0	
 0  0      0 144816 4127284 1764728    0    0    51    10 13311 24179 45 21 33  0  0	
 4  0      0 145056 4127548 1764716    0    0    51    33 13132 23712 42 18 40  0  0	
 0  0      0 144384 4127812 1764728    0    0    51     8 14168 24380 41 19 38  2  0	
 2  0      0 144300 4128076 1764756    0    0    51    11 13628 24162 40 18 42  0  0	
 3  1      0 143960 4128340 1764768    0    0    51    14 13517 23829 42 17 41  0  0	
 8  0      0 143596 4128600 1764796    0    0    51     2 14223 25082 43 19 38  0  0	
 6  0      0 143100 4128864 1764808    0    0    51    22 13624 24879 41 17 40  1  0	
 8  0      0 142604 4129128 1764820    0    0    51    19 13295 24549 42 18 40  0  0	
 0  0      0 142108 4129392 1764832    0    0    51    14 13592 23398 42 20 37  0  0	
 0  0      0 142108 4129656 1764848    0    0    51     4 13259 24516 42 18 40  0  0	
 4  0      0 142108 4129920 1764856    0    0    51    15 13360 23756 42 16 41  0  0	
 2  0      0 141488 4130188 1764872    0    0    51    10 14086 23967 42 19 38  0  0	
procs -----------memory---------- ---swap-- -----io---- --system-- -----cpu-----
 r  b   swpd   free   buff  cache   si   so    bi    bo   in   cs us sy id wa st
 3  0      0 141232 4130448 1764892    0    0    51    10 13606 23759 40 17 42  0  0	
 3  0      0 140860 4130720 1764908    0    0    51    19 13457 23499 41 17 42  0  0	
 3  0      0 140984 4130984 1764928    0    0    51    10 14072 24593 42 20 37  0  0	
 7  0      0 140424 4131248 1764940    0    0    51    10 12987 24122 45 21 33  0  0	
 5  0      0 139936 4131512 1764936    0    0    51    18 13492 24588 43 17 39  1  0	
 4  0      0 140292 4131784 1764948    0    0    51    23 14181 24450 43 19 37  0  0	
 0  0      0 140124 4132052 1764960    0    0    51     7 13704 23845 42 17 40  2  0	
 1  0      0 139604 4132316 1764972    0    0    51    18 13473 23806 41 17 41  0  0	
 3  0      0 139380 4132572 1764992    0    0    51     2 14005 24319 41 19 40  0  0	
 1  0      0 138636 4132840 1765004    0    0    51     6 13476 23877 42 17 38  3  0	
 5  0      0 138512 4133360 1765032    0    0   105    13 13402 24445 42 16 42  0  0	
 4  0      0 138116 4133624 1765048    0    0    51    18 13749 23669 40 20 38  2  0	
 2  0      0 137892 4133892 1765068    0    0    51    21 13185 23973 41 16 43  0  0	
 2  0      0 137628 4134156 1765076    0    0    51    15 13308 23974 42 18 40  0  0	
 2  0      0 137148 4134420 1765084    0    0    51     8 14184 25254 44 19 37  0  0	
 3  0      0 136652 4134684 1765108    0    0    51     6 13589 24136 42 18 40  0  0	
 2  0      0 136404 4134948 1765128    0    0    51    12 13538 24384 41 17 42  0  0	
 0  0      0 136396 4135212 1765136    0    0    51    14 13846 23164 41 19 39  1  0	
 3  0      0 132688 4135468 1765156    0    0    51    14 13543 24611 43 18 39  0  0	
 9  0      0 135020 4135732 1765176    0    0    51    25 13259 23989 44 20 36  1  0	
 2  0      0 135068 4136000 1765172    0    0    51    28 14040 24118 42 19 39  0  0	
procs -----------memory---------- ---swap-- -----io---- --system-- -----cpu-----
 r  b   swpd   free   buff  cache   si   so    bi    bo   in   cs us sy id wa st
 4  0      0 135164 4136264 1765184    0    0    51     6 13276 23736 41 17 42  0  0	
 1  0      0 135064 4136528 1765196    0    0    51     4 13438 24250 42 17 41  0  0	
 1  0      0 134304 4136792 1765204    0    0    51     6 13822 24354 43 18 38  1  0	
 2  0      0 134196 4137056 1765220    0    0    51    15 13727 25223 41 18 40  0  0	
 4  0      0 133824 4137320 1765240    0    0    51    25 13438 23909 40 17 43  0  0	
 5  0      0 133652 4137584 1765248    0    0    51    12 14000 24631 43 21 35  1  0	
 2  0      0 133776 4137840 1765280    0    0    51    18 13147 23123 40 16 44  0  0	
 4  0      0 133784 4138108 1765296    0    0    51    12 13453 25343 43 18 39  0  0	
 5  0      0 133280 4138372 1765312    0    0    51     7 13582 23694 41 18 41  0  0	
 6  0      0 133304 4138640 1765324    0    0    51    15 13577 24070 43 18 38  1  0	
 0  0      0 132940 4138904 1765344    0    0    51    13 13442 23333 41 17 42  0  0	
 0  0      0 132056 4139172 1765352    0    0    51    19 13817 23359 40 19 40  1  0	
 2  0      0 131948 4139436 1765356    0    0    51    10 13854 25334 42 18 40  0  0	
 0  0      0 131456 4139692 1765380    0    0    51     6 13324 24651 46 21 33  0  0	
 2  0      0 160736 4110276 1765480    0    0    51    20 14106 24815 42 19 38  0  0	
 0  0      0 160312 4110540 1765388    0    0    51    16 13581 23963 41 17 41  0  0	
 8  0      0 160220 4110804 1765404    0    0    51    14 13474 25277 44 19 37  0  0	
 3  0      0 160204 4111072 1765416    0    0    51    14 14042 24936 43 20 36  1  0	
 1  0      0 160336 4111336 1765436    0    0    51     6 14105 24605 43 17 40  0  0	
 1  0      0 159608 4111600 1765460    0    0    51    16 13588 24975 41 18 39  2  0	
 1  0      0 159444 4111864 1765476    0    0    51    15 13731 24292 40 18 41  0  0	
procs -----------memory---------- ---swap-- -----io---- --system-- -----cpu-----
 r  b   swpd   free   buff  cache   si   so    bi    bo   in   cs us sy id wa st
 4  1      0 159112 4112140 1765484    0    0    51    20 13756 23492 42 19 39  0  0	
 0  0      0 158864 4112404 1765500    0    0    51    14 13205 23576 39 16 42  2  0	
 4  0      0 159088 4112668 1765516    0    0    51    10 13425 24024 41 18 41  0  0	
 1  0      0 158360 4112932 1765524    0    0    51     6 13840 24374 42 17 39  2  0	
 1  0      0 158484 4113196 1765536    0    0    51     9 13368 23962 41 18 41  0  0	
 3  0      0 157988 4113460 1765548    0    0    51    22 13635 23972 42 17 40  1  0	
 0  0      0 157872 4113728 1765568    0    0    51    14 13984 24266 42 20 38  0  0	
 4  0      0 156908 4113984 1765592    0    0    51    21 13293 24739 45 20 35  0  0	
 0  0      0 156536 4114256 1765608    0    0    51    13 13451 25114 42 18 40  0  0	
 0  0      0 156660 4114520 1765616    0    0    51     5 14030 24539 42 18 40  0  0	
 0  0      0 156460 4114788 1765628    0    0    51    17 13517 24760 41 17 41  0  0	
 6  0      0 156252 4115052 1765644    0    0    51     9 13303 23835 41 16 42  1  0	
 1  0      0 156012 4115320 1765656    0    0    51    18 14151 24586 42 19 39  0  0	
 0  0      0 155764 4115584 1765664    0    0    51    22 13431 24355 42 17 40  1  0	
 3  0      0 155392 4115840 1765684    0    0    51    10 13598 24381 42 18 40  0  0	
 2  0      0 155392 4116104 1765700    0    0    51    13 14426 23717 42 20 39  0  0	
 4  0      0 155144 4116372 1765716    0    0    51    10 13561 24527 42 17 41  0  0	
 5  0      0 154772 4116644 1765728    0    0    51    11 13445 24630 42 17 39  2  0	
 6  0      0 154284 4116908 1765752    0    0    51    10 14276 24438 42 19 38  0  0	
 1  0      0 154160 4117176 1765752    0    0    51    26 13455 24244 43 17 40  0  0	
 0  0      0 154424 4117440 1765764    0    0    51    12 13710 24611 42 19 36  3  0	
procs -----------memory---------- ---swap-- -----io---- --system-- -----cpu-----
 r  b   swpd   free   buff  cache   si   so    bi    bo   in   cs us sy id wa st
 3  1      0 153292 4117704 1765784    0    0    51    10 14081 24182 43 19 38  0  0	
 0  0      0 152920 4117960 1765800    0    0    51    10 13388 23680 41 16 42  0  0	
 1  0      0 152344 4118224 1765812    0    0    51     6 13315 23771 43 19 38  0  0	
 0  0      0 152740 4118488 1765828    0    0    51    14 14190 23938 42 19 37  2  0	
 1  0      0 152648 4118752 1765824    0    0    51    18 13379 24154 42 17 42  0  0	
 1  0      0 152300 4119020 1765828    0    0    51    20 13384 23465 41 17 39  3  0	
 1  0      0 151308 4119284 1765848    0    0    51    11 13968 23474 42 19 40  0  0	
 1  0      0 151308 4119548 1765856    0    0    51    10 13407 24479 42 17 40  0  0	
 2  0      0 151076 4119812 1765872    0    0    51    13 13580 23921 41 17 43  0  0	
 8  0      0 150448 4120072 1765904    0    0    51     7 14026 24178 43 19 37  0  0	
 3  0      0 150076 4120340 1765916    0    0    51    26 13341 23592 40 17 43  0  0	
 3  1      0 150076 4120604 1765924    0    0    51    10 13283 24228 42 17 41  1  0	
 0  0      0 149812 4120868 1765952    0    0    51     6 13940 24010 42 20 37  1  0	
 0  0      0 149324 4121136 1765956    0    0    51    24 13471 24249 41 17 42  0  0	
 1  0      0 149176 4121400 1765976    0    0    51    10 13404 24050 41 17 40  1  0	
10  0      0 148952 4121664 1765988    0    0    51    14 14210 23416 41 20 39  0  0	
 1  0      0 148704 4121928 1766004    0    0    51    25 13480 23474 40 16 43  0  0	
 2  0      0 148580 4122188 1766020    0    0    51     3 13488 24262 43 18 40  0  0	
 3  0      0 147676 4122452 1766036    0    0    51     5 13819 24206 46 22 31  1  0	
 1  0      0 147676 4122720 1766032    0    0    51    19 13554 25183 42 17 40  0  0	
 2  0      0 147392 4122988 1766052    0    0    51    14 13209 24366 41 17 39  3  0	
procs -----------memory---------- ---swap-- -----io---- --system-- -----cpu-----
 r  b   swpd   free   buff  cache   si   so    bi    bo   in   cs us sy id wa st
 3  0      0 147704 4123260 1766064    0    0    51    18 14175 24050 41 18 40  0  0	
 3  0      0 147456 4123516 1766080    0    0    51    15 13418 24063 42 17 41  0  0	
 2  0      0 146720 4123780 1766096    0    0    51    15 13502 25288 44 18 39  0  0	
 3  0      0 146472 4124044 1766120    0    0    51     7 14111 24090 42 20 38  0  0	
 1  0      0 146224 4124308 1766136    0    0    51    14 13730 24918 43 17 40  0  0	
 1  0      0 145828 4124572 1766148    0    0    51     7 13252 23993 41 17 42  0  0	
 1  0      0 146224 4124836 1766160    0    0    51    12 14071 24127 44 20 34  2  0	
 0  0      0 145728 4125100 1766176    0    0    51    35 13287 23469 42 17 41  0  0	
 2  0      0 145604 4125364 1766188    0    0    51    11 13214 23744 40 17 43  1  0	
 1  0      0 145232 4125628 1766200    0    0    51    10 13898 24054 43 18 39  0  0	
 1  0      0 144984 4125884 1766220    0    0    51     8 13657 24690 42 18 40  0  0	
 0  0      0 144736 4126152 1766236    0    0    51    13 13418 23481 40 17 43  0  0	
 2  0      0 144240 4126420 1766256    0    0    51    11 14075 23932 43 20 36  2  0	
 0  0      0 143360 4126684 1766264    0    0    51    16 13035 24440 46 21 33  0  0	
 0  0      0 143408 4126948 1766268    0    0    51    18 13420 23853 41 18 39  2  0	
 0  0      0 143192 4127216 1766284    0    0    51    16 14056 24358 43 21 36  0  0	
 3  0      0 143092 4127484 1766292    0    0    51    21 13305 24457 41 17 41  0  0	
 0  0      0 142968 4127740 1766324    0    0    51     6 13489 24108 41 16 43  0  0	
 2  0      0 142348 4128008 1766336    0    0    51    18 14365 24700 43 19 38  0  0	
 4  0      0 141852 4128272 1766344    0    0    51    16 13496 23836 41 17 42  0  0	
 4  0      0 141612 4128536 1766360    0    0    51     7 13565 24391 42 18 39  1  0	
procs -----------memory---------- ---swap-- -----io---- --system-- -----cpu-----
 r  b   swpd   free   buff  cache   si   so    bi    bo   in   cs us sy id wa st
 4  0      0 141496 4128800 1766368    0    0    51     7 13857 23714 42 19 39  0  0	
 4  0      0 141372 4129064 1766380    0    0    51    10 13505 24081 42 17 41  0  0	
 2  0      0 141124 4129328 1766400    0    0    51    17 13237 23341 40 16 42  2  0	
 2  0      0 140876 4129596 1766412    0    0    51    18 13994 24547 43 20 37  0  0	
 3  0      0 140380 4129860 1766424    0    0    51    27 13439 24226 42 16 42  0  0	
 2  0      0 139884 4130124 1766444    0    0    51     5 13467 23981 42 17 41  0  0	
 5  0      0 139496 4130380 1766464    0    0    51     5 13600 24291 43 19 37  1  0	
 1  0      0 139060 4130644 1766472    0    0    51    12 13588 24627 45 21 34  0  0	
 3  0      0 139308 4130912 1766488    0    0    51    10 13218 23945 41 17 40  1  0	
 3  0      0 139216 4131176 1766488    0    0    51    17 13856 24180 43 21 36  0  0	
 3  0      0 138876 4131444 1766504    0    0    51    31 13691 24103 42 16 42  0  0	
 2  0      0 138256 4131708 1766512    0    0    51    10 13474 23789 42 17 40  0  0	
 3  0      0 137900 4131972 1766524    0    0    51    10 14103 24776 42 19 37  2  0	
 3  0      0 138140 4132236 1766532    0    0    51     7 13587 23770 41 17 41  0  0	
 2  0      0 137792 4132500 1766552    0    0    51    12 13423 23967 42 17 39  2  0	
 1  0      0 137404 4132756 1766576    0    0    51     8 14241 24051 44 19 37  0  0	
 4  0      0 137296 4133020 1766592    0    0    51    15 13594 24182 41 16 42  0  0	
 0  0      0 137032 4133284 1766604    0    0    51    15 13004 23283 40 16 44  0  0	
 3  0      0 136412 4133548 1766628    0    0    51    12 13832 24799 43 20 37  0  0	
 2  0      0 136164 4133812 1766640    0    0    51    18 13610 24284 42 18 39  1  0	
 3  0      0 135816 4134076 1766656    0    0    51     3 13186 23601 41 16 43  0  0	
procs -----------memory---------- ---swap-- -----io---- --system-- -----cpu-----
 r  b   swpd   free   buff  cache   si   so    bi    bo   in   cs us sy id wa st
 7  0      0 135660 4134336 1766676    0    0    51    10 13924 24429 43 20 35  2  0	
 5  0      0 135560 4134600 1766688    0    0    51    23 13978 24012 41 17 42  0  0	
 0  0      0 134764 4134864 1766704    0    0    51     8 13370 24449 46 20 34  0  0	
 0  0      0 134316 4135132 1766700    0    0    51    19 13745 23976 41 18 41  0  0	
 2  0      0 134108 4135400 1766712    0    0    51    19 13748 24240 41 17 41  0  0	
 1  0      0 134296 4135664 1766724    0    0    51     9 13157 24143 42 17 41  0  0	
 2  0      0 127128 4135936 1766732    0    0    51    14 13440 24636 42 18 37  3  0	
 0  0      0 133708 4136200 1766748    0    0    51    22 13832 25000 43 19 39  0  0	
 0  0      0 133452 4136464 1766772    0    0    51     3 13591 24463 40 17 41  3  0	
 0  0      0 133196 4136724 1766800    0    0    51     3 13556 24700 43 19 38  0  0	
 5  0      0 132824 4136992 1766816    0    0    51    20 14145 23562 41 18 41  0  0	
 5  0      0 132204 4137256 1766832    0    0    51    12 13409 23644 42 18 41  0  0	
 0  0      0 132204 4137524 1766848    0    0    51    23 13478 23994 42 18 39  1  0	
 2  0      0 160104 4110144 1766856    0    0    51    22 14230 23874 41 19 39  0  0	
 1  0      0 159856 4110408 1766872    0    0    51     7 13329 23671 41 16 42  0  0	
 1  0      0 158740 4110672 1766876    0    0    51     7 13389 24560 42 19 38  2  0	
 0  0      0 159360 4110936 1766888    0    0    51     6 13846 23325 42 17 41  0  0	
 1  0      0 157832 4111200 1766904    0    0    51    18 13536 23578 40 17 43  0  0	
 4  0      0 157496 4111472 1766916    0    0    51    22 13371 24378 45 21 33  0  0	
 2  0      0 158132 4111736 1766920    0    0    51    18 14039 24446 42 19 38  0  0	
 1  0      0 158088 4112008 1766932    0    0    51    22 13195 23441 42 16 42  0  0	
procs -----------memory---------- ---swap-- -----io---- --system-- -----cpu-----
 r  b   swpd   free   buff  cache   si   so    bi    bo   in   cs us sy id wa st
 7  0      0 158080 4112272 1766952    0    0    51    10 13094 23567 42 18 39  1  0	
 1  0      0 157484 4112528 1766980    0    0    51     8 14018 24893 42 18 39  0  0	
 2  0      0 157096 4112792 1766996    0    0    51     6 13327 24364 43 17 39  0  0	
 3  0      0 156872 4113056 1767008    0    0    51    16 13376 23978 43 18 40  0  0	
 5  0      0 156756 4113320 1767020    0    0    51    21 14172 24345 43 18 39  0  0	
 1  0      0 156516 4113584 1767024    0    0    51    13 13476 23931 41 17 42  0  0	
 1  0      0 156004 4113852 1767040    0    0    51    10 13478 24114 40 19 41  1  0	
 1  0      0 155648 4114108 1767060    0    0    51     6 13919 23761 42 17 41  0  0	
 9  0      0 155400 4114376 1767080    0    0    51    11 13323 24435 43 17 36  4  0	
 2  0      0 154764 4114644 1767088    0    0    51    12 13347 23966 41 17 42  0  0	
 0  0      0 154260 4114908 1767112    0    0    51    22 13641 23869 43 21 37  0  0	
 1  0      0 154408 4115172 1767116    0    0    51    18 13542 23893 41 17 41  2  0	
 1  0      0 154164 4115436 1767128    0    0    51    13 13160 23753 44 22 34  0  0	
 3  0      0 153536 4115704 1767124    0    0    51    17 14041 24227 42 19 39  0  0	
 0  0      0 153336 4115964 1767148    0    0    51     8 13428 24896 42 17 41  0  0	
 3  0      0 152864 4116236 1767164    0    0    51    14 13405 23428 43 17 38  3  0	
 0  0      0 153292 4116500 1767180    0    0    51    13 13929 23967 42 18 39  0  0	
 0  0      0 153052 4116764 1767192    0    0    51    10 13337 23740 41 17 42  0  0	
 1  0      0 152416 4117028 1767204    0    0    51     7 13118 24552 41 18 40  0  0	
 3  0      0 152052 4117292 1767216    0    0    51    12 14114 23085 40 18 42  0  0	
 1  0      0 151812 4117556 1767228    0    0    51    19 13568 24152 42 16 42  0  0	
procs -----------memory---------- ---swap-- -----io---- --system-- -----cpu-----
 r  b   swpd   free   buff  cache   si   so    bi    bo   in   cs us sy id wa st
 0  0      0 151680 4117824 1767240    0    0    51    18 13574 23766 42 18 40  0  0	
 7  0      0 151060 4118080 1767268    0    0    51    10 13913 23667 42 19 40  0  0	
 1  0      0 150944 4118344 1767276    0    0    51    10 13375 24059 40 17 43  0  0	
 0  0      0 150424 4118608 1767304    0    0    51     6 13222 23922 41 17 42  0  0	
 4  0      0 150192 4118872 1767320    0    0    51    14 13776 24629 42 20 38  0  0	
 1  0      0 149828 4119136 1767328    0    0    51    14 13065 23789 40 17 43  0  0	
 0  0      0 149428 4119404 1767340    0    0    51    15 13061 24585 47 22 31  0  0	
 1  0      0 149452 4119668 1767352    0    0    51    27 14110 23943 43 19 38  0  0	
 1  1      0 149212 4119928 1767352    0    0    51    19 13427 23191 40 17 43  0  0	
 1  0      0 148640 4120192 1767364    0    0    51     6 13271 23665 42 18 39  1  0	
 2  0      0 148656 4120456 1767384    0    0    51     4 13855 23862 42 18 39  0  0	
 2  0      0 148316 4120720 1767396    0    0    51     5 13558 24598 42 17 40  0  0	
 2  0      0 147804 4120992 1767408    0    0    51    11 13389 23690 42 18 40  0  0	
 3  0      0 147960 4121256 1767432    0    0    51    26 13629 24257 42 19 38  1  0	
 1  0      0 147960 4121520 1767436    0    0    51    10 13528 23920 40 17 43  0  0	
 3  0      0 145596 4121780 1767464    0    0    51    17 13441 24034 41 18 39  2  0	
 1  0      0 147588 4122044 1767484    0    0    51    15 14251 24372 43 21 37  0  0	
 3  0      0 147192 4122308 1767500    0    0    51     7 13525 24310 42 17 40  1  0	
 1  0      0 146596 4122572 1767516    0    0    51    15 13238 23341 41 16 42  0  0	
 3  0      0 146472 4122836 1767524    0    0    51    16 13979 24075 41 19 40  0  0	
 1  0      0 146232 4123100 1767536    0    0    51    16 13207 23439 41 17 42  0  0	
procs -----------memory---------- ---swap-- -----io---- --system-- -----cpu-----
 r  b   swpd   free   buff  cache   si   so    bi    bo   in   cs us sy id wa st
 0  0      0 145736 4123364 1767548    0    0    51    11 13187 24125 39 17 41  3  0	
 3  0      0 145476 4123624 1767572    0    0    51    14 13760 24015 45 22 33  0  0	
 4  0      0 144856 4123892 1767564    0    0    51    14 13646 24661 42 17 40  0  0	
 2  0      0 144696 4124160 1767576    0    0    51    17 13388 23646 41 17 40  2  0	
 3  0      0 144488 4124424 1767596    0    0    51    15 13999 23709 40 19 41  0  0	
 6  0      0 144372 4124688 1767596    0    0    51    10 13433 23973 42 17 40  1  0	
 3  0      0 144000 4124952 1767628    0    0    51     7 13142 24150 40 18 42  0  0	
 2  0      0 143496 4125220 1767640    0    0    51    22 13563 24335 43 20 37  0  0	
 1  0      0 143372 4125476 1767664    0    0    51    10 13263 24430 43 17 40  0  0	
 2  0      0 143124 4125744 1767676    0    0    51    15 13291 23835 40 16 41  3  0	
 2  0      0 142876 4126008 1767688    0    0    51    17 14017 23928 43 19 38  0  0	
 3  0      0 142752 4126276 1767704    0    0    51    10 13507 23502 40 16 43  0  0	
 1  0      0 142504 4126540 1767720    0    0    51     3 13299 23653 42 17 40  0  0	
 9  0      0 142380 4126804 1767724    0    0    51     9 14159 23635 41 19 40  1  0	
 2  0      0 142008 4127076 1767740    0    0    51    12 13308 23510 40 17 42  0  0	
 4  0      0 141636 4127344 1767752    0    0    51    19 13394 24571 43 17 40  0  0	
 1  0      0 138276 4127600 1767776    0    0    51    22 13727 23879 45 21 34  0  0	
 1  0      0 140696 4127864 1767796    0    0    51    13 13535 24420 43 19 38  1  0	
 2  0      0 181996 4128128 1767812    0    0    51    19 13819 24575 43 18 38  0  0	
 3  0      0 182144 4128404 1767820    0    0    51    19 14669 24857 42 20 37  0  0	
 1  0      0 181516 4128676 1767844    0    0    51    20 14092 24528 42 18 40  0  0	
procs -----------memory---------- ---swap-- -----io---- --system-- -----cpu-----
 r  b   swpd   free   buff  cache   si   so    bi    bo   in   cs us sy id wa st
 2  0      0 181564 4128940 1767848    0    0    51     6 13727 23755 40 17 43  0  0	
 2  0      0 180696 4129196 1767868    0    0    51    22 14262 24153 42 19 39  0  0	
 3  0      0 180588 4129460 1767884    0    0    51    14 13860 23750 42 16 41  0  0	
 5  0      0 147356 4129724 1767892    0    0    51    10 13498 23379 42 18 38  2  0	
 0  0      0 119472 4129988 1767912    0    0    51    22 14232 24196 43 20 37  0  0	
 1  0      0 142024 4101596 1767908    0    0    51    11 14648 24707 46 19 35  0  0	
 0  0      0 136212 4101864 1767916    0    0    51    14 14175 24240 48 17 34  0  0	
 2  0      0 155784 4037628 1767920    0    0    51    27 14171 24654 49 23 28  0  0	
 1  0      0 157676 4037884 1767944    0    0    51    22 14210 24682 43 18 39  0  0	
 4  0      0 158444 4038148 1767960    0    0    51    14 13458 23088 40 17 41  3  0	
 1  0      0 164388 4038420 1767976    0    0    51    10 13258 23717 41 19 41  0  0	
 2  0      0 165680 4038688 1767984    0    0    51    14 13939 24196 44 21 33  2  0	
 0  0      0 165828 4038952 1768008    0    0    51    13 13593 23963 43 18 39  0  0	
 6  1      0 165224 4039220 1768004    0    0    51    22 14068 24490 42 18 40  0  0	
 1  0      0 165148 4039488 1768016    0    0    51    20 14535 24198 42 19 39  0  0	
 1  0      0 164800 4039756 1768028    0    0    51    12 13541 23826 41 17 42  0  0	
 2  0      0 164312 4040020 1768036    0    0    51    13 13523 23469 39 18 43  0  0	
 5  0      0 179564 4040284 1768048    0    0    51    10 13901 22924 39 18 43  0  0	
 2  0      0 179440 4040540 1768072    0    0    51    13 13373 23988 42 17 39  2  0	
 7  0      0 179192 4040804 1768088    0    0    51    13 13305 22791 40 17 42  0  0	
 1  0      0 179448 4041072 1768104    0    0    51    18 13841 23403 40 18 41  0  0	
procs -----------memory---------- ---swap-- -----io---- --system-- -----cpu-----
 r  b   swpd   free   buff  cache   si   so    bi    bo   in   cs us sy id wa st
 2  0      0 178828 4041336 1768128    0    0    51     6 13611 23813 41 16 42  0  0	
 3  0      0 178704 4041600 1768140    0    0    51    15 13598 23998 42 18 40  0  0	
 3  0      0 178456 4041868 1768152    0    0    51     7 14201 24388 42 20 38  0  0	
 1  0      0 178076 4042132 1768180    0    0    51    21 13602 24762 42 18 38  2  0	
 1  0      0 177952 4042396 1768196    0    0    51    14 13371 22797 40 17 43  0  0	
 3  0      0 177704 4042660 1768204    0    0    51    13 14087 23766 42 19 39  0  0	
 2  0      0 176484 4042924 1768216    0    0    51     9 13227 23579 44 20 37  0  0	
 4  0      0 176608 4043192 1768208    0    0    51    18 13867 25456 44 19 37  0  0	
 1  0      0 176112 4043456 1768224    0    0    51    14 14329 22706 40 18 42  0  0	
 2  0      0 175912 4043720 1768232    0    0    51    16 13707 24536 41 17 40  2  0	
 8  0      0 175688 4043984 1768260    0    0    51    21 13697 23373 41 17 41  0  0	
 4  0      0 175572 4044248 1768276    0    0    51    14 14242 24004 42 20 36  2  0	
 1  0      0 175216 4044512 1768300    0    0    51    14 13643 24025 42 17 40  0  0	
 5  0      0 174720 4044780 1768316    0    0    51    12 13574 23328 40 19 41  0  0	
 7  0      0 174448 4045044 1768336    0    0    51     6 13963 24323 42 19 38  0  0	
 4  0      0 174348 4045308 1768340    0    0    51    14 13605 23944 41 17 42  0  0	
 3  0      0 173984 4045572 1768356    0    0    51    25 13975 24101 41 17 41  0  0	
 2  0      0 173612 4045828 1768376    0    0    51     7 14381 23574 43 19 38  0  0	
 3  0      0 173364 4046092 1768388    0    0    51    18 13612 23585 41 16 41  2  0	
 2  0      0 173372 4046356 1768404    0    0    51     8 13635 23876 41 18 40  0  0	
 3  0      0 173248 4046620 1768416    0    0    51    15 14320 24187 43 19 38  1  0	
procs -----------memory---------- ---swap-- -----io---- --system-- -----cpu-----
 r  b   swpd   free   buff  cache   si   so    bi    bo   in   cs us sy id wa st
 2  0      0 172260 4046888 1768428    0    0    51    12 13267 25045 46 21 33  0  0	
 1  0      0 171920 4047152 1768416    0    0    51    17 13577 24864 41 18 39  2  0	
 6  0      0 172424 4047420 1768432    0    0    51    18 14194 24692 42 18 40  0  0	
 2  0      0 172232 4047680 1768456    0    0    51     5 13854 24645 42 16 42  0  0	
 1  0      0 172132 4047952 1768476    0    0    51    21 13556 23941 42 18 40  0  0	
 2  0      0 170976 4048216 1768500    0    0    51    14 14156 23825 41 19 38  2  0	
 1  0      0 170884 4048484 1768516    0    0    51    20 13470 23555 41 17 42  0  0	
 5  0      0 170512 4048748 1768524    0    0    51    15 13398 23023 40 17 43  0  0	
 3  0      0 170760 4049016 1768536    0    0    51    10 14389 23849 42 19 37  1  0	
 4  0      0 170520 4049280 1768552    0    0    51     4 13677 23843 42 17 42  0  0	
 1  0      0 170388 4049544 1768560    0    0    51    12 13796 24904 42 18 40  0  0	
 2  0      0 170024 4049812 1768576    0    0    51    11 14282 24109 40 18 41  0  0	
 0  0      0 169908 4050068 1768600    0    0    51    14 13622 23709 41 17 40  1  0	
 2  0      0 169536 4050332 1768608    0    0    51    26 13804 23811 42 17 40  0  0	
 1  0      0 169040 4050596 1768632    0    0    51    14 14391 24141 42 19 39  0  0	
 2  0      0 168676 4050860 1768648    0    0    51     6 13581 24164 42 16 42  0  0	
 5  0      0 168052 4051128 1768660    0    0    51    12 13385 24242 45 21 34  0  0	
 1  0      0 168424 4051392 1768652    0    0    51     5 13747 24166 43 19 38  0  0	
 4  0      0 168232 4051656 1768664    0    0    51    14 14042 24994 43 18 39  1  0	
 1  0      0 167860 4051920 1768680    0    0    51    19 13887 24949 44 18 38  0  0	
 2  0      0 167544 4052184 1768684    0    0    51    21 14496 24174 42 19 37  2  0	
procs -----------memory---------- ---swap-- -----io---- --system-- -----cpu-----
 r  b   swpd   free   buff  cache   si   so    bi    bo   in   cs us sy id wa st
 2  1      0 167304 4052440 1768708    0    0    51     4 13956 23743 41 17 42  0  0	
 0  0      0 166684 4052704 1768716    0    0    51     6 13693 24153 42 18 39  1  0	
 0  0      0 166560 4052972 1768732    0    0    51    15 13997 23685 41 18 41  0  0	
 1  0      0 166436 4053236 1768752    0    0    51    10 13858 24737 42 18 40  0  0	
 3  0      0 165644 4053500 1768764    0    0    51    15 13666 24392 42 19 39  0  0	
 0  0      0 165644 4053764 1768776    0    0    51    16 14424 24478 43 19 38  0  0	
 1  0      0 165164 4054028 1768808    0    0    51    14 13717 24077 42 16 39  3  0	
 3  0      0 164792 4054296 1768820    0    0    51    18 13573 23348 42 17 41  0  0	
 4  0      0 164908 4054560 1768828    0    0    51    10 13945 24631 42 19 38  0  0	
 2  0      0 164908 4054824 1768844    0    0    51    11 13822 24959 44 18 38  0  0	
 3  0      0 163944 4055084 1768868    0    0    51    18 13501 24167 45 21 34  0  0	
 4  0      0 163820 4055352 1768852    0    0    51    21 14138 24661 44 19 37  0  0	
 3  0      0 163644 4055616 1768876    0    0    51     7 13921 24387 42 16 39  3  0	
 1  0      0 163428 4055884 1768888    0    0    51     6 13676 23885 41 18 41  0  0	
 2  0      0 163056 4056148 1768900    0    0    51    21 14048 23392 41 17 42  0  0	
 2  0      0 162816 4056412 1768912    0    0    51    10 13904 24467 43 18 38  0  0	
 3  0      0 162320 4056668 1768928    0    0    51    14 13854 24038 43 17 40  0  0	
10  0      0 161956 4056932 1768944    0    0    51    18 13838 22976 40 19 41  0  0	
 3  0      0 161584 4057196 1768976    0    0    51     4 13912 24387 42 17 39  2  0	
 6  0      0 161568 4057464 1768988    0    0    51    14 13382 23135 41 18 41  0  0	
 3  0      0 162016 4057732 1768996    0    0    51    13 13950 24074 42 20 38  1  0	
procs -----------memory---------- ---swap-- -----io---- --system-- -----cpu-----
 r  b   swpd   free   buff  cache   si   so    bi    bo   in   cs us sy id wa st
 2  0      0 161204 4057996 1769024    0    0    51    14 14091 24512 41 17 42  0  0	
 3  0      0 160832 4058260 1769036    0    0    51    23 13828 24264 42 18 40  0  0	
 2  0      0 160460 4058524 1769048    0    0    51    14 14273 23914 42 19 38  1  0	
 0  0      0 160212 4058788 1769060    0    0    51    10 13832 23110 41 16 43  0  0	
 0  1      0 159328 4059060 1769064    0    0    51    17 13712 23584 41 18 40  1  0	
 5  0      0 159448 4059324 1769080    0    0    51     8 13792 24658 45 22 33  0  0	
 5  0      0 159248 4059588 1769076    0    0    51    11 14049 24643 44 18 36  2  0	
 1  0      0 159172 4059860 1769088    0    0    51    30 13761 23840 41 18 41  0  0	
11  0      0 158328 4060124 1769100    0    0    51    21 13935 23358 41 18 40  1  0	
 2  0      0 158468 4060380 1769136    0    0    51     2 14216 23508 41 17 42  0  0	
 2  0      0 158444 4060648 1769152    0    0    51    18 13777 23578 42 17 40  0  0	
 8  0      0 148036 4060916 1769172    0    0    51    10 14078 24701 42 18 40  0  0	
 0  0      0 158336 4061180 1769180    0    0    51    10 13977 24997 43 19 36  2  0	
 2  0      0 157220 4061444 1769188    0    0    51    19 13425 23697 40 18 41  0  0	
 3  0      0 156996 4061700 1769208    0    0    51     0 13442 23366 40 17 44  0  0	
 0  0      0 156748 4061964 1769228    0    0    51    24 14308 23712 43 18 38  0  0	
 2  0      0 156368 4062228 1769240    0    0    51    14 13705 24166 42 18 40  0  0	
 0  0      0 156252 4062492 1769256    0    0    51     3 13799 24670 43 17 40  0  0	
 0  0      0 156004 4062756 1769264    0    0    51    18 14586 23636 42 19 37  3  0	
 1  0      0 155492 4063020 1769284    0    0    51    14 13671 24570 42 19 39  0  0	
 2  0      0 155248 4063284 1769300    0    0    51    12 13491 23883 44 21 35  0  0	
procs -----------memory---------- ---swap-- -----io---- --system-- -----cpu-----
 r  b   swpd   free   buff  cache   si   so    bi    bo   in   cs us sy id wa st
 1  0      0 155180 4063548 1769308    0    0    51    10 14093 24227 41 18 40  1  0	
 0  0      0 154568 4063816 1769300    0    0    51    18 13728 24518 43 18 38  0  0	
 0  0      0 154740 4064084 1769320    0    0    51    26 13832 24910 44 18 38  1  0	
 1  0      0 154376 4064340 1769340    0    0    51     5 14169 24424 42 20 38  0  0	
 3  0      0 154492 4064604 1769356    0    0    51    13 13936 24774 43 18 39  0  0	
 2  0      0 154020 4064868 1769368    0    0    51    10 13781 23214 40 17 43  0  0	
 0  0      0 153896 4065132 1769380    0    0    51     6 14099 23466 41 18 40  1  0	
 0  0      0 153772 4065396 1769392    0    0    51    14 13767 24892 43 18 39  0  0	
 1  0      0 153400 4065664 1769412    0    0    51    16 13586 24133 41 18 41  0  0	
 2  0      0 152904 4065928 1769416    0    0    51    19 14386 24457 42 19 39  0  0	
 0  0      0 152392 4066192 1769428    0    0    51    19 13578 24110 41 18 40  0  0	
 4  0      0 152656 4066456 1769440    0    0    51     9 13743 23694 42 17 41  0  0	
 3  0      0 152284 4066712 1769480    0    0    51     2 14398 23748 42 19 37  2  0	
 3  0      0 192436 4066980 1769496    0    0    51    14 13668 23521 40 18 42  0  0	
 2  0      0 192304 4067248 1769504    0    0    51    11 13868 23960 42 17 41  0  0	
 2  0      0 191820 4067512 1769524    0    0    51    13 14124 23656 45 23 33  0  0	
 3  0      0 191448 4067784 1769508    0    0    51    33 13609 24882 43 17 39  0  0	
 4  0      0 191048 4068048 1769532    0    0    51    18 13762 24387 41 17 41  0  0	
 0  0      0 191560 4068312 1769536    0    0    51     9 14011 23254 42 18 38  2  0	
 0  0      0 191336 4068576 1769552    0    0    51     3 13747 23644 42 17 41  0  0	
 0  0      0 190840 4068840 1769564    0    0    51     6 13872 24249 41 18 41  0  0	
procs -----------memory---------- ---swap-- -----io---- --system-- -----cpu-----
 r  b   swpd   free   buff  cache   si   so    bi    bo   in   cs us sy id wa st
 1  1      0 190724 4069112 1769580    0    0    51    11 14390 24033 41 18 41  0  0	
 0  0      0 190272 4069368 1769604    0    0    51    19 13738 24222 43 20 37  0  0	
 1  0      0 190024 4069632 1769616    0    0    51    19 13832 23758 42 17 40  0  0	
 4  0      0 189916 4069896 1769644    0    0    51    10 14089 23605 42 19 38  0  0	
 6  0      0 189840 4070164 1769660    0    0    51    18 13441 24084 41 17 42  0  0	
 4  0      0 189568 4070432 1769664    0    0    51    17 13819 24501 42 19 39  0  0	
 1  0      0 189336 4070696 1769680    0    0    51     7 14372 24692 43 20 35  3  0	
 1  0      0 188840 4070960 1769696    0    0    51    16 13873 24321 41 17 42  0  0	
 0  0      0 188468 4071224 1769704    0    0    51     8 13919 23582 42 17 38  2  0	
 0  0      0 188016 4071484 1769732    0    0    51     6 14181 23913 45 23 32  0  0	
 2  0      0 188164 4071748 1769728    0    0    51    14 13689 24578 43 17 40  0  0	
 4  0      0 187792 4072012 1769744    0    0    51    19 13547 24135 43 18 39  0  0	
 0  0      0 187492 4072276 1769756    0    0    51    18 14048 23864 41 19 39  1  0	
 9  0      0 186368 4072540 1769772    0    0    51    14 13586 24158 41 17 42  0  0	
 0  0      0 186996 4072804 1769780    0    0    51    10 14048 25050 43 19 39  0  0	
 0  0      0 186632 4073068 1769804    0    0    51    10 14275 23561 40 18 42  0  0	
 1  0      0 186392 4073324 1769828    0    0    51     8 13868 24028 41 17 42  0  0	
 4  0      0 186144 4073592 1769848    0    0    51    26 13989 24967 41 18 40  0  0	
 2  0      0 185740 4073856 1769868    0    0    51    10 14079 24581 43 20 36  1  0	
 2  0      0 185244 4074120 1769884    0    0    51    29 13511 23731 40 17 42  0  0	
 4  0      0 184888 4074384 1769896    0    0    51    10 13542 23633 42 18 40  0  0	
procs -----------memory---------- ---swap-- -----io---- --system-- -----cpu-----
 r  b   swpd   free   buff  cache   si   so    bi    bo   in   cs us sy id wa st
 8  0      0 184904 4074648 1769912    0    0    51     6 13822 23753 43 18 38  1  0	
 0  0      0 184904 4074916 1769916    0    0    51    11 13791 23734 41 17 42  0  0	
 4  0      0 184656 4075180 1769928    0    0    51     7 13990 25061 44 19 37  0  0	
 2  0      0 184284 4075448 1769944    0    0    51    14 14357 23120 40 17 42  0  0	
 7  0      0 183412 4075704 1769964    0    0    51    22 13674 24548 44 21 35  0  0	
 0  0      0 183296 4075976 1769956    0    0    51    27 13566 23984 42 18 40  0  0	
 1  0      0 183492 4076240 1769984    0    0    51     6 14354 24610 43 19 37  1  0	
 0  0      0 183152 4076504 1769996    0    0    51    17 13565 23480 39 16 45  0  0	
 0  0      0 182640 4076768 1770020    0    0    51    10 13552 24165 42 19 39  0  0	
 4  0      0 182928 4077036 1770032    0    0    51    10 14325 23814 44 19 38  0  0	
 1  0      0 181680 4077300 1770040    0    0    51    19 14110 25390 41 17 41  0  0	
 6  0      0 181804 4077568 1770052    0    0    51    15 13689 23700 41 17 42  0  0	
 2  0      0 181564 4077832 1770064    0    0    51    18 13990 23961 42 18 39  1  0	
 1  0      0 181580 4078096 1770080    0    0    51    14 13808 24951 44 17 39  0  0	
 2  0      0 180960 4078356 1770104    0    0    51     5 13539 23669 41 17 42  0  0	
 4  0      0 180960 4078624 1770120    0    0    51    10 14288 24308 43 18 39  0  0	
 3  0      0 180448 4078888 1770128    0    0    51    14 13862 24438 42 18 40  0  0	
 0  0      0 179960 4079152 1770144    0    0    51    10 13673 23075 40 17 43  0  0	
 1  0      0 179448 4079416 1770160    0    0    51     6 14387 24165 43 19 37  2  0	
 1  0      0 178792 4079680 1770168    0    0    51    21 13679 23728 44 20 36  0  0	
 3  0      0 178900 4079940 1770168    0    0    51    27 13604 23733 41 18 39  1  0	
procs -----------memory---------- ---swap-- -----io---- --system-- -----cpu-----
 r  b   swpd   free   buff  cache   si   so    bi    bo   in   cs us sy id wa st
 0  0      0 178276 4080204 1770184    0    0    51     6 14119 23745 41 17 41  0  0	
 3  0      0 178068 4080472 1770196    0    0    51    22 13555 24225 42 19 39  0  0	
 9  0      0 177844 4080736 1770208    0    0    51    10 13373 23586 41 17 40  2  0	
 6  0      0 177580 4081000 1770224    0    0    51     4 13989 23943 42 19 39  0  0	
 2  0      0 177596 4081268 1770228    0    0    51     7 13958 24470 41 16 42  1  0	
 3  0      0 177200 4081524 1770248    0    0    51     2 13793 23948 42 18 40  0  0	
 1  0      0 177200 4081792 1770268    0    0    51    22 13914 23656 44 18 37  2  0	
 4  0      0 177200 4082056 1770280    0    0    51    18 14111 23959 42 18 41  0  0	
 0  0      0 176728 4082320 1770292    0    0    51    13 13850 24026 42 18 40  0  0	
11  0      0 166304 4082584 1770320    0    0    51     4 13669 24029 42 18 40  0  0	
 0  0      0 176232 4082852 1770332    0    0    51    15 14132 25174 42 18 40  0  0	
 2  0      0 175596 4083120 1770340    0    0    51    14 13712 25249 44 18 38  0  0	
 3  0      0 175736 4083376 1770368    0    0    51     7 13906 23873 41 17 39  3  0	
 0  0      0 175452 4083640 1770388    0    0    51    26 13572 23136 43 23 33  0  0	
 0  0      0 174484 4083904 1770372    0    0    51    15 13891 24532 42 17 41  0  0	
 9  0      0 174228 4084172 1770392    0    0    51    23 14018 24500 42 17 41  0  0	
 0  0      0 174820 4084436 1770400    0    0    51     5 14357 24337 42 19 39  0  0	
 0  0      0 174108 4084700 1770420    0    0    51     6 13679 24228 42 18 40  0  0	
 3  0      0 173876 4084964 1770436    0    0    51    10 13392 23510 39 16 42  2  0	
 3  0      0 173364 4085228 1770452    0    0    51    19 14121 24075 42 19 38  0  0	
 1  0      0 173116 4085492 1770472    0    0    51    10 13595 22988 40 18 42  0  0	
procs -----------memory---------- ---swap-- -----io---- --system-- -----cpu-----
 r  b   swpd   free   buff  cache   si   so    bi    bo   in   cs us sy id wa st
 2  1      0 172892 4085756 1770488    0    0    51    17 13838 24285 41 17 42  0  0	
 0  0      0 172528 4086028 1770516    0    0    51    12 14450 24607 42 19 38  0  0	
 2  0      0 172132 4086292 1770528    0    0    51    15 13714 23942 43 18 39  0  0	
 1  0      0 172156 4086556 1770532    0    0    51     8 13292 23676 41 17 42  0  0	
 0  0      0 172032 4086824 1770560    0    0    51    21 14134 24504 42 19 38  0  0	
 0  0      0 171916 4087088 1770568    0    0    51     4 13496 23721 42 18 41  0  0	
 0  0      0 171668 4087352 1770584    0    0    51     9 13855 24192 41 17 40  2  0	
 4  1      0 171048 4087612 1770596    0    0    51    24 14148 23630 42 19 39  0  0	
 0  0      0 170812 4087876 1770616    0    0    51     8 13685 24099 46 20 32  1  0	
 1  0      0 170216 4088140 1770608    0    0    51    17 13761 24432 42 17 41  0  0	
 1  0      0 170272 4088408 1770620    0    0    51    31 14403 24126 41 19 40  0  0	
 0  1      0 169792 4088676 1770628    0    0    51    10 13773 24198 43 19 38  0  0	
 2  0      0 169560 4088940 1770660    0    0    51     4 13637 23653 43 17 39  2  0	
 0  0      0 169196 4089208 1770680    0    0    51    18 14145 23735 42 19 39  0  0	
 7  1      0 169692 4089468 1770696    0    0    51    18 13632 24032 40 18 42  0  0	
 1  0      0 168948 4089732 1770704    0    0    51     9 13966 25107 43 18 39  0  0	
 2  0      0 168436 4089996 1770716    0    0    51    20 14327 24527 42 19 37  1  0	
 0  0      0 167948 4090260 1770736    0    0    51    14 13902 24948 43 18 39  0  0	
 4  0      0 167708 4090524 1770748    0    0    51    11 13790 23383 40 17 42  1  0	
 2  0      0 167328 4090796 1770756    0    0    51    12 14263 24370 42 18 39  0  0	
 0  2      0 167452 4091060 1770772    0    0    51     3 13748 24221 41 17 40  1  0	
procs -----------memory---------- ---swap-- -----io---- --system-- -----cpu-----
 r  b   swpd   free   buff  cache   si   so    bi    bo   in   cs us sy id wa st
 2  0      0 167576 4091316 1770788    0    0    51    18 13562 24029 40 17 42  1  0	
 3  0      0 167204 4091580 1770800    0    0    51    12 14050 24031 42 19 39  0  0	
 3  0      0 166216 4091844 1770824    0    0    51    14 13188 23352 43 22 33  2  0	
 0  1      0 165844 4092108 1770832    0    0    51    19 13627 24292 43 16 40  0  0	
 0  0      0 165868 4092372 1770832    0    0    51    11 14250 24317 42 19 39  0  0	
 0  0      0 165668 4092640 1770848    0    0    51    14 13740 23622 42 17 40  0  0	
 1  0      0 165692 4092904 1770864    0    0    51     9 13711 23958 43 18 38  2  0	
 6  0      0 165768 4093168 1770872    0    0    51    20 14185 24168 43 19 38  0  0	
 1  0      0 165272 4093432 1770888    0    0    51     6 13714 24382 41 17 41  0  0	
 1  0      0 164908 4093688 1770900    0    0    51    12 13672 23993 42 17 42  0  0	
 1  0      0 164808 4093952 1770916    0    0    51    19 14362 24691 43 19 38  0  0	
 2  0      0 164080 4094220 1770936    0    0    51    16 13798 23566 40 17 42  0  0	
 3  0      0 163708 4094484 1770948    0    0    51     9 13906 25184 43 18 38  2  0	
 6  0      0 163468 4094752 1770956    0    0    51    14 14351 24019 41 19 40  0  0	
 2  0      0 163716 4095016 1770972    0    0    51     8 13824 24052 41 18 40  2  0	
