procs -----------memory---------- ---swap-- -----io---- --system-- -----cpu-----
 r  b   swpd   free   buff  cache   si   so    bi    bo   in   cs us sy id wa st
 3  0      0 5023216  52272 1244416    0    0     0     0    5    2 19  7 73  1  0	
 2  0      0 4979432  52272 1244452    0    0     0     0 11275 20454 39 16 45  0  0	
 1  0      0 5021160  52272 1244456    0    0     0     8 11530 19762 36 13 51  0  0	
 0  0      0 5021200  52272 1244468    0    0     0     2 11124 20805 38 15 47  0  0	
 6  0      0 5021448  52272 1244488    0    0     0     2 11183 20064 36 11 52  0  0	
 5  0      0 5021388  52272 1244496    0    0     0     2 11775 20827 38 15 47  0  0	
 0  0      0 5021180  52272 1244504    0    0     0     2 10967 20217 37 12 49  2  0	
 7  0      0 5021552  52272 1244516    0    0     0    18 11216 20570 36 12 52  0  0	
 1  0      0 5021304  52272 1244520    0    0     0    11 12044 20280 37 13 49  0  0	
 3  0      0 5021304  52272 1244524    0    0     0     0 10914 20001 35 13 53  0  0	
 0  0      0 5021304  52272 1244536    0    0     0     5 11110 19850 36 11 49  4  0	
 1  0      0 5020896  52272 1244548    0    0     0     4 11326 19994 40 17 43  0  0	
 2  0      0 5021044  52272 1244552    0    0     0     5 11336 20620 37 12 49  1  0	
 2  0      0 5021076  52272 1244544    0    0     0    14 10967 19939 37 14 49  0  0	
 0  0      0 5021216  52272 1244552    0    0     0     6 11450 19086 35 13 53  0  0	
 4  0      0 5021356  52272 1244556    0    0     0     7 11116 20179 36 12 51  0  0	
 1  0      0 5021488  52272 1244576    0    0     0     4 11276 20382 38 12 48  2  0	
 1  0      0 5021248  52272 1244584    0    0     0     5 11860 20205 37 13 50  0  0	
 0  0      0 5021132  52272 1244600    0    0     0     0 11115 20016 37 12 51  0  0	
 0  0      0 5021356  52272 1244608    0    0     0    14 11271 21419 37 13 50  0  0	
 0  0      0 5021372  52272 1244620    0    0     0     7 11675 19497 35 13 52  0  0	
procs -----------memory---------- ---swap-- -----io---- --system-- -----cpu-----
 r  b   swpd   free   buff  cache   si   so    bi    bo   in   cs us sy id wa st
 2  0      0 5021000  52272 1244624    0    0     0     6 11012 19601 38 13 48  1  0	
 1  0      0 5021512  52272 1244632    0    0     0     5 11134 20142 37 12 51  0  0	
 3  0      0 5021004  52272 1244644    0    0     0     6 11688 19879 38 14 47  1  0	
 5  0      0 5020996  52272 1244656    0    0     0     5 10794 19016 35 11 53  0  0	
 0  0      0 5021360  52272 1244660    0    0     0    14 10860 19637 35 13 51  0  0	
 1  0      0 5021104  52272 1244672    0    0     0     6 12052 21253 39 14 46  0  0	
 2  0      0 5020596  52272 1244676    0    0     0     5 10920 20029 40 16 43  2  0	
 3  0      0 5021016  52272 1244664    0    0     0     6 11003 19844 35 12 53  0  0	
 2  0      0 5021164  52272 1244672    0    0     0     5 11424 19385 35 14 50  0  0	
 4  1      0 5021452  52272 1244684    0    0     0     6 11128 20258 36 12 52  0  0	
 6  0      0 5021096  52272 1244688    0    0     0     9 11473 21043 38 13 48  2  0	
 1  0      0 5020972  52272 1244696    0    0     0     7 11746 20255 38 14 48  0  0	
 1  0      0 5020840  52272 1244704    0    0     0     6 10987 20029 36 13 49  3  0	
 0  0      0 5021236  52272 1244708    0    0     0     4 11110 20133 36 12 52  0  0	
 0  1      0 5021244  52272 1244720    0    0     0     5 11425 20074 37 13 48  2  0	
 6  0      0 5020732  52272 1244736    0    0     0     4 11175 20697 38 12 50  0  0	
 4  0      0 5021352  52272 1244744    0    0     0    15 10916 19579 36 12 51  0  0	
 2  0      0 5021252  52272 1244748    0    0     0     5 11644 19884 36 13 48  2  0	
15  0      0 5014668  52272 1244760    0    0     0     0 11214 21148 38 13 49  0  0	
 0  0      0 5021004  52272 1244776    0    0     0     4 11160 20072 36 12 50  2  0	
 1  0      0 5021128  52272 1244784    0    0     0     6 11426 20004 37 14 49  0  0	
procs -----------memory---------- ---swap-- -----io---- --system-- -----cpu-----
 r  b   swpd   free   buff  cache   si   so    bi    bo   in   cs us sy id wa st
 0  0      0 5020820  52272 1244796    0    0     0     6 11167 20577 39 15 45  1  0	
 1  0      0 5021116  52272 1244788    0    0     0    16 11112 20142 36 13 50  0  0	
 1  0      0 5021240  52272 1244792    0    0     0     4 11756 20563 37 14 49  0  0	
 0  0      0 5021312  52272 1244800    0    0     0     4 11114 20485 37 12 51  0  0	
 7  0      0 5021204  52272 1244808    0    0     0     3 11169 20209 37 12 51  0  0	
 3  0      0 5020964  52276 1244820    0    0     0     5 11682 19767 36 14 51  0  0	
 5  0      0 5021212  52276 1244832    0    0     0     7 11368 20537 37 11 50  2  0	
 1  0      0 5021344  52276 1244836    0    0     0    14 11061 20551 38 14 48  0  0	
 1  0      0 5021220  52276 1244844    0    0     0     8 11632 19716 36 13 51  0  0	
 0  0      0 5020972  52276 1244852    0    0     0     5 11265 20618 37 12 50  0  0	
 2  0      0 5021244  52276 1244872    0    0     0     4 11003 19438 35 13 50  2  0	
 5  0      0 5020996  52276 1244880    0    0     0     9 11594 19894 36 13 50  0  0	
 3  0      0 5020996  52276 1244892    0    0     0     1 11019 19601 36 11 53  0  0	
 4  0      0 5021004  52276 1244900    0    0     0    13 11337 20722 37 13 49  2  0	
 1  0      0 5021128  52276 1244908    0    0     0     7 11819 20572 37 14 49  0  0	
 0  0      0 5020888  52276 1244912    0    0     0     4 11196 20376 37 11 49  2  0	
 5  0      0 5020528  52276 1244928    0    0     0     5 10969 20108 38 15 46  0  0	
 0  0      0 5020676  52276 1244916    0    0     0     5 11884 19622 36 14 48  1  0	
 3  0      0 5021104  52276 1244928    0    0     0     6 10966 19547 35 12 53  0  0	
 0  0      0 5021344  52276 1244936    0    0     0    10 10991 20961 39 17 43  2  0	
 6  0      0 5021104  52276 1244944    0    0     0    10 11994 20660 37 14 49  0  0	
procs -----------memory---------- ---swap-- -----io---- --system-- -----cpu-----
 r  b   swpd   free   buff  cache   si   so    bi    bo   in   cs us sy id wa st
 0  0      0 5021228  52276 1244948    0    0     0     4 11027 19502 34 12 52  2  0	
 2  0      0 5020872  52276 1244968    0    0     0     5 11063 20011 36 12 52  0  0	
 2  0      0 5020888  52276 1244976    0    0     0     4 11636 20820 37 14 49  0  0	
 4  0      0 5021012  52276 1244988    0    0     0     5 11273 19973 37 12 51  0  0	
 0  0      0 5020756  52276 1244996    0    0     0    19 11117 20014 36 13 50  1  0	
 3  0      0 5020632  52276 1245004    0    0     0     4 11161 19412 35 13 52  1  0	
 0  0      0 5020764  52276 1245008    0    0     0     2 11065 19686 37 12 52  0  0	
 0  0      0 5021144  52276 1245016    0    0     0     5 11173 19746 36 13 49  2  0	
 2  0      0 5021152  52276 1245032    0    0     0     4 11455 19612 38 13 49  0  0	
 1  0      0 5021028  52276 1245040    0    0     0     4 11265 19361 35 12 50  3  0	
 0  0      0 5021428  52276 1245048    0    0     0    13 11124 20444 40 17 43  0  0	
 0  0      0 5020428  52276 1245040    0    0     0    10 11829 20634 38 14 48  0  0	
 2  0      0 5020692  52276 1245044    0    0     0     5 11605 21118 38 12 49  0  0	
 2  0      0 5020732  52276 1245060    0    0     0     5 11299 20201 36 12 51  0  0	
 0  0      0 5020624  52276 1245072    0    0     0     5 11560 19776 37 14 49  0  0	
 4  0      0 5020640  52276 1245080    0    0     0     4 11552 20381 36 11 51  2  0	
 0  0      0 5020764  52276 1245088    0    0     0    16 11191 20131 37 13 51  0  0	
 3  0      0 5020880  52276 1245100    0    0     0     0 11402 20233 38 13 49  0  0	
 0  0      0 5020756  52276 1245108    0    0     0    10 11092 19861 36 13 52  0  0	
 0  0      0 5020640  52276 1245112    0    0     0     5 11084 19812 37 13 49  1  0	
 3  0      0 5020500  52276 1245124    0    0     0     4 11430 19953 36 13 50  0  0	
procs -----------memory---------- ---swap-- -----io---- --system-- -----cpu-----
 r  b   swpd   free   buff  cache   si   so    bi    bo   in   cs us sy id wa st
 0  0      0 5020772  52276 1245136    0    0     0     5 11210 19687 37 11 51  2  0	
 1  0      0 5020608  52276 1245144    0    0     0    14 10761 19326 35 12 53  0  0	
 4  0      0 4979416  52276 1245156    0    0     0     0 11153 20057 36 13 50  0  0	
 0  0      0 5020392  52276 1245164    0    0     0     5 11581 20119 36 12 52  0  0	
 4  0      0 5020236  52276 1245168    0    0     0     5 10930 19783 37 12 51  0  0	
 0  0      0 5020428  52276 1245184    0    0     0     6 11171 20137 38 14 47  1  0	
 4  0      0 5020660  52276 1245172    0    0     0     6 11648 19520 33 14 53  0  0	
 5  0      0 5020784  52276 1245180    0    0     0    14 11207 20195 38 13 49  0  0	
 2  0      0 5020700  52276 1245184    0    0     0     5 10918 19473 34 12 54  0  0	
 2  0      0 5020600  52280 1245196    0    0     0     9 11721 20214 38 14 46  2  0	
 0  0      0 5020856  52280 1245200    0    0     0     0 11166 20513 36 13 51  0  0	
 3  0      0 5020592  52280 1245208    0    0     0    10 10998 20195 38 13 47  2  0	
 1  0      0 5020236  52280 1245224    0    0     0     5 11642 19558 36 13 51  0  0	
 5  0      0 5020708  52280 1245228    0    0     0    13 11296 20135 38 12 49  1  0	
 0  0      0 5020732  52280 1245236    0    0     0     7 11162 19896 35 12 53  0  0	
 0  0      0 5020724  52280 1245244    0    0     0     4 11446 19335 35 14 49  1  0	
 2  0      0 5020368  52280 1245264    0    0     0     4 11191 20149 37 12 51  0  0	
 1  0      0 5020592  52280 1245268    0    0     0     4 11260 20203 37 12 50  0  0	
 1  0      0 5020516  52280 1245280    0    0     0     2 11735 20389 38 13 49  0  0	
 7  0      0 5018072  52280 1245288    0    0     0    15 11101 19764 37 12 49  2  0	
 1  0      0 5018464  52280 1245300    0    0     0     7 10988 20436 37 15 48  0  0	
procs -----------memory---------- ---swap-- -----io---- --system-- -----cpu-----
 r  b   swpd   free   buff  cache   si   so    bi    bo   in   cs us sy id wa st
 4  1      0 5018348  52280 1245288    0    0     0     4 11932 20661 37 13 50  0  0	
 0  0      0 5018536  52280 1245296    0    0     0     5 11149 20547 37 14 48  1  0	
 3  0      0 5018552  52280 1245304    0    0     0     4 11110 20138 35 12 53  0  0	
 2  0      0 5018328  52280 1245320    0    0     0     7 11635 19808 36 14 50  0  0	
 2  0      0 5018468  52280 1245328    0    0     0    10 11011 19951 36 12 51  0  0	
 1  0      0 5018692  52280 1245336    0    0     0     6 11118 19851 36 13 50  0  0	
 0  0      0 5018692  52280 1245340    0    0     0     5 11785 20187 36 14 49  0  0	
 0  0      0 5018568  52280 1245364    0    0     0     4 11021 20317 38 13 47  2  0	
 2  0      0 5018064  52280 1245368    0    0     0     4 11339 20888 39 12 49  0  0	
 1  0      0 5018444  52280 1245380    0    0     0     7 11824 20257 35 15 50  0  0	
 0  0      0 5018444  52280 1245388    0    0     0    15 11192 20246 37 12 51  0  0	
 1  0      0 5018568  52280 1245396    0    0     0     8 11088 19832 36 13 51  0  0	
 1  0      0 5018700  52280 1245400    0    0     0     4 11583 19875 36 13 51  0  0	
 1  0      0 5018452  52280 1245408    0    0     0     0 11056 20626 37 13 49  1  0	
 3  0      0 5018052  52280 1245420    0    0     0     5 10938 19721 38 15 48  0  0	
 1  0      0 5018084  52280 1245408    0    0     0     5 11816 20980 36 15 48  0  0	
 0  0      0 5018340  52280 1245416    0    0     0    15 10879 20116 36 14 50  0  0	
 0  0      0 5018504  52280 1245424    0    0     0     9 11384 21663 38 14 46  1  0	
 6  0      0 5018412  52280 1245432    0    0     0     4 11793 19655 36 14 51  0  0	
 0  0      0 5018568  52280 1245456    0    0     0     4 11233 20811 38 13 48  1  0	
 3  0      0 5018568  52280 1245464    0    0     0     3 11182 20243 38 12 50  0  0	
procs -----------memory---------- ---swap-- -----io---- --system-- -----cpu-----
 r  b   swpd   free   buff  cache   si   so    bi    bo   in   cs us sy id wa st
 0  0      0 5018468  52280 1245472    0    0     0     4 11569 19678 36 14 47  3  0	
 0  0      0 5018320  52280 1245480    0    0     0    16 11071 19909 37 13 50  0  0	
 2  0      0 5018592  52280 1245488    0    0     0     7 11264 20334 36 12 51  0  0	
 1  0      0 5018468  52280 1245496    0    0     0     4 11614 18813 35 13 52  0  0	
 1  0      0 5018220  52280 1245504    0    0     0     7 11099 20058 37 13 50  0  0	
 0  0      0 5018344  52280 1245516    0    0     0     4 11388 21577 38 12 49  1  0	
 1  0      0 5018460  52280 1245528    0    0     0     2 11365 19403 37 13 50  0  0	
 1  0      0 5018336  52280 1245536    0    0     0    13 11000 19658 37 12 49  3  0	
 2  0      0 5017288  52280 1245544    0    0     0     6 11448 20892 38 14 49  0  0	
 1  0      0 5018248  52280 1245556    0    0     0     5 11651 19713 38 16 46  0  0	
 1  0      0 5018396  52280 1245540    0    0     0     5 11158 20676 36 13 50  0  0	
 0  0      0 5018420  52280 1245548    0    0     0     6 10932 19813 35 11 54  0  0	
 4  0      0 5018328  52280 1245560    0    0     0     5 11783 20226 36 14 50  0  0	
 1  0      0 5018080  52280 1245568    0    0     0    18 11067 20024 36 12 50  2  0	
 1  0      0 5018072  52280 1245572    0    0     0     0 11335 20797 37 12 51  0  0	
 0  0      0 5018204  52280 1245584    0    0     0     5 11751 19941 38 13 48  2  0	
 6  0      0 5018328  52280 1245592    0    0     0     5 11247 20451 37 13 50  0  0	
 0  0      0 5018204  52280 1245596    0    0     0     3 10873 19679 36 11 52  0  0	
 2  0      0 5018336  52280 1245616    0    0     0     4 11859 20235 38 14 48  0  0	
 0  0      0 5018460  52280 1245620    0    0     0    14 11057 20019 36 13 49  2  0	
 0  0      0 5018576  52280 1245628    0    0     0    10 11293 20719 38 13 49  0  0	
procs -----------memory---------- ---swap-- -----io---- --system-- -----cpu-----
 r  b   swpd   free   buff  cache   si   so    bi    bo   in   cs us sy id wa st
 1  0      0 5018080  52280 1245636    0    0     0     3 11825 20211 37 14 50  0  0	
 0  0      0 5018080  52280 1245656    0    0     0     1 11079 19798 36 13 49  2  0	
 1  0      0 5017832  52280 1245660    0    0     0     4 11026 19839 36 12 53  0  0	
 1  0      0 5017744  52280 1245680    0    0     0     5 11362 19649 39 17 44  0  0	
 5  0      0 5017892  52280 1245680    0    0     0    15 11493 20826 38 12 49  0  0	
 2  0      0 5018164  52280 1245668    0    0     0     7 11245 20854 38 13 49  0  0	
 3  0      0 5017948  52280 1245676    0    0     0     8 11549 19633 35 13 51  0  0	
 2  0      0 5017964  52280 1245684    0    0     0     5 10955 19884 36 13 48  3  0	
 1  0      0 5017964  52280 1245688    0    0     0     0 10967 19682 35 11 54  0  0	
 0  0      0 5017848  52280 1245704    0    0     0     6 11892 20626 37 15 48  0  0	
 1  0      0 5017848  52280 1245712    0    0     0    14 11111 19793 35 11 53  0  0	
 0  0      0 5018304  52280 1245720    0    0     0     6 11142 20860 39 13 48  0  0	
 0  0      0 5017808  52280 1245724    0    0     0     6 11621 19914 37 14 49  0  0	
 3  0      0 5017808  52280 1245752    0    0     0     8 11360 19963 37 14 47  2  0	
 3  0      0 5018088  52280 1245756    0    0     0     3 10901 19406 34 11 54  0  0	
 2  0      0 5018220  52280 1245768    0    0     0     4 11635 20013 37 14 49  0  0	
 2  0      0 5018072  52280 1245776    0    0     0    14 10974 19605 35 13 52  0  0	
 4  0      0 5017848  52280 1245784    0    0     0     1 11088 19963 35 12 52  0  0	
 0  0      0 5017732  52280 1245788    0    0     0     4 11109 18950 36 12 52  0  0	
 1  0      0 5017520  52280 1245800    0    0     0     4 10973 20098 39 16 45  0  0	
 6  0      0 5017792  52280 1245808    0    0     0    10 11146 20231 36 11 51  2  0	
procs -----------memory---------- ---swap-- -----io---- --system-- -----cpu-----
 r  b   swpd   free   buff  cache   si   so    bi    bo   in   cs us sy id wa st
 1  0      0 5017404  52280 1245804    0    0     0     5 11473 20746 36 14 49  0  0	
 1  0      0 5017708  52280 1245808    0    0     0    15 11394 19830 37 12 47  5  0	
 3  0      0 5017964  52280 1245816    0    0     0     8 11301 20598 37 12 51  0  0	
 8  0      0 5017568  52280 1245824    0    0     0     5 11338 19973 37 14 49  0  0	
11  0      0 5017584  52280 1245844    0    0     0     0 11449 20509 37 13 50  0  0	
 1  0      0 5017972  52280 1245852    0    0     0     5 11126 19502 35 11 54  0  0	
 9  0      0 4996876  52280 1245864    0    0     0     4 11192 20320 37 12 51  0  0	
 5  0      0 5017584  52280 1245872    0    0     0    17 11570 19994 36 14 47  3  0	
 1  0      0 5017732  52280 1245880    0    0     0     5 11111 19711 36 13 51  0  0	
 2  0      0 5017856  52280 1245892    0    0     0     3 11214 19917 36 11 51  1  0	
 5  0      0 5017848  52280 1245896    0    0     0     6 12072 19905 37 16 47  0  0	
 1  0      0 5017724  52280 1245908    0    0     0     7 10952 19864 36 12 52  0  0	
 6  0      0 5017732  52280 1245916    0    0     0     0 11336 20546 38 12 51  0  0	
 0  0      0 5017536  52280 1245924    0    0     0    13 11893 20534 38 15 46  0  0	
 0  0      0 5017720  52280 1245936    0    0     0    10 11000 19562 37 15 46  3  0	
 1  0      0 5017472  52280 1245924    0    0     0     5 11197 20857 37 12 51  0  0	
 5  0      0 5017660  52280 1245940    0    0     0     5 11766 20100 38 15 45  1  0	
 3  0      0 5017660  52280 1245948    0    0     0     7 11305 20376 37 12 51  0  0	
 2  0      0 5017700  52280 1245960    0    0     0     5 11232 20368 37 12 50  1  0	
 1  0      0 5017576  52280 1245968    0    0     0    15 11431 19995 37 14 49  0  0	
 2  0      0 5017576  52280 1245972    0    0     0     0 11114 19753 36 12 52  0  0	
procs -----------memory---------- ---swap-- -----io---- --system-- -----cpu-----
 r  b   swpd   free   buff  cache   si   so    bi    bo   in   cs us sy id wa st
 0  0      0 5017716  52280 1245984    0    0     0     8 11144 20337 37 12 51  0  0	
 5  0      0 5017476  52280 1245988    0    0     0     4 11767 20386 38 15 46  2  0	
 4  0      0 5017724  52280 1245996    0    0     0     5 11031 20410 37 11 52  0  0	
 0  0      0 5017972  52280 1246012    0    0     0     4 11367 20778 37 13 50  0  0	
 6  0      0 5017476  52280 1246016    0    0     0    15 11423 19492 36 14 50  0  0	
 5  0      0 5017848  52280 1246024    0    0     0     5 11253 20406 36 12 51  0  0	
 1  0      0 5017708  52280 1246036    0    0     0     0 11462 21122 37 13 50  0  0	
 0  0      0 5017692  52280 1246044    0    0     0     6 11511 19905 36 15 48  2  0	
 2  0      0 5017316  52280 1246056    0    0     0     5 11022 20087 39 15 46  0  0	
 0  0      0 5017388  52280 1246068    0    0     0     6 11187 20950 37 12 50  1  0	
 4  0      0 5017316  52280 1246052    0    0     0    16 12019 21574 38 15 47  0  0	
 4  0      0 5017504  52280 1246060    0    0     0     6 11180 20463 37 13 50  0  0	
 2  0      0 5017536  52280 1246068    0    0     0     4 10929 19728 36 12 51  1  0	
 3  0      0 5017792  52280 1246076    0    0     0     0 11764 20377 37 15 48  0  0	
 6  0      0 5017684  52280 1246080    0    0     0    10 11214 20330 36 11 51  2  0	
 0  0      0 5017584  52280 1246096    0    0     0     4 10929 19542 35 12 53  0  0	
 8  0      0 5017328  52280 1246104    0    0     0    13 11239 19673 36 13 49  1  0	
 8  0      0 5017592  52280 1246112    0    0     0     6 11020 20290 37 12 50  0  0	
 4  0      0 5017584  52280 1246116    0    0     0     5 11199 21142 37 13 50  0  0	
 6  0      0 5017320  52280 1246140    0    0     0     4 11511 20337 38 14 48  0  0	
 3  0      0 5017468  52280 1246144    0    0     0     4 11301 20531 37 12 51  0  0	
procs -----------memory---------- ---swap-- -----io---- --system-- -----cpu-----
 r  b   swpd   free   buff  cache   si   so    bi    bo   in   cs us sy id wa st
 2  0      0 5017608  52280 1246156    0    0     0     6 11017 19784 35 12 53  0  0	
 3  0      0 5017732  52280 1246164    0    0     0    17 11957 20622 37 14 47  2  0	
 2  0      0 5017468  52280 1246172    0    0     0     5 11227 20272 37 13 50  0  0	
 2  0      0 5017156  52280 1246184    0    0     0     0 11106 20648 40 14 45  0  0	
 1  0      0 5017328  52280 1246192    0    0     0     3 11955 20721 40 14 46  0  0	
 3  0      0 5017304  52280 1246180    0    0     0     4 11180 19961 37 12 50  0  0	
 0  0      0 5017716  52280 1246196    0    0     0     3 11098 19885 37 12 51  0  0	
 0  0      0 5017344  52280 1246204    0    0     0    14 11847 20145 36 13 50  1  0	
 3  0      0 5017700  52280 1246216    0    0     0     6 11014 19630 36 13 52  0  0	
 2  0      0 5017584  52284 1246220    0    0     0     9 11261 20943 37 13 50  0  0	
 0  0      0 5017444  52284 1246240    0    0     0     5 11528 20380 38 14 48  0  0	
 1  0      0 5017468  52284 1246248    0    0     0     4 11409 20883 37 12 50  0  0	
 1  0      0 5017328  52284 1246256    0    0     0     0 11029 20051 36 12 52  0  0	
 0  0      0 5017592  52284 1246264    0    0     0    14 11901 20494 37 13 50  0  0	
 1  0      0 5017328  52284 1246272    0    0     0     6 11184 20264 36 13 50  1  0	
 2  0      0 5017344  52284 1246280    0    0     0     9 11223 20530 36 12 52  0  0	
 5  0      0 5017328  52284 1246284    0    0     0     4 11928 20509 38 14 46  2  0	
 0  0      0 5017468  52284 1246296    0    0     0     5 11488 21052 38 13 50  0  0	
 4  0      0 5017452  52284 1246300    0    0     0     4 11274 20549 38 12 49  2  0	
 1  0      0 5017248  52284 1246316    0    0     0    16 12288 21282 41 17 42  0  0	
 0  0      0 5017272  52284 1246304    0    0     0     0 10964 19988 37 12 51  1  0	
procs -----------memory---------- ---swap-- -----io---- --system-- -----cpu-----
 r  b   swpd   free   buff  cache   si   so    bi    bo   in   cs us sy id wa st
 1  0      0 5017668  52284 1246316    0    0     0     6 11157 20745 37 13 50  0  0	
 1  0      0 5017296  52284 1246332    0    0     0    10 11988 20768 39 14 44  3  0	
 0  0      0 5017064  52284 1246340    0    0     0     7 11120 20384 37 14 49  0  0	
 2  0      0 5016956  52284 1246352    0    0     0     4 10868 19896 37 12 51  0  0	
 5  0      0 5017080  52284 1246360    0    0     0    14 11565 20321 36 14 50  0  0	
 2  0      0 5017204  52284 1246368    0    0     0     5 11115 19859 37 13 50  0  0	
 3  0      0 5017336  52284 1246376    0    0     0     5 11302 20832 38 13 49  0  0	
 5  0      0 5017592  52284 1246380    0    0     0     0 11756 20186 38 13 49  0  0	
 0  0      0 5017344  52284 1246388    0    0     0     6 11461 20702 38 13 48  1  0	
 0  0      0 5017592  52284 1246400    0    0     0     5 11237 20345 37 12 51  0  0	
 2  0      0 5017420  52284 1246412    0    0     0    14 11618 20235 36 15 46  2  0	
 0  0      0 5017064  52284 1246416    0    0     0     7 11321 19784 36 13 51  0  0	
 4  0      0 5017684  52284 1246428    0    0     0     4 11060 20505 36 13 51  0  0	
 4  0      0 5016828  52284 1246436    0    0     0     5 11780 20948 39 17 43  0  0	
 0  0      0 5016952  52284 1246424    0    0     0     8 11352 20715 36 13 50  1  0	
 1  0      0 5017148  52284 1246436    0    0     0     6 11310 20182 36 12 52  0  0	
 1  0      0 5017180  52284 1246440    0    0     0    16 11332 20046 36 14 48  2  0	
 2  0      0 5017188  52284 1246452    0    0     0     4 11351 19653 37 12 51  0  0	
 1  0      0 5016948  52284 1246460    0    0     0     4 11118 20608 37 13 51  0  0	
 0  0      0 5016948  52284 1246468    0    0     0     0 11343 19541 36 13 51  0  0	
 2  0      0 5017088  52284 1246472    0    0     0     4 11307 19560 37 12 51  0  0	
procs -----------memory---------- ---swap-- -----io---- --system-- -----cpu-----
 r  b   swpd   free   buff  cache   si   so    bi    bo   in   cs us sy id wa st
 0  0      0 5017336  52284 1246484    0    0     0     4 10916 19487 36 11 53  0  0	
 0  0      0 5017460  52284 1246496    0    0     0    16 11207 20514 38 13 49  0  0	
 0  0      0 5017104  52284 1246504    0    0     0     8 11633 20665 37 12 50  1  0	
 3  0      0 5017104  52284 1246512    0    0     0     4 11117 20100 36 12 52  0  0	
 5  0      0 4976880  52284 1246532    0    0     0     5 11173 20299 35 14 50  1  0	
 0  0      0 5017236  52284 1246536    0    0     0     4 11745 20026 37 14 49  0  0	
 3  0      0 5017236  52284 1246544    0    0     0     5 11358 20713 37 12 50  0  0	
 5  0      0 5015708  52284 1246552    0    0     0    16 11176 20120 37 12 51  0  0	
 2  0      0 5017092  52284 1246564    0    0     0     4 11793 20453 40 18 40  1  0	
 0  0      0 5016728  52284 1246548    0    0     0     2 11248 21415 39 13 48  0  0	
 2  0      0 5016940  52284 1246564    0    0     0     5 10864 19416 37 11 50  2  0	
 0  0      0 5017088  52284 1246568    0    0     0     3 11259 19545 37 14 49  0  0	
 0  0      0 5017352  52284 1246580    0    0     0     4 10908 19712 35 11 54  0  0	
 0  0      0 5017112  52284 1246592    0    0     0    14 11195 20485 38 13 49  0  0	
 5  0      0 5017236  52284 1246604    0    0     0     6 11502 19779 36 14 50  1  0	
 9  0      0 5017236  52284 1246608    0    0     0     6 10938 20014 36 12 52  0  0	
 1  0      0 5017328  52284 1246628    0    0     0     7 11056 20039 37 12 51  0  0	
 1  0      0 5017088  52284 1246636    0    0     0     4 11779 20845 38 15 46  1  0	
 1  0      0 5017220  52284 1246644    0    0     0     3 11056 19644 36 12 52  0  0	
 1  0      0 5017064  52284 1246652    0    0     0    10 11186 20622 36 12 50  2  0	
 1  0      0 5017228  52284 1246660    0    0     0     6 11563 19883 36 14 50  0  0	
procs -----------memory---------- ---swap-- -----io---- --system-- -----cpu-----
 r  b   swpd   free   buff  cache   si   so    bi    bo   in   cs us sy id wa st
 0  0      0 5016980  52284 1246668    0    0     0     7 11122 20329 38 12 50  0  0	
 1  0      0 5017104  52284 1246676    0    0     0     5 11050 19940 38 12 51  0  0	
 0  0      0 5016836  52284 1246688    0    0     0     5 11896 20840 41 18 39  2  0	
 2  0      0 5016736  52284 1246676    0    0     0     4 11234 20785 37 12 51  0  0	
 1  0      0 5016816  52284 1246684    0    0     0    19 11104 20928 37 13 47  2  0	
 1  0      0 5017336  52284 1246692    0    0     0     0 11571 19941 36 14 50  0  0	
 0  1      0 5017336  52284 1246700    0    0     0     6 11123 20676 37 13 49  1  0	
 1  0      0 5016948  52284 1246716    0    0     0     7 11228 20623 38 13 49  1  0	
 0  0      0 5017204  52284 1246728    0    0     0     5 11781 20198 36 15 49  0  0	
 0  0      0 5017212  52284 1246736    0    0     0     4 11145 20362 37 12 50  1  0	
 2  0      0 5016996  52284 1246744    0    0     0     8 11152 20577 37 12 51  0  0	
 2  0      0 5017120  52284 1246756    0    0     0    10 11644 19946 38 14 46  2  0	
 1  0      0 5016996  52284 1246764    0    0     0     5 10866 19848 36 11 53  0  0	
 0  0      0 5016996  52284 1246768    0    0     0     6 10885 19151 35 11 51  3  0	
 0  0      0 5017004  52284 1246776    0    0     0     5 11720 20292 37 14 48  0  0	
 4  0      0 5017260  52284 1246788    0    0     0     4 11128 20019 36 11 53  0  0	
 0  0      0 5016640  52284 1246800    0    0     0    16 11072 20711 38 13 49  0  0	
 1  0      0 5016888  52284 1246804    0    0     0     4 11442 19948 36 14 50  0  0	
 1  0      0 5016844  52284 1246820    0    0     0     7 11032 20645 39 15 46  0  0	
 3  0      0 5016332  52284 1246808    0    0     0     0 11280 20967 38 13 48  1  0	
 4  0      0 5070036  52284 1246816    0    0     0    10 12447 21394 40 16 43  1  0	
procs -----------memory---------- ---swap-- -----io---- --system-- -----cpu-----
 r  b   swpd   free   buff  cache   si   so    bi    bo   in   cs us sy id wa st
 0  0      0 5070092  52284 1246828    0    0     0     6 11819 20934 39 12 48  0  0	
 6  0      0 5002412  52284 1246836    0    0     0    13 11707 20803 44 14 42  0  0	
 2  0      0 5018300  52284 1246840    0    0     0     7 12225 19541 38 15 47  0  0	
 0  0      0 5018424  52284 1246848    0    0     0     5 11322 20092 37 12 51  0  0	
 5  1      0 5018440  52284 1246856    0    0     0     9 11407 19898 37 12 50  0  0	
 2  0      0 5018828  52284 1246860    0    0     0     6 12030 19403 37 14 46  2  0	
 2  0      0 5018704  52284 1246876    0    0     0     4 11227 18762 36 12 52  0  0	
 3  0      0 5017144  52284 1246884    0    0     0    16 11466 21405 41 15 42  2  0	
 0  0      0 5017004  52284 1246896    0    0     0    10 11826 19493 36 15 49  1  0	
 0  0      0 5017144  52284 1246904    0    0     0     0 11519 20528 38 12 49  2  0	
 1  0      0 5017252  52284 1246924    0    0     0     3 11594 20348 37 13 50  0  0	
 0  0      0 5016888  52284 1246928    0    0     0    10 11822 19481 36 15 48  0  0	
 2  0      0 5017028  52284 1246940    0    0     0     6 11368 19700 35 12 53  0  0	
 0  0      0 5016744  52284 1246952    0    0     0    16 11154 20330 38 15 45  2  0	
 2  0      0 5016544  52284 1246940    0    0     0     6 12175 20185 36 14 49  0  0	
 0  0      0 5016924  52284 1246944    0    0     0     5 11668 21033 38 13 49  0  0	
 0  0      0 5016980  52284 1246956    0    0     0     2 11509 20095 38 11 50  0  0	
 3  0      0 5016904  52284 1246960    0    0     0     4 11902 19909 37 15 47  0  0	
 3  0      0 5017028  52284 1246968    0    0     0     5 11550 20390 36 12 52  0  0	
 3  0      0 5016912  52284 1246984    0    0     0    19 11282 19641 34 12 53  1  0	
 3  0      0 5016912  52284 1246988    0    0     0     6 11890 20047 37 15 47  1  0	
procs -----------memory---------- ---swap-- -----io---- --system-- -----cpu-----
 r  b   swpd   free   buff  cache   si   so    bi    bo   in   cs us sy id wa st
 0  0      0 5016788  52284 1246996    0    0     0     4 11827 21116 38 13 49  0  0	
 0  0      0 5017392  52284 1247016    0    0     0     6 11183 20141 36 12 50  2  0	
 1  0      0 5016772  52284 1247024    0    0     0     0 11776 20534 38 15 47  0  0	
 1  0      0 5017020  52284 1247032    0    0     0     4 11391 19734 35 12 53  0  0	
 1  0      0 5017144  52284 1247048    0    0     0    13 11357 20287 36 12 52  0  0	
 6  0      0 5016912  52284 1247056    0    0     0    10 12140 20774 38 14 45  2  0	
 0  0      0 5016912  52284 1247064    0    0     0     6 11652 20763 37 12 50  0  0	
 6  0      0 5013564  52284 1247076    0    0     0     4 11397 19932 38 15 46  1  0	
 0  0      0 5017032  52284 1247084    0    0     0     4 12183 20869 35 16 49  0  0	
 0  0      0 5016636  52284 1247072    0    0     0     0 11516 20022 36 11 53  0  0	
 3  0      0 5016816  52284 1247080    0    0     0    13 11423 20163 37 12 51  0  0	
 1  0      0 5016980  52284 1247092    0    0     0     9 11625 20237 35 14 50  0  0	
 4  0      0 5017120  52284 1247100    0    0     0     7 11365 19664 36 12 52  0  0	
 5  0      0 5017508  52284 1247116    0    0     0     9 11472 20250 36 12 52  0  0	
 3  0      0 5017012  52284 1247124    0    0     0     5 11819 19848 36 14 47  3  0	
 1  0      0 5017012  52284 1247136    0    0     0     5 11694 20535 37 12 51  0  0	
 0  0      0 5016724  52284 1247140    0    0     0     8 11520 20459 36 13 49  3  0	
 2  0      0 5016624  52284 1247152    0    0     0     7 11820 20140 36 14 50  0  0	
 5  0      0 5016616  52284 1247156    0    0     0     4 11438 19563 36 12 52  0  0	
 4  0      0 5016640  52284 1247164    0    0     0     5 11153 19349 36 11 53  0  0	
 3  0      0 5016400  52284 1247172    0    0     0     4 11649 20228 38 14 48  0  0	
procs -----------memory---------- ---swap-- -----io---- --system-- -----cpu-----
 r  b   swpd   free   buff  cache   si   so    bi    bo   in   cs us sy id wa st
 2  1      0 5017012  52284 1247180    0    0     0     6 11773 20000 35 11 53  0  0	
 1  0      0 5017020  52284 1247188    0    0     0     9 11270 19448 35 11 52  2  0	
10  0      0 4969784  52284 1247204    0    0     0     6 11738 20241 40 17 43  0  0	
 1  0      0 5016528  52284 1247192    0    0     0     8 11910 21000 38 13 49  1  0	
 0  0      0 5016840  52284 1247212    0    0     0     5 11225 19746 36 12 52  0  0	
 1  0      0 5016616  52284 1247220    0    0     0     7 11268 20115 38 13 49  0  0	
 1  0      0 5016996  52284 1247232    0    0     0     5 12004 20132 37 15 49  0  0	
 3  0      0 5016864  52284 1247236    0    0     0    14 11683 20977 38 13 50  0  0	
 0  0      0 5016640  52284 1247244    0    0     0     9 11161 19271 36 13 49  2  0	
 3  0      0 5016516  52284 1247252    0    0     0     0 11988 19575 36 13 51  0  0	
 1  0      0 5016632  52284 1247260    0    0     0     5 11385 20233 36 13 51  0  0	
 2  0      0 5016508  52284 1247264    0    0     0     4 11294 19649 35 12 53  0  0	
 3  0      0 5016756  52284 1247276    0    0     0     5 11829 19381 36 15 47  2  0	
 0  0      0 5016772  52284 1247284    0    0     0    14 11252 19506 36 11 52  0  0	
 6  0      0 5016648  52284 1247296    0    0     0     6 11342 20278 36 13 51  0  0	
 1  0      0 5016780  52284 1247308    0    0     0     6 11984 19519 36 13 52  0  0	
 4  0      0 5016656  52284 1247312    0    0     0     3 11165 19656 36 12 52  0  0	
 0  0      0 5016380  52284 1247324    0    0     0     4 11558 20707 40 17 44  0  0	
 3  0      0 5016320  52284 1247312    0    0     0     1 11739 19480 36 14 50  0  0	
 2  0      0 5016584  52284 1247324    0    0     0    14 11353 20189 36 11 53  0  0	
 1  0      0 5016384  52284 1247328    0    0     0     6 11191 19820 37 12 50  1  0	
procs -----------memory---------- ---swap-- -----io---- --system-- -----cpu-----
 r  b   swpd   free   buff  cache   si   so    bi    bo   in   cs us sy id wa st
 8  0      0 5016632  52284 1247336    0    0     0     6 12043 19632 37 13 51  0  0	
 1  0      0 5017004  52284 1247344    0    0     0     5 11602 20707 37 12 49  2  0	
 1  0      0 5016872  52284 1247352    0    0     0     6 11370 19888 36 12 52  0  0	
 2  0      0 5016500  52284 1247364    0    0     0    10 12044 20667 38 14 48  0  0	
 7  0      0 5016616  52284 1247372    0    0     0    16 11301 20533 37 13 50  0  0	
 1  0      0 5016748  52284 1247380    0    0     0     5 11457 20213 37 13 50  0  0	
 6  0      0 5016516  52284 1247388    0    0     0     0 11977 20207 37 14 49  0  0	
 3  0      0 5016640  52284 1247408    0    0     0     4 11438 20272 36 12 52  0  0	
12  0      0 4988448  52284 1247412    0    0     0     5 11526 20561 37 14 46  3  0	
 4  0      0 5016632  52284 1247424    0    0     0     5 12147 20650 39 15 46  0  0	
 1  0      0 5016532  52284 1247432    0    0     0    14 11363 20014 36 11 49  3  0	
 1  0      0 5016076  52284 1247444    0    0     0     8 11370 20467 39 16 45  0  0	
 0  0      0 5016464  52284 1247448    0    0     0     4 11898 20722 37 14 48  2  0	
 0  0      0 5016240  52284 1247440    0    0     0     5 11421 19988 37 12 50  0  0	
 0  0      0 5016360  52284 1247444    0    0     0     4 11566 20161 37 12 51  0  0	
 2  0      0 5016500  52284 1247456    0    0     0     0 12173 19451 37 15 48  0  0	
 6  0      0 5016516  52284 1247468    0    0     0    14 11181 19281 36 11 53  0  0	
 1  0      0 5016408  52284 1247480    0    0     0     7 11321 20034 35 12 50  4  0	
 0  0      0 5016532  52284 1247484    0    0     0     9 12249 19796 36 14 50  0  0	
 0  0      0 5016408  52284 1247504    0    0     0     4 11627 20723 37 13 50  1  0	
 5  0      0 5016160  52284 1247512    0    0     0     4 11552 20682 37 13 50  0  0	
procs -----------memory---------- ---swap-- -----io---- --system-- -----cpu-----
 r  b   swpd   free   buff  cache   si   so    bi    bo   in   cs us sy id wa st
 1  0      0 5016416  52284 1247524    0    0     0     8 12206 20591 38 16 47  0  0	
 2  0      0 5016284  52284 1247532    0    0     0    14 11533 20381 36 11 53  0  0	
 4  0      0 5016532  52284 1247540    0    0     0     1 11517 20478 35 12 50  2  0	
 3  0      0 5016532  52284 1247544    0    0     0     4 12112 19961 38 14 48  0  0	
 2  0      0 5016416  52284 1247552    0    0     0     4 11216 20296 36 12 49  2  0	
 2  0      0 5016292  52284 1247560    0    0     0     8 11089 20433 38 15 48  0  0	
 1  0      0 5016156  52284 1247572    0    0     0     5 12156 20531 40 18 42  0  0	
 0  0      0 5015924  52284 1247556    0    0     0    15 11428 20058 36 12 52  0  0	
 0  0      0 5016252  52284 1247572    0    0     0     6 11549 20590 36 13 51  1  0	
 3  0      0 5016284  52284 1247576    0    0     0     0 12159 20395 38 15 47  0  0	
 6  0      0 5016540  52284 1247596    0    0     0     5 11298 19577 36 12 52  0  0	
 1  0      0 5016524  52284 1247604    0    0     0     7 11253 20048 36 13 49  2  0	
 8  0      0 5016524  52284 1247620    0    0     0     5 12197 19771 36 15 49  0  0	
 4  0      0 5016408  52284 1247624    0    0     0    17 11248 19523 36 11 52  0  0	
 3  0      0 5016292  52284 1247632    0    0     0     8 11244 20329 36 12 52  0  0	
 5  0      0 5016416  52284 1247644    0    0     0     5 12225 20630 38 15 47  1  0	
 1  0      0 5016292  52284 1247648    0    0     0     4 11545 20326 36 13 51  0  0	
 0  0      0 5016168  52284 1247656    0    0     0     3 11304 19579 35 12 52  1  0	
 1  0      0 5016292  52284 1247668    0    0     0     4 11814 19790 35 15 50  0  0	
 2  0      0 5016168  52284 1247676    0    0     0    17 11476 19910 35 11 51  2  0	
 1  0      0 5016424  52284 1247688    0    0     0     5 11514 21095 37 12 51  0  0	
procs -----------memory---------- ---swap-- -----io---- --system-- -----cpu-----
 r  b   swpd   free   buff  cache   si   so    bi    bo   in   cs us sy id wa st
 2  0      0 5016176  52284 1247696    0    0     0     8 11822 20006 37 14 49  0  0	
 1  0      0 5015784  52284 1247700    0    0     0     4 11144 19944 37 15 47  1  0	
 1  0      0 5016568  52284 1247692    0    0     0     1 11481 20624 38 12 50  0  0	
 2  0      0 5016468  52284 1247704    0    0     0     8 11802 19526 36 15 48  0  0	
 4  0      0 5016484  52284 1247712    0    0     0    14 11417 19762 36 11 52  0  0	
 2  0      0 5016144  52284 1247716    0    0     0     6 11695 21121 38 13 47  3  0	
 2  0      0 5016136  52284 1247728    0    0     0     5 12047 20101 37 14 48  0  0	
 0  0      0 5016260  52284 1247732    0    0     0     5 11254 19771 36 11 51  2  0	
 0  0      0 5016260  52284 1247740    0    0     0     8 11215 19377 35 11 54  0  0	
 2  0      0 5016012  52284 1247756    0    0     0     5 11764 19974 36 14 50  0  0	
 3  0      0 5016012  52284 1247764    0    0     0    14 11445 19578 36 11 53  0  0	
 1  0      0 5016128  52284 1247768    0    0     0     4 11590 20566 37 12 51  0  0	
 3  0      0 5016376  52284 1247780    0    0     0     1 11940 20298 37 14 48  0  0	
 1  0      0 5016012  52284 1247800    0    0     0     6 11476 19923 36 12 51  1  0	
 2  0      0 5016376  52284 1247808    0    0     0     4 11357 20008 36 13 51  0  0	
 1  0      0 5015864  52284 1247812    0    0     0     8 11828 20719 38 16 46  0  0	
 0  0      0 5015580  52284 1247828    0    0     0    16 11552 20248 39 15 44  2  0	
 0  0      0 5015976  52284 1247832    0    0     0     5 11682 20724 37 13 50  0  0	
 3  0      0 5015800  52284 1247820    0    0     0     6 11672 19096 36 14 50  0  0	
 2  0      0 5015956  52284 1247828    0    0     0     0 11559 20168 37 12 51  0  0	
 2  0      0 5016004  52284 1247832    0    0     0     5 11547 20331 37 12 49  3  0	
procs -----------memory---------- ---swap-- -----io---- --system-- -----cpu-----
 r  b   swpd   free   buff  cache   si   so    bi    bo   in   cs us sy id wa st
13  0      0 4990016  52284 1247844    0    0     0     4 11551 20016 36 13 51  0  0	
 2  0      0 5016128  52284 1247852    0    0     0    14 11951 20346 37 16 47  0  0	
 7  0      0 5016152  52284 1247860    0    0     0    10 11357 19582 35 11 54  0  0	
 5  0      0 5016152  52284 1247868    0    0     0     5 11467 20112 37 12 50  0  0	
 2  0      0 5016028  52284 1247892    0    0     0     5 12015 19997 38 13 50  0  0	
 2  0      0 5015896  52284 1247896    0    0     0     4 11484 20285 37 12 51  0  0	
 0  0      0 5014948  52284 1247912    0    0     0     4 11626 20470 37 13 50  0  0	
 1  0      0 5015692  52284 1247920    0    0     0     9 12319 19892 38 15 44  4  0	
 2  0      0 5016120  52284 1247928    0    0     0     6 11231 19565 36 11 53  0  0	
 0  1      0 5016136  52284 1247932    0    0     0     5 11402 19797 35 13 52  1  0	
 2  0      0 5014832  52284 1247940    0    0     0     6 12129 20253 39 14 45  2  0	
 2  0      0 5015768  52284 1247948    0    0     0     7 11350 20131 38 15 47  0  0	
 1  0      0 5015776  52284 1247940    0    0     0     4 11404 19466 35 13 51  0  0	
 3  0      0 5015972  52284 1247944    0    0     0     8 11490 19711 36 14 51  0  0	
 1  0      0 5016136  52284 1247956    0    0     0     7 11179 19124 34 11 52  3  0	
 5  0      0 5015772  52284 1247964    0    0     0     6 11392 20361 37 13 50  0  0	
 6  0      0 5016144  52284 1247984    0    0     0     6 11978 19355 35 13 50  1  0	
 1  0      0 5015772  52284 1247996    0    0     0     9 11308 20125 35 12 53  0  0	
 0  0      0 5016144  52284 1248008    0    0     0     7 11449 20201 36 13 50  0  0	
 4  0      0 5015780  52284 1248012    0    0     0    16 12206 20280 37 15 48  0  0	
 1  0      0 5015780  52284 1248024    0    0     0     6 11259 19923 36 12 51  1  0	
procs -----------memory---------- ---swap-- -----io---- --system-- -----cpu-----
 r  b   swpd   free   buff  cache   si   so    bi    bo   in   cs us sy id wa st
 0  0      0 5015912  52284 1248032    0    0     0     1 11208 20386 37 13 50  0  0	
 3  0      0 5015788  52284 1248040    0    0     0     4 11666 18576 34 13 50  3  0	
 2  0      0 5015796  52284 1248052    0    0     0     4 11413 20328 36 12 52  0  0	
 7  0      0 5016044  52284 1248060    0    0     0     5 11432 19753 36 12 52  0  0	
 1  0      0 5015920  52284 1248068    0    0     0    18 11800 19762 37 14 47  2  0	
 2  0      0 5015520  52284 1248080    0    0     0     5 11413 20173 38 15 47  0  0	
 6  0      0 5015644  52284 1248072    0    0     0     5 11640 21320 39 13 48  0  0	
 2  0      0 5015964  52284 1248088    0    0     0     0 12104 19709 34 14 51  0  0	
 1  0      0 5015756  52284 1248096    0    0     0     5 11395 20198 37 12 50  1  0	
 2  0      0 5014616  52284 1248108    0    0     0     7 11512 19946 37 14 50  0  0	
 5  0      0 5016020  52284 1248116    0    0     0    15 12455 20679 37 14 46  2  0	
 2  0      0 5016036  52284 1248120    0    0     0     8 11088 19637 35 11 54  0  0	
 1  0      0 5015788  52284 1248132    0    0     0     0 11398 20008 36 12 52  0  0	
 2  0      0 5016036  52284 1248136    0    0     0     6 12002 19832 36 14 49  0  0	
 0  0      0 5015912  52284 1248144    0    0     0     5 11291 19967 36 12 51  1  0	
 1  0      0 5015788  52284 1248156    0    0     0     4 11248 19952 35 13 52  0  0	
 0  1      0 5016036  52284 1248164    0    0     0    15 11787 19617 36 15 47  1  0	
 0  0      0 5015912  52284 1248168    0    0     0     5 11364 19591 35 11 53  1  0	
 2  0      0 5015788  52284 1248180    0    0     0     7 11364 19779 37 13 50  0  0	
 0  0      0 5015664  52284 1248188    0    0     0     0 11843 19479 36 13 51  0  0	
 3  0      0 5015272  52284 1248204    0    0     0     4 11248 19950 38 15 46  0  0	
procs -----------memory---------- ---swap-- -----io---- --system-- -----cpu-----
 r  b   swpd   free   buff  cache   si   so    bi    bo   in   cs us sy id wa st
 0  0      0 5015544  52284 1248188    0    0     0     3 11598 20782 37 14 49  0  0	
 0  0      0 5015436  52284 1248200    0    0     0    14 12125 20770 37 14 49  0  0	
 1  0      0 5015632  52284 1248204    0    0     0     7 11324 19739 35 11 52  2  0	
 1  0      0 5015508  52284 1248212    0    0     0     7 11497 20306 36 13 50  0  0	
 0  0      0 5015772  52284 1248220    0    0     0     7 12204 19690 36 14 47  2  0	
 0  0      0 5015516  52284 1248228    0    0     0     0 11356 19732 35 11 53  0  0	
 5  0      0 5015640  52284 1248236    0    0     0     5 11448 19959 36 12 52  0  0	
 2  0      0 5015904  52284 1248248    0    0     0    13 11991 20223 38 15 48  0  0	
 4  0      0 5015780  52284 1248252    0    0     0     7 11239 19654 35 12 53  0  0	
 0  0      0 5015656  52284 1248264    0    0     0     5 11308 19846 36 13 51  0  0	
 1  1      0 5015532  52284 1248284    0    0     0     4 12034 20486 36 13 49  1  0	
 0  0      0 5015532  52284 1248288    0    0     0     6 11618 20636 38 13 48  1  0	
 1  0      0 5015896  52284 1248300    0    0     0     5 11583 20897 37 14 49  0  0	
 1  0      0 5015648  52284 1248308    0    0     0     9 11969 19523 36 14 50  0  0	
 5  0      0 5012636  52284 1248316    0    0     0     7 11526 20081 38 13 49  0  0	
 9  0      0 5015624  52284 1248320    0    0     0     7 11767 20936 38 15 47  0  0	
 0  0      0 5015608  52284 1248312    0    0     0     5 12341 20943 38 14 47  0  0	
 0  0      0 5015516  52284 1248324    0    0     0     5 11582 19930 36 13 49  2  0	
 1  0      0 5015268  52284 1248336    0    0     0     6 11427 19622 34 12 53  0  0	
 3  0      0 5015376  52284 1248344    0    0     0    14 12278 20932 38 17 45  0  0	
 0  0      0 5015500  52284 1248356    0    0     0     0 11669 19976 38 11 51  0  0	
procs -----------memory---------- ---swap-- -----io---- --system-- -----cpu-----
 r  b   swpd   free   buff  cache   si   so    bi    bo   in   cs us sy id wa st
 0  0      0 5015416  52284 1248364    0    0     0     3 11609 20805 38 13 48  0  0	
 2  0      0 5015168  52284 1248384    0    0     0     4 11779 19422 36 13 51  0  0	
 3  0      0 5015416  52284 1248392    0    0     0     6 11770 20822 37 13 49  1  0	
 1  0      0 5015368  52284 1248404    0    0     0     6 11650 20132 35 14 51  0  0	
 0  0      0 5015376  52284 1248408    0    0     0    16 12029 20866 37 14 47  2  0	
 3  0      0 5015656  52284 1248420    0    0     0     8 11464 19986 36 12 52  0  0	
 4  0      0 5015672  52284 1248424    0    0     0     4 11589 20341 37 13 48  2  0	
 0  0      0 5015168  52284 1248432    0    0     0     8 11750 20038 37 14 50  0  0	
 1  0      0 5015284  52284 1248440    0    0     0     0 11561 20015 38 12 50  0  0	
 4  0      0 5014976  52284 1248448    0    0     0     5 11460 20422 39 15 46  0  0	
 5  0      0 5014976  52284 1248436    0    0     0    12 11687 19688 36 15 49  0  0	
 2  0      0 5015444  52284 1248444    0    0     0     7 11812 20540 38 12 47  3  0	
 0  0      0 5015228  52284 1248452    0    0     0     7 11454 20054 37 13 50  0  0	
 0  0      0 5015268  52284 1248476    0    0     0     8 11527 20055 37 12 50  1  0	
 2  0      0 5015640  52284 1248484    0    0     0     7 11956 20277 38 15 47  0  0	
 1  0      0 5015656  52284 1248500    0    0     0     6 11624 20111 37 13 49  0  0	
 0  0      0 5015640  52284 1248504    0    0     0    10 11455 20679 38 13 50  0  0	
 3  0      0 5015408  52284 1248508    0    0     0     7 12016 20347 36 13 49  2  0	
 0  0      0 5015284  52284 1248520    0    0     0     4 11365 19553 36 13 51  0  0	
 2  0      0 5015424  52284 1248524    0    0     0     5 11299 19702 37 11 49  2  0	
 1  0      0 5015284  52284 1248532    0    0     0     7 12521 20632 38 15 47  0  0	
procs -----------memory---------- ---swap-- -----io---- --system-- -----cpu-----
 r  b   swpd   free   buff  cache   si   so    bi    bo   in   cs us sy id wa st
 1  0      0 5015176  52284 1248544    0    0     0     6 11471 20605 36 13 51  0  0	
 3  0      0 5015160  52284 1248552    0    0     0    15 11350 19208 35 12 53  0  0	
 1  0      0 5015424  52284 1248556    0    0     0     5 12119 19771 36 15 49  0  0	
 3  0      0 5013268  52284 1248564    0    0     0     4 11655 20358 39 13 48  0  0	
 0  0      0 5014932  52284 1248576    0    0     0     5 11461 20328 37 15 47  0  0	
 8  0      0 5015204  52284 1248568    0    0     0     4 12304 20621 38 14 47  1  0	
 0  0      0 5015252  52284 1248580    0    0     0     3 11668 20587 38 13 49  0  0	
 0  0      0 5015492  52284 1248588    0    0     0    15 11341 20041 36 12 52  0  0	
 1  0      0 5015252  52284 1248592    0    0     0     8 12181 20613 38 14 48  0  0	
 1  0      0 5015524  52284 1248600    0    0     0     5 11240 19705 35 12 51  2  0	
 0  0      0 5015276  52284 1248612    0    0     0     5 11463 20710 37 12 51  0  0	
 9  0      0 5015524  52284 1248620    0    0     0     3 12179 19934 37 14 48  1  0	
 3  0      0 5015152  52284 1248628    0    0     0     4 11483 19302 35 13 52  0  0	
 0  0      0 5015276  52284 1248640    0    0     0    18 11743 20660 38 12 47  2  0	
 2  0      0 5014904  52284 1248644    0    0     0     0 12223 20827 36 15 49  0  0	
 3  0      0 5015028  52284 1248648    0    0     0     5 11680 20424 38 13 50  0  0	
 0  0      0 5015400  52284 1248676    0    0     0     4 11298 19905 35 12 52  0  0	
