procs -----------memory---------- ---swap-- -----io---- --system-- -----cpu-----
 r  b   swpd   free   buff  cache   si   so    bi    bo   in   cs us sy id wa st
 3  0      0 4481224  52384 1730676    0    0     0     1    8    6 33 14 53  1  0	
 3  0      0 4478172  52384 1730712    0    0     0    11 13074 23139 44 24 31  1  0	
 9  0      0 4478240  52384 1730724    0    0     0    12 12684 23115 42 17 40  1  0	
 0  0      0 4478132  52384 1730732    0    0     0     3 12741 22520 40 18 41  1  0	
 0  0      0 4478256  52384 1730740    0    0     0     0 13537 22883 41 18 41  0  0	
 2  0      0 4478264  52384 1730744    0    0     0     3 12886 23028 42 17 38  2  0	
 1  0      0 4478140  52384 1730756    0    0     0     4 12593 22112 38 16 46  0  0	
 3  0      0 4478248  52384 1730768    0    0     0    20 13379 22643 41 20 39  0  0	
 2  0      0 4478000  52384 1730776    0    0     0     9 12999 23183 42 18 38  1  0	
 5  0      0 4478024  52384 1730780    0    0     0    10 12589 22829 41 16 41  2  0	
 3  0      0 4478396  52384 1730792    0    0     0     5 13073 22559 42 18 40  1  0	
 8  0      0 4478452  52384 1730800    0    0     0     7 12597 22133 39 15 44  1  0	
 4  0      0 4478376  52384 1730808    0    0     0     1 12931 23253 40 17 43  0  0	
 2  0      0 4478508  52384 1730820    0    0     0    18 13450 22705 42 19 35  4  0	
 3  0      0 4478640  52384 1730824    0    0     0    10 12661 22299 40 15 43  2  0	
 4  0      0 4478524  52384 1730832    0    0     0     5 12873 23021 41 17 42  1  0	
 2  0      0 4478772  52384 1730840    0    0     0     6 13438 22582 42 18 39  2  0	
 1  0      0 4478008  52384 1730852    0    0     0    10 12557 22479 41 19 39  1  0	
 2  0      0 4478180  52384 1730860    0    0     0     5 12418 21502 39 16 45  1  0	
 1  0      0 4478196  52384 1730868    0    0     0    11 13333 23508 41 18 41  0  0	
 1  0      0 4478524  52384 1730876    0    0     0     9 12705 22459 40 15 41  3  0	
procs -----------memory---------- ---swap-- -----io---- --system-- -----cpu-----
 r  b   swpd   free   buff  cache   si   so    bi    bo   in   cs us sy id wa st
 1  0      0 4478532  52384 1730884    0    0     0     7 12829 22599 39 16 43  1  0	
 0  0      0 4478284  52384 1730892    0    0     0     6 13131 21527 40 17 42  2  0	
 3  0      0 4478408  52384 1730904    0    0     0     6 12846 22335 39 15 46  0  0	
 0  0      0 4478284  52384 1730908    0    0     0    13 12684 22363 39 16 42  3  0	
 6  0      0 4478012  52384 1730916    0    0     0    18 13287 23292 40 19 38  3  0	
 2  0      0 4478408  52384 1730928    0    0     0     6 13104 23516 41 16 40  2  0	
 1  0      0 4478052  52384 1730936    0    0     0     2 12622 22856 41 16 43  0  0	
 2  0      0 4478308  52384 1730940    0    0     0     6 12969 22789 41 17 42  1  0	
 0  0      0 4478564  52384 1730948    0    0     0     5 13063 22501 39 16 44  1  0	
 1  0      0 4478564  52384 1730956    0    0     0     6 12630 21934 38 16 43  3  0	
 0  0      0 4478052  52384 1730960    0    0     0    15 13513 22730 41 18 38  2  0	
 4  0      0 4477924  52384 1730976    0    0     0    10 12806 22018 43 18 38  1  0	
 4  0      0 4478080  52384 1730976    0    0     0     6 12896 22849 40 16 43  1  0	
 2  0      0 4477848  52384 1730984    0    0     0     1 12958 22360 39 17 44  0  0	
 7  0      0 4478004  52384 1730996    0    0     0     5 13083 22596 41 16 43  0  0	
 5  1      0 4478268  52384 1731008    0    0     0     7 12646 22240 38 15 45  2  0	
 4  0      0 4477640  52384 1731012    0    0     0    17 12659 22886 39 17 41  3  0	
 2  0      0 4478408  52384 1731020    0    0     0     7 13469 22511 41 16 41  1  0	
 1  0      0 4478284  52384 1731028    0    0     0     9 12923 22717 41 16 42  1  0	
 4  0      0 4478332  52384 1731036    0    0     0     6 12770 23240 41 16 43  1  0	
 1  0      0 4478332  52384 1731044    0    0     0     7 13424 22720 42 17 39  2  0	
procs -----------memory---------- ---swap-- -----io---- --system-- -----cpu-----
 r  b   swpd   free   buff  cache   si   so    bi    bo   in   cs us sy id wa st
 1  1      0 4478456  52384 1731052    0    0     0     4 12836 22532 41 15 44  0  0	
 6  1      0 4478332  52384 1731060    0    0     0    18 12585 22423 38 16 45  1  0	
 5  0      0 4478208  52384 1731068    0    0     0     5 15008 25239 41 17 39  3  0	
 6  0      0 4478084  52384 1731076    0    0     0     0 12715 22502 39 16 42  2  0	
14  0      0 4430608  52384 1731084    0    0     0     5 13201 22381 40 16 44  0  0	
 8  0      0 4474560  52384 1731100    0    0     0     8 13630 23551 44 19 35  2  0	
 1  0      0 4478236  52384 1731108    0    0     0    10 12761 23002 42 18 39  2  0	
 3  0      0 4478524  52384 1731112    0    0     0    18 12623 23180 41 16 39  3  0	
 0  0      0 4477888  52384 1731120    0    0     0     8 13397 22152 40 17 40  2  0	
 5  0      0 4478036  52384 1731128    0    0     0     6 12625 22671 39 17 43  2  0	
 3  0      0 4477928  52384 1731140    0    0     0     0 12591 21962 38 15 47  0  0	
 2  0      0 4478184  52384 1731144    0    0     0     6 13399 22905 41 17 40  1  0	
 4  0      0 4478184  52384 1731152    0    0     0    13 12797 22442 41 16 42  1  0	
 2  0      0 4478060  52384 1731160    0    0     0    16 12886 22804 40 15 42  2  0	
 3  0      0 4478308  52384 1731168    0    0     0     7 13272 22332 40 16 41  2  0	
 7  1      0 4478060  52384 1731172    0    0     0     5 12905 22965 40 17 42  2  0	
 0  0      0 4478060  52384 1731184    0    0     0     1 12973 22835 39 15 45  0  0	
 0  0      0 4478184  52384 1731196    0    0     0     5 13343 22291 41 18 40  1  0	
 6  0      0 4478252  52384 1731204    0    0     0     9 12568 21903 41 18 39  3  0	
 1  0      0 4478336  52384 1731212    0    0     0    17 12908 24286 44 19 37  1  0	
 1  0      0 4477864  52384 1731216    0    0     0    11 13519 22157 39 17 40  3  0	
procs -----------memory---------- ---swap-- -----io---- --system-- -----cpu-----
 r  b   swpd   free   buff  cache   si   so    bi    bo   in   cs us sy id wa st
 1  0      0 4477644  52384 1731228    0    0     0     6 12776 22458 42 20 38  1  0	
 4  0      0 4477840  52384 1731236    0    0     0     5 12485 21382 38 14 45  2  0	
 1  0      0 4477724  52384 1731244    0    0     0     1 13403 22568 40 17 42  0  0	
 3  0      0 4477980  52384 1731248    0    0     0     9 12555 21726 39 16 45  1  0	
 6  0      0 4477896  52384 1731260    0    0     0    16 12876 23282 41 16 41  2  0	
 1  0      0 4478020  52384 1731264    0    0     0     7 13279 22545 39 17 41  2  0	
 0  0      0 4477920  52384 1731272    0    0     0    10 12878 23008 42 16 41  1  0	
 2  0      0 4478036  52384 1731284    0    0     0     5 12647 22055 39 15 43  3  0	
 7  0      0 4477912  52384 1731296    0    0     0     6 13259 22791 41 18 41  0  0	
 2  1      0 4478160  52384 1731300    0    0     0     7 13056 22964 41 17 40  2  0	
 4  0      0 4478112  52388 1731308    0    0     0    10 13459 24085 40 16 42  1  0	
10  0      0 4477980  52388 1731316    0    0     0    10 13445 23582 42 17 39  2  0	
 0  0      0 4478136  52388 1731320    0    0     0     6 12763 22383 41 17 42  1  0	
 0  0      0 4478144  52388 1731328    0    0     0    10 12854 22386 40 15 45  1  0	
 6  0      0 4477896  52388 1731336    0    0     0     6 13610 22567 41 18 40  1  0	
 7  0      0 4474808  52388 1731348    0    0     0     0 12627 22125 41 18 40  1  0	
 1  0      0 4477880  52388 1731356    0    0     0    14 12933 23036 43 18 39  0  0	
 3  0      0 4476600  52388 1731364    0    0     0    10 13659 22173 42 18 40  1  0	
 4  0      0 4477740  52388 1731368    0    0     0     6 12684 22285 40 17 42  1  0	
 3  1      0 4477764  52388 1731376    0    0     0     6 12827 22652 40 16 43  1  0	
 1  0      0 4478144  52388 1731388    0    0     0    11 13429 22466 40 17 39  3  0	
procs -----------memory---------- ---swap-- -----io---- --system-- -----cpu-----
 r  b   swpd   free   buff  cache   si   so    bi    bo   in   cs us sy id wa st
 2  1      0 4478020  52388 1731396    0    0     0     7 13051 23397 42 16 42  0  0	
 3  0      0 4478500  52388 1731404    0    0     0    17 14051 25019 41 16 40  4  0	
 2  1      0 4477632  52388 1731420    0    0     0     6 13781 23440 43 17 40  0  0	
 3  0      0 4477880  52388 1731424    0    0     0     1 13601 24432 40 17 42  1  0	
 8  0      0 4478044  52388 1731436    0    0     0     5 12946 22579 40 15 44  1  0	
 3  0      0 4478052  52388 1731444    0    0     0     7 13328 22910 40 19 37  4  0	
 2  0      0 4477928  52388 1731452    0    0     0    10 12651 21911 40 16 44  1  0	
 1  0      0 4478176  52388 1731456    0    0     0    17 12643 22377 40 16 41  3  0	
 1  0      0 4477928  52388 1731464    0    0     0     0 13067 22631 41 17 42  0  0	
 6  0      0 4477680  52388 1731472    0    0     0     5 12955 22932 41 16 42  2  0	
 4  0      0 4477684  52388 1731484    0    0     0     8 12869 23614 43 18 37  1  0	
 4  0      0 4477880  52388 1731492    0    0     0     6 13362 22317 41 17 41  1  0	
 3  0      0 4477872  52388 1731500    0    0     0    10 12956 23126 41 17 39  3  0	
 0  0      0 4477508  52388 1731508    0    0     0    20 12666 23053 41 15 39  5  0	
 2  0      0 4477632  52388 1731516    0    0     0     6 13655 23282 42 19 37  2  0	
 4  1      0 4477624  52388 1731524    0    0     0     0 12507 22368 40 16 43  1  0	
 4  0      0 4477772  52388 1731528    0    0     0     5 12697 22418 40 15 44  2  0	
 1  0      0 4477904  52388 1731536    0    0     0     5 13612 23383 41 18 40  1  0	
 1  0      0 4477532  52388 1731544    0    0     0    11 12856 22711 41 16 42  1  0	
 2  0      0 4477408  52388 1731552    0    0     0    17 12785 22583 38 16 45  1  0	
 1  0      0 4477788  52388 1731556    0    0     0    11 13565 22969 41 18 38  3  0	
procs -----------memory---------- ---swap-- -----io---- --system-- -----cpu-----
 r  b   swpd   free   buff  cache   si   so    bi    bo   in   cs us sy id wa st
 1  0      0 4477788  52388 1731564    0    0     0     6 12770 22097 39 16 44  1  0	
 0  0      0 4477788  52388 1731576    0    0     0     6 12843 22097 38 15 42  5  0	
 0  0      0 4477664  52388 1731584    0    0     0     8 13354 22652 40 18 40  3  0	
 7  0      0 4477664  52388 1731596    0    0     0     1 12805 22774 42 16 41  1  0	
 0  0      0 4477436  52388 1731604    0    0     0    17 12509 22865 43 20 36  2  0	
 1  0      0 4477608  52388 1731612    0    0     0     8 13224 23010 42 18 39  1  0	
 1  0      0 4477460  52388 1731620    0    0     0     9 12865 22947 40 16 43  2  0	
 2  0      0 4477492  52388 1731628    0    0     0     5 12820 22696 41 15 41  3  0	
 1  0      0 4477896  52388 1731632    0    0     0     8 13421 23278 41 18 41  1  0	
 1  1      0 4477772  52388 1731640    0    0     0     6 13126 22925 40 16 43  1  0	
 8  1      0 4477648  52388 1731648    0    0     0    18 12662 22437 39 16 44  2  0	
 1  0      0 4477664  52388 1731656    0    0     0     2 13550 23257 41 17 42  1  0	
 0  0      0 4477532  52388 1731660    0    0     0     5 12455 22349 40 16 44  1  0	
 0  0      0 4477408  52388 1731668    0    0     0    11 12607 22629 39 16 44  2  0	
 6  0      0 4477408  52388 1731680    0    0     0     6 13092 22528 40 17 40  3  0	
 3  0      0 4477508  52388 1731688    0    0     0    10 12456 22207 40 18 40  2  0	
 0  0      0 4477392  52388 1731696    0    0     0    17 12776 22570 40 16 40  4  0	
 4  0      0 4477764  52388 1731700    0    0     0     9 13588 23543 41 19 39  1  0	
 2  0      0 4477500  52388 1731712    0    0     0     1 12864 22357 39 16 43  2  0	
 1  0      0 4477032  52388 1731724    0    0     0     6 12929 23152 43 19 37  1  0	
 3  0      0 4477436  52388 1731732    0    0     0     4 13743 23003 43 18 38  1  0	
procs -----------memory---------- ---swap-- -----io---- --system-- -----cpu-----
 r  b   swpd   free   buff  cache   si   so    bi    bo   in   cs us sy id wa st
 0  0      0 4477228  52388 1731736    0    0     0    13 12584 22493 40 16 41  3  0	
 1  0      0 4477336  52388 1731748    0    0     0    17 12885 22681 40 17 39  4  0	
 2  0      0 4477408  52388 1731752    0    0     0     6 13072 22142 39 16 43  2  0	
 1  0      0 4477756  52388 1731760    0    0     0     5 12760 21856 40 16 43  1  0	
 3  0      0 4477540  52388 1731772    0    0     0     8 12806 22620 40 15 45  0  0	
 0  0      0 4477672  52388 1731776    0    0     0     0 13210 22350 42 17 41  0  0	
 3  0      0 4477440  52388 1731788    0    0     0     9 12898 22546 39 16 41  3  0	
 1  0      0 4477276  52388 1731796    0    0     0    21 12746 22822 40 17 39  4  0	
 2  0      0 4477316  52388 1731804    0    0     0     8 13535 22991 42 18 39  1  0	
 4  0      0 4476920  52388 1731808    0    0     0     5 12835 21986 40 16 44  1  0	
 5  0      0 4477440  52388 1731816    0    0     0     2 12791 23380 40 15 43  1  0	
 2  0      0 4477464  52388 1731824    0    0     0     7 12529 21188 38 16 45  1  0	
 6  0      0 4477704  52388 1731832    0    0     0     6 13043 23131 41 17 40  2  0	
 2  0      0 4477340  52388 1731840    0    0     0    15 12878 23003 41 16 41  2  0	
 4  0      0 4477072  52388 1731852    0    0     0     8 13299 22472 42 21 35  2  0	
 0  0      0 4477244  52388 1731860    0    0     0     9 12718 21996 40 16 42  2  0	
 2  0      0 4477360  52388 1731868    0    0     0     5 12959 23583 40 16 41  3  0	
11  0      0 4477028  52388 1731876    0    0     0     1 13197 22678 42 17 41  0  0	
 3  0      0 4477424  52388 1731884    0    0     0     7 12909 22270 43 17 39  2  0	
 0  0      0 4477324  52388 1731892    0    0     0    15 12647 22393 40 15 43  2  0	
20  0      0 4453320  52388 1731900    0    0     0     7 12525 23021 40 17 42  1  0	
procs -----------memory---------- ---swap-- -----io---- --system-- -----cpu-----
 r  b   swpd   free   buff  cache   si   so    bi    bo   in   cs us sy id wa st
 0  0      0 4477340  52388 1731908    0    0     0     8 13294 22683 41 17 41  1  0	
 5  0      0 4477464  52388 1731912    0    0     0    10 12795 22715 40 16 39  5  0	
 8  0      0 4477588  52388 1731924    0    0     0     5 12559 21904 38 14 46  1  0	
 2  0      0 4477092  52388 1731928    0    0     0     8 13324 22850 41 19 39  1  0	
 1  0      0 4477092  52388 1731936    0    0     0     9 12670 22156 40 15 45  0  0	
 1  0      0 4477464  52388 1731944    0    0     0     9 12996 23246 40 16 42  3  0	
 3  0      0 4477340  52388 1731952    0    0     0     6 13168 22020 40 17 42  1  0	
 2  1      0 4477464  52388 1731956    0    0     0     6 12915 23288 41 15 42  1  0	
 2  0      0 4475816  52388 1731968    0    0     0    10 12605 22218 42 17 38  3  0	
 0  0      0 4477196  52388 1731980    0    0     0    13 13169 22258 41 19 37  3  0	
 4  0      0 4477252  52388 1731984    0    0     0    15 12556 21712 39 15 43  3  0	
 3  0      0 4477540  52388 1731996    0    0     0     0 12929 23419 41 16 43  0  0	
 3  0      0 4477316  52388 1732004    0    0     0     7 13499 22465 40 18 40  2  0	
 3  0      0 4477316  52388 1732012    0    0     0     6 12775 22615 39 15 44  1  0	
 3  0      0 4477572  52388 1732020    0    0     0     5 12657 22490 40 15 43  1  0	
 0  0      0 4477332  52388 1732024    0    0     0    10 12825 21567 40 18 41  0  0	
 3  0      0 4477208  52388 1732032    0    0     0    14 12751 22287 40 15 41  4  0	
 3  0      0 4477332  52388 1732040    0    0     0     7 12844 22935 40 15 44  1  0	
 3  0      0 4477208  52388 1732048    0    0     0     5 13230 22067 39 18 42  1  0	
 0  0      0 4477084  52388 1732052    0    0     0     6 12773 22620 39 16 44  1  0	
 0  0      0 4477208  52388 1732060    0    0     0    10 12853 22523 40 15 43  2  0	
procs -----------memory---------- ---swap-- -----io---- --system-- -----cpu-----
 r  b   swpd   free   buff  cache   si   so    bi    bo   in   cs us sy id wa st
 3  0      0 4477340  52388 1732072    0    0     0    10 13194 22464 40 18 38  3  0	
 3  0      0 4477192  52388 1732076    0    0     0    18 12910 22696 40 15 41  3  0	
 2  0      0 4477856  52388 1732084    0    0     0    10 12322 22156 39 16 44  1  0	
 1  1      0 4476792  52388 1732096    0    0     0     6 13488 23387 43 22 33  2  0	
 3  0      0 4477172  52388 1732104    0    0     0     0 12743 23277 41 15 43  1  0	
 2  0      0 4476740  52388 1732112    0    0     0     6 13004 22945 42 15 42  1  0	
 0  0      0 4477268  52388 1732124    0    0     0     5 13499 23300 41 19 40  1  0	
 2  0      0 4477160  52388 1732128    0    0     0    14 12791 22651 39 15 44  1  0	
 3  0      0 4477316  52388 1732140    0    0     0     6 12761 22742 40 15 42  3  0	
 0  0      0 4477192  52388 1732148    0    0     0     8 13210 22043 40 17 44  0  0	
 2  0      0 4477192  52388 1732156    0    0     0     1 12649 22467 39 16 43  2  0	
 5  0      0 4477192  52388 1732160    0    0     0     8 12694 22548 40 15 44  0  0	
 4  0      0 4477012  52388 1732172    0    0     0    10 13404 22906 42 20 36  2  0	
 2  0      0 4476864  52388 1732180    0    0     0    17 13213 23784 40 15 43  2  0	
 3  0      0 4477160  52388 1732184    0    0     0     7 12828 22557 39 15 45  1  0	
 0  0      0 4477028  52388 1732196    0    0     0     9 13757 23066 40 20 39  0  0	
 3  0      0 4477036  52388 1732200    0    0     0    12 12781 22031 40 16 42  3  0	
 0  0      0 4477292  52388 1732208    0    0     0     0 12428 21534 39 15 46  0  0	
 3  0      0 4477292  52388 1732216    0    0     0     5 13226 22142 41 18 40  1  0	
 0  0      0 4476864  52388 1732228    0    0     0    16 12600 22710 42 18 39  1  0	
 1  1      0 4477036  52388 1732232    0    0     0     7 12803 22625 40 16 43  1  0	
procs -----------memory---------- ---swap-- -----io---- --system-- -----cpu-----
 r  b   swpd   free   buff  cache   si   so    bi    bo   in   cs us sy id wa st
 6  0      0 4476640  52388 1732240    0    0     0     6 13289 23230 41 18 40  0  0	
 1  0      0 4477044  52388 1732248    0    0     0     5 12506 21798 38 16 45  0  0	
 1  0      0 4476920  52388 1732256    0    0     0     9 12758 22411 39 15 43  2  0	
 5  0      0 4476672  52388 1732264    0    0     0    10 13000 22141 40 18 40  2  0	
 6  0      0 4476672  52388 1732272    0    0     0    16 12468 21763 38 15 44  2  0	
 1  0      0 4476796  52388 1732284    0    0     0     6 12603 22298 38 16 45  1  0	
 0  0      0 4476688  52388 1732292    0    0     0     0 13405 22320 39 19 42  0  0	
 6  0      0 4476664  52388 1732300    0    0     0     5 12759 22703 39 15 45  1  0	
 3  0      0 4476828  52388 1732304    0    0     0     5 12755 23038 40 15 43  2  0	
 6  0      0 4476440  52388 1732312    0    0     0     8 13437 22096 41 19 40  1  0	
 2  0      0 4476712  52388 1732320    0    0     0    20 13037 22848 40 16 40  4  0	
 0  0      0 4476712  52388 1732328    0    0     0     0 12787 22865 40 16 44  0  0	
 5  0      0 4476960  52388 1732332    0    0     0     5 13170 22428 41 19 39  1  0	
 4  0      0 4474088  52388 1732348    0    0     0     6 12797 22667 42 18 39  1  0	
 1  0      0 4476500  52388 1732352    0    0     0     7 12474 22390 41 17 39  3  0	
 2  0      0 4477060  52388 1732360    0    0     0     9 13326 22120 40 17 40  3  0	
 2  0      0 4476524  52388 1732372    0    0     0    23 13002 22975 41 17 37  5  0	
 0  0      0 4476572  52388 1732380    0    0     0     0 12719 22179 39 16 45  0  0	
 3  0      0 4476548  52388 1732384    0    0     0     6 13278 23393 43 19 37  2  0	
 5  0      0 4476688  52388 1732392    0    0     0     6 12911 21940 39 16 44  1  0	
 1  0      0 4476812  52388 1732400    0    0     0     5 12678 21930 38 16 45  1  0	
procs -----------memory---------- ---swap-- -----io---- --system-- -----cpu-----
 r  b   swpd   free   buff  cache   si   so    bi    bo   in   cs us sy id wa st
 3  0      0 4476572  52388 1732408    0    0     0     5 12842 22688 42 17 39  1  0	
 0  1      0 4476712  52388 1732416    0    0     0    16 12839 22970 39 16 41  3  0	
 2  0      0 4476844  52388 1732428    0    0     0    10 12984 23045 39 16 42  3  0	
 2  0      0 4476448  52388 1732432    0    0     0     5 13296 22692 40 18 41  1  0	
 4  0      0 4476588  52388 1732440    0    0     0     4 13033 22621 40 15 44  1  0	
 2  0      0 4476712  52388 1732448    0    0     0     0 12651 22835 39 15 46  0  0	
 3  0      0 4476076  52388 1732452    0    0     0     8 12905 22691 40 17 40  3  0	
 5  0      0 4476720  52388 1732464    0    0     0    18 12790 22354 41 16 42  2  0	
 1  0      0 4476204  52388 1732480    0    0     0     9 12525 22598 42 19 37  2  0	
 4  0      0 4476500  52388 1732488    0    0     0    13 12653 22759 39 17 42  2  0	
 1  0      0 4476772  52388 1732492    0    0     0     7 13077 21778 39 17 42  3  0	
 2  0      0 4476516  52388 1732504    0    0     0     6 12768 23073 40 15 44  1  0	
 1  0      0 4476416  52388 1732508    0    0     0     5 12715 22446 40 15 43  1  0	
 6  0      0 4476580  52388 1732516    0    0     0    10 13476 22050 41 17 42  0  0	
 5  0      0 4476704  52388 1732524    0    0     0     8 12753 22308 40 15 43  2  0	
 0  0      0 4476440  52388 1732532    0    0     0     6 12725 22708 39 16 43  2  0	
 7  0      0 4476704  52388 1732536    0    0     0    10 13112 22505 41 18 38  3  0	
 1  0      0 4476704  52388 1732544    0    0     0     7 12650 22394 40 16 42  2  0	
 3  1      0 4476564  52388 1732552    0    0     0     8 12700 22736 41 16 41  2  0	
 5  0      0 4476580  52388 1732564    0    0     0     9 13421 21766 39 18 42  0  0	
 0  0      0 4476580  52388 1732576    0    0     0    10 12879 22563 41 15 41  3  0	
procs -----------memory---------- ---swap-- -----io---- --system-- -----cpu-----
 r  b   swpd   free   buff  cache   si   so    bi    bo   in   cs us sy id wa st
 1  0      0 4476432  52388 1732584    0    0     0     7 12746 22864 40 17 42  1  0	
 0  0      0 4476696  52388 1732588    0    0     0     8 13371 21792 39 17 43  1  0	
 0  0      0 4476588  52388 1732596    0    0     0     6 12429 21872 40 15 43  2  0	
 1  0      0 4476180  52388 1732608    0    0     0    10 12357 22461 43 19 37  1  0	
 2  0      0 4476624  52388 1732612    0    0     0     9 13092 22297 40 18 40  2  0	
 4  0      0 4476772  52388 1732620    0    0     0    10 12765 22833 40 15 42  3  0	
 3  0      0 4476456  52388 1732628    0    0     0     6 12753 22872 41 16 42  1  0	
 0  0      0 4476728  52388 1732636    0    0     0     5 13217 22191 40 17 43  1  0	
 9  0      0 4476728  52388 1732640    0    0     0     7 12765 22451 38 15 44  3  0	
 0  0      0 4476516  52388 1732652    0    0     0     9 12542 21758 39 18 41  3  0	
 4  0      0 4476400  52388 1732660    0    0     0    20 13230 22664 39 18 37  6  0	
 5  0      0 4476712  52388 1732668    0    0     0     0 12491 21684 39 15 46  0  0	
 6  0      0 4476804  52388 1732676    0    0     0     6 12689 23097 41 18 39  2  0	
 2  0      0 4476448  52388 1732684    0    0     0     5 13288 22023 40 17 42  1  0	
 4  0      0 4476456  52388 1732688    0    0     0     6 13007 23288 40 16 43  1  0	
12  0      0 4476688  52388 1732696    0    0     0     7 12926 23348 41 16 43  1  0	
 7  1      0 4476580  52388 1732708    0    0     0    16 13443 22278 42 17 37  5  0	
 0  0      0 4476580  52388 1732712    0    0     0    11 12847 22858 40 15 43  1  0	
 5  0      0 4475940  52388 1732728    0    0     0     5 12262 22402 42 19 37  1  0	
 4  0      0 4476328  52388 1732732    0    0     0     6 13204 21579 40 16 43  1  0	
 7  0      0 4476128  52388 1732744    0    0     0    10 12788 23165 40 18 41  1  0	
procs -----------memory---------- ---swap-- -----io---- --system-- -----cpu-----
 r  b   swpd   free   buff  cache   si   so    bi    bo   in   cs us sy id wa st
 2  0      0 4476572  52388 1732752    0    0     0     9 12890 23169 41 16 40  3  0	
 8  0      0 4476448  52388 1732764    0    0     0     9 13218 22238 40 18 42  0  0	
 1  0      0 4476456  52388 1732768    0    0     0     8 12929 22752 39 15 41  4  0	
 3  0      0 4476772  52388 1732776    0    0     0    10 12834 23264 40 17 42  1  0	
 3  0      0 4476548  52388 1732784    0    0     0     7 13452 21689 39 17 42  3  0	
 0  0      0 4476300  52388 1732792    0    0     0     5 12685 22203 41 15 44  1  0	
 1  0      0 4476456  52388 1732796    0    0     0     6 12937 22727 41 15 40  3  0	
 3  0      0 4476332  52388 1732804    0    0     0    18 13570 22886 40 18 40  1  0	
 1  0      0 4476456  52388 1732812    0    0     0     8 12414 21690 39 15 44  2  0	
 3  0      0 4476332  52388 1732816    0    0     0     6 12611 22683 40 16 43  1  0	
 2  0      0 4476580  52388 1732832    0    0     0    11 13482 22338 41 17 38  3  0	
 6  0      0 4476696  52388 1732836    0    0     0     6 12784 22585 39 16 41  5  0	
 1  0      0 4476572  52388 1732844    0    0     0     9 12772 22297 40 15 43  3  0	
 0  0      0 4476120  52388 1732864    0    0     0     9 13146 22644 43 22 34  1  0	
10  0      0 4476044  52388 1732872    0    0     0     7 12748 23036 40 16 42  2  0	
 1  0      0 4476152  52388 1732876    0    0     0     5 12810 23518 40 16 44  1  0	
 0  0      0 4476184  52388 1732884    0    0     0     7 13286 23308 40 19 40  1  0	
 2  0      0 4476324  52388 1732892    0    0     0    10 12688 22178 39 15 45  1  0	
12  0      0 4476324  52388 1732900    0    0     0     5 12965 23418 43 15 41  1  0	
 0  0      0 4476060  52388 1732908    0    0     0    18 13210 22092 40 18 40  3  0	
 0  0      0 4476448  52388 1732916    0    0     0     9 12964 22897 41 15 42  1  0	
procs -----------memory---------- ---swap-- -----io---- --system-- -----cpu-----
 r  b   swpd   free   buff  cache   si   so    bi    bo   in   cs us sy id wa st
 2  0      0 4474136  52388 1732920    0    0     0     6 12714 22965 41 15 44  0  0	
 3  0      0 4474276  52388 1732928    0    0     0     1 13657 23313 41 18 38  3  0	
 1  0      0 4474252  52388 1732936    0    0     0     5 12668 22237 39 15 45  0  0	
 7  0      0 4474400  52388 1732944    0    0     0    14 12718 22523 38 15 43  3  0	
 3  0      0 4473988  52388 1732952    0    0     0    14 13417 22852 40 18 40  1  0	
 1  0      0 4473904  52388 1732964    0    0     0     9 12868 22500 40 15 41  4  0	
 0  0      0 4474136  52388 1732972    0    0     0     7 12528 22458 39 15 45  1  0	
 0  0      0 4474248  52388 1732980    0    0     0     6 13062 23305 44 22 33  0  0	
 5  0      0 4473852  52388 1732988    0    0     0     5 12724 22782 39 16 44  0  0	
 3  1      0 4474328  52388 1732996    0    0     0    10 12740 23409 41 15 44  0  0	
 6  1      0 4474376  52388 1733008    0    0     0    24 14309 24014 39 18 39  4  0	
 4  1      0 4474252  52388 1733016    0    0     0     6 13766 24783 41 15 40  4  0	
 2  0      0 4471964  52388 1733024    0    0     0     1 13736 24178 40 17 42  1  0	
 3  0      0 4472112  52388 1733028    0    0     0     6 13553 22373 41 18 38  4  0	
 1  0      0 4472112  52388 1733036    0    0     0     6 12668 22524 40 16 42  2  0	
 6  0      0 4471856  52388 1733044    0    0     0    10 12891 22881 42 16 39  4  0	
 9  0      0 4472236  52388 1733056    0    0     0    13 13107 22244 41 17 41  1  0	
 5  0      0 4472360  52388 1733064    0    0     0    10 12657 22231 39 15 42  3  0	
 2  0      0 4469932  52388 1733072    0    0     0     0 12738 22361 40 16 44  0  0	
 1  0      0 4469948  52388 1733076    0    0     0     6 13430 23455 42 19 38  2  0	
 5  0      0 4470056  52388 1733084    0    0     0     8 12766 21803 40 16 40  4  0	
procs -----------memory---------- ---swap-- -----io---- --system-- -----cpu-----
 r  b   swpd   free   buff  cache   si   so    bi    bo   in   cs us sy id wa st
 0  0      0 4470080  52388 1733092    0    0     0     6 12782 22133 39 15 45  1  0	
 1  0      0 4470204  52388 1733100    0    0     0    14 12982 22171 40 18 41  1  0	
 3  0      0 4469656  52388 1733108    0    0     0     8 12472 22361 40 18 39  2  0	
 9  0      0 4470108  52388 1733116    0    0     0     8 12286 21499 38 15 45  1  0	
 1  0      0 4469704  52388 1733136    0    0     0     1 13151 21885 39 18 44  0  0	
 5  0      0 4469380  52388 1733140    0    0     0    10 13365 22544 41 16 36  7  0	
 2  0      0 4469396  52388 1733152    0    0     0     9 12906 22012 40 17 41  2  0	
 0  0      0 4441248  52388 1733160    0    0     0    15 13797 22643 45 19 32  3  0	
12  0      0 4441272  52388 1733172    0    0     0    10 13320 21986 40 15 43  2  0	
 0  1      0 4449200  52388 1733180    0    0     0     5 12987 22195 40 16 42  1  0	
 4  0      0 4432352  52388 1733184    0    0     0    15 13715 22852 39 20 38  4  0	
 0  0      0 4432080  52388 1733192    0    0     0     8 13121 22112 39 16 44  1  0	
 1  0      0 4436328  52388 1733204    0    0     0     1 12976 22889 41 16 42  1  0	
12  0      0 4367528  52388 1733208    0    0     0    18 13707 22448 45 19 34  2  0	
 0  0      0 4379488  52388 1733216    0    0     0     8 13823 22962 44 17 36  3  0	
 3  0      0 4382216  52388 1733224    0    0     0    14 13318 22773 41 15 40  5  0	
 1  0      0 4381844  52388 1733232    0    0     0     6 13409 23585 41 17 39  3  0	
 6  0      0 4381596  52388 1733236    0    0     0    16 14051 22684 43 18 36  3  0	
 3  0      0 4381560  52388 1733252    0    0     0     1 12980 22764 43 19 38  0  0	
 2  0      0 4381484  52388 1733256    0    0     0    15 13256 23652 41 16 41  2  0	
 5  0      0 4381996  52388 1733268    0    0     0     8 13926 23142 42 19 37  2  0	
procs -----------memory---------- ---swap-- -----io---- --system-- -----cpu-----
 r  b   swpd   free   buff  cache   si   so    bi    bo   in   cs us sy id wa st
 2  0      0 4381944  52388 1733276    0    0     0     5 13061 21958 40 15 44  1  0	
 2  0      0 4382192  52388 1733284    0    0     0     6 13349 23588 41 17 40  2  0	
 3  0      0 4381944  52388 1733288    0    0     0     6 13808 22351 41 17 41  2  0	
 1  0      0 4381960  52388 1733300    0    0     0    10 12975 22565 41 16 41  3  0	
 2  0      0 4381472  52388 1733308    0    0     0     9 13028 23163 43 15 42  0  0	
 3  0      0 4381968  52388 1733312    0    0     0     6 13543 22238 40 18 41  1  0	
 2  0      0 4381968  52388 1733324    0    0     0     7 12974 21988 38 14 46  1  0	
 8  0      0 4381844  52388 1733328    0    0     0     5 13316 23046 41 16 42  1  0	
 3  0      0 4381852  52388 1733336    0    0     0     6 13683 21602 38 17 42  3  0	
 7  0      0 4382108  52388 1733344    0    0     0    12 13291 23665 41 16 39  3  0	
 5  0      0 4381720  52388 1733352    0    0     0    12 13189 22835 41 16 43  0  0	
 3  0      0 4381612  52388 1733364    0    0     0     9 13281 21676 40 17 42  1  0	
 0  0      0 4381296  52388 1733380    0    0     0     8 12668 21887 42 19 36  3  0	
 2  0      0 4381800  52388 1733384    0    0     0     6 13253 23670 41 17 40  1  0	
 2  0      0 4381476  52388 1733392    0    0     0     6 14096 22497 41 18 40  1  0	
 0  0      0 4381476  52388 1733396    0    0     0     6 13012 22332 39 16 43  2  0	
 0  0      0 4382036  52388 1733408    0    0     0    14 13210 22635 41 16 40  3  0	
 0  0      0 4381804  52388 1733412    0    0     0    10 13605 22534 40 18 39  3  0	
 2  0      0 4381820  52388 1733420    0    0     0     0 12788 22518 40 15 45  0  0	
 2  1      0 4381820  52388 1733428    0    0     0    11 13766 23479 40 16 43  1  0	
 1  0      0 4381820  52388 1733436    0    0     0     2 15203 24773 41 17 40  2  0	
procs -----------memory---------- ---swap-- -----io---- --system-- -----cpu-----
 r  b   swpd   free   buff  cache   si   so    bi    bo   in   cs us sy id wa st
 0  0      0 4381548  52388 1733444    0    0     0    10 13217 23516 41 16 40  3  0	
 3  0      0 4381820  52388 1733452    0    0     0    17 13056 23385 42 16 37  4  0	
 1  0      0 4381820  52388 1733464    0    0     0     7 13472 21925 41 17 40  2  0	
 0  0      0 4381820  52388 1733472    0    0     0    11 12870 22275 40 14 44  2  0	
 0  0      0 4382192  52388 1733476    0    0     0     6 13262 23114 42 18 38  2  0	
 3  0      0 4381820  52388 1733484    0    0     0     8 14031 22754 41 18 40  1  0	
 6  0      0 4378380  52388 1733496    0    0     0     4 12825 22193 42 18 38  2  0	
 5  0      0 4381312  52388 1733504    0    0     0    15 13192 22985 42 17 40  1  0	
 4  0      0 4381484  52388 1733512    0    0     0     7 13741 22910 41 18 39  2  0	
 2  0      0 4381532  52388 1733516    0    0     0     6 13160 22417 40 15 43  2  0	
 1  0      0 4381664  52388 1733524    0    0     0     9 13008 22471 39 16 41  3  0	
 5  0      0 4381804  52388 1733532    0    0     0     7 13674 22280 41 17 40  2  0	
 2  0      0 4381292  52388 1733540    0    0     0    10 13156 23275 40 16 42  3  0	
 2  0      0 4381688  52388 1733544    0    0     0    14 12889 21940 39 15 44  1  0	
 3  0      0 4381712  52388 1733564    0    0     0     8 13597 22497 39 18 40  3  0	
 1  0      0 4381712  52388 1733568    0    0     0     4 13070 22135 39 15 46  1  0	
 5  0      0 4382052  52388 1733576    0    0     0     0 12936 22787 41 17 40  2  0	
 2  0      0 4381680  52388 1733584    0    0     0     8 13506 21990 40 17 43  1  0	
 0  0      0 4381432  52388 1733596    0    0     0     5 12913 22141 40 16 44  1  0	
 7  0      0 4381308  52388 1733600    0    0     0    17 12879 22512 42 16 42  1  0	
 3  0      0 4381440  52388 1733608    0    0     0    10 13667 22510 40 17 40  2  0	
procs -----------memory---------- ---swap-- -----io---- --system-- -----cpu-----
 r  b   swpd   free   buff  cache   si   so    bi    bo   in   cs us sy id wa st
 2  0      0 4381440  52388 1733616    0    0     0     6 13253 22349 40 15 41  3  0	
 0  0      0 4381244  52388 1733624    0    0     0     7 13112 23892 43 20 35  2  0	
 5  0      0 4381540  52388 1733632    0    0     0    10 13804 22701 39 17 39  4  0	
 4  0      0 4381640  52388 1733640    0    0     0    14 13082 23431 42 18 38  2  0	
 1  0      0 4381392  52388 1733648    0    0     0    16 12839 22668 40 15 41  3  0	
 1  0      0 4381556  52388 1733660    0    0     0     6 13466 22170 41 18 41  1  0	
 5  0      0 4381556  52388 1733664    0    0     0     0 13125 22773 40 15 44  1  0	
 2  0      0 4382160  52388 1733672    0    0     0     5 12860 22977 41 17 41  1  0	
 2  0      0 4381308  52388 1733680    0    0     0     6 13425 22615 41 18 39  2  0	
 4  0      0 4381548  52388 1733688    0    0     0     6 13121 22843 40 16 43  1  0	
 5  0      0 4381688  52388 1733692    0    0     0    18 13271 23135 40 16 41  3  0	
 5  0      0 4381416  52388 1733700    0    0     0     0 13705 22447 41 17 42  0  0	
 5  0      0 4381564  52388 1733708    0    0     0     7 13048 22315 39 15 44  2  0	
 0  0      0 4381284  52388 1733716    0    0     0     5 13094 23027 41 17 41  1  0	
 0  0      0 4381440  52388 1733720    0    0     0     7 13418 22297 39 17 42  2  0	
 4  0      0 4381416  52388 1733736    0    0     0     9 12818 21660 37 15 44  3  0	
 0  0      0 4381476  52388 1733744    0    0     0    15 13034 23372 43 19 36  2  0	
 0  0      0 4381260  52388 1733752    0    0     0     4 13711 22570 40 18 42  0  0	
 1  0      0 4379220  52388 1733764    0    0     0     5 13561 23378 39 16 45  1  0	
 1  0      0 4379500  52388 1733772    0    0     0     5 13197 22714 39 17 43  1  0	
 1  0      0 4379268  52388 1733776    0    0     0     8 13404 22916 40 18 40  2  0	
procs -----------memory---------- ---swap-- -----io---- --system-- -----cpu-----
 r  b   swpd   free   buff  cache   si   so    bi    bo   in   cs us sy id wa st
 1  0      0 4379252  52388 1733784    0    0     0     5 13248 22723 40 16 43  1  0	
 2  0      0 4379268  52388 1733792    0    0     0    17 13292 22943 40 15 42  2  0	
 1  0      0 4379112  52388 1733796    0    0     0     6 13308 22520 40 18 39  3  0	
 1  0      0 4379516  52388 1733808    0    0     0     2 13207 22298 38 16 46  0  0	
 2  0      0 4379516  52388 1733816    0    0     0     8 13094 22052 40 15 41  3  0	
 3  0      0 4379128  52388 1733824    0    0     0     7 14118 23199 40 19 39  2  0	
 0  0      0 4379368  52388 1733832    0    0     0     9 13321 22725 41 15 41  3  0	
 2  0      0 4379640  52388 1733840    0    0     0    16 13077 23273 40 17 43  1  0	
 3  0      0 4376408  52388 1733844    0    0     0     6 13441 22831 40 18 41  2  0	
 0  0      0 4379268  52388 1733856    0    0     0     2 13405 22492 38 16 47  0  0	
 4  0      0 4376428  52388 1733864    0    0     0    11 12993 21978 40 16 40  3  0	
 4  0      0 4379404  52388 1733884    0    0     0     7 12571 22344 40 22 37  1  0	
 2  0      0 4379196  52388 1733888    0    0     0    10 13511 22005 40 17 41  2  0	
 3  0      0 4379212  52388 1733900    0    0     0    18 12915 23422 40 17 41  2  0	
 1  0      0 4379624  52388 1733904    0    0     0     6 13312 22442 39 15 44  2  0	
 6  0      0 4379260  52388 1733916    0    0     0     1 13795 23000 43 17 40  0  0	
 1  1      0 4379012  52388 1733924    0    0     0     5 13334 22293 40 15 42  2  0	
 3  0      0 4379252  52388 1733928    0    0     0    11 13004 22913 40 16 41  3  0	
 0  0      0 4379500  52388 1733936    0    0     0     8 13473 22445 41 17 40  2  0	
 1  0      0 4379128  52388 1733944    0    0     0    18 13029 22594 41 16 40  2  0	
 3  0      0 4379012  52388 1733952    0    0     0     0 13173 23139 41 15 44  0  0	
procs -----------memory---------- ---swap-- -----io---- --system-- -----cpu-----
 r  b   swpd   free   buff  cache   si   so    bi    bo   in   cs us sy id wa st
 0  0      0 4379260  52388 1733960    0    0     0     6 13872 22347 40 18 40  2  0	
 0  0      0 4379384  52388 1733972    0    0     0     6 13182 22806 41 16 42  1  0	
 4  0      0 4378888  52388 1733976    0    0     0     6 13059 23652 40 17 41  2  0	
 2  0      0 4379260  52388 1733984    0    0     0    14 13684 22909 42 18 39  1  0	
 1  0      0 4379384  52388 1733992    0    0     0    15 13146 22813 40 16 39  4  0	
 6  0      0 4378892  52388 1734004    0    0     0     7 12820 22574 42 19 38  1  0	
 0  0      0 4379032  52388 1734008    0    0     0     0 13786 23286 40 18 40  2  0	
 2  0      0 4379352  52388 1734016    0    0     0     6 13200 22680 41 16 41  2  0	
 0  0      0 4378684  52388 1734028    0    0     0     7 13022 22376 39 16 44  2  0	
 1  0      0 4378584  52388 1734032    0    0     0     8 13430 21874 40 18 40  2  0	
 5  0      0 4378212  52388 1734040    0    0     0    19 12858 22685 40 16 41  3  0	
 1  0      0 4378088  52388 1734048    0    0     0     6 12785 22040 39 15 43  3  0	
 1  0      0 4378220  52388 1734060    0    0     0     0 13859 22784 40 18 42  0  0	
 7  0      0 4378344  52388 1734064    0    0     0     6 13067 21594 38 16 43  3  0	
 1  0      0 4378600  52388 1734076    0    0     0     5 13127 22472 38 16 44  1  0	
 2  0      0 4378484  52388 1734080    0    0     0     6 13814 22354 41 16 42  1  0	
 1  0      0 4378616  52388 1734088    0    0     0    16 12983 22062 40 16 42  2  0	
 0  0      0 4378624  52388 1734096    0    0     0    14 12967 22094 41 15 42  2  0	
 0  0      0 4378624  52388 1734104    0    0     0     6 13585 23372 42 17 41  1  0	
 0  0      0 4378004  52388 1734108    0    0     0     6 13042 22704 40 16 41  3  0	
 1  0      0 4378004  52388 1734116    0    0     0     0 13073 23436 40 16 44  0  0	
procs -----------memory---------- ---swap-- -----io---- --system-- -----cpu-----
 r  b   swpd   free   buff  cache   si   so    bi    bo   in   cs us sy id wa st
 0  0      0 4377960  52388 1734128    0    0     0    10 13320 22406 43 22 30  5  0	
 1  0      0 4377900  52388 1734132    0    0     0    14 13107 22336 40 16 42  2  0	
 2  0      0 4377876  52388 1734144    0    0     0     7 12946 22162 40 15 43  2  0	
 0  0      0 4378288  52388 1734152    0    0     0     6 13890 22596 39 18 41  1  0	
 6  1      0 4378212  52388 1734160    0    0     0     4 12805 22252 39 15 45  1  0	
 3  0      0 4378848  52388 1734172    0    0     0     5 12987 22896 40 17 40  2  0	
 3  0      0 4378476  52388 1734180    0    0     0     6 13596 22895 41 17 40  2  0	
 2  0      0 4378104  52388 1734184    0    0     0    14 13116 22460 40 16 42  1  0	
 1  0      0 4378368  52388 1734192    0    0     0     6 12855 21710 39 14 46  1  0	
 4  0      0 4378244  52388 1734200    0    0     0     6 13800 22818 41 18 40  1  0	
 1  0      0 4378120  52388 1734208    0    0     0    10 13025 22748 40 15 42  2  0	
 2  0      0 4377988  52388 1734212    0    0     0    13 13104 22158 40 16 41  2  0	
 1  0      0 4378220  52388 1734224    0    0     0     0 13744 23730 41 17 42  0  0	
 0  0      0 4378244  52388 1734228    0    0     0    13 12738 21573 39 16 41  5  0	
 4  0      0 4378244  52388 1734236    0    0     0     8 13241 23201 41 16 41  2  0	
 0  0      0 4377768  52388 1734252    0    0     0     5 13845 22768 44 22 32  1  0	
 2  0      0 4377840  52388 1734256    0    0     0     6 13274 22715 39 16 44  2  0	
 0  0      0 4378800  52388 1734268    0    0     0     5 13042 22667 42 17 40  1  0	
 2  0      0 4378064  52388 1734276    0    0     0    12 13791 22821 40 18 41  1  0	
 2  1      0 4377964  52388 1734284    0    0     0     9 12982 22407 39 16 44  0  0	
 1  0      0 4378460  52388 1734288    0    0     0     7 13224 22697 41 16 41  3  0	
procs -----------memory---------- ---swap-- -----io---- --system-- -----cpu-----
 r  b   swpd   free   buff  cache   si   so    bi    bo   in   cs us sy id wa st
 1  0      0 4378476  52388 1734300    0    0     0     5 13311 21942 40 17 41  1  0	
 0  0      0 4378104  52388 1734308    0    0     0     6 13090 22348 41 16 41  2  0	
 3  0      0 4378228  52388 1734316    0    0     0    11 12892 22289 39 16 42  3  0	
 2  0      0 4378352  52388 1734324    0    0     0     7 13505 23120 40 17 40  2  0	
 0  0      0 4377856  52388 1734336    0    0     0    14 13251 22831 42 17 41  0  0	
 1  0      0 4377856  52388 1734340    0    0     0     9 13128 22629 40 15 42  4  0	
 2  0      0 4378212  52388 1734348    0    0     0     5 13502 22198 41 18 40  1  0	
 3  0      0 4378352  52388 1734360    0    0     0     6 13318 23326 41 16 40  3  0	
 1  0      0 4378080  52388 1734364    0    0     0     7 12867 22114 39 17 44  1  0	
 2  0      0 4378196  52388 1734372    0    0     0     6 13853 23423 41 19 37  3  0	
 0  0      0 4377796  52388 1734384    0    0     0    15 13027 22654 44 19 35  2  0	
 2  0      0 4378048  52388 1734392    0    0     0    10 13044 22821 40 15 43  2  0	
 2  0      0 4378264  52388 1734400    0    0     0     5 13467 22771 41 17 40  1  0	
 0  0      0 4378056  52388 1734408    0    0     0     1 13384 22525 39 16 45  0  0	
 9  0      0 4377668  52388 1734412    0    0     0     7 13052 22070 40 16 42  3  0	
 4  0      0 4374312  52388 1734420    0    0     0    10 13283 22424 39 17 41  3  0	
 2  0      0 4377816  52388 1734428    0    0     0    13 13403 22352 40 16 40  3  0	
 4  0      0 4377824  52388 1734436    0    0     0     8 12959 22106 40 16 42  2  0	
 2  0      0 4377824  52388 1734440    0    0     0     8 13312 22857 42 15 42  1  0	
 1  0      0 4377700  52388 1734456    0    0     0     0 13372 22010 39 18 43  0  0	
 7  0      0 4377824  52388 1734464    0    0     0     6 13188 22460 41 15 42  2  0	
procs -----------memory---------- ---swap-- -----io---- --system-- -----cpu-----
 r  b   swpd   free   buff  cache   si   so    bi    bo   in   cs us sy id wa st
 0  0      0 4378072  52388 1734468    0    0     0     6 13235 23295 42 17 40  1  0	
 4  0      0 4377948  52388 1734480    0    0     0    19 13986 22548 41 18 36  4  0	
 2  0      0 4378072  52388 1734484    0    0     0     8 12923 22261 40 16 43  2  0	
 0  0      0 4378096  52388 1734492    0    0     0     5 13172 23011 42 16 40  2  0	
 1  0      0 4377596  52388 1734508    0    0     0    12 13498 22187 42 22 33  3  0	
 3  0      0 4377900  52388 1734516    0    0     0     0 13208 22750 40 15 45  0  0	
 4  0      0 4377768  52388 1734520    0    0     0    10 13171 22766 41 16 41  3  0	
 0  0      0 4377800  52388 1734528    0    0     0    14 13938 22708 41 18 41  1  0	
 2  0      0 4378080  52388 1734536    0    0     0     8 13293 23406 40 16 41  3  0	
 1  0      0 4377956  52388 1734544    0    0     0     5 12980 22118 39 15 44  1  0	
 1  0      0 4378080  52388 1734556    0    0     0     6 13506 22196 40 18 38  4  0	
 0  0      0 4377700  52388 1734564    0    0     0     3 12798 21550 39 15 46  0  0	
 5  0      0 4377964  52388 1734568    0    0     0     5 12919 22719 41 17 41  1  0	
 3  0      0 4377716  52388 1734576    0    0     0    16 13674 21223 39 17 43  2  0	
 0  0      0 4377972  52388 1734584    0    0     0     8 13213 23335 41 16 41  2  0	
 4  0      0 4378096  52388 1734588    0    0     0     7 13276 23162 41 16 42  1  0	
 1  0      0 4377584  52388 1734600    0    0     0     0 13533 22427 40 18 39  2  0	
 4  0      0 4377848  52388 1734608    0    0     0     7 13270 22423 39 14 45  2  0	
 3  0      0 4377644  52388 1734616    0    0     0    12 13092 22914 39 17 41  2  0	
 0  0      0 4377588  52388 1734628    0    0     0    14 13327 22816 45 21 33  1  0	
 0  0      0 4377760  52388 1734640    0    0     0     8 13028 22948 39 15 43  2  0	
procs -----------memory---------- ---swap-- -----io---- --system-- -----cpu-----
 r  b   swpd   free   buff  cache   si   so    bi    bo   in   cs us sy id wa st
 1  0      0 4377644  52388 1734644    0    0     0     4 13371 23476 41 16 42  1  0	
 2  1      0 4377644  52388 1734652    0    0     0     5 13686 22645 40 19 39  2  0	
 0  0      0 4377708  52388 1734664    0    0     0     0 13451 23052 42 16 42  0  0	
 1  0      0 4377964  52388 1734668    0    0     0     5 13136 22583 40 16 43  1  0	
 0  0      0 4377460  52388 1734676    0    0     0    22 13986 22433 41 18 38  3  0	
 2  0      0 4377592  52388 1734684    0    0     0     7 13230 22606 40 16 42  1  0	
 6  0      0 4377344  52388 1734692    0    0     0     5 13232 23270 40 16 43  2  0	
 3  0      0 4377328  52388 1734696    0    0     0    10 13646 23183 41 17 40  2  0	
 3  0      0 4377468  52388 1734708    0    0     0     0 12819 21914 40 15 44  1  0	
 1  0      0 4377444  52388 1734712    0    0     0     9 13236 23710 41 16 40  3  0	
 1  0      0 4377428  52388 1734720    0    0     0    14 13522 22089 41 18 37  4  0	
 0  0      0 4377468  52388 1734728    0    0     0    11 13220 23422 40 16 42  2  0	
 1  0      0 4377468  52388 1734732    0    0     0     6 13116 22757 39 15 42  4  0	
 1  0      0 4376344  52388 1734748    0    0     0     6 13345 22186 40 18 41  1  0	
 3  0      0 4377504  52388 1734760    0    0     0     5 12943 22563 42 18 38  1  0	
 5  0      0 4378032  52388 1734768    0    0     0     0 13128 23504 41 18 41  0  0	
 1  0      0 4377116  52388 1734772    0    0     0    15 13932 22858 40 19 36  5  0	
 3  0      0 4377544  52388 1734780    0    0     0     6 12900 21690 38 16 45  1  0	
 3  0      0 4377436  52388 1734788    0    0     0     7 12972 22091 39 15 45  1  0	
 1  0      0 4377420  52388 1734796    0    0     0     7 14111 23247 41 18 39  2  0	
 0  0      0 4377584  52388 1734800    0    0     0    11 13047 22198 39 15 43  3  0	
procs -----------memory---------- ---swap-- -----io---- --system-- -----cpu-----
 r  b   swpd   free   buff  cache   si   so    bi    bo   in   cs us sy id wa st
 5  0      0 4377832  52388 1734812    0    0     0     6 13116 22897 40 16 42  2  0	
 5  0      0 4376584  52388 1734816    0    0     0    16 12984 21607 38 16 44  2  0	
 1  0      0 4377460  52388 1734824    0    0     0     1 13196 22594 42 16 40  1  0	
 1  0      0 4377336  52388 1734832    0    0     0     5 13222 22495 39 16 45  0  0	
 9  0      0 4368704  52388 1734844    0    0     0     6 13426 22851 41 18 38  3  0	
 5  0      0 4377708  52388 1734848    0    0     0    11 13187 21704 40 15 43  3  0	
 3  0      0 4377708  52388 1734856    0    0     0     7 12957 22283 39 17 42  1  0	
 2  0      0 4377468  52388 1734864    0    0     0    17 13601 22370 40 17 41  2  0	
 2  0      0 4377168  52388 1734872    0    0     0     8 12949 22218 41 20 38  1  0	
 2  0      0 4377356  52388 1734888    0    0     0     6 12622 22163 38 15 46  1  0	
 0  0      0 4377380  52388 1734892    0    0     0     4 13664 22301 41 19 40  1  0	
 1  0      0 4377148  52388 1734904    0    0     0     9 13329 23237 40 16 41  3  0	
 3  0      0 4377792  52388 1734912    0    0     0    11 13101 22657 41 15 40  4  0	
 1  0      0 4377684  52388 1734920    0    0     0     9 13568 22641 40 18 42  0  0	
 3  1      0 4377700  52388 1734924    0    0     0     8 13109 21785 39 17 42  3  0	
 2  0      0 4377592  52388 1734932    0    0     0     6 12917 22055 41 15 43  1  0	
 6  0      0 4377700  52388 1734940    0    0     0     5 13101 22655 41 17 41  1  0	
 1  0      0 4377468  52388 1734952    0    0     0    10 13130 21986 39 16 42  4  0	
 1  0      0 4378024  52388 1734956    0    0     0     6 13004 22210 41 17 41  1  0	
 3  0      0 4377072  52388 1734968    0    0     0    15 13552 22771 40 17 41  3  0	
 2  0      0 4377196  52388 1734972    0    0     0     9 13402 22612 40 16 41  2  0	
procs -----------memory---------- ---swap-- -----io---- --system-- -----cpu-----
 r  b   swpd   free   buff  cache   si   so    bi    bo   in   cs us sy id wa st
12  0      0 4377336  52388 1734984    0    0     0     6 12849 21674 39 15 45  1  0	
