procs -----------memory---------- ---swap-- -----io---- --system-- -----cpu-----
 r  b   swpd   free   buff  cache   si   so    bi    bo   in   cs us sy id wa st
 3  0      0 4536504  52920 1706600    0    0     0     1   11    4 31 12 55  1  0	
 3  0      0 4534340  52920 1706636    0    0     0     0 12753 22904 41 19 39  1  0	
 0  0      0 4533912  52920 1706624    0    0     0    10 12493 22406 39 17 44  0  0	
 0  0      0 4533944  52920 1706632    0    0     0     3 13225 23390 42 18 41  0  0	
 2  0      0 4533880  52920 1706644    0    0     0     3 13052 23646 43 16 41  1  0	
 0  0      0 4533928  52920 1706652    0    0     0     3 12294 22274 41 17 42  0  0	
 3  0      0 4533860  52920 1706660    0    0     0     3 13351 22914 40 17 41  1  0	
 4  0      0 4533720  52920 1706668    0    0     0    18 12999 23669 43 18 39  0  0	
 0  0      0 4533868  52920 1706676    0    0     0     5 12556 22355 40 17 41  2  0	
 1  0      0 4534116  52920 1706692    0    0     0     8 13162 23154 40 18 40  2  0	
 4  0      0 4534164  52920 1706708    0    0     0     6 12770 22724 41 15 44  1  0	
 1  0      0 4533924  52920 1706716    0    0     0     6 12843 22788 41 16 43  0  0	
 1  0      0 4534188  52920 1706724    0    0     0     5 13325 22711 40 17 40  2  0	
 0  0      0 4534080  52920 1706736    0    0     0    14 12732 22687 40 16 43  0  0	
 1  0      0 4534080  52920 1706744    0    0     0     0 12572 22079 38 15 47  0  0	
 7  0      0 4531372  52920 1706756    0    0     0    12 13340 23799 43 20 36  1  0	
 0  0      0 4533668  52920 1706760    0    0     0     5 13926 24680 42 17 39  2  0	
 0  0      0 4533768  52920 1706748    0    0     0     5 12625 22530 41 16 42  0  0	
 0  0      0 4533652  52920 1706760    0    0     0     6 13073 22966 42 18 39  1  0	
 2  0      0 4533800  52920 1706764    0    0     0    14 12805 22825 40 16 44  1  0	
 3  0      0 4533816  52920 1706772    0    0     0     9 12653 22630 40 16 44  1  0	
procs -----------memory---------- ---swap-- -----io---- --system-- -----cpu-----
 r  b   swpd   free   buff  cache   si   so    bi    bo   in   cs us sy id wa st
 7  0      0 4533684  52920 1706792    0    0     0     7 13276 23379 43 19 37  2  0	
 0  0      0 4534072  52920 1706804    0    0     0     0 12952 22917 41 15 44  0  0	
 0  0      0 4533800  52920 1706816    0    0     0     9 12779 22929 40 16 41  2  0	
 4  0      0 4534180  52920 1706820    0    0     0     6 13025 22278 41 18 40  1  0	
 0  0      0 4534072  52920 1706828    0    0     0    15 12796 22851 38 16 44  1  0	
 6  0      0 4533956  52920 1706836    0    0     0     7 12906 22578 39 15 45  1  0	
 5  0      0 4515148  52920 1706844    0    0     0     6 12874 23322 41 18 39  3  0	
 2  0      0 4534204  52920 1706848    0    0     0     6 13138 22585 41 16 41  1  0	
 1  0      0 4534204  52920 1706864    0    0     0     6 12638 22753 41 15 42  1  0	
 6  1      0 4533584  52920 1706868    0    0     0     8 12304 21343 37 16 46  1  0	
 3  0      0 4533392  52920 1706880    0    0     0     9 12958 22630 42 21 34  3  0	
 0  0      0 4533728  52920 1706888    0    0     0     8 12656 22292 40 15 43  1  0	
 4  0      0 4533644  52920 1706888    0    0     0     6 12816 23259 40 17 42  2  0	
 3  0      0 4534040  52920 1706896    0    0     0     5 13153 22324 40 16 44  1  0	
 4  0      0 4533808  52920 1706908    0    0     0     6 12632 22356 38 16 45  1  0	
 0  0      0 4533700  52920 1706920    0    0     0     5 12456 21841 39 15 45  1  0	
 1  1      0 4534008  52920 1706924    0    0     0    15 13017 22693 40 18 41  1  0	
 0  0      0 4534124  52920 1706932    0    0     0     4 12812 22791 41 15 43  1  0	
 4  0      0 4533808  52920 1706940    0    0     0     6 12718 22594 41 16 42  2  0	
 0  0      0 4533808  52920 1706948    0    0     0     6 13457 22486 41 17 41  0  0	
 0  0      0 4534056  52920 1706960    0    0     0     6 12629 22835 40 16 44  0  0	
procs -----------memory---------- ---swap-- -----io---- --system-- -----cpu-----
 r  b   swpd   free   buff  cache   si   so    bi    bo   in   cs us sy id wa st
 4  0      0 4533692  52920 1706968    0    0     0     6 12676 22131 40 16 41  3  0	
 0  0      0 4533932  52920 1706976    0    0     0    14 13134 22952 42 18 40  0  0	
 2  0      0 4533932  52920 1706984    0    0     0     6 12752 22339 39 15 43  2  0	
 1  0      0 4533684  52920 1706992    0    0     0     8 12898 23115 40 17 43  0  0	
 5  0      0 4533392  52920 1707004    0    0     0     0 13159 22573 42 20 38  0  0	
 0  0      0 4533564  52920 1707012    0    0     0     6 12580 22607 40 16 44  1  0	
 6  0      0 4533496  52920 1707004    0    0     0     6 12666 22506 40 15 42  2  0	
 4  0      0 4533876  52920 1707008    0    0     0    15 13264 23036 41 19 40  0  0	
 4  0      0 4533824  52920 1707016    0    0     0    10 12683 22004 39 16 44  2  0	
 5  0      0 4533568  52920 1707024    0    0     0     6 12679 22932 40 17 41  2  0	
 0  0      0 4533584  52920 1707032    0    0     0     6 13197 22175 39 16 43  2  0	
 2  0      0 4533964  52920 1707044    0    0     0     9 12568 22379 40 16 43  1  0	
 1  0      0 4533584  52920 1707052    0    0     0     1 12573 22387 39 15 46  0  0	
 4  0      0 4533840  52920 1707060    0    0     0    14 13219 23141 40 18 41  0  0	
 2  0      0 4533848  52920 1707064    0    0     0     8 12536 22250 40 15 44  1  0	
 6  0      0 4533716  52920 1707084    0    0     0     6 12601 22552 41 16 43  1  0	
 2  0      0 4533724  52920 1707096    0    0     0     6 13099 22002 40 17 42  1  0	
 4  0      0 4533444  52920 1707108    0    0     0     6 12572 22445 39 16 42  2  0	
 8  0      0 4533428  52920 1707116    0    0     0     2 12437 22270 39 16 45  0  0	
 1  0      0 4532728  52924 1707120    0    0     0    14 13372 23680 42 20 37  0  0	
 1  0      0 4533540  52924 1707132    0    0     0    10 12425 22712 42 19 39  1  0	
procs -----------memory---------- ---swap-- -----io---- --system-- -----cpu-----
 r  b   swpd   free   buff  cache   si   so    bi    bo   in   cs us sy id wa st
 6  0      0 4533216  52924 1707140    0    0     0     6 12777 22353 41 16 40  2  0	
 5  0      0 4533620  52924 1707128    0    0     0     6 13271 22910 40 17 43  0  0	
 2  0      0 4533304  52924 1707140    0    0     0     6 12539 22217 39 16 44  1  0	
 1  0      0 4533428  52924 1707144    0    0     0     5 12567 22204 40 15 45  0  0	
 0  1      0 4533552  52924 1707156    0    0     0    18 13214 23258 42 18 40  1  0	
 0  1      0 4533560  52924 1707160    0    0     0     6 12699 22746 40 15 43  2  0	
 1  0      0 4533320  52924 1707180    0    0     0     1 12691 22433 40 16 44  0  0	
 1  0      0 4533816  52924 1707192    0    0     0     6 13117 23096 42 17 41  1  0	
 3  0      0 4533452  52924 1707204    0    0     0     5 12523 22449 39 15 45  1  0	
 1  0      0 4533196  52928 1707208    0    0     0     6 12700 22708 41 16 43  1  0	
 1  0      0 4534056  52928 1707220    0    0     0    14 13240 23986 42 19 39  0  0	
 3  0      0 4533848  52928 1707228    0    0     0     9 12616 22145 39 14 44  3  0	
 1  0      0 4533584  52928 1707232    0    0     0     9 12991 23268 40 17 43  0  0	
 0  0      0 4533600  52928 1707240    0    0     0     0 13355 21982 39 17 44  0  0	
 4  0      0 4533348  52928 1707252    0    0     0     7 12310 22163 43 20 37  1  0	
 2  0      0 4533084  52928 1707260    0    0     0     6 12629 21986 38 15 46  1  0	
 0  0      0 4533520  52928 1707248    0    0     0    13 13407 23217 41 18 41  0  0	
 1  0      0 4533460  52928 1707256    0    0     0     8 12569 21690 39 15 44  2  0	
 5  0      0 4533096  52928 1707272    0    0     0     6 12718 22504 39 17 44  0  0	
 2  0      0 4533360  52928 1707284    0    0     0     5 13462 22288 40 17 43  1  0	
 0  0      0 4533360  52928 1707296    0    0     0    10 12600 22308 40 16 44  0  0	
procs -----------memory---------- ---swap-- -----io---- --system-- -----cpu-----
 r  b   swpd   free   buff  cache   si   so    bi    bo   in   cs us sy id wa st
 3  0      0 4533732  52928 1707308    0    0     0     6 12997 23455 42 16 40  2  0	
 1  0      0 4533972  52928 1707316    0    0     0    10 13224 22706 40 19 42  0  0	
 3  0      0 4533352  52928 1707328    0    0     0     7 12856 23589 41 17 42  1  0	
 7  0      0 4533460  52928 1707336    0    0     0     5 12601 22699 41 16 42  1  0	
 5  0      0 4533476  52928 1707348    0    0     0     4 13057 22146 41 17 41  1  0	
 3  0      0 4533360  52928 1707356    0    0     0     6 12841 22859 41 16 42  1  0	
 2  0      0 4531616  52928 1707364    0    0     0    12 12320 21922 38 18 43  1  0	
 6  0      0 4533484  52928 1707372    0    0     0    13 13347 22750 41 18 41  1  0	
 1  0      0 4530132  52928 1707384    0    0     0     9 12632 22438 40 16 43  1  0	
 5  0      0 4525620  52928 1707392    0    0     0     0 12367 22730 42 18 40  0  0	
 2  0      0 4533272  52928 1707376    0    0     0     6 13201 22780 41 17 40  2  0	
 3  0      0 4533404  52928 1707388    0    0     0     6 12900 23159 41 16 42  1  0	
 2  0      0 4533164  52928 1707396    0    0     0     7 12697 22166 39 15 46  0  0	
 4  0      0 4533188  52928 1707400    0    0     0    19 13092 22422 41 18 38  3  0	
 2  0      0 4533668  52928 1707408    0    0     0    10 12532 21913 38 16 46  1  0	
 2  0      0 4533584  52928 1707416    0    0     0     5 12678 22325 41 16 40  3  0	
 4  0      0 4533204  52928 1707428    0    0     0     6 13273 22526 41 18 41  1  0	
 4  0      0 4533328  52928 1707432    0    0     0     1 12671 22104 40 16 43  1  0	
 2  0      0 4533352  52928 1707440    0    0     0     5 12661 22694 41 14 44  1  0	
 2  0      0 4533228  52928 1707448    0    0     0    14 12882 22372 41 17 41  1  0	
 4  0      0 4533104  52928 1707456    0    0     0    11 12668 22384 40 16 43  1  0	
procs -----------memory---------- ---swap-- -----io---- --system-- -----cpu-----
 r  b   swpd   free   buff  cache   si   so    bi    bo   in   cs us sy id wa st
 2  0      0 4533360  52928 1707476    0    0     0     6 12586 22499 40 16 43  1  0	
 3  0      0 4533112  52928 1707492    0    0     0     5 13025 22082 40 17 42  0  0	
 3  0      0 4533468  52928 1707496    0    0     0     5 12725 22405 40 15 43  2  0	
 0  0      0 4532828  52928 1707512    0    0     0     5 12495 22767 44 19 37  0  0	
 5  0      0 4532356  52928 1707520    0    0     0    10 13017 22003 41 18 41  0  0	
 5  0      0 4533224  52928 1707508    0    0     0     8 12687 22230 39 16 44  2  0	
 2  0      0 4533148  52928 1707512    0    0     0    11 12424 22082 39 15 45  1  0	
 5  0      0 4532900  52928 1707524    0    0     0     8 13537 23362 41 18 40  2  0	
 3  0      0 4533536  52928 1707532    0    0     0     6 12892 22523 41 16 43  1  0	
 1  0      0 4533312  52928 1707536    0    0     0     6 12779 22230 40 15 44  1  0	
 8  0      0 4533040  52928 1707548    0    0     0    14 12739 22140 39 18 43  0  0	
 4  1      0 4533188  52928 1707552    0    0     0     7 12871 21776 39 15 44  3  0	
 2  1      0 4533040  52928 1707572    0    0     0     6 13197 23623 40 15 43  2  0	
 1  0      0 4532808  52928 1707584    0    0     0     6 12756 22450 39 17 44  0  0	
 0  0      0 4533196  52928 1707592    0    0     0     5 12749 22152 38 15 45  1  0	
 2  0      0 4533480  52928 1707600    0    0     0     6 12567 22974 40 17 42  2  0	
 3  0      0 4532908  52928 1707608    0    0     0    15 13079 22604 41 18 40  1  0	
 0  0      0 4533156  52928 1707616    0    0     0     9 12919 23428 40 17 42  1  0	
 1  0      0 4532680  52928 1707628    0    0     0    10 12406 22496 41 18 38  2  0	
 0  0      0 4532852  52928 1707640    0    0     0     6 12905 23170 40 16 44  0  0	
 3  0      0 4532768  52928 1707624    0    0     0    10 13157 22098 40 18 40  2  0	
procs -----------memory---------- ---swap-- -----io---- --system-- -----cpu-----
 r  b   swpd   free   buff  cache   si   so    bi    bo   in   cs us sy id wa st
 2  0      0 4532932  52928 1707632    0    0     0     8 12281 21458 39 15 45  1  0	
 1  0      0 4533188  52928 1707640    0    0     0    14 12550 22136 39 15 45  0  0	
 5  1      0 4533064  52928 1707648    0    0     0     7 12997 22920 41 17 40  3  0	
 7  0      0 4533196  52928 1707664    0    0     0     1 12907 22940 39 15 45  1  0	
 5  0      0 4533080  52932 1707680    0    0     0     6 12751 22731 40 16 42  2  0	
 1  0      0 4532808  52932 1707688    0    0     0     8 13367 22693 41 17 41  1  0	
 2  0      0 4532956  52932 1707700    0    0     0     9 12691 23536 41 16 43  0  0	
 3  0      0 4533080  52932 1707704    0    0     0    14 12802 22645 40 15 42  3  0	
 3  0      0 4533196  52932 1707712    0    0     0     7 13019 22635 40 18 41  1  0	
 2  0      0 4533080  52932 1707720    0    0     0     7 12493 22353 40 15 42  3  0	
 0  0      0 4533204  52932 1707728    0    0     0     6 12564 22859 40 16 43  1  0	
 6  0      0 4533204  52932 1707740    0    0     0     7 13368 23095 42 18 38  2  0	
 1  0      0 4532656  52932 1707752    0    0     0     6 12406 21795 41 18 40  0  0	
 4  1      0 4532620  52932 1707756    0    0     0    19 12782 22947 40 16 43  2  0	
 4  1      0 4532876  52932 1707764    0    0     0     6 14069 23859 41 17 40  1  0	
 0  0      0 4532892  52932 1707756    0    0     0     1 13266 23657 40 15 44  1  0	
 4  0      0 4532700  52932 1707768    0    0     0     6 12424 21863 40 16 43  1  0	
 4  0      0 4532956  52932 1707772    0    0     0     4 13219 22766 41 16 41  1  0	
 2  0      0 4532840  52932 1707788    0    0     0     5 12844 23230 40 15 43  1  0	
 1  0      0 4532956  52936 1707792    0    0     0    14 12710 22416 40 16 44  1  0	
 0  0      0 4533312  52936 1707800    0    0     0    17 13346 23489 40 18 41  1  0	
procs -----------memory---------- ---swap-- -----io---- --system-- -----cpu-----
 r  b   swpd   free   buff  cache   si   so    bi    bo   in   cs us sy id wa st
 1  0      0 4532940  52936 1707808    0    0     0     5 12376 21764 39 15 45  1  0	
 5  0      0 4532956  52936 1707820    0    0     0     0 12646 22513 40 16 44  0  0	
 0  0      0 4532956  52936 1707824    0    0     0     5 13225 22394 39 17 41  3  0	
 1  0      0 4532848  52936 1707836    0    0     0     6 12797 23261 41 15 43  0  0	
 2  0      0 4532972  52936 1707840    0    0     0    17 12576 22117 41 15 43  0  0	
 0  0      0 4533220  52936 1707856    0    0     0     9 13003 22242 41 18 39  2  0	
 3  0      0 4533096  52936 1707868    0    0     0     5 12476 21959 39 15 46  1  0	
 6  0      0 4532400  52936 1707880    0    0     0     4 12883 23533 43 21 36  0  0	
 0  0      0 4532772  52936 1707884    0    0     0     6 13293 22526 41 17 41  1  0	
 5  0      0 4532504  52936 1707876    0    0     0     6 12818 23040 40 16 42  2  0	
 0  0      0 4532792  52936 1707884    0    0     0    16 12646 22381 40 16 44  1  0	
 1  0      0 4532924  52936 1707888    0    0     0    10 13378 23293 42 19 35  4  0	
 2  0      0 4532932  52936 1707900    0    0     0     0 12600 22573 40 14 46  0  0	
 0  0      0 4532956  52936 1707912    0    0     0     5 12690 22309 41 16 42  1  0	
 2  0      0 4532840  52936 1707920    0    0     0    10 13086 22126 40 17 42  1  0	
 3  0      0 4532840  52936 1707924    0    0     0     5 13234 23242 41 16 42  2  0	
 4  0      0 4532592  52936 1707936    0    0     0    13 12922 22657 42 16 42  0  0	
 3  0      0 4532964  52936 1707948    0    0     0     8 13216 22922 41 17 39  3  0	
 3  0      0 4532964  52936 1707960    0    0     0     1 12484 21736 38 14 48  0  0	
 0  0      0 4532964  52936 1707972    0    0     0     6 12668 22322 42 16 42  0  0	
 1  0      0 4532560  52936 1707980    0    0     0     6 13386 22950 41 17 40  2  0	
procs -----------memory---------- ---swap-- -----io---- --system-- -----cpu-----
 r  b   swpd   free   buff  cache   si   so    bi    bo   in   cs us sy id wa st
 4  0      0 4532592  52936 1707988    0    0     0    10 12739 23541 41 16 42  1  0	
 4  0      0 4532716  52936 1707996    0    0     0    13 12831 22740 40 16 43  1  0	
 2  0      0 4532696  52936 1708008    0    0     0     9 12769 23315 44 23 32  1  0	
 0  0      0 4532480  52936 1708016    0    0     0     9 12919 22907 41 15 41  3  0	
 4  0      0 4532776  52936 1708008    0    0     0     6 12681 22685 40 16 43  1  0	
 2  0      0 4532808  52936 1708016    0    0     0     0 13007 22333 41 17 39  3  0	
 0  0      0 4532684  52936 1708024    0    0     0     5 13219 23570 41 15 43  1  0	
 3  0      0 4532444  52936 1708032    0    0     0    19 12460 21491 38 15 43  5  0	
 7  0      0 4532948  52936 1708052    0    0     0     8 12956 22182 40 17 42  1  0	
 2  0      0 4532824  52936 1708060    0    0     0     5 12662 22214 39 15 45  1  0	
 2  0      0 4532700  52940 1708068    0    0     0     6 12991 23325 40 17 42  1  0	
 2  1      0 4532800  52940 1708080    0    0     0     8 13397 22921 42 17 39  2  0	
 3  0      0 4532332  52940 1708092    0    0     0     6 12488 22544 40 17 40  2  0	
 3  0      0 4532628  52940 1708096    0    0     0    14 12724 22388 40 16 43  1  0	
 4  0      0 4533048  52940 1708108    0    0     0     2 12994 21892 41 18 41  1  0	
 2  0      0 4532676  52940 1708112    0    0     0    10 12691 23281 40 16 43  1  0	
 3  0      0 4532312  52940 1708120    0    0     0     6 12582 22337 41 16 42  1  0	
 5  0      0 4531024  52940 1708128    0    0     0     6 13467 21902 40 17 42  0  0	
 0  0      0 4532192  52940 1708136    0    0     0     6 12658 23691 43 19 34  3  0	
 1  0      0 4532208  52940 1708144    0    0     0    14 12891 22904 41 16 41  1  0	
 2  0      0 4532472  52940 1708140    0    0     0     9 13267 22706 40 18 40  2  0	
procs -----------memory---------- ---swap-- -----io---- --system-- -----cpu-----
 r  b   swpd   free   buff  cache   si   so    bi    bo   in   cs us sy id wa st
 4  1      0 4532396  52940 1708152    0    0     0    10 12606 22185 39 15 46  0  0	
 6  0      0 4532544  52940 1708160    0    0     0     2 12354 22056 40 15 43  2  0	
 4  0      0 4532288  52940 1708172    0    0     0     6 12934 22186 40 17 42  1  0	
 0  0      0 4532312  52940 1708180    0    0     0     5 12453 22912 41 17 41  1  0	
 0  0      0 4532196  52940 1708188    0    0     0    14 12767 22128 40 15 43  1  0	
 2  0      0 4533148  52940 1708200    0    0     0     8 13038 22811 40 18 39  2  0	
 2  0      0 4532444  52940 1708208    0    0     0     0 12728 22563 40 15 45  0  0	
 0  0      0 4532444  52940 1708216    0    0     0    10 12940 23236 42 17 41  1  0	
 2  0      0 4532204  52940 1708224    0    0     0     4 14045 24132 42 17 40  1  0	
 3  0      0 4532336  52940 1708232    0    0     0     6 12856 23337 43 16 41  1  0	
 1  0      0 4532344  52940 1708240    0    0     0    18 12500 21748 38 16 46  1  0	
 3  1      0 4532352  52940 1708244    0    0     0     8 13043 21681 39 17 41  2  0	
 8  0      0 4532636  52940 1708256    0    0     0     6 12877 22898 43 18 36  3  0	
 1  0      0 4532320  52940 1708264    0    0     0     6 12700 22716 40 16 43  2  0	
 4  0      0 4532544  52940 1708252    0    0     0     5 13577 23339 40 18 42  0  0	
 1  0      0 4532296  52940 1708264    0    0     0     7 12447 22302 40 16 43  1  0	
 6  0      0 4532312  52940 1708268    0    0     0    16 12359 21989 40 15 43  1  0	
 2  0      0 4532576  52940 1708276    0    0     0     8 12914 23010 42 16 41  1  0	
 4  0      0 4532576  52940 1708284    0    0     0     7 12515 22848 41 16 39  4  0	
 2  0      0 4532320  52940 1708296    0    0     0     0 12613 22376 38 16 46  0  0	
 4  0      0 4532460  52940 1708300    0    0     0     6 13208 22215 39 17 40  4  0	
procs -----------memory---------- ---swap-- -----io---- --system-- -----cpu-----
 r  b   swpd   free   buff  cache   si   so    bi    bo   in   cs us sy id wa st
 4  0      0 4532336  52940 1708312    0    0     0    11 13149 22929 42 16 41  1  0	
 1  0      0 4532336  52940 1708320    0    0     0    14 12718 22451 41 16 41  1  0	
 2  0      0 4532336  52940 1708340    0    0     0     8 13200 22873 41 17 40  1  0	
 2  0      0 4532460  52940 1708348    0    0     0     6 12425 22069 39 14 45  2  0	
 8  0      0 4532336  52940 1708360    0    0     0     4 12644 22623 40 17 43  0  0	
10  0      0 4532592  52940 1708368    0    0     0     5 13245 22823 41 17 41  1  0	
 2  1      0 4532220  52940 1708376    0    0     0     4 12897 23181 40 16 42  2  0	
 2  0      0 4531820  52940 1708392    0    0     0    12 13424 24323 45 19 34  2  0	
 0  0      0 4532000  52940 1708400    0    0     0     9 13051 22200 40 18 41  1  0	
 2  0      0 4532000  52940 1708384    0    0     0    10 12854 22980 40 16 44  0  0	
 0  0      0 4532280  52940 1708400    0    0     0     7 12736 22753 41 16 41  1  0	
 4  0      0 4532064  52940 1708404    0    0     0     6 12695 21639 40 16 43  1  0	
 2  0      0 4532072  52940 1708412    0    0     0     5 12979 22984 41 16 41  1  0	
 0  0      0 4532328  52940 1708420    0    0     0    17 12624 21974 39 15 44  1  0	
 3  0      0 4532312  52940 1708440    0    0     0     7 12886 22227 40 18 40  3  0	
 5  0      0 4532328  52940 1708444    0    0     0     6 13088 22442 41 16 41  3  0	
 0  0      0 4531800  52940 1708456    0    0     0     5 12742 22318 41 16 43  1  0	
 1  0      0 4531940  52940 1708464    0    0     0     6 12845 22638 40 16 42  1  0	
 5  0      0 4531956  52940 1708472    0    0     0     5 12846 22176 40 16 43  1  0	
 0  0      0 4532452  52940 1708484    0    0     0    17 12654 22466 40 16 44  1  0	
 9  0      0 4491804  52940 1708496    0    0     0     0 12905 22651 41 16 41  2  0	
procs -----------memory---------- ---swap-- -----io---- --system-- -----cpu-----
 r  b   swpd   free   buff  cache   si   so    bi    bo   in   cs us sy id wa st
 0  0      0 4532196  52940 1708500    0    0     0     9 12944 23296 41 18 40  0  0	
 2  0      0 4529688  52940 1708516    0    0     0    10 12414 22187 43 18 38  1  0	
 1  0      0 4532108  52940 1708520    0    0     0     6 12801 23290 41 17 41  1  0	
 3  0      0 4532016  52940 1708508    0    0     0     6 13059 22053 39 17 43  2  0	
 1  0      0 4532164  52940 1708512    0    0     0    14 12476 21974 38 15 46  1  0	
 1  0      0 4532064  52940 1708536    0    0     0     9 12665 22476 41 15 42  2  0	
 1  0      0 4532444  52940 1708540    0    0     0     6 13309 22986 42 18 36  4  0	
 3  0      0 4532196  52940 1708548    0    0     0    13 12784 22733 41 16 41  2  0	
 1  0      0 4532312  52940 1708560    0    0     0     1 12539 22923 40 16 42  1  0	
 1  0      0 4532444  52940 1708564    0    0     0     6 13115 22782 42 19 38  1  0	
 2  0      0 4532072  52940 1708576    0    0     0    16 12558 22488 38 16 44  1  0	
 2  0      0 4532080  52940 1708584    0    0     0     9 12481 22438 40 15 43  2  0	
 0  0      0 4532584  52940 1708592    0    0     0     5 13221 23463 41 18 40  1  0	
 2  0      0 4531972  52940 1708600    0    0     0     6 12564 22209 40 15 44  1  0	
 1  1      0 4532096  52940 1708608    0    0     0     6 12262 21314 39 15 43  3  0	
 0  1      0 4532344  52940 1708616    0    0     0     8 13067 22699 39 16 42  2  0	
 8  0      0 4530964  52940 1708628    0    0     0    10 12728 22572 41 16 42  1  0	
 2  0      0 4531852  52940 1708640    0    0     0     8 12627 23436 43 19 37  1  0	
 2  0      0 4531636  52940 1708652    0    0     0     6 13275 22837 40 18 42  1  0	
 0  0      0 4531808  52940 1708636    0    0     0     5 12779 22797 40 16 43  1  0	
 2  0      0 4531824  52940 1708644    0    0     0     6 12509 22712 40 15 44  1  0	
procs -----------memory---------- ---swap-- -----io---- --system-- -----cpu-----
 r  b   swpd   free   buff  cache   si   so    bi    bo   in   cs us sy id wa st
 2  0      0 4532220  52940 1708652    0    0     0     7 13082 22060 40 16 40  3  0	
 2  0      0 4531840  52940 1708664    0    0     0    12 12690 22322 39 16 45  0  0	
 3  0      0 4531724  52940 1708668    0    0     0     8 12772 22848 41 15 39  4  0	
 1  0      0 4532204  52940 1708680    0    0     0     6 13377 23439 42 19 38  1  0	
 2  0      0 4531956  52940 1708688    0    0     0     6 12434 22252 39 15 43  2  0	
 1  0      0 4532080  52940 1708696    0    0     0     5 12542 22234 40 16 44  1  0	
 2  1      0 4532080  52940 1708704    0    0     0     5 13073 22198 40 16 42  1  0	
 6  0      0 4532080  52940 1708712    0    0     0     9 12714 22400 40 16 44  0  0	
 3  0      0 4532080  52940 1708728    0    0     0    14 12726 22425 40 16 43  2  0	
 2  0      0 4532080  52940 1708736    0    0     0     5 12775 22016 40 17 41  3  0	
 0  0      0 4531956  52940 1708748    0    0     0     6 13014 23264 43 16 40  1  0	
 2  0      0 4531596  52940 1708756    0    0     0     5 12363 22403 42 19 39  1  0	
 1  0      0 4531836  52940 1708764    0    0     0     1 13166 23141 42 17 41  0  0	
 3  0      0 4531776  52940 1708760    0    0     0    14 12823 23369 41 17 42  0  0	
 5  0      0 4531584  52940 1708768    0    0     0     8 12509 22261 39 14 45  1  0	
 0  0      0 4531900  52940 1708772    0    0     0     6 13164 23274 41 18 40  1  0	
 7  0      0 4532024  52940 1708788    0    0     0     9 12811 22798 40 15 43  1  0	
 3  0      0 4531784  52940 1708792    0    0     0     5 12507 22529 41 16 40  3  0	
 1  0      0 4531808  52940 1708800    0    0     0     0 13053 22000 40 16 43  0  0	
 2  0      0 4531816  52940 1708808    0    0     0    14 12600 22456 40 16 43  1  0	
 1  0      0 4531832  52940 1708828    0    0     0     9 12771 22787 40 16 43  1  0	
procs -----------memory---------- ---swap-- -----io---- --system-- -----cpu-----
 r  b   swpd   free   buff  cache   si   so    bi    bo   in   cs us sy id wa st
 8  0      0 4531832  52940 1708832    0    0     0     6 13169 22960 41 18 41  1  0	
 3  0      0 4531708  52940 1708848    0    0     0    12 12715 22563 40 16 42  2  0	
 0  0      0 4531808  52940 1708852    0    0     0     6 12901 23235 41 16 41  2  0	
 3  0      0 4531832  52940 1708860    0    0     0     0 13253 22415 41 17 43  0  0	
 2  0      0 4532080  52940 1708872    0    0     0    14 12327 21496 38 15 46  1  0	
 3  0      0 4530800  52940 1708876    0    0     0     8 12470 22341 40 15 43  2  0	
 0  0      0 4532248  52940 1708888    0    0     0     6 12764 22807 43 21 35  1  0	
 9  0      0 4531604  52940 1708896    0    0     0     9 12716 22335 40 16 42  2  0	
 7  0      0 4531628  52940 1708884    0    0     0     0 12547 23088 39 15 45  0  0	
 3  0      0 4531784  52940 1708888    0    0     0    10 13235 22664 41 16 40  3  0	
 4  0      0 4531956  52940 1708900    0    0     0    13 12909 23199 39 15 44  2  0	
 0  0      0 4531832  52940 1708920    0    0     0    10 12621 22274 41 15 41  3  0	
 0  0      0 4531584  52940 1708928    0    0     0     8 13242 22840 40 18 42  1  0	
 2  0      0 4532080  52940 1708936    0    0     0     5 12554 22110 40 15 41  3  0	
 1  0      0 4531832  52940 1708948    0    0     0     1 12302 21479 40 14 46  0  0	
 8  0      0 4531700  52940 1708952    0    0     0     6 13044 22216 41 17 40  3  0	
 2  0      0 4531832  52940 1708964    0    0     0    19 12413 21643 40 16 41  3  0	
 2  0      0 4531708  52940 1708972    0    0     0     9 12889 22960 42 16 38  4  0	
 0  0      0 4531716  52940 1708980    0    0     0     5 12954 22568 40 16 42  1  0	
 1  0      0 4531716  52940 1708988    0    0     0     6 12715 23651 43 17 38  2  0	
 0  0      0 4531600  52940 1708996    0    0     0     6 12558 22801 39 16 44  1  0	
procs -----------memory---------- ---swap-- -----io---- --system-- -----cpu-----
 r  b   swpd   free   buff  cache   si   so    bi    bo   in   cs us sy id wa st
 1  0      0 4531324  52940 1709012    0    0     0     7 12786 21988 43 19 37  1  0	
 1  0      0 4531588  52940 1709012    0    0     0     9 12842 23876 42 16 42  0  0	
 2  0      0 4531032  52940 1709008    0    0     0    13 12730 22186 38 15 43  3  0	
 1  0      0 4531628  52940 1709016    0    0     0    11 13684 24184 42 19 37  3  0	
 0  0      0 4531404  52940 1709028    0    0     0     6 12979 22414 41 16 42  1  0	
 0  0      0 4531404  52940 1709036    0    0     0     6 12958 22708 42 16 41  1  0	
 0  0      0 4531412  52940 1709044    0    0     0     6 13449 23046 43 19 38  1  0	
 1  0      0 4531520  52940 1709052    0    0     0    14 12886 22170 39 17 44  1  0	
 2  1      0 4543936  52948 1709056    0    0     0    12 13292 22780 43 15 41  1  0	
 6  1      0 4525112  52948 1709072    0    0     0    12 13525 21429 38 18 40  4  0	
 3  0      0 4516640  52948 1709084    0    0     0     1 12901 21933 39 16 45  0  0	
 9  0      0 4506712  52948 1709088    0    0     0    12 13301 24034 46 17 34  3  0	
 2  0      0 4486144  52948 1709104    0    0     0     5 13559 22432 44 19 36  1  0	
 0  0      0 4486624  52948 1709108    0    0     0    18 12956 22140 40 16 39  5  0	
 3  0      0 4486500  52948 1709128    0    0     0    11 12882 23056 42 16 41  2  0	
 0  0      0 4486616  52948 1709136    0    0     0     7 13242 22160 40 16 42  1  0	
 4  0      0 4512472  52948 1709144    0    0     0     1 12873 22440 43 19 37  0  0	
 0  0      0 4512852  52948 1709152    0    0     0    14 12960 23274 41 15 42  2  0	
 2  0      0 4513000  52948 1709160    0    0     0     6 13385 22629 40 17 41  1  0	
 5  0      0 4512716  52948 1709148    0    0     0    14 13238 22657 41 16 42  1  0	
 3  0      0 4512608  52948 1709156    0    0     0     9 13053 22852 41 17 40  2  0	
procs -----------memory---------- ---swap-- -----io---- --system-- -----cpu-----
 r  b   swpd   free   buff  cache   si   so    bi    bo   in   cs us sy id wa st
 0  0      0 4512732  52948 1709168    0    0     0     5 13169 21822 39 17 43  1  0	
 3  0      0 4512600  52948 1709176    0    0     0     6 12919 22744 41 18 40  1  0	
 0  0      0 4512724  52948 1709184    0    0     0     1 12723 22425 41 15 44  0  0	
 4  0      0 4512972  52948 1709196    0    0     0     8 13434 22607 41 18 38  3  0	
 1  0      0 4513136  52948 1709204    0    0     0    14 13178 22998 40 16 43  1  0	
 0  0      0 4512764  52948 1709220    0    0     0     8 12911 23455 42 15 40  2  0	
 2  0      0 4512508  52948 1709228    0    0     0     6 13360 22510 40 17 43  1  0	
 3  0      0 4513020  52948 1709240    0    0     0     5 13439 23550 41 17 40  1  0	
 4  0      0 4512912  52948 1709248    0    0     0     0 12895 21596 38 15 47  0  0	
 5  0      0 4467724  52948 1709256    0    0     0     5 13205 22667 40 17 39  4  0	
 5  1      0 4512780  52948 1709268    0    0     0    14 13443 23579 41 17 39  2  0	
 0  1      0 4512832  52948 1709280    0    0     0    18 12764 22876 43 19 35  4  0	
 1  0      0 4512996  52948 1709288    0    0     0     9 12936 21781 40 15 43  2  0	
 6  0      0 4512692  52948 1709280    0    0     0     7 13412 23411 42 18 38  1  0	
 3  0      0 4512724  52948 1709284    0    0     0     0 13077 22673 42 15 43  0  0	
 5  0      0 4512740  52948 1709292    0    0     0     5 12782 21788 40 16 44  1  0	
 2  0      0 4512648  52948 1709300    0    0     0     6 13575 21786 39 17 43  1  0	
 3  0      0 4512772  52948 1709320    0    0     0    17 12809 22202 39 15 44  2  0	
 0  0      0 4513036  52948 1709324    0    0     0     9 12888 22637 41 15 40  3  0	
 1  0      0 4512540  52948 1709340    0    0     0     0 13342 22557 41 18 41  0  0	
 1  0      0 4512764  52948 1709344    0    0     0     6 12818 22418 40 16 42  2  0	
procs -----------memory---------- ---swap-- -----io---- --system-- -----cpu-----
 r  b   swpd   free   buff  cache   si   so    bi    bo   in   cs us sy id wa st
 1  0      0 4512788  52948 1709356    0    0     0     5 12893 22804 40 15 43  1  0	
 0  0      0 4512416  52948 1709364    0    0     0     6 13698 22940 41 18 40  1  0	
 0  0      0 4512540  52948 1709376    0    0     0    19 12995 22500 40 15 43  2  0	
 2  0      0 4512408  52948 1709380    0    0     0     5 12938 22129 40 15 42  2  0	
 3  0      0 4512484  52948 1709388    0    0     0     9 13818 23111 42 20 38  1  0	
 1  0      0 4512396  52948 1709400    0    0     0    10 12803 22625 44 19 36  2  0	
 5  0      0 4512816  52948 1709408    0    0     0     6 12926 23026 40 16 43  1  0	
 1  0      0 4512552  52948 1709392    0    0     0     5 13576 23004 42 17 40  1  0	
 6  0      0 4512624  52948 1709412    0    0     0     8 12943 22761 40 16 44  0  0	
 3  1      0 4512756  52948 1709424    0    0     0    13 13910 23921 39 15 43  3  0	
 1  0      0 4512780  52948 1709432    0    0     0     6 13371 22912 40 18 42  0  0	
 0  0      0 4512384  52948 1709440    0    0     0     5 13024 22877 40 15 40  4  0	
 0  0      0 4512664  52948 1709448    0    0     0     5 12988 23035 40 16 43  1  0	
 1  0      0 4511904  52948 1709452    0    0     0    14 13388 22369 41 18 40  2  0	
 2  0      0 4512416  52948 1709468    0    0     0     9 13105 23326 40 17 41  2  0	
 4  0      0 4512532  52948 1709476    0    0     0     6 12814 21484 39 14 47  1  0	
 2  0      0 4512540  52948 1709488    0    0     0     0 13584 22718 42 19 38  2  0	
 6  0      0 4512664  52948 1709496    0    0     0    10 13255 23124 41 16 43  1  0	
 5  0      0 4512556  52948 1709508    0    0     0     5 13248 22270 38 16 44  2  0	
 1  0      0 4512804  52948 1709512    0    0     0    16 13375 21913 41 17 42  0  0	
 2  0      0 4512304  52948 1709528    0    0     0     9 12649 21853 44 19 36  1  0	
procs -----------memory---------- ---swap-- -----io---- --system-- -----cpu-----
 r  b   swpd   free   buff  cache   si   so    bi    bo   in   cs us sy id wa st
 4  0      0 4512304  52948 1709532    0    0     0     6 13082 23021 41 15 42  1  0	
 4  0      0 4512368  52948 1709520    0    0     0     8 13869 23874 41 18 40  2  0	
 4  0      0 4512648  52948 1709524    0    0     0     5 13123 23436 41 15 42  1  0	
 2  0      0 4512600  52948 1709536    0    0     0     6 12706 22396 41 17 42  0  0	
 1  0      0 4512344  52948 1709540    0    0     0    15 13698 22788 41 18 39  2  0	
 2  0      0 4512352  52948 1709548    0    0     0     8 13095 22910 39 16 42  3  0	
 0  0      0 4512432  52948 1709560    0    0     0     6 12854 22239 39 15 44  2  0	
 5  0      0 4513300  52948 1709568    0    0     0     6 13491 22639 42 18 38  2  0	
 1  0      0 4512804  52948 1709576    0    0     0     6 12850 22345 39 14 45  2  0	
 3  0      0 4512804  52948 1709584    0    0     0     0 12840 22168 41 15 44  0  0	
 4  0      0 4512308  52948 1709592    0    0     0    18 13352 22556 40 17 40  3  0	
 0  0      0 4512556  52948 1709608    0    0     0     9 13048 23105 42 16 41  1  0	
 1  0      0 4512556  52948 1709620    0    0     0     7 12785 21757 38 15 43  4  0	
 0  0      0 4512440  52948 1709628    0    0     0     5 13707 22956 42 18 39  1  0	
 1  0      0 4512564  52948 1709636    0    0     0     6 13009 22828 41 15 39  4  0	
 3  0      0 4512436  52948 1709652    0    0     0     6 12817 23027 44 19 36  1  0	
 1  0      0 4512112  52948 1709660    0    0     0     9 13380 21768 40 18 41  2  0	
 2  1      0 4512268  52948 1709648    0    0     0    10 12881 22860 38 15 45  1  0	
 1  0      0 4512432  52948 1709656    0    0     0     9 13766 24012 38 15 42  5  0	
 0  0      0 4513028  52948 1709668    0    0     0     4 13568 22799 41 20 39  0  0	
 1  1      0 4512672  52948 1709676    0    0     0     6 13013 22643 38 15 46  2  0	
procs -----------memory---------- ---swap-- -----io---- --system-- -----cpu-----
 r  b   swpd   free   buff  cache   si   so    bi    bo   in   cs us sy id wa st
 0  0      0 4512432  52948 1709680    0    0     0     8 12996 22471 40 16 41  4  0	
 0  0      0 4512292  52948 1709692    0    0     0     6 13514 22269 40 17 41  1  0	
 8  0      0 4512556  52948 1709708    0    0     0    18 13107 22224 42 16 40  2  0	
 3  0      0 4512548  52948 1709720    0    0     0     0 12498 21468 37 14 48  0  0	
 4  0      0 4510896  52948 1709728    0    0     0    10 13235 22246 43 18 37  2  0	
 4  0      0 4512408  52948 1709736    0    0     0     6 12853 22649 41 15 43  1  0	
 0  0      0 4512556  52948 1709740    0    0     0     5 12790 22306 39 16 42  3  0	
 1  0      0 4512168  52948 1709748    0    0     0     6 13490 22252 39 17 43  2  0	
 3  0      0 4512316  52948 1709760    0    0     0     8 13081 22592 41 16 40  3  0	
 2  0      0 4512296  52948 1709772    0    0     0     9 12939 23104 44 19 35  2  0	
 2  0      0 4512032  52948 1709780    0    0     0     5 13509 21987 39 19 40  2  0	
 2  0      0 4512204  52948 1709772    0    0     0    12 12974 23073 41 17 40  3  0	
 0  0      0 4512260  52948 1709780    0    0     0     4 12841 21987 39 16 45  0  0	
 1  0      0 4512012  52948 1709788    0    0     0    10 13278 22168 41 17 40  2  0	
 2  0      0 4512284  52948 1709808    0    0     0    17 12971 22679 40 16 43  1  0	
 0  0      0 4512292  52948 1709820    0    0     0     6 13017 22119 40 15 41  4  0	
 1  0      0 4512532  52948 1709828    0    0     0     0 13438 22722 41 18 41  0  0	
 5  0      0 4512300  52948 1709836    0    0     0     5 13053 22082 40 16 43  1  0	
 3  0      0 4512424  52948 1709844    0    0     0    10 12904 22235 39 16 43  2  0	
 4  0      0 4512036  52948 1709848    0    0     0     9 13373 22518 40 18 41  1  0	
 0  0      0 4512300  52948 1709864    0    0     0    16 12729 22447 40 16 44  1  0	
procs -----------memory---------- ---swap-- -----io---- --system-- -----cpu-----
 r  b   swpd   free   buff  cache   si   so    bi    bo   in   cs us sy id wa st
 0  0      0 4512300  52948 1709868    0    0     0     6 12976 22620 41 15 41  3  0	
 4  0      0 4512036  52948 1709880    0    0     0     5 13268 22197 41 18 39  1  0	
 2  0      0 4512508  52948 1709888    0    0     0     6 13226 22913 42 16 41  2  0	
 0  0      0 4512260  52948 1709896    0    0     0     0 13031 23111 41 17 42  0  0	
 4  0      0 4511488  52948 1709904    0    0     0    12 13560 22777 43 21 32  4  0	
 4  0      0 4512116  52948 1709912    0    0     0    16 12975 22224 39 16 44  1  0	
 0  0      0 4512040  52948 1709904    0    0     0     9 13077 23404 40 16 43  2  0	
 4  0      0 4511996  52948 1709908    0    0     0     5 13153 22151 39 17 42  1  0	
 4  0      0 4512260  52948 1709920    0    0     0     6 12961 21837 39 15 44  2  0	
 2  0      0 4512260  52948 1709928    0    0     0     4 12731 21977 40 15 44  0  0	
 2  0      0 4512524  52948 1709936    0    0     0     1 13661 23279 40 17 41  1  0	
 0  0      0 4512004  52948 1709940    0    0     0    14 12880 21710 39 16 44  1  0	
 2  0      0 4512152  52948 1709956    0    0     0     9 13005 22374 40 15 44  2  0	
 2  0      0 4511996  52948 1709964    0    0     0     7 12993 21563 38 17 43  1  0	
 0  1      0 4512400  52948 1709972    0    0     0     6 13281 23764 41 17 40  2  0	
 3  0      0 4512508  52948 1709980    0    0     0     5 12752 22283 39 15 44  2  0	
 4  0      0 4512168  52948 1709988    0    0     0     0 13494 22698 40 16 44  0  0	
 4  0      0 4512524  52948 1710004    0    0     0    14 13223 22849 41 16 41  1  0	
 4  0      0 4512284  52948 1710016    0    0     0     9 12938 22926 40 15 44  1  0	
 6  0      0 4509624  52948 1710020    0    0     0    10 13045 21855 39 17 42  1  0	
 5  0      0 4511728  52948 1710032    0    0     0     6 12775 22128 42 19 37  2  0	
procs -----------memory---------- ---swap-- -----io---- --system-- -----cpu-----
 r  b   swpd   free   buff  cache   si   so    bi    bo   in   cs us sy id wa st
 4  0      0 4512040  52948 1710020    0    0     0     6 13029 23390 42 18 37  4  0	
 6  0      0 4476664  52948 1710028    0    0     0     0 12988 22588 41 17 42  0  0	
 5  0      0 4512136  52948 1710032    0    0     0    14 13381 22385 41 17 41  1  0	
 6  0      0 4512144  52948 1710040    0    0     0     9 12864 22803 40 15 43  2  0	
 4  0      0 4512044  52948 1710052    0    0     0     5 12889 22147 40 15 44  1  0	
 1  0      0 4512292  52948 1710064    0    0     0    10 13555 23440 42 20 36  2  0	
 2  0      0 4512168  52948 1710072    0    0     0     6 12670 21778 38 15 46  2  0	
 0  0      0 4511920  52948 1710080    0    0     0     4 13024 22911 41 16 43  0  0	
 2  0      0 4512184  52948 1710100    0    0     0     9 13326 22133 40 17 41  2  0	
 0  0      0 4511936  52948 1710108    0    0     0     7 12487 21923 38 15 45  1  0	
 3  0      0 4511060  52948 1710120    0    0     0     4 12938 22031 39 15 45  1  0	
 5  0      0 4511920  52948 1710124    0    0     0     6 13414 22679 42 18 40  0  0	
 2  0      0 4512192  52948 1710132    0    0     0    10 12855 21829 39 16 44  2  0	
 0  0      0 4512192  52948 1710140    0    0     0     6 12981 22838 41 15 42  2  0	
 6  0      0 4511716  52948 1710152    0    0     0    16 13292 21977 43 21 34  3  0	
 4  0      0 4511772  52948 1710156    0    0     0     6 13143 23155 40 15 43  2  0	
 1  0      0 4511888  52948 1710148    0    0     0     0 12850 22125 40 15 44  2  0	
 2  0      0 4511664  52948 1710164    0    0     0     6 13545 23230 41 19 39  1  0	
 1  0      0 4511672  52948 1710172    0    0     0     7 13053 22518 41 16 43  1  0	
 1  0      0 4511920  52948 1710180    0    0     0    11 12685 22150 40 16 42  2  0	
 0  0      0 4512176  52948 1710196    0    0     0    16 13525 22113 40 18 42  1  0	
procs -----------memory---------- ---swap-- -----io---- --system-- -----cpu-----
 r  b   swpd   free   buff  cache   si   so    bi    bo   in   cs us sy id wa st
 2  0      0 4511804  52948 1710208    0    0     0     6 12889 22238 38 16 42  4  0	
 8  0      0 4511812  52948 1710220    0    0     0     6 13059 23114 40 15 44  1  0	
 0  0      0 4511812  52948 1710228    0    0     0     0 13504 22143 41 18 41  0  0	
 3  0      0 4511920  52948 1710240    0    0     0     6 12831 23177 41 16 42  1  0	
 3  0      0 4511796  52948 1710248    0    0     0     9 12801 23124 42 16 42  1  0	
 6  0      0 4511920  52948 1710256    0    0     0    23 13384 22046 39 17 40  4  0	
 1  0      0 4511672  52948 1710264    0    0     0     6 13070 23134 43 16 37  4  0	
 1  0      0 4512060  52948 1710268    0    0     0     5 12905 22295 41 15 43  1  0	
 1  0      0 4511924  52948 1710284    0    0     0     0 13266 22907 45 23 32  0  0	
 1  0      0 4511460  52948 1710292    0    0     0     9 13182 22810 42 15 41  2  0	
 1  0      0 4511608  52948 1710280    0    0     0     7 12842 23017 41 16 42  1  0	
 1  0      0 4511640  52948 1710300    0    0     0    14 13409 22179 40 19 40  2  0	
 3  0      0 4511648  52948 1710308    0    0     0    10 12846 23009 42 16 40  2  0	
 2  0      0 4511788  52948 1710316    0    0     0     6 12833 21758 39 15 44  2  0	
 8  0      0 4511508  52948 1710324    0    0     0     6 13333 22730 41 19 38  2  0	
 4  0      0 4511912  52948 1710332    0    0     0     0 12672 22109 39 15 46  0  0	
 1  1      0 4511548  52948 1710336    0    0     0     6 12873 22281 40 16 44  1  0	
 2  0      0 4511796  52948 1710348    0    0     0    14 13541 22736 42 18 39  2  0	
 2  0      0 4511788  52948 1710352    0    0     0     8 12797 22328 39 16 44  1  0	
 2  0      0 4511788  52948 1710368    0    0     0     8 12847 22567 40 15 44  1  0	
 2  0      0 4511664  52948 1710380    0    0     0     5 13486 22472 41 18 40  1  0	
procs -----------memory---------- ---swap-- -----io---- --system-- -----cpu-----
 r  b   swpd   free   buff  cache   si   so    bi    bo   in   cs us sy id wa st
 5  0      0 4511804  52948 1710388    0    0     0     0 12793 22312 39 16 43  3  0	
 1  0      0 4511936  52948 1710396    0    0     0    10 13556 23976 40 16 43  1  0	
 2  1      0 4510460  52948 1710404    0    0     0    18 13499 22170 42 20 36  2  0	
 2  0      0 4511584  52948 1710416    0    0     0     2 13307 23655 42 17 41  0  0	
 2  0      0 4511360  52948 1710400    0    0     0     6 13109 22974 40 16 42  2  0	
 2  0      0 4511772  52948 1710404    0    0     0    10 13692 22353 41 19 39  1  0	
 0  0      0 4511912  52948 1710416    0    0     0     6 13002 22444 39 15 45  1  0	
 6  0      0 4511928  52948 1710420    0    0     0     5 12801 22306 40 16 43  1  0	
 2  0      0 4511564  52948 1710428    0    0     0    18 13405 21905 40 17 41  2  0	
 0  1      0 4511820  52948 1710436    0    0     0     5 13153 22860 41 16 42  1  0	
 2  0      0 4511308  52948 1710448    0    0     0     2 13168 23038 42 16 42  1  0	
 0  0      0 4511580  52948 1710456    0    0     0     5 13393 22178 41 18 40  1  0	
 3  0      0 4511704  52948 1710464    0    0     0     9 13032 23336 40 17 42  1  0	
 2  0      0 4511704  52948 1710472    0    0     0     6 12862 22556 39 15 44  2  0	
 1  0      0 4511696  52948 1710492    0    0     0    16 13697 23007 41 18 37  3  0	
 0  0      0 4511572  52948 1710504    0    0     0     6 12796 22248 39 15 44  1  0	
 3  0      0 4511572  52948 1710516    0    0     0     8 12881 22475 40 15 43  1  0	
 3  0      0 4511828  52948 1710520    0    0     0     5 13451 22445 39 18 42  1  0	
 7  0      0 4511628  52948 1710532    0    0     0     0 12863 22643 43 20 36  0  0	
 1  0      0 4511692  52948 1710544    0    0     0    10 13113 22918 42 16 41  1  0	
 0  0      0 4511344  52948 1710528    0    0     0    12 13721 22877 41 18 40  0  0	
procs -----------memory---------- ---swap-- -----io---- --system-- -----cpu-----
 r  b   swpd   free   buff  cache   si   so    bi    bo   in   cs us sy id wa st
 1  0      0 4511408  52948 1710536    0    0     0     6 13056 22540 40 16 43  1  0	
 0  0      0 4511532  52948 1710548    0    0     0     7 12970 22269 39 15 46  0  0	
 3  0      0 4511548  52948 1710560    0    0     0     5 13055 22253 40 17 42  0  0	
 0  1      0 4511508  52948 1710564    0    0     0    10 12972 22711 41 17 41  1  0	
 0  0      0 4511408  52948 1710576    0    0     0     0 12973 23449 42 16 42  0  0	
 1  0      0 4511044  52948 1710592    0    0     0    20 13600 22438 41 18 39  3  0	
 2  0      0 4511416  52948 1710604    0    0     0     8 12931 22418 39 16 42  3  0	
 1  0      0 4511260  52948 1710612    0    0     0     5 13153 22982 40 16 43  1  0	
 1  0      0 4511384  52948 1710620    0    0     0     5 13530 23521 41 19 39  1  0	
 3  0      0 4511664  52948 1710624    0    0     0     8 13014 22607 40 16 44  0  0	
 1  0      0 4511424  52948 1710632    0    0     0     6 13040 22759 41 16 40  3  0	
 0  1      0 4511160  52948 1710640    0    0     0    17 13170 21945 40 18 41  1  0	
 3  0      0 4511264  52948 1710652    0    0     0     5 13343 23633 44 19 36  1  0	
 6  0      0 4511388  52948 1710664    0    0     0     6 12953 22598 41 14 43  2  0	
 1  0      0 4511188  52948 1710656    0    0     0     6 13191 22746 40 18 39  2  0	
 2  0      0 4511460  52948 1710660    0    0     0     9 13267 22859 41 17 41  1  0	
 1  0      0 4511244  52948 1710668    0    0     0     9 12867 22572 39 16 44  1  0	
 4  0      0 4511028  52948 1710688    0    0     0    17 13155 21939 41 17 40  2  0	
 9  1      0 4511176  52948 1710700    0    0     0     5 12891 21660 40 15 44  1  0	
 1  0      0 4511300  52948 1710704    0    0     0    10 12913 22575 40 16 41  3  0	
10  0      0 4464632  52948 1710712    0    0     0     1 12744 21476 38 18 44  0  0	
procs -----------memory---------- ---swap-- -----io---- --system-- -----cpu-----
 r  b   swpd   free   buff  cache   si   so    bi    bo   in   cs us sy id wa st
 1  0      0 4511556  52948 1710720    0    0     0     5 13233 22004 41 15 42  2  0	
 1  0      0 4511540  52948 1710724    0    0     0     5 12634 21963 39 15 45  1  0	
 5  0      0 4511308  52948 1710736    0    0     0    17 13091 23101 40 17 41  3  0	
 0  0      0 4511168  52948 1710740    0    0     0     6 13372 22177 40 17 41  2  0	
 2  0      0 4511440  52948 1710752    0    0     0     6 12766 22660 40 16 43  1  0	
 3  0      0 4511176  52948 1710760    0    0     0     7 12778 21913 41 16 42  1  0	
 1  0      0 4511672  52948 1710772    0    0     0     1 13524 23433 40 18 40  1  0	
 3  0      0 4511180  52948 1710784    0    0     0     6 12741 22441 43 19 36  1  0	
 2  0      0 4511012  52948 1710792    0    0     0    14 13068 22641 41 16 40  4  0	
 5  0      0 4511336  52948 1710788    0    0     0     9 13390 22188 39 17 42  1  0	
 2  0      0 4511036  52948 1710796    0    0     0     5 13267 23366 40 15 43  1  0	
 1  0      0 4511052  52948 1710804    0    0     0     4 12903 22093 40 16 43  1  0	
 0  0      0 4511300  52948 1710812    0    0     0     4 13471 23041 42 17 41  0  0	
 0  0      0 4511300  52948 1710816    0    0     0     6 12699 21910 40 15 44  1  0	
 0  0      0 4511424  52948 1710824    0    0     0    17 13064 23484 41 17 41  1  0	
 5  0      0 4511300  52948 1710832    0    0     0     8 13414 22515 41 17 40  3  0	
 1  0      0 4511424  52948 1710844    0    0     0     6 12892 22416 39 16 44  1  0	
 0  0      0 4510936  52948 1710848    0    0     0     5 12969 22074 39 16 41  4  0	
 1  0      0 4511772  52948 1710860    0    0     0     7 13608 23254 41 19 38  2  0	
 4  0      0 4511416  52948 1710868    0    0     0     5 13220 22927 41 16 43  0  0	
