procs -----------memory---------- ---swap-- -----io---- --system-- -----cpu-----
 r  b   swpd   free   buff  cache   si   so    bi    bo   in   cs us sy id wa st
 3  0      0 4445644  52796 1705988    0    0     0     1    6   11 33 14 53  1  0	
 1  0      0 4443784  52796 1706032    0    0     0     0 12692 22181 40 18 42  0  0	
 1  0      0 4443544  52796 1706036    0    0     0    10 12554 22054 39 15 46  0  0	
 1  0      0 4443932  52796 1706048    0    0     0     3 13132 22661 41 18 41  0  0	
 1  0      0 4443808  52796 1706056    0    0     0     3 12752 22602 40 16 42  2  0	
 0  0      0 4443808  52796 1706060    0    0     0     3 12474 22239 39 16 45  0  0	
 4  0      0 4443436  52796 1706068    0    0     0     3 12967 22075 40 17 44  0  0	
 1  0      0 4443552  52796 1706076    0    0     0    19 12414 21921 39 16 45  0  0	
 3  0      0 4443808  52796 1706084    0    0     0     7 12600 22155 38 15 46  1  0	
 5  0      0 4443036  52796 1706092    0    0     0     6 12965 22024 43 20 36  1  0	
 0  0      0 4443284  52796 1706084    0    0     0     6 12937 22617 41 16 41  1  0	
 0  0      0 4443456  52796 1706092    0    0     0     5 12830 22482 40 16 42  1  0	
 1  0      0 4443380  52796 1706100    0    0     0     5 13312 22735 40 18 41  1  0	
 4  0      0 4443404  52796 1706124    0    0     0    14 12550 22380 39 16 44  1  0	
 3  0      0 4443420  52796 1706132    0    0     0     9 12796 22678 39 15 44  1  0	
 0  0      0 4443668  52796 1706140    0    0     0    10 13106 22298 40 18 41  1  0	
 0  0      0 4443644  52796 1706148    0    0     0     6 12733 22252 39 16 44  1  0	
 1  0      0 4443180  52796 1706160    0    0     0     6 12899 22363 39 16 42  2  0	
 6  0      0 4443676  52796 1706168    0    0     0     5 12891 22342 40 17 43  0  0	
 9  0      0 4443676  52796 1706176    0    0     0    10 12848 21982 41 16 41  1  0	
 3  0      0 4443676  52796 1706184    0    0     0     9 12571 21962 39 15 45  1  0	
procs -----------memory---------- ---swap-- -----io---- --system-- -----cpu-----
 r  b   swpd   free   buff  cache   si   so    bi    bo   in   cs us sy id wa st
 0  0      0 4443536  52796 1706196    0    0     0     7 13121 23254 42 17 37  3  0	
 2  0      0 4443676  52796 1706204    0    0     0    10 12805 22262 39 16 45  1  0	
 5  0      0 4443304  52796 1706216    0    0     0     6 12540 22476 39 16 45  1  0	
 6  0      0 4371196  52796 1706224    0    0     0     6 13297 22829 43 20 36  1  0	
 3  0      0 4443392  52796 1706216    0    0     0    17 12938 23251 42 18 37  3  0	
 1  0      0 4443456  52796 1706224    0    0     0     6 12723 21916 39 14 46  1  0	
 1  0      0 4443024  52796 1706236    0    0     0     2 12590 22308 40 15 45  0  0	
 1  0      0 4443520  52796 1706240    0    0     0     6 13233 21980 41 18 41  1  0	
 1  0      0 4443156  52796 1706252    0    0     0     9 12491 21995 41 16 42  1  0	
 2  0      0 4443156  52796 1706256    0    0     0     6 12693 22676 40 15 44  1  0	
 2  1      0 4443404  52796 1706264    0    0     0    15 13025 22202 39 19 40  2  0	
 1  0      0 4443156  52796 1706272    0    0     0     6 12826 22283 40 15 42  2  0	
 7  0      0 4443280  52796 1706284    0    0     0     2 12722 22423 41 15 44  0  0	
 6  0      0 4443156  52796 1706288    0    0     0     4 13222 22614 41 18 41  0  0	
 1  0      0 4443148  52796 1706300    0    0     0     5 12917 23108 41 16 42  1  0	
 4  0      0 4443528  52796 1706312    0    0     0     8 12555 22321 37 16 46  1  0	
 6  0      0 4443520  52796 1706328    0    0     0    13 13343 23234 42 20 37  1  0	
 2  0      0 4443404  52796 1706332    0    0     0     8 12565 22398 40 14 44  2  0	
 3  0      0 4443296  52796 1706340    0    0     0     4 12893 22947 40 16 44  0  0	
 0  0      0 4442912  52796 1706356    0    0     0     1 13288 22789 44 21 35  0  0	
 0  0      0 4443380  52796 1706344    0    0     0     6 12908 23445 40 16 43  1  0	
procs -----------memory---------- ---swap-- -----io---- --system-- -----cpu-----
 r  b   swpd   free   buff  cache   si   so    bi    bo   in   cs us sy id wa st
 7  0      0 4443280  52796 1706352    0    0     0     6 12991 23087 41 15 42  2  0	
 2  0      0 4443280  52796 1706360    0    0     0    18 13120 22489 39 18 42  1  0	
 7  0      0 4443536  52796 1706368    0    0     0     7 12667 22817 40 15 44  1  0	
 1  0      0 4443172  52796 1706380    0    0     0     6 12595 23081 40 16 44  0  0	
 3  0      0 4443296  52796 1706388    0    0     0     5 13200 22760 42 18 40  1  0	
 1  0      0 4443048  52796 1706396    0    0     0     9 12480 22476 40 15 45  1  0	
 7  0      0 4443428  52796 1706408    0    0     0     1 12627 22096 38 15 46  1  0	
 6  0      0 4443396  52796 1706424    0    0     0    15 13013 22277 42 20 38  1  0	
 3  0      0 4442660  52796 1706432    0    0     0    15 12763 22667 40 16 43  1  0	
 2  0      0 4442784  52796 1706444    0    0     0     6 12631 22411 40 15 43  1  0	
 2  0      0 4443008  52796 1706452    0    0     0     6 12932 22628 40 19 39  3  0	
 1  0      0 4442776  52796 1706460    0    0     0     7 12707 23009 41 15 43  1  0	
 4  0      0 4442652  52796 1706468    0    0     0     6 12756 22983 41 16 42  1  0	
 4  0      0 4442764  52796 1706480    0    0     0    18 12852 22226 44 22 33  2  0	
 1  1      0 4442764  52796 1706464    0    0     0     0 12965 23498 40 15 43  1  0	
 0  0      0 4442960  52796 1706476    0    0     0     8 12911 22344 41 16 43  1  0	
 1  0      0 4443156  52796 1706484    0    0     0     6 13384 22267 41 18 39  2  0	
 1  0      0 4442900  52796 1706496    0    0     0     6 12829 22668 40 16 43  1  0	
 5  0      0 4442900  52796 1706504    0    0     0     6 12628 22422 41 15 43  1  0	
 0  0      0 4442992  52796 1706524    0    0     0    15 12806 23064 43 21 35  2  0	
 4  0      0 4443008  52796 1706528    0    0     0    11 12530 22459 40 15 43  2  0	
procs -----------memory---------- ---swap-- -----io---- --system-- -----cpu-----
 r  b   swpd   free   buff  cache   si   so    bi    bo   in   cs us sy id wa st
 4  0      0 4443032  52796 1706540    0    0     0     6 12446 22646 39 15 45  1  0	
 5  0      0 4443288  52796 1706548    0    0     0    10 13343 22560 41 18 39  1  0	
 3  0      0 4443180  52796 1706552    0    0     0     6 12905 22864 40 16 43  1  0	
 1  0      0 4443056  52796 1706560    0    0     0     1 12803 22200 38 15 47  0  0	
 2  0      0 4442932  52796 1706568    0    0     0    13 13519 23112 42 19 39  0  0	
 2  0      0 4442932  52796 1706576    0    0     0     8 12821 23184 40 16 43  1  0	
 6  0      0 4442800  52796 1706580    0    0     0     5 12639 23419 41 17 40  2  0	
 5  0      0 4442552  52796 1706592    0    0     0     6 12791 22182 40 18 42  0  0	
 2  0      0 4442656  52796 1706612    0    0     0     7 12605 22956 43 18 38  1  0	
 1  0      0 4442540  52796 1706600    0    0     0     0 12524 22077 38 14 48  0  0	
 1  0      0 4443448  52800 1706620    0    0     0    14 12799 22287 42 19 37  2  0	
 0  0      0 4442884  52800 1706628    0    0     0    12 12873 22666 39 14 45  1  0	
 1  0      0 4442768  52800 1706636    0    0     0     8 13079 23416 41 16 41  2  0	
 0  0      0 4442652  52800 1706644    0    0     0     6 13125 22265 40 17 42  1  0	
 0  0      0 4442776  52800 1706656    0    0     0     6 12733 23425 40 16 42  1  0	
 5  0      0 4442900  52800 1706664    0    0     0    12 12491 22085 39 15 46  1  0	
 5  1      0 4443032  52800 1706672    0    0     0    16 13082 22158 42 19 38  2  0	
 2  0      0 4443032  52800 1706680    0    0     0     0 12812 22195 40 14 44  2  0	
 2  0      0 4442768  52800 1706688    0    0     0     5 12714 22807 41 16 42  0  0	
 3  0      0 4442520  52800 1706696    0    0     0     6 13120 22600 41 17 38  4  0	
 2  0      0 4442776  52800 1706704    0    0     0     5 13049 22478 41 16 43  0  0	
procs -----------memory---------- ---swap-- -----io---- --system-- -----cpu-----
 r  b   swpd   free   buff  cache   si   so    bi    bo   in   cs us sy id wa st
 3  0      0 4443040  52800 1706712    0    0     0     6 12691 22970 41 15 42  2  0	
10  0      0 4442892  52800 1706720    0    0     0    16 12833 22182 41 18 40  1  0	
 2  0      0 4442580  52800 1706736    0    0     0     9 12781 23580 43 20 36  1  0	
 3  0      0 4442928  52800 1706724    0    0     0     4 12451 22594 40 16 43  1  0	
 6  0      0 4442332  52800 1706728    0    0     0     7 12975 23088 40 18 40  2  0	
 1  1      0 4442140  52800 1706744    0    0     0     6 13201 22268 40 16 44  0  0	
 2  1      0 4442412  52800 1706748    0    0     0     5 13230 23501 39 15 43  2  0	
 4  0      0 4442156  52800 1706756    0    0     0     9 13161 22917 42 18 40  0  0	
 3  0      0 4442784  52800 1706764    0    0     0    12 12778 23373 42 16 42  0  0	
12  0      0 4442932  52800 1706776    0    0     0     6 12613 22203 40 15 44  1  0	
 4  0      0 4442436  52800 1706780    0    0     0     8 12818 22809 40 16 42  2  0	
 0  0      0 4442684  52800 1706788    0    0     0     5 13158 21870 40 17 42  0  0	
 1  1      0 4442932  52800 1706800    0    0     0     6 12702 22805 39 15 44  1  0	
 2  1      0 4442932  52800 1706816    0    0     0    16 12805 22437 41 15 41  2  0	
 2  0      0 4442876  52800 1706828    0    0     0     0 13021 22425 41 18 41  0  0	
 4  0      0 4442760  52800 1706836    0    0     0    12 12695 22007 39 15 43  2  0	
 4  0      0 4442496  52800 1706844    0    0     0     5 12799 22645 40 17 43  0  0	
 0  0      0 4442276  52800 1706856    0    0     0     5 12693 22210 43 20 36  1  0	
 1  0      0 4442400  52800 1706844    0    0     0     6 12995 24002 39 16 45  0  0	
 2  0      0 4442448  52800 1706848    0    0     0    15 12520 21967 39 17 40  4  0	
 3  0      0 4442844  52800 1706856    0    0     0     8 13371 22222 40 18 41  1  0	
procs -----------memory---------- ---swap-- -----io---- --system-- -----cpu-----
 r  b   swpd   free   buff  cache   si   so    bi    bo   in   cs us sy id wa st
 0  0      0 4442744  52800 1706868    0    0     0     5 12769 22196 40 15 43  2  0	
 4  0      0 4442248  52800 1706876    0    0     0    10 12775 22742 39 16 45  1  0	
 1  0      0 4442388  52800 1706884    0    0     0     0 13178 21880 40 17 43  0  0	
 3  0      0 4442760  52800 1706900    0    0     0     6 12518 22559 40 15 44  1  0	
 2  0      0 4442752  52800 1706916    0    0     0    15 12587 22161 40 16 43  1  0	
 5  0      0 4442768  52800 1706920    0    0     0     7 13234 22557 41 19 40  0  0	
 2  0      0 4442768  52800 1706936    0    0     0     6 12614 22350 40 16 43  1  0	
 2  0      0 4442396  52800 1706940    0    0     0     5 12677 22585 40 16 42  1  0	
 0  0      0 4442908  52800 1706948    0    0     0    11 13114 21895 39 18 42  1  0	
 0  0      0 4442412  52800 1706956    0    0     0     1 12687 21986 38 16 46  0  0	
 1  0      0 4442660  52800 1706964    0    0     0    14 12727 22291 40 16 43  1  0	
 6  0      0 4441860  52800 1706968    0    0     0     8 13176 21979 41 19 40  1  0	
 2  0      0 4442524  52800 1706960    0    0     0     5 12727 23556 44 18 37  1  0	
 4  0      0 4442028  52800 1706968    0    0     0     6 13083 23809 42 17 39  2  0	
 0  0      0 4442612  52800 1706976    0    0     0     6 13037 22090 40 17 42  1  0	
 0  0      0 4442372  52800 1706988    0    0     0     3 12647 22776 40 15 44  1  0	
 0  0      0 4442116  52800 1707008    0    0     0    14 12551 23148 42 17 40  1  0	
 4  0      0 4442628  52800 1707012    0    0     0    10 13236 22834 41 19 38  2  0	
 1  0      0 4442644  52800 1707024    0    0     0     9 12756 22295 41 15 43  1  0	
 2  0      0 4442364  52800 1707036    0    0     0     6 12758 23166 40 16 41  3  0	
 4  0      0 4442908  52800 1707044    0    0     0     5 13037 22025 41 17 42  1  0	
procs -----------memory---------- ---swap-- -----io---- --system-- -----cpu-----
 r  b   swpd   free   buff  cache   si   so    bi    bo   in   cs us sy id wa st
 2  0      0 4442536  52800 1707048    0    0     0     8 12614 22859 40 16 43  1  0	
 6  0      0 4442544  52800 1707060    0    0     0    21 12406 21577 38 15 44  2  0	
 3  0      0 4442536  52800 1707064    0    0     0     1 13131 22561 41 17 42  0  0	
 3  0      0 4442552  52800 1707076    0    0     0     5 12923 22606 41 16 43  0  0	
 0  0      0 4442428  52800 1707088    0    0     0     6 12789 22932 41 15 43  1  0	
 3  0      0 4442428  52800 1707096    0    0     0     7 13575 22262 41 18 40  2  0	
 0  1      0 4442588  52800 1707104    0    0     0     6 12445 22382 42 18 38  1  0	
 0  0      0 4442372  52800 1707096    0    0     0    16 12541 22190 39 15 45  1  0	
 1  1      0 4442892  52800 1707104    0    0     0     9 12862 22799 41 19 39  1  0	
 2  0      0 4442520  52800 1707112    0    0     0     1 12635 22316 40 16 44  1  0	
 0  0      0 4442660  52800 1707120    0    0     0     6 12672 22728 39 16 44  1  0	
 4  0      0 4442412  52800 1707128    0    0     0     7 13335 22908 42 18 37  3  0	
 2  0      0 4442412  52800 1707136    0    0     0     6 12590 22130 39 15 45  1  0	
 4  0      0 4442536  52800 1707144    0    0     0    16 12739 22878 39 15 43  3  0	
 4  0      0 4442536  52800 1707152    0    0     0     6 13095 23080 41 19 39  1  0	
 2  0      0 4442412  52800 1707160    0    0     0     9 12729 22364 41 16 42  1  0	
 3  0      0 4442164  52800 1707172    0    0     0     6 12716 23004 41 15 43  1  0	
 2  0      0 4442412  52800 1707180    0    0     0     4 13124 23099 44 19 38  0  0	
 6  0      0 4442412  52800 1707192    0    0     0     5 12697 22335 41 15 43  1  0	
 0  0      0 4442412  52800 1707208    0    0     0    14 12708 22151 39 15 44  2  0	
 3  0      0 4442644  52800 1707216    0    0     0     1 13074 22052 39 19 41  0  0	
procs -----------memory---------- ---swap-- -----io---- --system-- -----cpu-----
 r  b   swpd   free   buff  cache   si   so    bi    bo   in   cs us sy id wa st
 5  0      0 4442544  52800 1707224    0    0     0    10 12989 22745 41 15 43  1  0	
 9  0      0 4442168  52800 1707228    0    0     0    10 12521 22585 42 19 38  1  0	
 2  0      0 4442192  52800 1707224    0    0     0     5 13124 22945 41 18 40  1  0	
 6  0      0 4442372  52800 1707228    0    0     0     9 12549 22293 41 16 42  1  0	
 1  0      0 4442304  52800 1707236    0    0     0    16 12304 21668 38 15 44  2  0	
 2  0      0 4442048  52800 1707244    0    0     0     1 12781 22127 39 18 43  0  0	
 1  0      0 4442312  52800 1707256    0    0     0     6 12971 22396 40 15 42  2  0	
 1  0      0 4442312  52800 1707260    0    0     0     5 12962 23223 42 16 41  1  0	
 3  0      0 4442056  52800 1707268    0    0     0     6 12833 22065 41 17 41  1  0	
 3  0      0 4442188  52800 1707280    0    0     0     9 12688 22345 40 16 43  1  0	
 1  0      0 4442188  52800 1707300    0    0     0    15 12511 22525 40 16 44  1  0	
 7  1      0 4442296  52800 1707308    0    0     0     4 13027 22649 41 18 40  1  0	
 0  0      0 4442288  52800 1707320    0    0     0     1 12894 22979 41 16 43  0  0	
 0  0      0 4442140  52800 1707328    0    0     0     6 12799 22829 41 16 40  3  0	
19  0      0 4417344  52800 1707336    0    0     0     4 13108 22945 41 17 41  0  0	
 0  0      0 4442172  52800 1707344    0    0     0     4 13765 22981 41 17 42  1  0	
 5  0      0 4442172  52800 1707352    0    0     0    18 12866 22544 41 15 43  1  0	
 8  0      0 4441872  52800 1707356    0    0     0     5 12627 23442 43 20 36  1  0	
 5  0      0 4441996  52800 1707356    0    0     0     5 13157 22495 40 17 42  1  0	
 5  0      0 4441968  52800 1707360    0    0     0     8 12606 22311 39 16 41  3  0	
 0  0      0 4442040  52800 1707364    0    0     0     0 12625 21668 39 16 45  0  0	
procs -----------memory---------- ---swap-- -----io---- --system-- -----cpu-----
 r  b   swpd   free   buff  cache   si   so    bi    bo   in   cs us sy id wa st
 0  0      0 4442164  52800 1707380    0    0     0     5 12991 22495 39 17 41  3  0	
 5  0      0 4442040  52800 1707396    0    0     0    15 12943 22889 41 16 43  1  0	
 0  0      0 4441924  52800 1707404    0    0     0    10 12939 22705 39 16 43  2  0	
12  0      0 4441544  52800 1707416    0    0     0     7 13270 22642 40 18 41  1  0	
 4  1      0 4441760  52800 1707424    0    0     0     6 12911 23512 41 16 42  2  0	
 0  0      0 4441800  52800 1707428    0    0     0     0 12560 22040 38 16 46  0  0	
 4  1      0 4442296  52800 1707440    0    0     0     9 13485 22914 39 18 41  1  0	
 2  0      0 4442180  52800 1707452    0    0     0    10 12583 22357 39 15 44  2  0	
 2  0      0 4442304  52800 1707460    0    0     0     6 12851 23028 41 16 42  1  0	
 1  0      0 4442420  52800 1707468    0    0     0    10 13362 21742 39 17 42  1  0	
 7  0      0 4442172  52800 1707476    0    0     0     7 12958 22741 41 16 43  0  0	
10  0      0 4439036  52800 1707488    0    0     0     8 12574 22545 43 19 37  1  0	
 1  0      0 4442076  52800 1707476    0    0     0     6 13162 22793 39 18 42  1  0	
 3  0      0 4441936  52800 1707496    0    0     0     9 12710 23406 41 17 40  2  0	
 3  0      0 4442240  52800 1707504    0    0     0     9 12416 22378 39 16 43  2  0	
 2  0      0 4442248  52800 1707516    0    0     0     8 13080 22374 41 18 38  2  0	
 0  0      0 4441908  52800 1707524    0    0     0     9 12740 22483 40 15 44  1  0	
 0  0      0 4442164  52800 1707528    0    0     0    14 12678 22332 39 15 44  1  0	
 8  0      0 4441916  52800 1707536    0    0     0     5 13488 22745 41 18 41  1  0	
 0  0      0 4441908  52800 1707544    0    0     0    16 12851 22664 40 15 44  1  0	
 3  0      0 4441908  52800 1707552    0    0     0     5 12788 22616 40 16 43  1  0	
procs -----------memory---------- ---swap-- -----io---- --system-- -----cpu-----
 r  b   swpd   free   buff  cache   si   so    bi    bo   in   cs us sy id wa st
 5  0      0 4441536  52800 1707560    0    0     0     6 13337 22522 40 17 42  1  0	
 3  0      0 4441908  52800 1707568    0    0     0     0 12457 21764 38 15 44  2  0	
 7  0      0 4442156  52800 1707576    0    0     0     6 12780 23352 41 16 42  0  0	
 4  0      0 4442156  52800 1707588    0    0     0     5 13281 22824 41 18 40  1  0	
 1  0      0 4442040  52800 1707592    0    0     0    18 12808 23118 40 15 43  2  0	
 3  0      0 4441916  52800 1707608    0    0     0     6 12619 22500 39 16 43  2  0	
 1  0      0 4440904  52800 1707612    0    0     0     6 13256 23599 44 22 33  1  0	
 5  0      0 4441276  52800 1707604    0    0     0     0 12777 23414 42 17 41  1  0	
 2  0      0 4441416  52800 1707612    0    0     0     6 12772 23214 41 17 42  0  0	
 9  0      0 4441504  52800 1707620    0    0     0     7 13004 21955 38 18 42  2  0	
 0  0      0 4441776  52800 1707624    0    0     0    14 12849 23500 42 16 41  1  0	
 5  0      0 4441800  52800 1707632    0    0     0    12 12857 22485 41 16 42  1  0	
 3  0      0 4442048  52800 1707644    0    0     0     6 13465 22522 40 19 40  1  0	
 5  0      0 4442048  52800 1707648    0    0     0     0 12789 22368 40 15 43  2  0	
 3  0      0 4442048  52800 1707660    0    0     0     6 12816 22464 40 16 43  1  0	
 2  0      0 4442048  52800 1707664    0    0     0     5 13351 22407 41 17 39  3  0	
 1  0      0 4441792  52800 1707688    0    0     0    14 12445 22692 39 16 44  2  0	
 1  1      0 4441800  52800 1707696    0    0     0     7 12592 21790 39 16 44  1  0	
 4  0      0 4442024  52800 1707708    0    0     0    10 13171 23418 41 19 39  2  0	
 1  0      0 4440768  52800 1707712    0    0     0     6 12723 22430 40 15 44  1  0	
 5  0      0 4441676  52800 1707720    0    0     0     5 12745 22570 40 16 42  1  0	
procs -----------memory---------- ---swap-- -----io---- --system-- -----cpu-----
 r  b   swpd   free   buff  cache   si   so    bi    bo   in   cs us sy id wa st
 2  0      0 4441552  52800 1707728    0    0     0     5 13391 22084 40 18 42  1  0	
 1  0      0 4441672  52800 1707740    0    0     0    17 12611 22459 42 19 37  2  0	
 0  0      0 4441852  52800 1707728    0    0     0     6 12936 23361 42 16 42  1  0	
 1  1      0 4441876  52800 1707744    0    0     0     5 13167 22390 39 18 42  1  0	
 5  0      0 4442024  52800 1707748    0    0     0     8 12997 22485 39 15 44  1  0	
 0  0      0 4441784  52800 1707752    0    0     0     0 12365 22311 39 16 44  0  0	
 6  0      0 4441668  52800 1707764    0    0     0     5 13381 22634 41 17 41  1  0	
 3  0      0 4441544  52800 1707784    0    0     0    14 12729 22205 40 16 42  2  0	
 2  0      0 4441428  52800 1707796    0    0     0     7 12893 22733 40 16 43  1  0	
 0  0      0 4442172  52800 1707808    0    0     0    10 13388 23612 42 19 39  1  0	
 6  0      0 4441932  52800 1707816    0    0     0     6 12702 22567 39 15 45  1  0	
 0  0      0 4441808  52800 1707820    0    0     0    11 12571 22538 41 15 43  1  0	
 3  0      0 4441932  52800 1707832    0    0     0     0 13114 22851 41 18 42  0  0	
 1  0      0 4441808  52800 1707836    0    0     0    14 12549 22535 40 15 42  3  0	
 3  0      0 4441568  52800 1707844    0    0     0     7 12631 21613 39 16 44  1  0	
 4  0      0 4441940  52800 1707852    0    0     0     6 13503 22637 41 18 40  1  0	
 7  0      0 4441316  52800 1707860    0    0     0     5 12785 22112 43 18 36  2  0	
 4  0      0 4441564  52800 1707848    0    0     0     6 12894 23804 42 16 41  1  0	
 7  0      0 4441768  52800 1707856    0    0     0     6 13001 22282 38 17 43  2  0	
 2  1      0 4441776  52800 1707880    0    0     0    16 13077 23270 41 17 40  1  0	
 0  0      0 4441676  52800 1707892    0    0     0     1 13005 23236 41 16 42  1  0	
procs -----------memory---------- ---swap-- -----io---- --system-- -----cpu-----
 r  b   swpd   free   buff  cache   si   so    bi    bo   in   cs us sy id wa st
 3  0      0 4441860  52800 1707904    0    0     0     6 13126 22796 40 19 40  1  0	
 1  0      0 4441692  52800 1707908    0    0     0     9 13306 22995 42 16 40  2  0	
 1  0      0 4441568  52800 1707916    0    0     0     8 12746 22684 41 15 43  1  0	
 6  0      0 4441444  52800 1707920    0    0     0     5 12777 21858 40 14 44  1  0	
 0  0      0 4441568  52800 1707932    0    0     0    14 13414 23198 41 18 40  1  0	
 6  0      0 4441692  52800 1707936    0    0     0     8 12842 23002 42 16 40  2  0	
 1  0      0 4441444  52800 1707948    0    0     0     6 12645 21971 40 15 44  1  0	
 4  0      0 4441692  52800 1707956    0    0     0     5 13124 22267 40 17 39  4  0	
 1  0      0 4441568  52800 1707964    0    0     0     6 12561 22319 40 16 42  1  0	
 1  0      0 4441692  52800 1707968    0    0     0     5 12928 22928 40 15 43  1  0	
 3  0      0 4440596  52800 1707980    0    0     0     9 13475 22982 42 21 36  0  0	
 0  0      0 4441300  52800 1707972    0    0     0    13 13031 23351 43 19 37  1  0	
 0  0      0 4441116  52800 1707984    0    0     0     6 12711 21980 40 16 42  2  0	
 0  0      0 4441488  52800 1707992    0    0     0     6 13299 23136 42 19 38  1  0	
 2  0      0 4441256  52800 1708000    0    0     0     8 12851 22725 42 17 40  1  0	
 2  0      0 4441264  52800 1708004    0    0     0     5 12573 22767 40 15 44  1  0	
 2  0      0 4441520  52800 1708016    0    0     0     9 13049 22540 41 18 39  2  0	
 1  0      0 4441520  52800 1708024    0    0     0     8 12801 22394 39 16 43  2  0	
 1  0      0 4441396  52800 1708036    0    0     0    10 12696 22277 40 16 41  3  0	
 0  0      0 4441644  52800 1708040    0    0     0     5 13438 22028 41 18 41  1  0	
 0  0      0 4441644  52800 1708052    0    0     0     5 12929 22897 41 16 42  1  0	
procs -----------memory---------- ---swap-- -----io---- --system-- -----cpu-----
 r  b   swpd   free   buff  cache   si   so    bi    bo   in   cs us sy id wa st
 1  0      0 4441396  52800 1708056    0    0     0     8 12472 22033 40 15 44  1  0	
 2  0      0 4441388  52800 1708076    0    0     0     9 13148 22413 40 18 40  2  0	
 2  0      0 4441264  52800 1708088    0    0     0     8 12817 23090 41 16 41  2  0	
 3  0      0 4441264  52800 1708092    0    0     0     5 12701 22478 40 16 44  1  0	
 0  0      0 4441348  52800 1708100    0    0     0    12 13249 23091 43 18 37  2  0	
 4  0      0 4440804  52800 1708108    0    0     0     5 12816 23722 45 20 34  1  0	
 5  0      0 4441060  52800 1708096    0    0     0     5 13081 22881 39 16 44  1  0	
 1  0      0 4441248  52800 1708100    0    0     0    17 13703 23329 42 19 38  1  0	
 2  0      0 4441404  52800 1708108    0    0     0     6 12716 22578 42 15 42  1  0	
 2  0      0 4441288  52800 1708120    0    0     0     0 12838 23005 41 15 43  0  0	
 8  0      0 4441420  52800 1708132    0    0     0     6 13112 22013 41 17 39  3  0	
 8  0      0 4441296  52800 1708140    0    0     0     4 12724 22768 40 16 43  1  0	
 1  0      0 4441544  52800 1708148    0    0     0     7 12878 22229 40 15 43  2  0	
 1  0      0 4441544  52800 1708172    0    0     0    16 13324 22640 40 17 41  2  0	
 2  0      0 4441428  52800 1708180    0    0     0     0 12960 22508 41 16 43  0  0	
 3  0      0 4440892  52800 1708200    0    0     0     4 12842 22920 41 16 43  0  0	
 3  0      0 4439628  52800 1708204    0    0     0     6 13300 23705 41 18 40  0  0	
 4  0      0 4439256  52800 1708208    0    0     0     6 12847 23279 41 16 40  3  0	
 3  0      0 4439512  52800 1708220    0    0     0     4 12647 22246 40 15 44  1  0	
 2  0      0 4439380  52800 1708224    0    0     0    19 12845 22269 41 18 38  2  0	
 7  0      0 4438968  52800 1708232    0    0     0    10 12793 22011 40 16 43  1  0	
procs -----------memory---------- ---swap-- -----io---- --system-- -----cpu-----
 r  b   swpd   free   buff  cache   si   so    bi    bo   in   cs us sy id wa st
 5  0      0 4439128  52800 1708220    0    0     0     6 12757 22849 43 19 38  1  0	
 0  0      0 4439176  52800 1708224    0    0     0     0 13484 22584 40 17 43  0  0	
 2  0      0 4439480  52800 1708232    0    0     0     5 12646 22259 40 17 40  3  0	
 2  0      0 4439620  52800 1708240    0    0     0     6 12770 22588 39 15 44  1  0	
 1  0      0 4439372  52800 1708264    0    0     0    15 13260 22765 41 18 37  4  0	
 0  0      0 4439264  52800 1708268    0    0     0    14 12532 21955 40 15 43  2  0	
 8  0      0 4439272  52800 1708280    0    0     0     6 12371 22741 41 15 43  1  0	
 4  0      0 4439636  52800 1708288    0    0     0     6 13003 22431 41 18 40  1  0	
 0  0      0 4439388  52800 1708296    0    0     0     0 12753 21915 39 17 45  0  0	
 6  0      0 4439388  52800 1708304    0    0     0     6 12880 22254 40 15 44  1  0	
 1  0      0 4439280  52800 1708316    0    0     0    14 13007 21505 39 18 42  1  0	
 3  0      0 4439404  52800 1708320    0    0     0     8 12959 23038 41 15 39  5  0	
 1  0      0 4439264  52800 1708332    0    0     0     9 12453 22101 40 17 41  2  0	
 5  0      0 4439140  52800 1708340    0    0     0     6 13292 22308 41 18 40  1  0	
 2  0      0 4439264  52800 1708348    0    0     0     1 12787 22399 40 16 44  0  0	
 1  0      0 4439096  52800 1708356    0    0     0     6 12682 22983 43 19 36  2  0	
 2  0      0 4430324  52800 1708348    0    0     0    14 13119 21815 40 18 42  1  0	
 6  0      0 4440416  52800 1708356    0    0     0    14 13777 24044 43 16 33  7  0	
 3  0      0 4413564  52800 1708364    0    0     0     6 13238 22033 41 16 42  1  0	
 0  0      0 4413712  52800 1708376    0    0     0     5 13119 22071 42 18 37  3  0	
 1  0      0 4413604  52800 1708380    0    0     0     9 13400 23711 43 16 41  1  0	
procs -----------memory---------- ---swap-- -----io---- --system-- -----cpu-----
 r  b   swpd   free   buff  cache   si   so    bi    bo   in   cs us sy id wa st
 3  0      0 4413504  52800 1708388    0    0     0     6 12942 22963 41 16 41  2  0	
 5  0      0 4394200  52800 1708396    0    0     0    16 13180 22544 40 16 42  1  0	
 5  0      0 4413256  52800 1708404    0    0     0     8 13462 22324 42 18 38  2  0	
 3  0      0 4413504  52800 1708412    0    0     0     5 13463 22758 42 16 41  1  0	
 1  0      0 4353504  52800 1708420    0    0     0     6 13511 23328 46 17 36  1  0	
 1  1      0 4406084  52800 1708432    0    0     0    11 14270 22359 43 19 35  3  0	
 1  0      0 4406100  52800 1708440    0    0     0     1 13290 23268 41 16 43  1  0	
 2  0      0 4406084  52800 1708464    0    0     0    18 12843 22577 40 16 41  2  0	
 4  0      0 4405820  52800 1708476    0    0     0    10 13535 22687 40 19 39  2  0	
 3  0      0 4405804  52800 1708484    0    0     0     5 12859 22080 39 16 43  2  0	
 1  0      0 4406348  52800 1708492    0    0     0     4 13114 22865 42 20 37  1  0	
 0  0      0 4405932  52800 1708480    0    0     0    11 13799 23731 42 19 38  1  0	
 2  0      0 4406072  52800 1708488    0    0     0     5 13245 23080 42 16 42  0  0	
 0  0      0 4406128  52800 1708496    0    0     0    15 12910 21322 38 15 45  3  0	
 3  0      0 4406284  52800 1708504    0    0     0     8 13649 22664 42 19 38  1  0	
 1  0      0 4406052  52800 1708516    0    0     0     7 12953 22202 40 15 43  2  0	
 1  0      0 4405928  52800 1708520    0    0     0     6 12946 22493 42 15 41  2  0	
 1  0      0 4405788  52800 1708532    0    0     0     6 13628 22855 41 19 39  1  0	
 1  0      0 4405928  52800 1708536    0    0     0     1 13107 23038 41 16 43  0  0	
 1  0      0 4405936  52800 1708556    0    0     0    18 13020 21583 40 15 41  4  0	
 4  0      0 4405548  52800 1708568    0    0     0     8 13667 22968 42 19 37  2  0	
procs -----------memory---------- ---swap-- -----io---- --system-- -----cpu-----
 r  b   swpd   free   buff  cache   si   so    bi    bo   in   cs us sy id wa st
 0  0      0 4405812  52800 1708580    0    0     0     5 13229 22243 39 15 45  1  0	
 1  0      0 4405664  52800 1708584    0    0     0     5 13099 23218 41 16 40  3  0	
 5  0      0 4404316  52800 1708600    0    0     0     1 13271 22733 40 18 42  0  0	
 2  0      0 4405812  52800 1708612    0    0     0     6 12832 21877 39 16 43  1  0	
 3  0      0 4405704  52800 1708620    0    0     0    14 13046 22558 40 16 42  1  0	
 3  0      0 4405800  52800 1708628    0    0     0    10 13088 22677 44 22 33  1  0	
11  0      0 4405816  52800 1708620    0    0     0     7 13200 22684 41 17 41  2  0	
 2  0      0 4405756  52800 1708624    0    0     0     5 13137 22437 39 16 44  2  0	
 2  0      0 4406052  52800 1708632    0    0     0     0 13881 21804 40 18 42  0  0	
 2  0      0 4406052  52800 1708640    0    0     0     5 12989 22310 41 16 42  1  0	
 0  0      0 4406076  52800 1708656    0    0     0    16 12902 22286 39 15 44  1  0	
 1  0      0 4406200  52800 1708668    0    0     0     9 13599 23319 41 18 39  2  0	
 5  0      0 4405680  52800 1708684    0    0     0     8 13031 22671 42 16 41  1  0	
 3  0      0 4405812  52800 1708692    0    0     0     6 13225 22867 40 16 41  3  0	
 2  0      0 4406084  52800 1708696    0    0     0     0 13623 22689 40 18 41  0  0	
 2  0      0 4405588  52800 1708708    0    0     0     7 13224 22794 40 16 43  1  0	
 0  0      0 4405580  52800 1708712    0    0     0    14 13285 22950 41 16 43  1  0	
 1  0      0 4405704  52800 1708720    0    0     0     9 13270 22119 38 17 43  1  0	
 2  0      0 4405704  52800 1708728    0    0     0     5 12928 21886 39 16 44  1  0	
 3  0      0 4406076  52800 1708736    0    0     0     9 12921 23285 41 17 39  3  0	
 1  0      0 4406096  52800 1708740    0    0     0     5 13602 22400 44 21 35  1  0	
procs -----------memory---------- ---swap-- -----io---- --system-- -----cpu-----
 r  b   swpd   free   buff  cache   si   so    bi    bo   in   cs us sy id wa st
 7  0      0 4405608  52800 1708732    0    0     0     5 13080 22973 40 17 43  0  0	
 4  0      0 4405804  52800 1708752    0    0     0    10 13885 23467 39 15 44  1  0	
 1  0      0 4405960  52800 1708760    0    0     0     6 13677 22223 42 19 39  0  0	
 3  0      0 4405680  52800 1708776    0    0     0     6 13093 23065 41 16 40  3  0	
 2  0      0 4405712  52800 1708784    0    0     0     6 12853 22089 40 15 44  1  0	
 2  0      0 4405572  52800 1708792    0    0     0    14 13515 23485 43 18 37  2  0	
 2  0      0 4405828  52800 1708800    0    0     0     6 12970 22977 41 16 42  1  0	
 2  0      0 4405704  52800 1708808    0    0     0    16 12965 22145 40 16 41  4  0	
 2  0      0 4405704  52800 1708812    0    0     0     6 13424 22520 42 18 39  1  0	
 3  0      0 4405828  52800 1708824    0    0     0     6 13096 22008 40 16 42  2  0	
 0  0      0 4405680  52800 1708832    0    0     0     0 12938 22328 40 15 45  0  0	
 1  0      0 4405464  52800 1708840    0    0     0     6 13741 22782 40 17 42  1  0	
 1  0      0 4406068  52800 1708844    0    0     0     5 12776 21882 40 17 42  1  0	
 0  0      0 4405340  52800 1708852    0    0     0    16 12883 22951 40 15 39  5  0	
 0  0      0 4405288  52800 1708864    0    0     0     7 13084 22329 42 22 36  0  0	
 3  0      0 4405320  52800 1708852    0    0     0     0 13312 23744 40 17 43  0  0	
 3  0      0 4405748  52800 1708864    0    0     0     6 13210 22052 40 15 43  1  0	
 2  0      0 4405540  52800 1708868    0    0     0     5 13332 23337 40 18 41  1  0	
 5  0      0 4405772  52800 1708880    0    0     0     8 13165 22462 41 16 42  1  0	
 3  0      0 4405680  52800 1708888    0    0     0    17 12999 22783 41 15 41  3  0	
 2  0      0 4405812  52800 1708896    0    0     0     8 13478 22744 42 18 40  1  0	
procs -----------memory---------- ---swap-- -----io---- --system-- -----cpu-----
 r  b   swpd   free   buff  cache   si   so    bi    bo   in   cs us sy id wa st
 2  2      0 4405812  52800 1708904    0    0     0     7 12932 22051 41 16 44  0  0	
 6  1      0 4405316  52800 1708912    0    0     0     6 13138 23006 39 16 42  3  0	
 0  0      0 4405828  52800 1708924    0    0     0     6 13683 22640 39 17 42  1  0	
 8  0      0 4405448  52800 1708928    0    0     0     0 13275 22157 40 16 44  0  0	
 0  0      0 4405400  52800 1708948    0    0     0    14 13127 22994 41 18 40  1  0	
 2  0      0 4405184  52800 1708960    0    0     0    10 13456 21455 38 17 42  3  0	
 2  0      0 4405580  52800 1708972    0    0     0    13 13310 21999 41 16 41  2  0	
 3  0      0 4405580  52800 1708976    0    0     0     4 13033 22607 40 15 42  3  0	
 3  0      0 4404572  52800 1708984    0    0     0     6 12949 22487 40 18 41  1  0	
 1  0      0 4405260  52800 1708976    0    0     0     6 12995 22740 44 19 34  3  0	
 3  0      0 4405144  52800 1708980    0    0     0    14 13019 23070 41 16 42  1  0	
10  0      0 4375960  52800 1708996    0    0     0     8 13425 22661 41 16 41  2  0	
 1  0      0 4405332  52800 1709000    0    0     0     6 13454 22185 39 18 41  2  0	
 2  0      0 4405348  52800 1709008    0    0     0     4 13106 21904 39 15 43  3  0	
 2  0      0 4405348  52800 1709016    0    0     0     4 13072 22900 40 16 43  0  0	
 3  0      0 4405596  52800 1709028    0    0     0     6 13592 22842 41 18 39  1  0	
 1  0      0 4405472  52800 1709044    0    0     0    14 12936 22630 39 16 43  2  0	
 3  0      0 4405472  52800 1709056    0    0     0     6 12806 21780 39 14 45  1  0	
 1  0      0 4405192  52800 1709068    0    0     0     5 13800 23535 41 20 39  1  0	
 0  0      0 4405340  52800 1709076    0    0     0     1 12929 21930 38 15 47  0  0	
 0  0      0 4405928  52800 1709080    0    0     0     7 13133 22530 39 17 41  4  0	
procs -----------memory---------- ---swap-- -----io---- --system-- -----cpu-----
 r  b   swpd   free   buff  cache   si   so    bi    bo   in   cs us sy id wa st
 0  0      0 4405556  52800 1709092    0    0     0     8 13704 22353 41 18 40  1  0	
 1  0      0 4405316  52800 1709096    0    0     0    14 13119 22580 40 16 42  3  0	
 1  0      0 4405696  52800 1709104    0    0     0     7 13019 22710 42 15 42  1  0	
 0  0      0 4404948  52800 1709116    0    0     0     6 13113 22464 44 22 34  0  0	
 1  0      0 4405072  52800 1709104    0    0     0     7 12750 22367 40 15 43  1  0	
 4  0      0 4405144  52800 1709108    0    0     0     6 13093 22864 42 16 42  1  0	
 2  0      0 4405160  52800 1709116    0    0     0     4 13644 22756 41 18 40  0  0	
 6  1      0 4405068  52800 1709136    0    0     0    14 13072 23029 41 16 40  3  0	
 1  0      0 4405076  52800 1709148    0    0     0     8 13127 22627 42 15 41  2  0	
 1  0      0 4405208  52800 1709160    0    0     0     6 13412 21305 40 18 40  1  0	
 0  0      0 4405340  52800 1709168    0    0     0     7 13024 22324 41 15 43  1  0	
 3  0      0 4405540  52800 1709176    0    0     0     6 12918 23247 42 16 41  1  0	
 3  0      0 4404952  52800 1709184    0    0     0     2 13597 23005 42 18 39  0  0	
 5  0      0 4405076  52800 1709192    0    0     0    22 12866 22043 40 16 42  2  0	
 3  0      0 4405580  52800 1709200    0    0     0     8 12938 21525 40 14 42  4  0	
 3  0      0 4405332  52800 1709212    0    0     0     6 13719 22759 41 19 39  1  0	
 6  0      0 4405456  52800 1709220    0    0     0     4 13048 21895 40 14 43  3  0	
 0  0      0 4405084  52800 1709228    0    0     0     0 12940 22066 39 15 45  0  0	
 1  0      0 4405208  52800 1709232    0    0     0     6 13449 22262 40 17 40  3  0	
 0  0      0 4405080  52800 1709248    0    0     0    12 12828 23058 43 19 38  0  0	
 0  0      0 4404888  52800 1709236    0    0     0    14 12940 23262 41 16 42  2  0	
procs -----------memory---------- ---swap-- -----io---- --system-- -----cpu-----
 r  b   swpd   free   buff  cache   si   so    bi    bo   in   cs us sy id wa st
 3  0      0 4405316  52800 1709244    0    0     0     6 13671 23024 39 20 39  2  0	
 1  1      0 4405324  52800 1709252    0    0     0     5 12983 22436 40 16 43  2  0	
 6  0      0 4405208  52800 1709264    0    0     0     2 13063 22011 38 16 45  1  0	
 0  0      0 4404952  52800 1709268    0    0     0     7 13411 22366 41 19 39  1  0	
 6  0      0 4404828  52800 1709276    0    0     0    17 13279 22454 42 16 39  3  0	
 0  0      0 4405332  52800 1709288    0    0     0     7 12742 22191 41 15 43  1  0	
 0  0      0 4405456  52800 1709292    0    0     0    11 13195 22549 40 18 41  1  0	
 5  0      0 4405456  52800 1709304    0    0     0     0 13098 22567 42 15 43  0  0	
 2  0      0 4405216  52800 1709312    0    0     0     6 13040 22718 41 15 43  1  0	
 1  0      0 4405340  52800 1709320    0    0     0     5 13298 22154 40 18 40  1  0	
 1  0      0 4404844  52800 1709340    0    0     0    13 13186 23301 41 16 41  2  0	
 4  0      0 4404844  52800 1709348    0    0     0     8 12958 22343 40 15 43  2  0	
 2  0      0 4404820  52800 1709352    0    0     0     8 13588 22369 40 19 40  2  0	
 6  0      0 4401916  52800 1709364    0    0     0     0 12922 22503 42 17 42  0  0	
 2  0      0 4404856  52800 1709356    0    0     0     8 12785 22678 40 17 42  1  0	
 2  0      0 4405276  52800 1709364    0    0     0     7 13172 22739 41 19 39  1  0	
 0  1      0 4405284  52800 1709368    0    0     0    15 12958 22801 41 15 41  3  0	
 0  0      0 4405168  52800 1709384    0    0     0     8 12953 22042 40 15 43  2  0	
 5  0      0 4404952  52800 1709388    0    0     0     6 13620 23180 42 18 38  1  0	
 4  0      0 4405076  52800 1709396    0    0     0     0 13212 22575 41 15 43  0  0	
 6  0      0 4404828  52800 1709404    0    0     0     5 13089 22720 41 16 42  1  0	
procs -----------memory---------- ---swap-- -----io---- --system-- -----cpu-----
 r  b   swpd   free   buff  cache   si   so    bi    bo   in   cs us sy id wa st
 1  0      0 4405208  52800 1709412    0    0     0    10 13304 22026 41 18 40  1  0	
 0  0      0 4405184  52800 1709428    0    0     0    16 13074 23040 41 18 40  1  0	
 3  0      0 4405060  52800 1709440    0    0     0     7 12889 22511 41 16 42  1  0	
 3  0      0 4405168  52800 1709448    0    0     0     6 13397 22571 41 19 39  1  0	
 4  0      0 4405308  52800 1709452    0    0     0     6 13198 22513 40 15 43  2  0	
 4  0      0 4405092  52800 1709472    0    0     0     0 13087 22389 40 16 44  0  0	
 1  0      0 4404712  52800 1709476    0    0     0     6 13378 22953 40 18 40  2  0	
 1  0      0 4404852  52800 1709484    0    0     0    16 13518 22845 40 16 43  0  0	
 2  0      0 4403716  52800 1709496    0    0     0     6 12691 22665 42 19 38  1  0	
 7  0      0 4404212  52800 1709484    0    0     0     5 13267 22828 39 19 41  1  0	
 0  0      0 4404904  52800 1709488    0    0     0     8 13164 22235 41 15 41  3  0	
 4  0      0 4405036  52800 1709496    0    0     0     1 12929 22556 40 15 45  0  0	
 4  0      0 4405068  52800 1709504    0    0     0     6 13007 22077 38 16 43  3  0	
 1  0      0 4404828  52800 1709524    0    0     0    14 13628 22708 40 18 41  1  0	
 3  0      0 4404704  52800 1709532    0    0     0    12 13273 23094 41 16 41  2  0	
 1  0      0 4404960  52800 1709544    0    0     0     6 13141 22546 41 17 42  1  0	
 1  0      0 4404836  52800 1709552    0    0     0     5 13833 22875 40 18 39  2  0	
 1  0      0 4404836  52800 1709568    0    0     0     6 12995 23410 41 16 42  1  0	
 2  0      0 4405084  52800 1709576    0    0     0    10 12968 22762 42 17 40  2  0	
 3  0      0 4404960  52800 1709584    0    0     0     8 13725 22645 41 19 39  0  0	
 1  0      0 4404960  52800 1709592    0    0     0     7 13060 22425 40 15 44  2  0	
procs -----------memory---------- ---swap-- -----io---- --system-- -----cpu-----
 r  b   swpd   free   buff  cache   si   so    bi    bo   in   cs us sy id wa st
 0  0      0 4405116  52800 1709600    0    0     0    10 13040 22286 41 17 42  1  0	
 1  1      0 4404744  52800 1709612    0    0     0     5 13661 22707 41 17 40  2  0	
 2  0      0 4404932  52800 1709620    0    0     0     7 13195 22608 43 19 37  1  0	
 2  0      0 4404684  52800 1709612    0    0     0     8 13052 23683 41 17 42  1  0	
 1  0      0 4404840  52800 1709628    0    0     0     9 13327 21569 39 17 42  2  0	
 1  0      0 4404912  52800 1709640    0    0     0     8 13155 22855 41 15 43  2  0	
 2  0      0 4404796  52800 1709648    0    0     0     5 13178 23699 43 18 37  2  0	
 3  0      0 4405084  52800 1709656    0    0     0    10 13702 22508 42 17 38  2  0	
 1  0      0 4404828  52800 1709660    0    0     0     5 13180 22565 41 16 41  2  0	
 0  0      0 4405356  52800 1709672    0    0     0     2 13265 22966 40 16 43  0  0	
 1  0      0 4404596  52800 1709680    0    0     0    18 13767 22490 41 19 38  2  0	
 1  0      0 4404992  52800 1709692    0    0     0     8 12767 22011 38 15 45  2  0	
 1  0      0 4404752  52800 1709696    0    0     0     5 12912 22219 39 16 44  2  0	
 2  0      0 4404628  52800 1709708    0    0     0     6 13486 23073 42 18 38  1  0	
 1  0      0 4404752  52800 1709712    0    0     0     5 13203 22719 41 16 42  1  0	
 3  0      0 4405132  52800 1709720    0    0     0    11 12971 22045 40 16 42  2  0	
 4  0      0 4405008  52800 1709728    0    0     0    15 13694 21632 38 17 41  3  0	
 8  0      0 4401756  52800 1709740    0    0     0     1 13010 22641 43 19 38  0  0	
 2  0      0 4404664  52800 1709724    0    0     0     6 13376 23622 41 16 42  1  0	
 5  0      0 4404720  52800 1709736    0    0     0     6 13264 21619 40 18 39  3  0	
 1  0      0 4404752  52800 1709744    0    0     0     5 12798 22166 39 15 44  1  0	
procs -----------memory---------- ---swap-- -----io---- --system-- -----cpu-----
 r  b   swpd   free   buff  cache   si   so    bi    bo   in   cs us sy id wa st
 4  0      0 4405276  52800 1709752    0    0     0     5 12862 22271 42 17 40  1  0	
 2  1      0 4404688  52800 1709760    0    0     0     9 13799 22599 40 18 41  2  0	
 2  0      0 4404820  52800 1709772    0    0     0    13 13056 22376 40 16 42  2  0	
 1  0      0 4404728  52800 1709780    0    0     0     7 13166 22103 39 16 43  1  0	
 0  0      0 4404844  52800 1709788    0    0     0     6 13442 22513 39 19 41  1  0	
 4  0      0 4404844  52800 1709796    0    0     0     5 13199 22465 40 15 44  1  0	
 0  0      0 4404472  52800 1709800    0    0     0     6 12897 22192 41 16 41  1  0	
 2  0      0 4404720  52800 1709820    0    0     0    14 13417 22052 41 17 41  1  0	
 3  0      0 4404720  52800 1709832    0    0     0     8 12846 23102 41 16 40  2  0	
 2  0      0 4404464  52800 1709840    0    0     0     8 13059 22834 41 16 43  1  0	
 1  1      0 4404720  52800 1709844    0    0     0     6 13632 21960 40 18 40  3  0	
 1  0      0 4404720  52800 1709856    0    0     0     0 13095 22429 38 16 46  0  0	
 2  0      0 4404500  52800 1709868    0    0     0     5 13022 22788 44 20 36  1  0	
 0  0      0 4404476  52800 1709856    0    0     0    15 13688 22440 41 19 38  2  0	
 3  0      0 4404656  52800 1709868    0    0     0     8 13006 22914 41 16 41  2  0	
 1  0      0 4404324  52800 1709872    0    0     0     5 12580 21909 40 15 44  1  0	
 1  0      0 4404464  52800 1709884    0    0     0     1 13626 23106 42 19 38  1  0	
 0  0      0 4404464  52800 1709892    0    0     0    11 13094 22170 40 15 44  1  0	
 0  0      0 4404324  52800 1709900    0    0     0     5 12990 22167 38 16 44  1  0	
 0  0      0 4404200  52800 1709920    0    0     0    15 13430 22899 41 19 38  1  0	
 0  0      0 4404448  52800 1709932    0    0     0     8 13209 22281 40 16 41  2  0	
procs -----------memory---------- ---swap-- -----io---- --system-- -----cpu-----
 r  b   swpd   free   buff  cache   si   so    bi    bo   in   cs us sy id wa st
 1  0      0 4404284  52800 1709940    0    0     0     4 12997 22437 40 16 44  0  0	
 1  0      0 4404796  52800 1709948    0    0     0     7 13360 22568 40 18 41  1  0	
 0  0      0 4404820  52800 1709956    0    0     0     4 12825 21918 40 14 44  2  0	
 3  0      0 4403076  52800 1709968    0    0     0     8 12814 22359 41 16 42  1  0	
 0  0      0 4404200  52800 1709972    0    0     0    18 13300 22637 41 19 38  3  0	
 1  0      0 4404448  52800 1709980    0    0     0     0 13275 22597 40 16 44  0  0	
 0  0      0 4404268  52800 1709992    0    0     0     6 13033 22465 42 19 35  4  0	
 2  0      0 4404376  52800 1709976    0    0     0     4 13689 23256 41 19 40  0  0	
 4  0      0 4404564  52800 1709984    0    0     0     5 13010 21984 40 15 44  1  0	
 6  0      0 4404596  52800 1709992    0    0     0     6 13084 23115 41 16 42  1  0	
 1  0      0 4404340  52800 1710012    0    0     0    16 13198 22701 40 18 39  3  0	
 3  0      0 4404480  52800 1710020    0    0     0     5 13335 23164 42 16 42  0  0	
 9  0      0 4404480  52800 1710032    0    0     0     6 12936 22280 39 14 44  2  0	
 2  0      0 4404588  52800 1710040    0    0     0     7 13141 22234 41 19 38  2  0	
 2  0      0 4404604  52800 1710048    0    0     0     7 13463 22775 41 15 42  1  0	
 0  0      0 4404480  52800 1710060    0    0     0     9 13003 22151 40 16 42  3  0	
16  0      0 4390728  52800 1710068    0    0     0    10 13381 23717 42 18 40  0  0	
 1  0      0 4404216  52800 1710076    0    0     0     8 13703 23180 41 18 39  1  0	
 3  0      0 4404208  52800 1710084    0    0     0    11 12937 22595 41 15 42  2  0	
 2  0      0 4404340  52800 1710092    0    0     0     6 12841 21683 40 16 41  3  0	
 3  0      0 4404340  52800 1710100    0    0     0     5 13402 21931 40 18 41  1  0	
procs -----------memory---------- ---swap-- -----io---- --system-- -----cpu-----
 r  b   swpd   free   buff  cache   si   so    bi    bo   in   cs us sy id wa st
 3  0      0 4404472  52800 1710108    0    0     0     6 13007 22436 40 16 43  1  0	
 2  0      0 4404056  52800 1710116    0    0     0    14 12955 22864 44 19 36  1  0	
 4  0      0 4404304  52800 1710108    0    0     0     8 13912 23635 42 20 36  2  0	
 2  0      0 4404516  52800 1710116    0    0     0     0 13002 22182 39 15 46  0  0	
 1  0      0 4404448  52800 1710124    0    0     0     8 13021 23127 42 17 38  3  0	
 0  0      0 4404456  52800 1710128    0    0     0     6 13040 21641 40 17 41  2  0	
 6  1      0 4404588  52800 1710140    0    0     0     6 12853 22269 39 16 42  4  0	
 0  0      0 4404844  52800 1710148    0    0     0    15 12894 23017 41 17 40  1  0	
 4  0      0 4404348  52800 1710160    0    0     0    10 13923 23556 43 18 38  2  0	
 6  0      0 4404340  52800 1710168    0    0     0     7 13291 22965 40 17 42  1  0	
 6  0      0 4404348  52800 1710180    0    0     0     0 13150 22423 40 17 43  0  0	
 0  0      0 4404596  52800 1710184    0    0     0     9 13206 21641 40 20 37  3  0	
 1  0      0 4404596  52800 1710192    0    0     0     5 12932 22552 41 16 43  0  0	
