procs -----------memory---------- ---swap-- -----io---- --system-- -----cpu-----
 r  b   swpd   free   buff  cache   si   so    bi    bo   in   cs us sy id wa st
 3  0      0 5041200  52272 1244448    0    0     0     0    5    1 19  8 73  1  0	
 3  0      0 5036888  52272 1244492    0    0     0     0 11725 20563 38 17 45  0  0	
 8  1      0 5037056  52272 1244496    0    0     0     8 11498 20118 36 13 51  0  0	
 1  0      0 5038584  52272 1244504    0    0     0     2 11294 20967 38 15 47  0  0	
 3  0      0 5038724  52272 1244512    0    0     0     2 11638 20203 36 14 50  0  0	
 6  0      0 5038624  52272 1244516    0    0     0     2 11399 21073 39 14 45  2  0	
 3  0      0 5038572  52272 1244536    0    0     0     2 11204 20237 37 13 51  0  0	
 0  0      0 5038820  52272 1244548    0    0     0    18 11569 20479 35 14 50  1  0	
 4  0      0 5038704  52272 1244556    0    0     0     6 11540 20450 36 12 52  0  0	
 0  0      0 5038612  52272 1244560    0    0     0     4 11344 20374 38 13 46  3  0	
 4  0      0 5038628  52272 1244572    0    0     0     5 11956 19950 37 15 47  1  0	
 5  0      0 5038744  52272 1244580    0    0     0     5 11291 20072 36 13 50  1  0	
 3  0      0 5038480  52272 1244588    0    0     0     4 11073 20006 37 12 50  1  0	
 0  0      0 5038700  52272 1244604    0    0     0    17 11615 20636 40 20 38  2  0	
 3  0      0 5038600  52272 1244592    0    0     0     0 11287 20053 35 12 53  0  0	
 3  0      0 5038300  52272 1244596    0    0     0     4 11197 20847 37 13 48  2  0	
 5  0      0 5038308  52272 1244604    0    0     0     7 11713 20342 36 14 49  1  0	
 0  1      0 5038720  52272 1244612    0    0     0     5 11503 20197 34 12 51  3  0	
 2  0      0 5038472  52272 1244636    0    0     0     5 11314 19767 36 12 51  1  0	
 3  0      0 5038348  52272 1244644    0    0     0    15 11165 19631 35 15 50  1  0	
 2  0      0 5038588  52272 1244656    0    0     0     6 11449 20418 36 12 49  2  0	
procs -----------memory---------- ---swap-- -----io---- --system-- -----cpu-----
 r  b   swpd   free   buff  cache   si   so    bi    bo   in   cs us sy id wa st
 4  0      0 5038348  52272 1244664    0    0     0     5 11038 20656 37 12 50  1  0	
15  0      0 5020548  52272 1244672    0    0     0     0 11127 20345 36 12 51  0  0	
 3  0      0 5038364  52272 1244684    0    0     0     4 11776 20042 35 15 50  0  0	
 3  0      0 5038224  52272 1244692    0    0     0     7 11128 19783 37 12 48  3  0	
 2  0      0 5038604  52272 1244700    0    0     0    15 11067 19984 36 13 51  1  0	
 0  0      0 5038108  52272 1244712    0    0     0     5 11991 19966 36 14 49  2  0	
 3  0      0 5035496  52272 1244716    0    0     0     6 11108 20150 36 12 51  1  0	
 3  0      0 5038452  52272 1244720    0    0     0     0 10956 19782 38 15 46  1  0	
 0  0      0 5038500  52272 1244732    0    0     0     4 11923 20740 38 16 45  1  0	
 1  0      0 5038268  52272 1244724    0    0     0     5 11125 20439 37 13 48  2  0	
15  0      0 5038324  52272 1244736    0    0     0    12 11060 20546 38 13 48  1  0	
 0  0      0 5038588  52272 1244744    0    0     0     9 12002 20382 36 14 48  2  0	
 3  0      0 5038464  52272 1244752    0    0     0     6 11357 20227 37 12 50  1  0	
 1  0      0 5038240  52272 1244756    0    0     0     4 11527 20478 36 13 50  1  0	
 3  0      0 5038736  52272 1244768    0    0     0     5 11668 19983 37 14 45  3  0	
 1  0      0 5038736  52272 1244780    0    0     0     5 10902 20182 37 12 50  1  0	
 3  0      0 5038852  52272 1244792    0    0     0     9 11052 20293 36 14 50  0  0	
 1  0      0 5038612  52272 1244796    0    0     0     6 11821 19515 35 14 48  2  0	
 1  0      0 5038612  52272 1244808    0    0     0     3 11197 20859 36 13 48  3  0	
 1  0      0 5038612  52272 1244812    0    0     0     5 11032 19874 36 13 50  1  0	
 0  0      0 5038612  52272 1244820    0    0     0     6 11789 19904 36 15 46  3  0	
procs -----------memory---------- ---swap-- -----io---- --system-- -----cpu-----
 r  b   swpd   free   buff  cache   si   so    bi    bo   in   cs us sy id wa st
 0  0      0 5038612  52272 1244832    0    0     0     6 11185 19708 36 12 52  1  0	
 3  0      0 5035212  52272 1244852    0    0     0    12 11226 19864 39 15 45  1  0	
 1  0      0 5037940  52272 1244852    0    0     0     6 11750 20211 38 16 45  1  0	
 4  0      0 5038228  52272 1244840    0    0     0     4 10908 19834 35 12 50  3  0	
 0  0      0 5038028  52272 1244848    0    0     0     1 10993 19662 36 12 52  0  0	
 0  0      0 5038580  52272 1244856    0    0     0     4 11718 19983 35 15 48  1  0	
 0  0      0 5038356  52272 1244868    0    0     0     5 11450 19816 37 12 51  1  0	
 1  0      0 5038588  52272 1244876    0    0     0    15 11369 20456 36 14 49  1  0	
 0  0      0 5038472  52272 1244884    0    0     0     6 11975 19335 35 14 48  3  0	
 0  0      0 5038480  52272 1244892    0    0     0     4 11116 20202 35 12 52  1  0	
 0  0      0 5038480  52272 1244900    0    0     0     0 10953 19994 35 13 52  0  0	
 0  0      0 5038356  52272 1244908    0    0     0     6 11751 19948 37 15 47  1  0	
 0  0      0 5038480  52276 1244928    0    0     0     6 11037 20217 36 12 50  2  0	
 0  0      0 5038356  52276 1244940    0    0     0    16 11041 20113 37 13 49  1  0	
 3  0      0 5038084  52276 1244948    0    0     0     7 11841 20279 38 15 44  3  0	
 1  0      0 5038456  52276 1244952    0    0     0     4 11199 20405 35 12 51  1  0	
 2  0      0 5038356  52276 1244964    0    0     0     5 11402 20327 37 13 49  2  0	
11  0      0 5038336  52276 1244976    0    0     0     5 11734 19767 39 17 42  1  0	
 0  0      0 5038136  52276 1244984    0    0     0     1 11255 20332 37 13 49  2  0	
 1  0      0 5038508  52276 1244976    0    0     0    17 11103 21399 38 16 45  1  0	
 0  0      0 5038292  52276 1244984    0    0     0     9 12054 20420 37 15 46  2  0	
procs -----------memory---------- ---swap-- -----io---- --system-- -----cpu-----
 r  b   swpd   free   buff  cache   si   so    bi    bo   in   cs us sy id wa st
 0  0      0 5038316  52276 1244988    0    0     0     4 10924 20229 36 13 50  1  0	
 1  0      0 5038076  52276 1244996    0    0     0     5 11389 19791 35 13 49  3  0	
 3  0      0 5038332  52276 1245004    0    0     0     4 11784 19978 36 14 48  1  0	
 2  0      0 5038332  52276 1245024    0    0     0     5 11546 20279 38 12 49  1  0	
 0  1      0 5037960  52276 1245036    0    0     0    15 11078 20343 36 16 46  2  0	
 2  1      0 5038208  52276 1245044    0    0     0     6 11768 20643 36 14 48  1  0	
 2  1      0 5038208  52276 1245048    0    0     0     5 10900 20121 35 13 51  1  0	
 6  0      0 5038332  52276 1245056    0    0     0     1 11327 20208 35 12 52  1  0	
 0  0      0 5037960  52276 1245072    0    0     0     4 11479 20057 38 15 46  2  0	
 2  0      0 5038580  52276 1245076    0    0     0     4 11221 19359 35 12 52  1  0	
 3  0      0 5038580  52280 1245084    0    0     0    15 11386 20080 37 14 48  1  0	
 5  0      0 5035392  52280 1245092    0    0     0     9 11653 20428 38 14 47  1  0	
 1  0      0 5038144  52280 1245104    0    0     0     5 11224 20653 37 14 48  1  0	
 1  0      0 5037772  52280 1245088    0    0     0     2 10998 19845 35 13 52  0  0	
 2  0      0 5038200  52280 1245100    0    0     0     8 11826 20772 39 15 41  4  0	
 1  0      0 5038348  52280 1245116    0    0     0     5 11160 20176 37 12 50  2  0	
 2  0      0 5038348  52280 1245128    0    0     0    14 10949 19735 36 14 47  2  0	
 1  0      0 5038472  52280 1245136    0    0     0     5 11651 19856 36 15 48  1  0	
 2  1      0 5037976  52280 1245148    0    0     0     5 11357 20412 38 13 47  2  0	
 3  0      0 5037976  52280 1245152    0    0     0     5 11140 19709 35 12 52  1  0	
 1  0      0 5038208  52280 1245160    0    0     0     1 11400 19193 36 15 49  0  0	
procs -----------memory---------- ---swap-- -----io---- --system-- -----cpu-----
 r  b   swpd   free   buff  cache   si   so    bi    bo   in   cs us sy id wa st
 5  0      0 5038232  52280 1245172    0    0     0     5 11241 20395 36 12 50  1  0	
 1  0      0 5038696  52280 1245180    0    0     0    17 10961 19964 36 14 47  2  0	
 2  0      0 5037944  52280 1245196    0    0     0     6 11675 20541 37 15 46  2  0	
 1  0      0 5038216  52280 1245200    0    0     0     4 11349 20434 37 13 50  0  0	
 0  0      0 5037992  52280 1245208    0    0     0     6 11444 20528 36 13 50  1  0	
13  0      0 5037340  52280 1245220    0    0     0     1 11600 19388 36 14 49  0  0	
 4  0      0 5037624  52280 1245232    0    0     0     6 11429 20592 39 16 45  0  0	
 0  0      0 5037748  52280 1245216    0    0     0    12 11370 20210 37 13 47  3  0	
 2  0      0 5036144  52280 1245224    0    0     0    11 11219 20310 36 13 49  2  0	
 1  0      0 5038076  52280 1245232    0    0     0     6 11854 19601 35 14 48  3  0	
 2  0      0 5037976  52280 1245240    0    0     0     5 11129 20301 36 14 50  1  0	
 0  0      0 5037992  52280 1245244    0    0     0     4 10968 20032 35 13 51  1  0	
 2  1      0 5037620  52280 1245256    0    0     0     4 11771 20051 35 15 46  4  0	
 5  1      0 5037868  52280 1245268    0    0     0    15 10998 19279 35 12 53  1  0	
 2  0      0 5037944  52280 1245276    0    0     0     6 11510 21037 37 13 45  4  0	
 0  0      0 5033740  52280 1245284    0    0     0     0 11853 20180 37 15 48  0  0	
 1  0      0 5033880  52280 1245288    0    0     0     6 11506 21109 37 13 49  1  0	
 2  0      0 5033872  52280 1245296    0    0     0     4 10896 20502 37 12 50  1  0	
 6  0      0 5033996  52280 1245316    0    0     0     7 11546 20003 36 15 48  1  0	
 2  0      0 5034004  52280 1245328    0    0     0    14 10917 19593 35 12 51  2  0	
 7  0      0 5033880  52280 1245332    0    0     0     6 11259 20050 36 12 49  4  0	
procs -----------memory---------- ---swap-- -----io---- --system-- -----cpu-----
 r  b   swpd   free   buff  cache   si   so    bi    bo   in   cs us sy id wa st
 0  0      0 5033356  52280 1245348    0    0     0     4 11725 19938 39 18 42  1  0	
 1  0      0 5033472  52280 1245352    0    0     0     5 11159 20402 36 14 49  2  0	
 0  0      0 5033676  52280 1245344    0    0     0     6 11402 20408 36 12 51  1  0	
 1  0      0 5033972  52280 1245356    0    0     0     7 11852 20232 38 16 46  1  0	
 4  0      0 5034112  52280 1245368    0    0     0    14 10927 19620 36 12 51  1  0	
 0  0      0 5033864  52280 1245372    0    0     0     5 10968 20368 37 14 48  1  0	
 4  0      0 5033988  52280 1245380    0    0     0     3 11635 20152 36 15 48  1  0	
 3  0      0 5033748  52280 1245388    0    0     0     4 11407 20534 36 13 51  1  0	
 0  0      0 5033632  52280 1245396    0    0     0     1 11260 20087 36 12 50  2  0	
 1  0      0 5034004  52280 1245412    0    0     0     7 11684 20293 37 14 49  1  0	
 1  0      0 5033640  52280 1245428    0    0     0    17 11248 19993 35 12 50  2  0	
 0  0      0 5034012  52280 1245432    0    0     0     7 10921 20515 37 13 49  2  0	
 1  0      0 5033764  52280 1245440    0    0     0     4 11693 20024 37 15 46  2  0	
 2  0      0 5033888  52280 1245448    0    0     0     5 11154 20170 38 14 48  0  0	
 1  0      0 5033888  52280 1245452    0    0     0     5 10909 19920 35 12 52  1  0	
 6  0      0 5033380  52280 1245468    0    0     0     0 11595 19889 39 18 43  0  0	
 1  0      0 5033552  52280 1245476    0    0     0    14 11206 20793 36 14 49  1  0	
 6  0      0 5033652  52280 1245464    0    0     0     8 11277 19836 34 13 50  2  0	
 2  0      0 5033576  52280 1245468    0    0     0     8 11696 20202 37 14 48  2  0	
 3  0      0 5033616  52280 1245484    0    0     0     5 11136 20210 36 13 50  1  0	
 2  0      0 5033648  52280 1245488    0    0     0     3 10790 19516 36 12 49  3  0	
procs -----------memory---------- ---swap-- -----io---- --system-- -----cpu-----
 r  b   swpd   free   buff  cache   si   so    bi    bo   in   cs us sy id wa st
 3  0      0 5033772  52280 1245508    0    0     0     8 11491 19498 36 15 48  2  0	
 0  0      0 5033540  52280 1245520    0    0     0     9 10905 19787 36 12 49  2  0	
 6  0      0 5033524  52280 1245528    0    0     0     7 11162 20163 36 13 50  1  0	
 2  0      0 5033796  52280 1245532    0    0     0     5 11606 19467 35 14 50  1  0	
 7  0      0 5033672  52280 1245544    0    0     0    11 11400 21096 37 14 45  4  0	
 2  0      0 5033664  52280 1245552    0    0     0     4 11383 20319 36 13 50  1  0	
 1  0      0 5033788  52280 1245564    0    0     0     1 11436 20428 38 15 45  2  0	
 0  0      0 5034036  52280 1245572    0    0     0    14 11034 20089 35 13 51  1  0	
 3  0      0 5033864  52280 1245584    0    0     0     7 10866 19908 36 13 49  2  0	
 2  0      0 5033492  52280 1245588    0    0     0     8 11660 19674 37 14 48  2  0	
 1  0      0 5033280  52280 1245600    0    0     0     5 11270 20331 37 16 46  1  0	
 2  0      0 5033336  52280 1245608    0    0     0     6 11463 20694 37 12 49  1  0	
 2  0      0 5033484  52280 1245596    0    0     0     6 11750 20132 36 15 48  1  0	
 2  0      0 5033516  52280 1245604    0    0     0    10 11213 19708 36 13 51  0  0	
 2  0      0 5033508  52280 1245612    0    0     0     6 10961 20256 35 12 50  3  0	
 0  0      0 5033384  52280 1245620    0    0     0     6 11429 19753 37 13 48  2  0	
 4  0      0 5033516  52280 1245628    0    0     0     4 11187 20290 36 13 49  2  0	
 2  0      0 5033508  52280 1245636    0    0     0     4 11003 19335 36 12 52  1  0	
 1  0      0 5033756  52280 1245648    0    0     0     6 11791 20451 37 15 47  1  0	
 7  0      0 5033384  52280 1245660    0    0     0    14 11362 19837 36 12 50  1  0	
 0  1      0 5033632  52280 1245668    0    0     0     8 11152 20128 36 13 49  3  0	
procs -----------memory---------- ---swap-- -----io---- --system-- -----cpu-----
 r  b   swpd   free   buff  cache   si   so    bi    bo   in   cs us sy id wa st
 5  0      0 5033400  52280 1245676    0    0     0     2 11347 19063 35 13 51  1  0	
 3  0      0 5033524  52280 1245680    0    0     0     6 10835 19068 34 12 53  1  0	
 0  0      0 5033292  52280 1245688    0    0     0     5 11081 20421 36 12 47  4  0	
 1  0      0 5033904  52280 1245708    0    0     0     4 11760 20827 39 16 44  1  0	
 1  0      0 5032600  52280 1245716    0    0     0    18 11262 20648 37 13 47  3  0	
 5  0      0 5033116  52280 1245724    0    0     0     6 11182 20350 38 15 47  1  0	
 0  0      0 5033388  52280 1245740    0    0     0     4 11813 19670 36 14 48  2  0	
 0  0      0 5033436  52280 1245720    0    0     0     0 11587 20276 37 14 50  0  0	
 2  0      0 5033492  52280 1245728    0    0     0     5 11261 19576 36 12 47  5  0	
 2  0      0 5033764  52280 1245740    0    0     0     4 11432 20513 37 15 47  1  0	
 0  0      0 5033300  52280 1245748    0    0     0    14 11235 19939 37 13 48  1  0	
 3  0      0 5034004  52280 1245756    0    0     0     6 11039 20421 37 13 49  1  0	
 3  0      0 5032028  52280 1245764    0    0     0     5 11142 20108 36 12 50  1  0	
 0  0      0 5033648  52280 1245776    0    0     0     4 11834 19508 36 16 47  0  0	
 2  0      0 5033400  52280 1245780    0    0     0     6 11062 19728 35 12 52  1  0	
 2  0      0 5033292  52280 1245800    0    0     0     4 11198 19791 37 12 48  3  0	
 0  0      0 5033292  52280 1245812    0    0     0    14 11681 19900 35 15 49  1  0	
 2  0      0 5033624  52280 1245820    0    0     0     5 11124 20597 35 13 50  2  0	
 2  0      0 5033648  52280 1245828    0    0     0     6 11034 20024 36 12 51  1  0	
 0  0      0 5033408  52280 1245836    0    0     0     1 11497 19856 36 15 49  0  0	
 3  0      0 5030388  52280 1245840    0    0     0     7 11093 20258 37 14 48  1  0	
procs -----------memory---------- ---swap-- -----io---- --system-- -----cpu-----
 r  b   swpd   free   buff  cache   si   so    bi    bo   in   cs us sy id wa st
 4  0      0 5033248  52280 1245856    0    0     0     4 11339 20824 37 15 45  4  0	
 1  0      0 5033280  52280 1245848    0    0     0    13 12136 20220 38 17 45  1  0	
 2  0      0 5033444  52280 1245856    0    0     0     6 11424 20433 36 13 45  5  0	
 3  0      0 5033344  52280 1245860    0    0     0     5 11186 19922 35 12 52  1  0	
 0  0      0 5033120  52280 1245872    0    0     0     5 11476 19870 37 15 47  1  0	
 1  0      0 5033236  52280 1245876    0    0     0     3 11107 19766 36 12 52  0  0	
 0  0      0 5033244  52280 1245896    0    0     0     4 11196 20422 37 13 49  2  0	
 3  0      0 5033120  52280 1245912    0    0     0    13 11794 20055 36 16 47  1  0	
 3  0      0 5033220  52280 1245916    0    0     0     6 11298 20592 36 13 49  2  0	
 0  0      0 5033104  52280 1245928    0    0     0     4 11162 19893 34 11 50  4  0	
 0  0      0 5033128  52284 1245936    0    0     0     6 11914 19615 35 16 48  0  0	
 4  0      0 5033120  52284 1245944    0    0     0     8 11553 20482 36 13 49  2  0	
 3  1      0 5033368  52284 1245948    0    0     0     4 10855 19838 35 13 51  1  0	
 0  0      0 5033304  52284 1245960    0    0     0    15 11887 20611 37 17 44  2  0	
 2  0      0 5033304  52284 1245968    0    0     0     9 10838 19910 36 12 50  2  0	
 0  0      0 5033008  52284 1245980    0    0     0     6 11129 20784 38 17 42  4  0	
 1  0      0 5033032  52284 1245988    0    0     0     4 11836 20210 36 15 47  1  0	
 6  0      0 5032916  52284 1245976    0    0     0     5 11631 21173 37 12 48  3  0	
 5  0      0 5033080  52284 1245992    0    0     0     4 10927 19217 35 12 52  1  0	
 2  0      0 5033004  52284 1246004    0    0     0    16 11719 20653 37 14 48  2  0	
 1  0      0 5032996  52284 1246012    0    0     0     8 11090 20024 35 12 51  2  0	
procs -----------memory---------- ---swap-- -----io---- --system-- -----cpu-----
 r  b   swpd   free   buff  cache   si   so    bi    bo   in   cs us sy id wa st
 1  1      0 5033144  52284 1246020    0    0     0     5 11073 20303 36 12 52  0  0	
 1  0      0 5033484  52284 1246024    0    0     0     1 11597 19974 37 16 47  1  0	
 1  0      0 5033252  52284 1246032    0    0     0     5 11137 20326 36 12 50  2  0	
 2  0      0 5033112  52284 1246040    0    0     0     4 11081 19104 35 12 53  1  0	
 2  0      0 5032896  52284 1246052    0    0     0    13 11937 19965 37 16 47  1  0	
 2  0      0 5033020  52284 1246064    0    0     0     6 11217 19525 35 12 51  2  0	
 8  0      0 5032848  52284 1246072    0    0     0     8 11274 20781 37 13 48  1  0	
 3  0      0 5033228  52284 1246080    0    0     0     3 11257 19057 34 15 51  0  0	
 0  0      0 5032856  52284 1246088    0    0     0     3 10723 19940 34 12 54  1  0	
 5  0      0 5032188  52284 1246096    0    0     0     4 10898 19955 37 12 49  2  0	
 1  0      0 5032776  52284 1246100    0    0     0    14 11453 19963 39 19 41  1  0	
 3  0      0 5032744  52284 1246112    0    0     0     8 11469 20681 37 12 49  2  0	
 2  0      0 5032768  52284 1246100    0    0     0     6 11126 20623 37 14 48  1  0	
 0  0      0 5032824  52284 1246108    0    0     0     5 11699 19919 36 15 46  2  0	
 5  0      0 5032716  52284 1246116    0    0     0     9 11181 20178 34 13 52  1  0	
 5  0      0 5033228  52284 1246124    0    0     0     0 10849 19554 34 12 52  2  0	
 0  0      0 5032880  52284 1246136    0    0     0    13 11666 20036 37 15 47  1  0	
 4  0      0 5033260  52284 1246144    0    0     0     7 11081 20707 37 12 47  4  0	
 2  0      0 5033368  52284 1246152    0    0     0     5 10884 20402 36 13 49  1  0	
 0  0      0 5032864  52284 1246160    0    0     0     4 11659 19469 36 15 48  1  0	
 0  0      0 5032880  52284 1246164    0    0     0     7 10923 19261 35 12 52  1  0	
procs -----------memory---------- ---swap-- -----io---- --system-- -----cpu-----
 r  b   swpd   free   buff  cache   si   so    bi    bo   in   cs us sy id wa st
 3  0      0 5033020  52284 1246188    0    0     0     6 11278 20130 36 12 51  1  0	
 0  0      0 5032880  52284 1246196    0    0     0     9 11547 20179 37 15 48  0  0	
 0  0      0 5033020  52284 1246200    0    0     0     6 11031 19254 35 11 51  2  0	
 1  0      0 5032772  52284 1246216    0    0     0     5 11273 21217 36 13 47  4  0	
 7  0      0 5030256  52284 1246224    0    0     0     4 11384 20041 39 18 42  1  0	
 1  0      0 5032700  52284 1246232    0    0     0     4 11075 19603 35 12 52  1  0	
 2  0      0 5032972  52284 1246220    0    0     0     3 11264 20192 37 12 51  0  0	
 0  0      0 5032708  52284 1246236    0    0     0    16 11695 19947 37 15 44  3  0	
 1  0      0 5032996  52284 1246244    0    0     0     0 11548 20735 38 12 50  0  0	
 0  0      0 5032632  52284 1246252    0    0     0     5 11237 20761 36 13 48  3  0	
 0  0      0 5032516  52284 1246260    0    0     0     8 11616 20330 37 16 46  2  0	
 1  0      0 5033012  52284 1246268    0    0     0     4 11315 20753 37 13 49  2  0	
 0  0      0 5033020  52284 1246288    0    0     0     4 11006 19656 35 12 53  1  0	
 3  0      0 5032640  52284 1246300    0    0     0    17 11102 19747 34 16 47  3  0	
 1  0      0 5032772  52284 1246304    0    0     0     5 11630 20338 37 12 51  0  0	
 2  0      0 5032772  52284 1246312    0    0     0     4 11126 19907 34 12 51  3  0	
 1  0      0 5032632  52284 1246320    0    0     0     5 11460 20309 37 13 50  1  0	
 2  0      0 5032640  52284 1246328    0    0     0     5 11729 20018 37 15 47  1  0	
 0  0      0 5032764  52284 1246332    0    0     0     4 11057 20062 37 12 48  3  0	
 0  0      0 5032996  52284 1246348    0    0     0    18 11143 20788 37 14 48  1  0	
 0  0      0 5032404  52284 1246356    0    0     0     0 11734 20145 38 18 44  0  0	
procs -----------memory---------- ---swap-- -----io---- --system-- -----cpu-----
 r  b   swpd   free   buff  cache   si   so    bi    bo   in   cs us sy id wa st
 6  0      0 5032668  52284 1246364    0    0     0     6 10796 20109 36 14 49  1  0	
 3  0      0 5032288  52284 1246356    0    0     0     6 11400 20781 38 13 47  2  0	
 0  0      0 5032616  52284 1246360    0    0     0     7 11703 19595 36 15 47  1  0	
 0  0      0 5032640  52284 1246380    0    0     0     5 11135 19543 35 12 51  2  0	
 8  0      0 5032260  52284 1246392    0    0     0    15 10956 20252 37 13 49  2  0	
 2  0      0 5032492  52284 1246400    0    0     0     5 11724 20663 38 16 44  2  0	
 0  0      0 5032616  52284 1246404    0    0     0     0 11077 20533 37 13 51  0  0	
 2  0      0 5032640  52284 1246412    0    0     0     7 10741 19351 35 12 51  2  0	
 2  0      0 5032640  52284 1246420    0    0     0     5 11581 20168 36 15 48  1  0	
 0  0      0 5032764  52284 1246428    0    0     0     5 11050 19390 34 11 52  3  0	
13  0      0 5032500  52284 1246440    0    0     0    14 10991 20504 36 14 48  2  0	
 0  0      0 5032872  52284 1246452    0    0     0     6 12101 19909 36 16 45  4  0	
 3  0      0 5033244  52284 1246456    0    0     0     8 11202 20782 37 14 48  1  0	
 0  0      0 5032880  52284 1246464    0    0     0     5 10847 19987 35 11 53  1  0	
 2  0      0 5032148  52284 1246476    0    0     0     5 11428 20056 39 20 41  0  0	
 1  0      0 5032716  52284 1246480    0    0     0     7 11016 19826 36 11 51  1  0	
 2  1      0 5032592  52284 1246468    0    0     0    15 11013 20426 36 12 48  3  0	
 1  0      0 5032864  52284 1246480    0    0     0     0 11637 19193 36 14 49  0  0	
 0  0      0 5032748  52284 1246488    0    0     0     6 11038 19636 35 12 48  6  0	
 0  0      0 5032764  52284 1246492    0    0     0     3 11135 19916 36 12 52  1  0	
 3  0      0 5032516  52284 1246504    0    0     0     4 12031 20806 37 16 46  1  0	
procs -----------memory---------- ---swap-- -----io---- --system-- -----cpu-----
 r  b   swpd   free   buff  cache   si   so    bi    bo   in   cs us sy id wa st
 1  0      0 5032772  52284 1246508    0    0     0     5 11259 20506 36 12 50  1  0	
 1  0      0 5032656  52284 1246524    0    0     0    15 10605 19205 35 12 50  3  0	
 0  0      0 5032780  52284 1246532    0    0     0     7 11380 19620 36 15 47  2  0	
 4  0      0 5033096  52284 1246540    0    0     0     4 10727 19770 35 13 49  3  0	
 1  1      0 5032756  52284 1246544    0    0     0     4 11289 20009 35 12 53  0  0	
 3  0      0 5032392  52284 1246564    0    0     0     8 12387 20891 37 15 46  2  0	
 2  0      0 5032532  52284 1246576    0    0     0     0 11259 20043 36 12 52  0  0	
 3  0      0 5032664  52284 1246584    0    0     0    13 11085 20059 35 12 52  1  0	
 1  0      0 5032664  52284 1246592    0    0     0     7 11338 19348 36 13 48  3  0	
 0  0      0 5032452  52284 1246600    0    0     0     5 10783 20357 37 16 42  5  0	
 2  0      0 5032584  52284 1246592    0    0     0     7 11039 20350 36 12 49  3  0	
 2  1      0 5032708  52284 1246600    0    0     0     4 11490 19765 35 15 49  1  0	
 0  0      0 5032640  52284 1246608    0    0     0     4 11409 20079 36 12 50  2  0	
 1  0      0 5032524  52284 1246628    0    0     0    15 11161 20082 36 13 50  2  0	
 1  0      0 5032516  52284 1246632    0    0     0     3 11695 19402 36 15 48  1  0	
 2  0      0 5032888  52284 1246640    0    0     0     1 11092 19784 35 12 52  0  0	
 1  0      0 5032756  52284 1246648    0    0     0     6 11028 20147 34 13 51  1  0	
 5  0      0 5032888  52284 1246668    0    0     0     4 11969 20561 38 16 46  1  0	
 1  0      0 5032524  52284 1246676    0    0     0     4 10993 20149 36 12 49  3  0	
 0  0      0 5032524  52284 1246684    0    0     0    18 10898 20546 37 13 48  2  0	
 4  0      0 5032748  52284 1246692    0    0     0     9 11743 19822 36 15 46  3  0	
procs -----------memory---------- ---swap-- -----io---- --system-- -----cpu-----
 r  b   swpd   free   buff  cache   si   so    bi    bo   in   cs us sy id wa st
 3  0      0 5032400  52284 1246700    0    0     0     5 11089 19944 36 12 50  1  0	
 0  0      0 5032400  52284 1246708    0    0     0     4 11197 19821 35 11 52  1  0	
 0  0      0 5032648  52284 1246712    0    0     0     5 11247 19909 36 15 48  2  0	
 3  0      0 5032256  52284 1246720    0    0     0     4 10794 20209 38 15 44  2  0	
 0  1      0 5032256  52284 1246732    0    0     0    14 10730 20014 35 12 52  1  0	
 0  1      0 5032140  52284 1246724    0    0     0     1 12224 21264 36 15 45  3  0	
 1  0      0 5032600  52284 1246728    0    0     0     8 11129 20190 37 12 47  4  0	
 3  0      0 5032476  52284 1246740    0    0     0     5 11291 20160 36 13 49  1  0	
 1  0      0 5032484  52284 1246756    0    0     0     4 11978 20587 37 17 46  1  0	
 2  0      0 5032500  52284 1246764    0    0     0     4 11397 20167 38 12 49  1  0	
 1  0      0 5032524  52284 1246780    0    0     0    14 10796 19675 35 12 52  2  0	
 0  0      0 5032648  52284 1246788    0    0     0     6 11677 20388 36 15 48  0  0	
 3  0      0 5032524  52284 1246792    0    0     0     8 10934 19539 36 11 50  3  0	
 3  0      0 5032400  52284 1246800    0    0     0     8 11345 20909 37 12 49  1  0	
 5  0      0 5032268  52284 1246808    0    0     0     1 11681 20281 37 16 46  1  0	
 4  0      0 5032408  52284 1246816    0    0     0     5 11227 19407 35 12 51  2  0	
 0  0      0 5032152  52284 1246828    0    0     0    13 11288 20227 37 13 48  1  0	
 1  0      0 5032648  52284 1246836    0    0     0     8 11790 20614 37 15 45  3  0	
 0  0      0 5032516  52284 1246844    0    0     0     6 11647 20652 36 13 48  3  0	
 1  0      0 5032024  52284 1246852    0    0     0     6 10851 20364 38 16 45  2  0	
 4  0      0 5040760  52284 1246864    0    0     0     7 11144 19405 35 14 49  2  0	
procs -----------memory---------- ---swap-- -----io---- --system-- -----cpu-----
 r  b   swpd   free   buff  cache   si   so    bi    bo   in   cs us sy id wa st
 3  0      0 5040868  52284 1246856    0    0     0    10 11863 20857 38 13 45  4  0	
 5  0      0 5040956  52284 1246868    0    0     0     9 11460 20053 37 13 51  0  0	
22  0      0 4976988  52284 1246876    0    0     0     7 11752 19979 36 15 47  2  0	
 5  1      0 5040988  52284 1246884    0    0     0     5 12090 19741 37 13 48  2  0	
 0  0      0 5040864  52284 1246888    0    0     0     5 11334 19916 36 12 49  3  0	
 1  0      0 5041120  52284 1246900    0    0     0     4 11317 19518 35 13 51  1  0	
 2  0      0 5035920  52284 1246904    0    0     0    12 12340 20760 40 16 40  4  0	
 9  0      0 5026356  52284 1246920    0    0     0    20 11649 20750 39 14 42  5  0	
 7  0      0 5012468  52284 1246932    0    0     0     5 11714 20291 41 15 44  1  0	
 3  0      0 4991388  52284 1246936    0    0     0     0 12485 20516 45 16 38  0  0	
 1  0      0 5012056  52284 1246948    0    0     0     6 11593 20761 37 13 49  1  0	
 1  0      0 5019620  52284 1246968    0    0     0    10 11199 18916 34 12 50  3  0	
 3  0      0 5019752  52284 1246980    0    0     0     7 12208 20615 36 15 45  3  0	
 1  0      0 5019884  52284 1246984    0    0     0    12 11470 20265 38 13 49  1  0	
 0  0      0 5019936  52284 1247000    0    0     0    11 11273 19983 39 16 40  5  0	
 2  0      0 5019720  52284 1247004    0    0     0     6 12036 19557 36 15 48  1  0	
 3  0      0 5019712  52284 1246988    0    0     0     6 11250 19878 36 13 50  2  0	
 5  0      0 5019620  52284 1247000    0    0     0     7 11049 19130 34 12 53  1  0	
 1  0      0 5019760  52284 1247004    0    0     0     0 11967 19799 37 15 48  0  0	
 1  0      0 5019884  52284 1247016    0    0     0    14 11577 19772 35 12 50  3  0	
 1  0      0 5019760  52284 1247024    0    0     0     7 11924 21057 39 14 45  3  0	
procs -----------memory---------- ---swap-- -----io---- --system-- -----cpu-----
 r  b   swpd   free   buff  cache   si   so    bi    bo   in   cs us sy id wa st
 0  0      0 5019768  52284 1247032    0    0     0     9 11845 19493 36 14 46  3  0	
 2  0      0 5020100  52284 1247040    0    0     0     8 11182 20756 36 13 48  3  0	
 0  0      0 5019736  52284 1247060    0    0     0     0 11345 20216 36 13 51  0  0	
 2  0      0 5019736  52284 1247072    0    0     0     6 11816 19549 37 15 47  1  0	
 1  0      0 5019744  52284 1247084    0    0     0    14 11297 19563 35 12 52  1  0	
 1  0      0 5019992  52284 1247092    0    0     0     7 11534 19939 37 13 47  3  0	
 0  0      0 5019620  52284 1247108    0    0     0     5 12154 20211 36 15 47  2  0	
 3  0      0 5019620  52284 1247112    0    0     0     6 11628 20568 37 13 47  2  0	
 3  0      0 5018944  52284 1247120    0    0     0     4 11460 19966 36 12 51  0  0	
 4  0      0 5019484  52284 1247128    0    0     0     6 12070 20801 38 18 43  1  0	
 3  0      0 5019524  52284 1247124    0    0     0    12 11214 20100 36 12 52  1  0	
 1  0      0 5019836  52284 1247128    0    0     0     7 11395 19928 36 13 48  3  0	
 0  0      0 5019968  52284 1247136    0    0     0     4 11916 20056 37 15 44  4  0	
 0  0      0 5019844  52284 1247148    0    0     0     6 11710 20766 37 14 47  2  0	
 1  0      0 5019720  52284 1247164    0    0     0     4 11694 20145 36 13 49  2  0	
 3  0      0 5019628  52284 1247176    0    0     0     6 11975 20515 37 14 46  2  0	
 1  0      0 5019528  52284 1247184    0    0     0    14 11428 19492 35 12 50  2  0	
 3  0      0 5019752  52284 1247192    0    0     0     8 11343 20351 37 13 48  3  0	
 0  0      0 5019652  52284 1247200    0    0     0     0 12058 19801 36 15 48  0  0	
 2  0      0 5019528  52284 1247208    0    0     0     4 11367 20031 35 13 51  1  0	
 1  0      0 5019528  52284 1247212    0    0     0     5 11106 19126 35 12 51  2  0	
procs -----------memory---------- ---swap-- -----io---- --system-- -----cpu-----
 r  b   swpd   free   buff  cache   si   so    bi    bo   in   cs us sy id wa st
 0  0      0 5019528  52284 1247224    0    0     0     4 11995 19689 35 16 45  4  0	
 2  0      0 5019404  52284 1247232    0    0     0    14 11267 19469 34 12 52  2  0	
 1  0      0 5019396  52284 1247240    0    0     0    10 11368 19651 37 13 45  5  0	
 0  0      0 5019360  52284 1247244    0    0     0     6 11715 19800 39 17 43  1  0	
 2  0      0 5019988  52284 1247244    0    0     0     0 11306 20395 37 14 48  2  0	
 3  0      0 5019432  52284 1247260    0    0     0     6 11237 20196 35 13 49  3  0	
 4  0      0 5019340  52284 1247268    0    0     0     4 11715 20140 36 15 48  2  0	
 1  0      0 5019480  52284 1247280    0    0     0    14 11166 19391 34 12 53  1  0	
 1  0      0 5019480  52284 1247284    0    0     0     6 11726 20548 37 13 46  4  0	
 0  0      0 5019380  52284 1247292    0    0     0     7 12090 19309 36 14 50  0  0	
 0  0      0 5019380  52284 1247300    0    0     0     7 11621 20523 36 13 50  1  0	
 2  0      0 5019636  52284 1247308    0    0     0     0 11423 20084 36 13 49  2  0	
 0  0      0 5019256  52284 1247312    0    0     0     4 11463 19250 35 15 49  1  0	
 6  0      0 5019512  52284 1247328    0    0     0    14 11331 20206 37 12 49  2  0	
 4  0      0 5019628  52284 1247336    0    0     0     6 11245 20143 35 13 50  2  0	
 4  0      0 5019396  52284 1247344    0    0     0     6 11918 20459 37 14 42  6  0	
 8  0      0 5020424  52284 1247356    0    0     0     5 11896 20459 37 13 50  1  0	
 0  0      0 5019364  52284 1247360    0    0     0    10 11606 20736 38 13 47  2  0	
 0  0      0 5019176  52284 1247372    0    0     0     4 11541 20326 39 18 42  0  0	
 5  0      0 5019464  52284 1247380    0    0     0     8 11619 19465 34 12 52  2  0	
 6  0      0 5019448  52284 1247372    0    0     0     6 11458 21236 37 13 49  1  0	
procs -----------memory---------- ---swap-- -----io---- --system-- -----cpu-----
 r  b   swpd   free   buff  cache   si   so    bi    bo   in   cs us sy id wa st
 2  0      0 5019108  52284 1247376    0    0     0     7 11867 19926 37 15 45  3  0	
 1  0      0 5019372  52284 1247384    0    0     0     6 11498 19938 36 13 50  1  0	
19  1      0 5019620  52284 1247392    0    0     0     6 11337 19821 35 13 51  1  0	
16  0      0 4981760  52284 1247400    0    0     0     5 11403 19929 35 14 46  4  0	
 0  1      0 5019488  52284 1247412    0    0     0    18 12161 19945 36 15 45  4  0	
 1  0      0 5019364  52284 1247420    0    0     0     6 12044 20961 35 13 47  5  0	
 8  0      0 4987524  52284 1247424    0    0     0     0 11284 20157 35 12 53  0  0	
 3  0      0 5019248  52284 1247436    0    0     0     5 11829 20341 37 14 49  0  0	
 5  0      0 5019240  52284 1247456    0    0     0     4 11546 20896 36 13 49  1  0	
 5  0      0 5019116  52284 1247460    0    0     0     6 11318 20630 37 13 44  6  0	
 0  0      0 5019388  52284 1247472    0    0     0    14 11822 19842 36 14 49  1  0	
 0  0      0 5019388  52284 1247480    0    0     0    10 11674 20272 36 13 48  3  0	
 7  0      0 5016328  52284 1247488    0    0     0     5 11225 18977 35 13 50  2  0	
 5  0      0 5019524  52284 1247492    0    0     0     0 11839 20306 37 16 45  2  0	
 1  0      0 5019128  52284 1247484    0    0     0     6 11307 19983 35 13 50  2  0	
 3  0      0 5019572  52284 1247492    0    0     0     4 11163 19944 36 13 50  1  0	
 1  0      0 5019340  52284 1247504    0    0     0    14 11687 19558 35 15 48  2  0	
 4  1      0 5019100  52284 1247512    0    0     0     6 11486 19874 37 13 46  4  0	
 0  0      0 5019248  52284 1247520    0    0     0     0 11392 19891 37 12 51  1  0	
 1  0      0 5019356  52284 1247524    0    0     0     6 12225 20065 36 16 47  1  0	
 3  0      0 5018984  52284 1247548    0    0     0     5 11535 19944 36 13 48  3  0	
procs -----------memory---------- ---swap-- -----io---- --system-- -----cpu-----
 r  b   swpd   free   buff  cache   si   so    bi    bo   in   cs us sy id wa st
 5  0      0 5019200  52284 1247556    0    0     0     5 11631 20568 36 13 50  1  0	
 1  0      0 5019240  52284 1247568    0    0     0    15 12039 19821 37 14 49  1  0	
 4  0      0 5019216  52284 1247580    0    0     0     7 11240 20133 36 13 49  2  0	
 2  0      0 5019000  52284 1247588    0    0     0     5 11524 20181 36 12 48  4  0	
 2  0      0 5019472  52284 1247592    0    0     0     4 11983 20420 36 15 48  1  0	
 2  0      0 5019372  52284 1247600    0    0     0     5 11349 20047 36 13 49  2  0	
 3  0      0 5019488  52284 1247608    0    0     0     7 11545 20381 36 13 49  2  0	
 2  0      0 5018804  52284 1247612    0    0     0     9 12155 20492 38 18 43  0  0	
 2  0      0 5018976  52284 1247620    0    0     0     6 11069 19466 36 13 49  2  0	
 5  0      0 5019108  52284 1247608    0    0     0     5 11340 20313 36 12 47  5  0	
 5  0      0 5019496  52284 1247616    0    0     0     4 12068 20036 37 15 47  1  0	
 0  0      0 5019008  52284 1247640    0    0     0     6 11274 19867 34 13 51  2  0	
 7  0      0 5018868  52284 1247652    0    0     0     3 11136 19769 35 12 52  0  0	
 0  0      0 5019124  52284 1247660    0    0     0    13 11826 19432 35 14 50  1  0	
 7  1      0 5018984  52284 1247668    0    0     0     6 11284 19656 37 13 50  0  0	
 0  1      0 5019248  52284 1247680    0    0     0     8 11986 20841 34 11 49  5  0	
 3  0      0 5018628  52284 1247688    0    0     0     5 12138 19830 36 15 49  1  0	
 0  0      0 5019140  52284 1247696    0    0     0     0 11394 20367 34 12 54  0  0	
 0  0      0 5019140  52284 1247700    0    0     0     4 11285 19705 37 12 50  1  0	
 1  0      0 5019264  52284 1247716    0    0     0    14 11970 20064 37 16 46  2  0	
 0  0      0 5019140  52284 1247720    0    0     0     7 11275 19587 34 12 53  1  0	
procs -----------memory---------- ---swap-- -----io---- --system-- -----cpu-----
 r  b   swpd   free   buff  cache   si   so    bi    bo   in   cs us sy id wa st
 2  0      0 5019024  52284 1247728    0    0     0    10 11284 19793 37 12 49  2  0	
 1  0      0 5019148  52284 1247736    0    0     0     4 11862 19246 36 14 48  2  0	
 1  0      0 5019152  52284 1247752    0    0     0     6 11456 20615 40 17 42  1  0	
 1  1      0 5018804  52284 1247740    0    0     0     3 11398 19458 35 12 50  3  0	
 2  0      0 5019192  52284 1247748    0    0     0    10 12282 20700 35 15 49  1  0	
 1  0      0 5019100  52284 1247756    0    0     0     7 11203 19423 35 12 48  5  0	
 7  0      0 5019100  52284 1247760    0    0     0     4 11561 20584 37 13 49  1  0	
 2  0      0 5019248  52284 1247772    0    0     0     4 11838 19239 36 14 49  1  0	
 5  1      0 5019000  52284 1247780    0    0     0     7 11318 19346 36 13 49  1  0	
 2  0      0 5019000  52284 1247788    0    0     0     0 11579 20036 36 12 49  4  0	
 0  0      0 5019124  52284 1247800    0    0     0    12 11930 20234 37 15 47  1  0	
 0  0      0 5019124  52284 1247808    0    0     0     6 11455 19914 35 13 49  3  0	
 1  0      0 5019000  52284 1247812    0    0     0     6 11420 20193 36 13 49  2  0	
 0  0      0 5019000  52284 1247820    0    0     0     6 11704 19666 36 15 49  0  0	
 3  1      0 5019240  52284 1247844    0    0     0     8 11397 20339 37 14 47  2  0	
 1  0      0 5019272  52284 1247852    0    0     0     4 11343 20218 35 12 52  0  0	
 0  0      0 5018776  52284 1247856    0    0     0    12 11845 20238 37 15 47  1  0	
 2  1      0 5018824  52284 1247876    0    0     0     7 11415 19553 38 15 43  4  0	
 0  0      0 5018864  52284 1247876    0    0     0     6 11822 21380 37 13 47  3  0	
 1  0      0 5018624  52284 1247864    0    0     0     4 12119 20673 38 16 46  1  0	
 3  0      0 5018828  52284 1247872    0    0     0     5 11630 20716 38 13 44  5  0	
procs -----------memory---------- ---swap-- -----io---- --system-- -----cpu-----
 r  b   swpd   free   buff  cache   si   so    bi    bo   in   cs us sy id wa st
 3  0      0 5019248  52284 1247880    0    0     0     0 11441 19892 36 12 52  0  0	
 4  0      0 5019240  52284 1247888    0    0     0    14 11810 20855 39 17 42  1  0	
 0  0      0 5018744  52284 1247896    0    0     0     7 11310 19430 35 13 49  3  0	
 1  0      0 5018868  52284 1247904    0    0     0     5 11574 20406 38 13 46  4  0	
 2  0      0 5018768  52284 1247908    0    0     0     6 12144 19666 36 14 48  2  0	
 0  0      0 5019264  52284 1247940    0    0     0     4 11665 20392 37 14 48  2  0	
 0  0      0 5019016  52284 1247948    0    0     0     5 11608 20074 36 12 50  2  0	
 0  0      0 5019016  52284 1247952    0    0     0    12 11942 20198 37 16 46  1  0	
 4  0      0 5018752  52284 1247964    0    0     0     9 11588 20499 35 14 50  1  0	
 0  0      0 5018900  52284 1247968    0    0     0     4 11135 19880 35 12 51  2  0	
 3  0      0 5018644  52284 1247976    0    0     0     3 11459 20645 37 15 48  1  0	
 0  0      0 5018776  52284 1247984    0    0     0     5 11529 19367 35 13 50  2  0	
 0  0      0 5018532  52284 1247996    0    0     0     6 11518 20134 38 16 45  1  0	
20  0      0 4975848  52284 1247980    0    0     0    10 11544 19997 36 14 50  0  0	
 0  0      0 5018720  52284 1247988    0    0     0     6 11961 19614 36 14 49  1  0	
 0  1      0 5018868  52284 1247996    0    0     0     5 11383 20282 36 13 49  2  0	
 0  0      0 5019024  52284 1248004    0    0     0     4 11282 19707 36 12 50  2  0	
 3  0      0 5019488  52284 1248028    0    0     0     7 11959 20075 38 17 44  1  0	
 0  0      0 5018876  52284 1248044    0    0     0     1 11340 20268 36 12 51  2  0	
 0  0      0 5018884  52284 1248048    0    0     0    16 11269 20066 36 12 50  2  0	
 2  0      0 5018380  52284 1248056    0    0     0     6 12070 19331 36 15 44  5  0	
procs -----------memory---------- ---swap-- -----io---- --system-- -----cpu-----
 r  b   swpd   free   buff  cache   si   so    bi    bo   in   cs us sy id wa st
 8  0      0 5018628  52284 1248072    0    0     0     6 11454 20166 37 13 50  1  0	
 4  0      0 5018636  52284 1248084    0    0     0     6 11505 20092 36 12 50  1  0	
 0  0      0 5019008  52284 1248088    0    0     0     4 11890 20243 36 15 47  1  0	
 0  0      0 5018876  52284 1248100    0    0     0     2 11414 20001 38 12 48  3  0	
 2  0      0 5018628  52284 1248108    0    0     0    20 11337 20165 37 12 49  2  0	
 0  0      0 5018504  52284 1248116    0    0     0     8 11528 20184 36 14 47  3  0	
 1  0      0 5018336  52284 1248124    0    0     0     5 11400 20661 40 16 42  2  0	
 0  0      0 5018508  52284 1248112    0    0     0     4 11563 20078 34 12 53  1  0	
 7  0      0 5018756  52284 1248132    0    0     0     5 12201 20499 38 16 45  1  0	
 1  1      0 5018688  52284 1248144    0    0     0     6 11795 21303 38 13 46  3  0	
 1  0      0 5018580  52284 1248152    0    0     0    13 11349 20312 35 13 50  2  0	
 0  0      0 5018340  52284 1248164    0    0     0    10 12002 19914 35 15 47  2  0	
 2  0      0 5018488  52284 1248168    0    0     0     4 11247 19704 36 12 48  4  0	
 3  0      0 5018488  52284 1248176    0    0     0     0 11272 19782 35 11 53  0  0	
 4  0      0 5018496  52284 1248184    0    0     0     5 12102 20352 37 16 46  1  0	
 1  0      0 5018612  52284 1248188    0    0     0     6 11747 19857 37 12 49  2  0	
 0  0      0 5018736  52284 1248204    0    0     0    14 11535 20593 36 13 50  2  0	
 1  0      0 5018744  52284 1248208    0    0     0     6 12227 19987 37 15 47  1  0	
 1  0      0 5018744  52284 1248216    0    0     0     0 11303 19618 35 12 50  3  0	
 7  0      0 5018620  52284 1248228    0    0     0     7 11213 19608 35 12 52  2  0	
 1  0      0 5018372  52284 1248240    0    0     0     6 11861 19927 36 16 45  4  0	
procs -----------memory---------- ---swap-- -----io---- --system-- -----cpu-----
 r  b   swpd   free   buff  cache   si   so    bi    bo   in   cs us sy id wa st
 3  0      0 5018516  52284 1248248    0    0     0     6 11221 20395 37 16 45  1  0	
 2  0      0 5018640  52284 1248256    0    0     0    12 11614 20709 36 13 50  1  0	
 0  0      0 5018208  52284 1248244    0    0     0     6 12309 20660 37 16 46  1  0	
 3  0      0 5018216  52284 1248252    0    0     0     7 11543 20004 37 12 48  3  0	
 7  0      0 5018264  52284 1248260    0    0     0     4 11680 20551 37 12 50  1  0	
 0  1      0 5018504  52284 1248268    0    0     0     4 11959 19844 36 15 47  2  0	
 0  0      0 5018628  52284 1248272    0    0     0     4 11641 20269 36 12 50  1  0	
 0  0      0 5018380  52284 1248284    0    0     0    13 11201 19763 37 13 49  1  0	
 3  0      0 5018240  52284 1248292    0    0     0     8 11704 20037 37 15 47  2  0	
 0  0      0 5018628  52284 1248300    0    0     0     5 11373 19901 35 13 50  2  0	
 2  0      0 5018760  52284 1248304    0    0     0     4 11456 19847 36 12 51  1  0	
 1  0      0 5018132  52284 1248328    0    0     0     0 11957 20057 37 15 47  0  0	
 2  0      0 5018628  52284 1248340    0    0     0     6 11759 20786 37 13 46  4  0	
 0  0      0 5018628  52284 1248344    0    0     0    14 11291 20132 35 13 50  2  0	
 0  0      0 5018132  52284 1248356    0    0     0     7 11957 19806 37 16 46  2  0	
 3  0      0 5017488  52284 1248360    0    0     0     4 11510 20246 36 13 50  1  0	
 0  0      0 5017880  52284 1248376    0    0     0     5 11194 20333 38 14 46  2  0	
 3  0      0 5016084  52284 1248364    0    0     0     4 11583 19988 35 15 50  1  0	
 3  0      0 5018380  52284 1248372    0    0     0     0 11608 19948 35 12 50  3  0	
 1  0      0 5018316  52284 1248384    0    0     0    13 11599 20318 36 14 49  1  0	
 2  0      0 5018192  52284 1248392    0    0     0     8 12348 20380 37 15 47  1  0	
procs -----------memory---------- ---swap-- -----io---- --system-- -----cpu-----
 r  b   swpd   free   buff  cache   si   so    bi    bo   in   cs us sy id wa st
 0  0      0 5018100  52284 1248400    0    0     0     2 11339 19636 35 12 53  0  0	
 0  0      0 5018116  52284 1248408    0    0     0     4 11477 20412 37 12 50  1  0	
 4  0      0 5018520  52284 1248432    0    0     0     6 11752 19889 38 15 45  1  0	
 1  0      0 5018752  52284 1248444    0    0     0     1 11797 20377 36 14 49  1  0	
 2  0      0 5018388  52284 1248448    0    0     0    16 11402 20110 36 13 50  2  0	
 6  0      0 5018240  52284 1248456    0    0     0     6 11900 20023 37 13 47  3  0	
 1  0      0 5018016  52284 1248464    0    0     0     8 11777 20398 37 13 46  3  0	
 0  0      0 5018156  52284 1248468    0    0     0     6 11279 19643 36 12 51  1  0	
 6  0      0 5018644  52284 1248476    0    0     0     4 11593 19565 36 14 47  3  0	
 0  0      0 5018520  52284 1248484    0    0     0     5 11532 19654 36 13 49  2  0	
 1  0      0 5018088  52284 1248496    0    0     0     9 11286 20150 39 16 44  1  0	
 5  0      0 5017896  52284 1248500    0    0     0     6 11552 19566 35 14 50  2  0	
 1  0      0 5018400  52284 1248492    0    0     0     6 11879 20836 36 14 45  5  0	
 2  0      0 5018480  52284 1248500    0    0     0     8 11352 19660 35 12 53  1  0	
 6  0      0 4987480  52284 1248524    0    0     0     5 11628 19303 34 14 50  2  0	
 2  0      0 5018380  52284 1248536    0    0     0     8 11804 20264 37 13 47  2  0	
 4  0      0 5018256  52284 1248544    0    0     0    10 11441 20205 36 12 52  0  0	
 2  0      0 5018520  52284 1248548    0    0     0     6 11375 20238 36 12 51  2  0	
 2  0      0 5018148  52284 1248556    0    0     0     5 11920 19823 36 16 42  5  0	
 4  0      0 5018148  52284 1248564    0    0     0     4 11192 19902 36 12 51  1  0	
 4  0      0 5018148  52284 1248572    0    0     0     7 11172 19159 35 12 49  3  0	
procs -----------memory---------- ---swap-- -----io---- --system-- -----cpu-----
 r  b   swpd   free   buff  cache   si   so    bi    bo   in   cs us sy id wa st
 1  0      0 5018272  52284 1248580    0    0     0     6 11980 19286 35 14 47  4  0	
 3  0      0 5018156  52284 1248592    0    0     0     9 11804 20060 37 12 51  0  0	
 0  0      0 5018156  52284 1248596    0    0     0     6 11653 20199 37 12 49  2  0	
 3  0      0 5018528  52284 1248604    0    0     0     5 12285 19987 37 16 45  2  0	
 4  0      0 5018404  52284 1248612    0    0     0     5 11517 20327 36 13 49  2  0	
 0  0      0 5018076  52284 1248628    0    0     0     6 11159 20495 39 15 44  1  0	
 2  0      0 5018564  52284 1248616    0    0     0     9 11730 20286 36 15 47  2  0	
 3  0      0 5018092  52284 1248624    0    0     0    14 11308 19445 35 12 53  1  0	
 4  1      0 5017992  52284 1248632    0    0     0     6 11680 20692 37 12 49  2  0	
 4  0      0 5018116  52284 1248640    0    0     0     2 12194 19808 37 16 47  0  0	
 0  0      0 5018008  52284 1248652    0    0     0     5 11663 20209 37 12 49  3  0	
 2  0      0 5018116  52284 1248656    0    0     0     4 11294 19974 37 12 50  1  0	
 0  0      0 5018008  52284 1248664    0    0     0     3 11811 19370 35 15 48  2  0	
 2  0      0 5017744  52284 1248676    0    0     0    12 11340 20091 36 13 51  1  0	
 5  0      0 5017760  52284 1248684    0    0     0     8 11247 20161 36 12 47  5  0	
 1  0      0 5017744  52284 1248688    0    0     0     4 12037 19526 36 15 47  1  0	
 2  1      0 5017892  52284 1248696    0    0     0     4 11529 19662 36 12 52  1  0	
 1  1      0 5017728  52284 1248716    0    0     0     5 12089 20932 37 12 49  2  0	
