procs -----------memory---------- ---swap-- -----io---- --system-- -----cpu-----
 r  b   swpd   free   buff  cache   si   so    bi    bo   in   cs us sy id wa st
 3  0      0 150736 5076728 1068980    0    0    26     4    2    7 27  6 66  1  0	
 1  0      0 147656 5076984 1069024    0    0    51     0 7961 20178 39 12 49  0  0	
 1  0      0 148292 5077248 1069036    0    0    51     7 8669 20684 37  9 54  0  0	
 0  0      0 147548 5077512 1069044    0    0    51     2 8427 21331 38 11 51  0  0	
 0  0      0 147096 5077776 1069056    0    0    51     2 8272 20951 41 11 48  0  0	
 1  0      0 146832 5078040 1069064    0    0    51     2 8518 21352 40 12 48  0  0	
 1  0      0 146088 5078304 1069068    0    0    51     2 8345 21088 38 10 51  1  0	
 6  0      0 145964 5078568 1069064    0    0    51    17 7784 20511 37  9 54  0  0	
 1  0      0 146096 5078832 1069064    0    0    51    11 8459 20999 38 10 52  0  0	
 4  0      0 142552 5079088 1069080    0    0    51     0 8300 20573 38 10 51  0  0	
 1  1      0 145260 5079352 1069092    0    0    51     6 8142 21457 39  8 50  3  0	
 2  0      0 142276 5079616 1069104    0    0    51     4 8351 21412 38 11 50  1  0	
 1  0      0 144640 5079880 1069112    0    0    51     5 8366 19922 36  8 55  0  0	
 3  0      0 145120 5080144 1069128    0    0    51    15 7933 20437 38 10 51  1  0	
 0  0      0 145036 5080408 1069148    0    0    51     6 7786 20088 36  8 56  0  0	
 0  0      0 143952 5080672 1069152    0    0    51    10 8322 19993 37 10 53  0  0	
 3  0      0 143604 5080936 1069164    0    0    51     5 7648 19650 35  7 57  0  0	
 0  0      0 143488 5081200 1069172    0    0    51     5 7924 20955 37  8 53  2  0	
 1  0      0 143248 5081464 1069180    0    0    51     4 8562 20830 38  9 53  0  0	
 0  0      0 143000 5081728 1069188    0    0    51    16 7942 20407 37  8 55  0  0	
 1  0      0 142416 5081992 1069204    0    0    51     8 7948 19651 38 11 51  0  0	
procs -----------memory---------- ---swap-- -----io---- --system-- -----cpu-----
 r  b   swpd   free   buff  cache   si   so    bi    bo   in   cs us sy id wa st
 0  1      0 142736 5082248 1069208    0    0    51     4 8522 20055 37 10 51  2  0	
 3  0      0 142480 5082512 1069200    0    0    51     4 7739 19951 36  8 56  0  0	
 0  0      0 142132 5082776 1069212    0    0    51     4 7693 20055 36  8 54  2  0	
 0  0      0 142132 5083040 1069220    0    0    51     5 8572 20036 38 10 52  0  0	
 1  1      0 141752 5083304 1069228    0    0    51    14 8243 21433 38 10 52  0  0	
 1  0      0 141520 5083568 1069248    0    0    51     7 7933 20663 39  8 52  2  0	
 0  0      0 140900 5083832 1069256    0    0    51     5 8788 19833 36 10 53  0  0	
 1  0      0 140380 5084096 1069268    0    0    51     6 7920 20952 38  8 52  1  0	
 3  0      0 140016 5084368 1069260    0    0    51     7 7886 20329 34  8 58  0  0	
 2  0      0 140132 5084624 1069284    0    0    51     2 8534 19847 35  9 56  0  0	
 0  0      0 139768 5084888 1069288    0    0    51    14 7962 20623 37  8 54  0  0	
 0  0      0 140016 5085152 1069300    0    0    51     6 7610 19630 35  8 55  2  0	
 5  0      0 139156 5085416 1069308    0    0    51     5 8650 20481 37 10 52  0  0	
 1  0      0 139156 5085680 1069312    0    0    51     3 7684 20055 37  8 55  0  0	
 6  0      0 138460 5085944 1069328    0    0    51     4 8039 20521 38 12 50  0  0	
 1  0      0 138136 5086208 1069336    0    0    51     5 8488 20127 37 10 51  2  0	
 2  0      0 138044 5086472 1069324    0    0    51    13 7956 20506 37  9 53  0  0	
 1  0      0 138092 5086740 1069344    0    0    51    10 7757 19933 35  8 56  1  0	
 1  0      0 137636 5086996 1069356    0    0    51     0 8625 20443 37 11 52  0  0	
 1  0      0 137396 5087260 1069364    0    0    51     4 7947 20336 37  8 55  0  0	
 0  0      0 136900 5087524 1069372    0    0    51     5 8101 21525 39  9 52  0  0	
procs -----------memory---------- ---swap-- -----io---- --system-- -----cpu-----
 r  b   swpd   free   buff  cache   si   so    bi    bo   in   cs us sy id wa st
 2  0      0 137032 5087788 1069380    0    0    51     6 8405 20166 37  9 54  0  0	
 3  0      0 136668 5088052 1069392    0    0    51    13 7873 21095 37  8 53  2  0	
 2  0      0 136420 5088316 1069400    0    0    51     7 7866 20091 38  8 55  0  0	
 4  0      0 136172 5088580 1069408    0    0    51    11 8694 20108 37 10 52  0  0	
 2  0      0 135676 5088844 1069416    0    0    51     3 7901 20051 37  8 56  0  0	
 3  0      0 135428 5089100 1069432    0    0    51     2 7630 20228 37  8 52  4  0	
 4  0      0 135056 5089364 1069440    0    0    51     6 8500 19477 36  9 55  0  0	
 6  0      0 135172 5089628 1069448    0    0    51    14 7854 20668 38  9 51  2  0	
 8  0      0 134340 5089892 1069460    0    0    51     8 8065 20354 38 11 51  0  0	
 0  0      0 134016 5090156 1069468    0    0    51     7 8762 20673 37 10 53  0  0	
 0  0      0 133684 5090420 1069476    0    0    51     5 7687 19782 35  8 57  0  0	
 1  0      0 133412 5090684 1069464    0    0    51    10 7952 20862 37  9 52  2  0	
 3  0      0 133296 5090948 1069464    0    0    51     4 8526 21245 37  9 53  0  0	
 4  0      0 133172 5091208 1069476    0    0    51    15 8016 20925 38  9 53  0  0	
 2  0      0 132956 5091468 1069484    0    0    51     0 7790 20442 36  8 56  0  0	
 1  0      0 132832 5091732 1069496    0    0    51     4 8699 20527 38 10 52  0  0	
 2  0      0 132584 5091996 1069508    0    0    51     4 7863 20233 37  8 53  2  0	
 4  0      0 132220 5092260 1069520    0    0    51     3 7797 20391 38  8 54  0  0	
 1  0      0 131840 5092524 1069524    0    0    51     4 8503 20352 39 10 51  0  0	
 3  0      0 131676 5092792 1069532    0    0    51    18 7940 21229 38 11 51  0  0	
 1  0      0 131312 5093056 1069552    0    0    51    10 7911 20640 37  8 52  3  0	
procs -----------memory---------- ---swap-- -----io---- --system-- -----cpu-----
 r  b   swpd   free   buff  cache   si   so    bi    bo   in   cs us sy id wa st
 1  0      0 130956 5093320 1069560    0    0    51     8 8273 19811 37 10 53  0  0	
 0  1      0 130684 5093584 1069564    0    0    51     4 7881 20167 37  7 54  2  0	
 0  1      0 130460 5093848 1069572    0    0    51     5 7661 19446 35  9 56  0  0	
 4  0      0 130332 5094104 1069592    0    0    51     0 8871 20923 41 13 46  0  0	
 2  0      0 130048 5094368 1069600    0    0    51    14 7731 19894 36  9 55  0  0	
 2  0      0 129668 5094632 1069588    0    0    51    12 7868 20660 38  8 53  2  0	
 2  0      0 129544 5094896 1069596    0    0    51     6 8556 20180 36 10 54  0  0	
 1  0      0 129584 5095160 1069608    0    0    51     7 7781 20013 37  8 55  1  0	
 0  0      0 128980 5095424 1069612    0    0    51     5 7837 19744 36  8 56  0  0	
 1  1      0 155268 5068936 1069620    0    0    51     4 8901 20094 38 10 51  2  0	
 0  1      0 155268 5069204 1069624    0    0    51    15 7775 19746 36  9 54  0  0	
 3  0      0 155020 5069460 1069656    0    0    51     0 7964 20907 36  8 56  0  0	
 0  0      0 154044 5069724 1069664    0    0    51    10 8724 21164 37 11 51  1  0	
 0  0      0 153796 5069988 1069676    0    0    51     7 7920 20650 37  8 55  0  0	
 1  0      0 153564 5070252 1069684    0    0    51     4 7754 19355 36  8 56  0  0	
 5  0      0 154052 5070516 1069692    0    0    51     5 8092 19064 35  9 56  0  0	
 5  0      0 153548 5070780 1069696    0    0    51    16 7857 20152 37  8 53  2  0	
 3  1      0 153052 5071044 1069696    0    0    51     5 7790 19651 36  8 57  0  0	
 0  1      0 152256 5071308 1069708    0    0    51     6 8680 19611 38 13 48  0  0	
 0  1      0 152352 5071572 1069716    0    0    51     9 7691 19690 35  8 57  0  0	
 0  1      0 151904 5071836 1069724    0    0    51     4 7775 20044 36  8 55  0  0	
procs -----------memory---------- ---swap-- -----io---- --system-- -----cpu-----
 r  b   swpd   free   buff  cache   si   so    bi    bo   in   cs us sy id wa st
 0  1      0 152384 5072100 1069720    0    0    51     3 8506 20498 37 10 53  0  0	
 2  1      0 152176 5072364 1069724    0    0    51    14 7881 20477 37  8 54  1  0	
 3  1      0 152144 5072628 1069740    0    0    51     5 7806 20822 37  9 54  0  0	
 2  0      0 151284 5072884 1069764    0    0    51     0 8471 20180 36 10 54  0  0	
 0  0      0 151044 5073148 1069776    0    0    51     5 8013 20659 37  8 55  0  0	
 2  0      0 150564 5073412 1069788    0    0    51     7 7900 20520 38  9 53  1  0	
 7  0      0 150440 5073676 1069796    0    0    51     7 8607 20190 37 10 53  0  0	
 2  0      0 150192 5073940 1069804    0    0    51    13 7955 20513 38  9 52  1  0	
 2  0      0 149944 5074204 1069800    0    0    51    12 7820 20283 36  8 56  0  0	
 3  0      0 149944 5074468 1069808    0    0    51     5 8576 20413 38 10 52  0  0	
 0  1      0 149820 5074732 1069824    0    0    51     8 7917 20076 36  8 56  0  0	
 1  0      0 149448 5074996 1069836    0    0    51     8 7802 20326 37  8 54  0  0	
 1  1      0 148588 5075260 1069844    0    0    51     4 8701 19972 37  9 54  0  0	
 1  1      0 148336 5075524 1069852    0    0    51    16 8202 20831 40 12 47  0  0	
 2  0      0 148756 5075780 1069864    0    0    51     0 7854 20025 36  9 55  0  0	
 6  0      0 147772 5076044 1069856    0    0    51    10 8525 21462 38 10 51  1  0	
 3  0      0 147276 5076308 1069872    0    0    51     6 7974 20864 37  9 54  0  0	
 0  1      0 147192 5076572 1069880    0    0    51     7 7701 19944 35  8 56  1  0	
 1  0      0 146696 5076836 1069884    0    0    51     4 8538 21100 39 10 49  2  0	
 2  0      0 146448 5077100 1069896    0    0    51    12 7935 19904 37  9 55  0  0	
 0  0      0 146200 5077364 1069892    0    0    51     8 7744 19703 36  8 52  4  0	
procs -----------memory---------- ---swap-- -----io---- --system-- -----cpu-----
 r  b   swpd   free   buff  cache   si   so    bi    bo   in   cs us sy id wa st
 4  1      0 145968 5077628 1069900    0    0    51     5 8305 19844 35 10 54  0  0	
 0  0      0 145968 5077892 1069912    0    0    51     8 8156 20673 39  8 50  2  0	
 0  0      0 145596 5078148 1069936    0    0    51     0 8104 20736 38  9 54  0  0	
 3  0      0 144728 5078412 1069940    0    0    51     4 8446 20844 37  9 53  0  0	
 0  0      0 144704 5078676 1069948    0    0    51    13 8148 20729 37  9 55  0  0	
 4  0      0 144968 5078940 1069968    0    0    51    10 8189 21724 38  9 53  0  0	
 4  0      0 144348 5079204 1069976    0    0    51     3 8323 20073 35 10 54  0  0	
 3  0      0 143956 5079468 1069972    0    0    51     5 8235 20736 38 11 49  2  0	
 0  0      0 143640 5079732 1069988    0    0    51    13 7741 19840 37  9 55  0  0	
 1  0      0 143836 5079996 1069976    0    0    51     4 8449 20749 37  9 53  1  0	
 1  1      0 143448 5080260 1069984    0    0    51    17 8199 20332 37  9 54  0  0	
 5  0      0 143256 5080516 1070000    0    0    51     1 7781 20577 36  8 56  0  0	
 8  0      0 142892 5080780 1070004    0    0    51     6 8355 21021 39 10 51  0  0	
 2  0      0 143016 5081044 1070016    0    0    51     5 8104 20664 36  9 56  0  0	
 0  0      0 142768 5081308 1070028    0    0    51     5 7755 20100 37  8 54  1  0	
 1  0      0 142132 5081572 1070040    0    0    51    10 8233 21037 37 10 52  0  0	
 0  0      0 141868 5081836 1070044    0    0    51    15 8019 20048 37 10 52  1  0	
 2  0      0 142116 5082100 1070060    0    0    51     9 7907 20544 36  9 55  0  0	
 3  0      0 141604 5082364 1070064    0    0    51     4 8152 20511 37  9 53  0  0	
 0  0      0 141256 5082628 1070076    0    0    51     5 8264 20466 37  9 54  0  0	
 1  0      0 140784 5082892 1070088    0    0    51     7 7913 20532 38  8 52  3  0	
procs -----------memory---------- ---swap-- -----io---- --system-- -----cpu-----
 r  b   swpd   free   buff  cache   si   so    bi    bo   in   cs us sy id wa st
 6  0      0 133328 5083148 1070104    0    0    51     0 7959 20792 38  9 53  0  0	
 2  0      0 139476 5083412 1070108    0    0    51    14 8478 20491 40 12 47  1  0	
 0  0      0 139400 5083676 1070116    0    0    51    13 7712 19906 35  8 57  0  0	
 0  0      0 139836 5083940 1070124    0    0    51     4 7954 21392 40  9 51  0  0	
 2  0      0 139216 5084204 1070116    0    0    51     5 8445 20105 36 10 54  0  0	
 6  0      0 139048 5084468 1070112    0    0    51     4 7950 20597 38  8 54  0  0	
 1  0      0 138784 5084732 1070136    0    0    51     5 7993 20555 37  9 54  0  0	
 1  0      0 138420 5084988 1070148    0    0    51     9 8735 19954 37  9 52  2  0	
 1  0      0 138916 5085252 1070168    0    0    51     5 8014 21154 37  9 54  0  0	
 0  0      0 138040 5085516 1070176    0    0    51     6 7803 20400 37  8 55  0  0	
 1  0      0 137784 5085780 1070192    0    0    51     3 8592 21187 38 10 52  0  0	
 2  0      0 137560 5086044 1070196    0    0    51     6 7622 19811 36  8 56  0  0	
 0  0      0 137172 5086308 1070208    0    0    51     7 7736 20333 37  9 54  0  0	
 2  1      0 137072 5086572 1070216    0    0    51    16 8650 20526 37  9 52  1  0	
 0  0      0 136956 5086836 1070216    0    0    51     6 7740 20357 36  9 53  2  0	
 2  0      0 134964 5087100 1070224    0    0    51     4 7687 20292 36  8 56  0  0	
 0  0      0 136460 5087364 1070228    0    0    51    10 8706 20222 38 10 50  3  0	
 0  0      0 135432 5087620 1070244    0    0    51     1 8106 21371 40 11 48  0  0	
 0  0      0 135240 5087884 1070260    0    0    51     5 7785 20878 37  9 54  0  0	
 0  0      0 135140 5088148 1070268    0    0    51    16 8478 19973 37 10 53  0  0	
 2  0      0 135752 5088412 1070264    0    0    51     7 7840 21072 39  9 51  1  0	
procs -----------memory---------- ---swap-- -----io---- --system-- -----cpu-----
 r  b   swpd   free   buff  cache   si   so    bi    bo   in   cs us sy id wa st
 3  0      0 135304 5088676 1070272    0    0    51     6 7757 20337 36  8 56  0  0	
 2  0      0 134956 5088940 1070280    0    0    51     4 8434 20489 36 10 52  1  0	
 0  0      0 134220 5089204 1070288    0    0    51     7 7943 21016 38  9 54  0  0	
 0  0      0 134468 5089468 1070296    0    0    51    11 7863 20712 38  9 53  0  0	
 0  0      0 133724 5089732 1070308    0    0    51    15 8378 20006 36  9 55  0  0	
 0  0      0 133352 5089988 1070320    0    0    51     0 7781 20446 37  8 55  1  0	
 0  0      0 133104 5090252 1070328    0    0    51     6 7586 19895 36  8 56  0  0	
 0  0      0 133104 5090516 1070340    0    0    51     4 8513 20283 37 10 50  2  0	
 2  0      0 132856 5090780 1070348    0    0    51     5 7890 20438 37  8 54  0  0	
 2  0      0 132236 5091044 1070356    0    0    51     6 7957 20865 36  9 55  0  0	
 2  0      0 131740 5091308 1070368    0    0    51    21 8685 20114 37  9 54  0  0	
 3  0      0 130644 5091572 1070376    0    0    51     8 7896 20608 37  9 53  0  0	
 0  0      0 131156 5091836 1070380    0    0    51     4 8144 21183 40 11 49  0  0	
 0  1      0 131320 5092100 1070380    0    0    51     4 8563 20789 39 10 50  1  0	
 0  0      0 130700 5092356 1070380    0    0    51     0 7778 20220 37  8 54  1  0	
 0  0      0 130840 5092620 1070384    0    0    51     4 7891 20928 37  9 55  0  0	
 0  0      0 130368 5092884 1070396    0    0    51    14 8733 20497 38 10 50  2  0	
 0  0      0 130244 5093148 1070404    0    0    51     9 7808 20384 36  9 55  0  0	
 0  0      0 129996 5093412 1070412    0    0    51     9 7749 20501 36  8 56  0  0	
 3  0      0 129748 5093676 1070412    0    0    51     5 8506 20136 38 10 52  0  0	
 3  0      0 129500 5093940 1070420    0    0    51     4 7695 20252 38  7 52  3  0	
procs -----------memory---------- ---swap-- -----io---- --system-- -----cpu-----
 r  b   swpd   free   buff  cache   si   so    bi    bo   in   cs us sy id wa st
 3  0      0 129128 5094204 1070432    0    0    51     5 7783 20288 36  8 56  0  0	
 3  0      0 129128 5094468 1070440    0    0    51    18 8431 20017 38  9 52  1  0	
 4  0      0 129004 5094724 1070472    0    0    51     1 7877 20778 38  8 54  0  0	
 3  0      0 128500 5094988 1070476    0    0    51     6 7815 21218 37  9 54  0  0	
 6  0      0 128236 5095252 1070492    0    0    51     5 8627 21104 38 10 52  0  0	
 2  0      0 128012 5095516 1070500    0    0    51    10 7861 20599 37  8 55  0  0	
 5  0      0 127256 5095780 1070508    0    0    51     5 8024 21134 41 12 46  0  0	
 5  0      0 127256 5096044 1070516    0    0    51    16 8555 20479 37 10 52  2  0	
 0  0      0 126840 5096308 1070528    0    0    51     8 7780 20690 36  8 55  0  0	
 1  0      0 126376 5096572 1070508    0    0    51     3 7816 20679 37  8 54  1  0	
 1  0      0 149216 5074300 1070528    0    0    51     1 8455 20723 37 11 52  0  0	
 0  1      0 148844 5074564 1070532    0    0    51     9 7707 20055 37  8 54  1  0	
 2  0      0 148224 5074828 1070548    0    0    51    10 7913 20496 38  8 54  0  0	
 0  0      0 148332 5075092 1070552    0    0    51    14 8727 21139 38 12 50  0  0	
 0  0      0 148076 5075356 1070576    0    0    51     7 7769 20281 36  8 53  3  0	
 2  0      0 147804 5075620 1070576    0    0    51     4 7950 21184 37  9 54  0  0	
 0  0      0 147036 5075876 1070600    0    0    51     2 8384 20480 36 10 53  1  0	
 0  0      0 146828 5076140 1070604    0    0    51     6 7823 20427 37  7 55  0  0	
 2  0      0 147076 5076404 1070612    0    0    51     3 7927 20789 38  9 53  0  0	
 2  0      0 146580 5076668 1070620    0    0    51    15 8483 20214 37 10 53  0  0	
 1  0      0 146348 5076932 1070632    0    0    51     9 7768 21055 37  8 53  2  0	
procs -----------memory---------- ---swap-- -----io---- --system-- -----cpu-----
 r  b   swpd   free   buff  cache   si   so    bi    bo   in   cs us sy id wa st
 2  0      0 145976 5077196 1070632    0    0    51     6 7850 20768 38  8 53  0  0	
 6  0      0 145640 5077460 1070640    0    0    51     5 8500 20883 41 14 43  1  0	
 0  0      0 145440 5077724 1070644    0    0    51     4 7850 20229 38  8 54  0  0	
 3  0      0 145084 5077980 1070664    0    0    51     0 7590 20266 37  9 54  0  0	
 0  0      0 145060 5078244 1070652    0    0    51    14 8649 20929 37 10 53  0  0	
 0  0      0 144976 5078508 1070676    0    0    51    11 7812 20728 37  8 54  1  0	
 1  0      0 144696 5078772 1070680    0    0    51     8 7925 20996 37  9 54  0  0	
 3  0      0 144448 5079036 1070692    0    0    51     4 8670 21030 38 10 52  0  0	
 0  0      0 144232 5079300 1070692    0    0    51     4 7721 20173 37  7 52  3  0	
 2  0      0 144256 5079564 1070696    0    0    51     7 7928 21372 38  9 53  0  0	
 2  0      0 143512 5079828 1070708    0    0    51    15 8435 20214 37 10 52  1  0	
 1  0      0 143264 5080092 1070716    0    0    51    10 7802 20749 37  9 54  0  0	
 1  0      0 143148 5080356 1070724    0    0    51     8 7714 19941 36  8 56  0  0	
 5  0      0 142776 5080620 1070736    0    0    51     5 8378 20058 37 10 53  0  0	
 0  0      0 142528 5080884 1070744    0    0    51     4 7751 19570 35  8 56  2  0	
 0  0      0 142156 5081148 1070752    0    0    51     8 7800 20011 36  9 55  0  0	
 2  0      0 140720 5081412 1070760    0    0    51    14 8530 20439 37 10 49  3  0	
 2  0      0 141608 5081676 1070772    0    0    51     6 7979 21392 39 11 50  0  0	
 3  1      0 141572 5081940 1070784    0    0    51     4 7824 21307 38  9 52  1  0	
 1  0      0 141036 5082204 1070772    0    0    51     4 8455 20315 36 10 52  1  0	
 0  0      0 140432 5082468 1070784    0    0    51     4 7884 20160 37  9 55  0  0	
procs -----------memory---------- ---swap-- -----io---- --system-- -----cpu-----
 r  b   swpd   free   buff  cache   si   so    bi    bo   in   cs us sy id wa st
 5  0      0 140116 5082724 1070796    0    0    51     1 7704 20927 36  9 54  2  0	
 2  0      0 139892 5082988 1070804    0    0    51    16 8427 19337 35  9 56  0  0	
 3  0      0 139792 5083252 1070812    0    0    51     6 7848 20230 36  8 53  2  0	
 2  0      0 139420 5083516 1070824    0    0    51     6 7800 20499 36  8 56  0  0	
 1  0      0 139668 5083780 1070832    0    0    51     7 7966 19796 36 10 52  1  0	
 3  0      0 139296 5084044 1070844    0    0    51     5 7888 20724 37  8 55  0  0	
 1  0      0 138924 5084308 1070848    0    0    51     5 7817 20405 37  9 54  1  0	
 1  0      0 137924 5084572 1070852    0    0    51    15 8193 19918 37  9 54  0  0	
 2  0      0 138048 5084836 1070872    0    0    51    11 7770 20002 35  8 55  2  0	
 1  0      0 138040 5085100 1070884    0    0    51     8 7865 20624 37  8 54  0  0	
 1  0      0 137544 5085356 1070904    0    0    51     0 8172 19785 36 10 52  2  0	
 2  0      0 136888 5085620 1070916    0    0    51     5 8038 19306 39 11 49  0  0	
 2  0      0 136944 5085884 1070920    0    0    51     3 8001 21746 39  9 53  0  0	
 1  0      0 136464 5086148 1070928    0    0    51    13 8272 20640 37 10 52  1  0	
 0  0      0 136348 5086412 1070916    0    0    51     7 7695 20219 37  9 55  0  0	
 0  0      0 135900 5086676 1070928    0    0    51     9 7817 20546 37  8 55  0  0	
 2  0      0 135684 5086940 1070936    0    0    51     7 8141 20056 36 10 54  0  0	
 1  0      0 135436 5087204 1070936    0    0    51     3 7958 20593 37  8 53  2  0	
 3  0      0 135064 5087468 1070952    0    0    51     4 7726 19970 36  8 55  0  0	
 1  0      0 134816 5087724 1070964    0    0    51     9 8424 19795 38 10 53  0  0	
 0  0      0 135056 5087988 1070984    0    0    51     6 7853 19817 37  8 55  0  0	
procs -----------memory---------- ---swap-- -----io---- --system-- -----cpu-----
 r  b   swpd   free   buff  cache   si   so    bi    bo   in   cs us sy id wa st
 3  0      0 135040 5088252 1070992    0    0    51     4 7751 20370 37  8 54  0  0	
 0  0      0 134172 5088516 1071008    0    0    51     8 8017 19648 36 10 54  0  0	
 5  0      0 133816 5088780 1071008    0    0    51    11 7943 20618 37  8 52  3  0	
 1  0      0 133824 5089044 1071016    0    0    51     5 7662 19869 37  8 55  0  0	
 0  0      0 133808 5089300 1071028    0    0    51     9 8330 21030 39 10 51  0  0	
 0  0      0 133552 5089564 1071036    0    0    51     7 8025 20028 37  9 54  0  0	
 0  0      0 132588 5089828 1071048    0    0    51     5 8182 21543 40 12 48  0  0	
 3  0      0 132572 5090092 1071060    0    0    51     5 7849 20066 37 10 53  0  0	
 0  0      0 132272 5090356 1071064    0    0    51     7 8071 20865 37  9 55  0  0	
 2  0      0 131776 5090620 1071044    0    0    51     7 8022 21248 38  8 54  0  0	
 6  0      0 125964 5090884 1071056    0    0    51    17 8073 20480 38 12 51  0  0	
 0  0      0 131676 5091140 1071084    0    0    51     0 8221 20578 39  8 53  0  0	
 0  0      0 131956 5091404 1071088    0    0    51     5 7827 20343 37  9 54  0  0	
 5  0      0 131444 5091668 1071112    0    0    51     6 8052 20959 36  9 54  0  0	
 1  0      0 130980 5091932 1071116    0    0    51     7 8470 20371 37 10 51  2  0	
 4  0      0 131004 5092196 1071124    0    0    51     6 7768 20433 37  8 55  0  0	
 1  0      0 130384 5092460 1071132    0    0    51    14 7890 20178 37  9 51  3  0	
 0  0      0 152828 5070196 1071140    0    0    51    12 8445 20063 38  9 52  0  0	
 1  0      0 152704 5070460 1071140    0    0    51     5 7874 20564 37  8 55  0  0	
 2  0      0 152332 5070716 1071156    0    0    51     1 7901 20101 36  9 55  0  0	
 1  0      0 152208 5070980 1071168    0    0    51     5 8384 19809 37  9 54  0  0	
procs -----------memory---------- ---swap-- -----io---- --system-- -----cpu-----
 r  b   swpd   free   buff  cache   si   so    bi    bo   in   cs us sy id wa st
 1  0      0 151088 5071244 1071180    0    0    51     3 7779 19722 39 10 50  1  0	
 0  0      0 151300 5071508 1071184    0    0    51    12 7889 20550 37  9 54  0  0	
 1  0      0 151680 5071772 1071196    0    0    51     7 8456 20071 37  9 53  1  0	
 1  0      0 151044 5072036 1071180    0    0    51     3 7776 20743 37  8 55  0  0	
 0  0      0 150572 5072300 1071192    0    0    51     7 7935 20674 38  9 51  2  0	
 2  0      0 150324 5072564 1071200    0    0    51     7 8430 20527 39 10 51  0  0	
 0  0      0 150712 5072828 1071200    0    0    51     4 7970 20771 37  8 55  0  0	
 5  0      0 150092 5073092 1071208    0    0    51    17 7942 21131 37  9 54  0  0	
 0  0      0 149720 5073348 1071224    0    0    51     1 8402 20280 38  9 52  2  0	
 0  0      0 149596 5073612 1071232    0    0    51     5 7972 21180 38  9 53  0  0	
 0  0      0 148844 5073876 1071240    0    0    51     5 7960 20763 48  8 44  0  0	
 4  0      0 148976 5074140 1071256    0    0    51     6 8228 20244 38  9 53  0  0	
 2  0      0 148728 5074404 1071260    0    0    51    11 7676 19757 36  8 56  0  0	
 0  0      0 148232 5074668 1071276    0    0    51    15 7911 20683 37  9 53  0  0	
 0  0      0 147736 5074932 1071292    0    0    51     7 8375 19924 36  8 51  4  0	
 2  0      0 147364 5075196 1071296    0    0    51     7 7845 20677 37  9 55  0  0	
 1  0      0 147228 5075452 1071312    0    0    51     0 8239 20874 41 12 47  0  0	
 0  0      0 146764 5075724 1071320    0    0    51     8 8913 22192 39 10 48  3  0	
 0  0      0 146276 5075988 1071312    0    0    51     7 7918 21209 37  8 55  0  0	
 3  0      0 146276 5076252 1071320    0    0    51    18 7795 20277 37  8 54  0  0	
 0  0      0 146176 5076516 1071324    0    0    51     7 8574 20391 38  9 53  0  0	
procs -----------memory---------- ---swap-- -----io---- --system-- -----cpu-----
 r  b   swpd   free   buff  cache   si   so    bi    bo   in   cs us sy id wa st
 1  0      0 145968 5076780 1071336    0    0    51     5 7781 20783 36  8 55  0  0	
 0  0      0 145480 5077044 1071340    0    0    51     4 8014 20958 38  9 53  0  0	
 3  0      0 145232 5077308 1071344    0    0    51     6 8254 19872 36 10 50  4  0	
 1  0      0 144984 5077572 1071356    0    0    51     4 7765 20284 36  8 56  0  0	
 2  0      0 144984 5077828 1071376    0    0    51     8 7922 20806 37 10 51  2  0	
 9  0      0 144372 5078092 1071392    0    0    51    10 8306 19689 36  9 54  0  0	
 1  0      0 144372 5078356 1071400    0    0    51     4 7802 20500 36  9 55  0  0	
 2  0      0 143712 5078620 1071416    0    0    51     6 8019 20971 37 10 53  0  0	
 1  1      0 144108 5078884 1071424    0    0    51     5 8518 20901 38  9 51  2  0	
 0  0      0 143984 5079148 1071436    0    0    51     6 7599 19979 36  8 55  1  0	
 0  0      0 142608 5079412 1071444    0    0    51    16 7980 19700 38 12 50  0  0	
 1  0      0 142608 5079676 1071444    0    0    51     7 8367 20675 37  9 54  0  0	
 0  0      0 142696 5079940 1071448    0    0    51     9 7844 20482 36  8 56  0  0	
 2  0      0 142332 5080196 1071448    0    0    51     0 7744 20511 37  8 55  0  0	
 2  0      0 142744 5080460 1071452    0    0    51     4 8463 20431 38  9 52  0  0	
 0  0      0 142372 5080724 1071464    0    0    51     6 7655 20188 37  7 55  1  0	
 2  0      0 142008 5080988 1071476    0    0    51    16 7631 20200 37  8 55  0  0	
 3  0      0 141512 5081252 1071496    0    0    51     8 8322 19889 36  9 52  2  0	
 2  0      0 140892 5081516 1071496    0    0    51     4 7783 19583 36  8 55  0  0	
 0  0      0 140388 5081780 1071508    0    0    51     8 7973 20728 37  9 53  0  0	
 1  0      0 140644 5082044 1071512    0    0    51     7 8650 20611 37 10 53  0  0	
procs -----------memory---------- ---swap-- -----io---- --system-- -----cpu-----
 r  b   swpd   free   buff  cache   si   so    bi    bo   in   cs us sy id wa st
 2  0      0 140784 5082308 1071524    0    0    51     7 7745 20423 36  8 56  0  0	
 2  0      0 139544 5082564 1071540    0    0    51     9 7853 19951 36  9 55  0  0	
 5  0      0 140032 5082828 1071548    0    0    51     7 8106 19544 35  8 53  4  0	
 0  0      0 139660 5083092 1071552    0    0    51     5 7939 20965 39  8 52  0  0	
 2  0      0 139296 5083356 1071560    0    0    51     5 7758 19986 36  8 55  0  0	
 3  0      0 138324 5083620 1071572    0    0    51     5 8752 20970 42 13 45  0  0	
 1  0      0 138100 5083884 1071580    0    0    51     8 7802 20450 37  8 55  0  0	
 4  0      0 138224 5084148 1071596    0    0    51    17 8124 21120 39 11 50  0  0	
 1  0      0 149692 5061900 1071580    0    0    51    10 8775 20689 37 10 53  0  0	
 5  0      0 159900 5062164 1071584    0    0    51     3 8159 21034 38  9 51  3  0	
 3  0      0 126676 5062420 1071604    0    0    51     0 8513 20619 41 10 49  0  0	
 1  0      0 137224 5062684 1071612    0    0    51     4 8913 21056 38 10 50  3  0	
 3  0      0 138240 5062948 1071620    0    0    51     3 8189 20346 38  8 54  0  0	
 2  0      0 137512 5063212 1071628    0    0    51    14 8060 20385 36  9 53  2  0	
 2  0      0 138256 5063476 1071640    0    0    51    17 9150 20363 39 10 51  0  0	
 4  0      0 137884 5063740 1071644    0    0    51    10 7902 19420 35  8 56  1  0	
 1  0      0 126724 5064004 1071652    0    0    51     3 8697 21835 42  9 49  0  0	
 7  0      0 146804 5034712 1071648    0    0    51     0 10100 21821 43 12 45  0  0	
 1  0      0 208152 4977276 1071632    0    0    52     6 9096 20974 44 10 44  2  0	
11  0      0 208028 4977540 1071644    0    0    51    18 8089 19797 37  9 54  0  0	
 2  0      0 207896 4977804 1071652    0    0    51     8 8554 20167 36  9 53  2  0	
procs -----------memory---------- ---swap-- -----io---- --system-- -----cpu-----
 r  b   swpd   free   buff  cache   si   so    bi    bo   in   cs us sy id wa st
 2  0      0 207504 4978068 1071684    0    0    55     4 8212 20202 39 11 49  0  0	
 2  0      0 206884 4978332 1071688    0    0    51    18 8030 20315 37 10 54  0  0	
 3  0      0 206816 4978596 1071692    0    0    51     6 8620 20534 36  9 54  0  0	
 5  0      0 206560 4978860 1071676    0    0    51     8 8087 19910 36  8 56  0  0	
 0  0      0 206268 4979124 1071688    0    0    51    18 8050 19910 35  9 56  0  0	
 0  0      0 206028 4979388 1071692    0    0    51     5 8642 20649 38  9 51  2  0	
 0  0      0 206028 4979644 1071712    0    0    51     1 8149 20037 36  8 56  0  0	
 4  0      0 205532 4979908 1071720    0    0    51     5 8145 20349 36  8 55  0  0	
 2  0      0 205656 4980172 1071728    0    0    51     4 8449 20222 37  9 54  0  0	
 2  0      0 205416 4980436 1071736    0    0    51    11 8147 20199 37  7 56  0  0	
 0  0      0 204672 4980700 1071748    0    0    51    13 7909 19580 37  9 54  0  0	
 0  0      0 204672 4980964 1071764    0    0    51     8 8670 20098 37  9 52  2  0	
 0  0      0 204176 4981228 1071768    0    0    51     6 8326 20406 37  8 55  0  0	
 5  0      0 204640 4981492 1071780    0    0    51     4 8217 20499 38  9 53  0  0	
 1  0      0 204152 4981748 1071836    0    0    58     0 8588 19923 36  9 52  3  0	
 7  0      0 204152 4982012 1071844    0    0    51     5 8201 20708 37  7 56  0  0	
 1  0      0 203444 4982276 1071856    0    0    51    16 8308 20480 40 12 47  1  0	
 0  0      0 202756 4982540 1071864    0    0    51     9 8499 20554 37  9 54  0  0	
 0  0      0 202608 4982804 1071852    0    0    51     7 8204 20004 35  8 56  0  0	
 1  0      0 202136 4983068 1071860    0    0    51     5 8296 20809 36  9 54  0  0	
 1  0      0 202292 4983332 1071864    0    0    51     5 8415 19805 36  9 54  1  0	
procs -----------memory---------- ---swap-- -----io---- --system-- -----cpu-----
 r  b   swpd   free   buff  cache   si   so    bi    bo   in   cs us sy id wa st
 1  0      0 201936 4983596 1071868    0    0    51     4 8313 20777 36  8 56  0  0	
 1  0      0 201308 4983860 1071880    0    0    51    16 7979 20178 38  9 53  0  0	
 1  0      0 201812 4984116 1071912    0    0    51     4 8278 20252 36  9 55  0  0	
 3  0      0 201804 4984380 1071920    0    0    51     6 8246 19829 36  8 55  0  0	
 4  0      0 201424 4984644 1071936    0    0    51     5 7977 20264 36  8 56  0  0	
 2  0      0 201200 4984908 1071944    0    0    51     7 8264 19572 35 10 49  6  0	
 2  0      0 201216 4985172 1071948    0    0    51     5 8309 20425 38  7 55  0  0	
14  0      0 198580 4985436 1071956    0    0    51    13 7902 20265 37  8 55  0  0	
 2  0      0 199960 4985700 1071968    0    0    51    10 8554 20726 37 10 51  3  0	
 6  0      0 200100 4985964 1071964    0    0    51     8 8347 19467 37  8 56  0  0	
 0  0      0 199228 4986220 1071980    0    0    51     1 8272 21018 39 11 48  1  0	
 1  0      0 199052 4986484 1071988    0    0    51     4 7890 19223 36  8 56  0  0	
 3  0      0 199060 4986748 1071976    0    0    51     5 8715 20593 37  9 54  0  0	
 1  0      0 198820 4987012 1071984    0    0    51    13 8001 20694 37  9 54  0  0	
 0  0      0 198472 4987276 1072008    0    0    51     8 8153 20173 37  9 51  3  0	
 3  0      0 198596 4987540 1072012    0    0    51     4 8713 19943 37  9 54  0  0	
 1  0      0 198208 4987804 1072024    0    0    51     6 8296 21827 37  9 54  0  0	
 2  0      0 198232 4988068 1072032    0    0    51     4 8318 21043 39 10 51  0  0	
 4  0      0 197744 4988332 1072044    0    0    51     6 8783 20637 37 10 52  0  0	
 4  0      0 197504 4988588 1072056    0    0    51     8 8005 20359 38  7 55  0  0	
 0  0      0 196876 4988852 1072068    0    0    51     6 8188 20654 36  9 53  1  0	
procs -----------memory---------- ---swap-- -----io---- --system-- -----cpu-----
 r  b   swpd   free   buff  cache   si   so    bi    bo   in   cs us sy id wa st
 0  0      0 196876 4989116 1072076    0    0    51     9 8595 20210 37  9 53  0  0	
 1  0      0 196504 4989380 1072088    0    0    51     7 7935 20074 36  8 56  0  0	
 2  0      0 196132 4989644 1072096    0    0    51     4 7983 20056 35  8 56  1  0	
 0  0      0 196008 4989908 1072104    0    0    51     5 8837 20527 38 10 52  0  0	
 1  0      0 195168 4990172 1072108    0    0    51    22 8477 21104 42 13 43  2  0	
 1  0      0 195332 4990428 1072120    0    0    51     1 8127 20461 37  8 54  0  0	
 0  0      0 194736 4990692 1072132    0    0    51     6 8591 19916 37  9 54  0  0	
 1  0      0 194496 4990956 1072120    0    0    51     6 8220 21203 38  9 53  0  0	
 0  0      0 194752 4991220 1072124    0    0    51     5 8021 20443 36  9 53  3  0	
 0  0      0 194636 4991484 1072136    0    0    51     4 8677 20487 38  9 53  0  0	
 1  0      0 194388 4991748 1072136    0    0    51    16 7918 20130 36  7 56  1  0	
 1  0      0 193760 4992012 1072140    0    0    51    12 8015 20273 37  9 54  0  0	
 7  0      0 193264 4992276 1072152    0    0    51     8 8350 19259 35  8 57  0  0	
 0  0      0 193396 4992532 1072172    0    0    51     0 8048 20269 37  8 55  0  0	
 2  0      0 193024 4992796 1072176    0    0    51     5 8109 20093 36  8 53  3  0	
 6  0      0 192652 4993060 1072184    0    0    51     5 8626 20354 36  9 54  0  0	
 0  0      0 192404 4993324 1072192    0    0    51    13 8067 19607 36  7 57  0  0	
 1  0      0 192280 4993588 1072216    0    0    51     9 8115 20390 37  9 54  0  0	
 2  0      0 191784 4993852 1072224    0    0    51     8 8412 19654 36  8 53  2  0	
 0  0      0 191536 4994116 1072228    0    0    51     5 8178 20823 38  8 53  0  0	
 3  0      0 191744 4994380 1072240    0    0    51     4 8350 20767 40 12 48  0  0	
procs -----------memory---------- ---swap-- -----io---- --system-- -----cpu-----
 r  b   swpd   free   buff  cache   si   so    bi    bo   in   cs us sy id wa st
 8  0      0 191156 4994644 1072248    0    0    51     4 8768 20903 36 10 53  1  0	
 3  0      0 191148 4994900 1072244    0    0    51     9 7876 20297 36  8 56  0  0	
 4  0      0 190404 4995164 1072248    0    0    51     6 8118 20745 38  9 53  1  0	
 1  0      0 190428 4995428 1072256    0    0    51     4 8485 20452 36  9 55  0  0	
 2  0      0 190180 4995692 1072272    0    0    51     9 8120 20750 37  8 55  0  0	
 2  0      0 189808 4995956 1072280    0    0    51     6 7918 19849 35  8 56  0  0	
 2  0      0 189436 4996220 1072284    0    0    51     5 8637 20772 37  9 54  0  0	
 0  0      0 189188 4996484 1072288    0    0    51    15 8070 20348 36  8 56  0  0	
 1  0      0 189056 4996748 1072308    0    0    51     6 8031 20134 35  9 52  4  0	
 0  0      0 188684 4997004 1072324    0    0    51     0 8543 20213 37  9 54  0  0	
 3  0      0 188288 4997268 1072340    0    0    51     6 8265 21171 38  9 52  1  0	
 1  0      0 187800 4997532 1072348    0    0    51    11 8225 21045 38 10 52  0  0	
 2  0      0 188064 4997796 1072352    0    0    51     6 8583 21034 36  9 54  0  0	
 5  0      0 187600 4998060 1072360    0    0    51    12 8165 20802 37  8 56  0  0	
 1  0      0 186720 4998324 1072364    0    0    51     8 8320 20262 39 12 46  3  0	
 0  0      0 186760 4998588 1072372    0    0    51     4 8675 19732 36  9 55  0  0	
 1  0      0 186816 4998852 1072380    0    0    51     9 8238 20999 37  9 54  0  0	
 0  0      0 185816 4999108 1072380    0    0    51     0 8348 20281 37  9 54  0  0	
 4  0      0 185576 4999372 1072384    0    0    51     7 8551 19971 36  9 54  0  0	
 4  0      0 185344 4999636 1072392    0    0    51    14 7867 19637 36  7 54  2  0	
 1  0      0 184972 4999900 1072420    0    0    51     8 8184 21044 38  9 53  0  0	
procs -----------memory---------- ---swap-- -----io---- --system-- -----cpu-----
 r  b   swpd   free   buff  cache   si   so    bi    bo   in   cs us sy id wa st
 1  0      0 185468 5000164 1072428    0    0    51     4 8738 20100 37  9 53  1  0	
 4  0      0 184848 5000428 1072436    0    0    51     3 7850 20051 37  8 55  0  0	
 2  0      0 184948 5000692 1072452    0    0    51     3 7892 19800 38  8 52  2  0	
 2  0      0 184452 5000956 1072456    0    0    51     6 8531 19920 36  9 54  0  0	
 1  0      0 184336 5001220 1072456    0    0    51    17 7987 20069 36  8 54  2  0	
 3  0      0 183988 5001484 1072464    0    0    51     6 8208 20840 36  8 56  0  0	
 0  0      0 183500 5001740 1072480    0    0    51     0 8427 19919 37  9 55  0  0	
 1  0      0 183500 5002004 1072488    0    0    51     3 7903 19970 36  8 56  0  0	
 0  0      0 183252 5002268 1072500    0    0    51     6 7769 19681 36  8 54  3  0	
 0  0      0 182844 5002532 1072512    0    0    51     8 8851 20947 41 13 47  0  0	
 0  0      0 182444 5002796 1072516    0    0    51    13 7939 20097 36  7 56  0  0	
 1  0      0 181996 5003060 1072528    0    0    51    11 8193 20644 38  8 54  0  0	
 1  0      0 181856 5003324 1072508    0    0    51     4 8626 19663 34  9 56  0  0	
 0  0      0 181640 5003588 1072520    0    0    51     4 8207 20732 37  9 54  0  0	
 0  1      0 181260 5003852 1072528    0    0    51     9 8371 20650 39  9 51  1  0	
 0  0      0 181028 5004116 1072540    0    0    51     4 8851 21073 37  9 51  3  0	
 0  0      0 180656 5004372 1072552    0    0    51     9 8003 20409 36  8 56  0  0	
 2  0      0 180284 5004636 1072560    0    0    51     8 8103 20359 37  9 52  1  0	
 1  0      0 180532 5004900 1072568    0    0    51    10 8736 20933 38  9 53  0  0	
 3  0      0 180036 5005164 1072580    0    0    51     5 8205 20793 38  9 53  0  0	
 2  0      0 179540 5005428 1072588    0    0    51     6 8112 20230 36  9 56  0  0	
procs -----------memory---------- ---swap-- -----io---- --system-- -----cpu-----
 r  b   swpd   free   buff  cache   si   so    bi    bo   in   cs us sy id wa st
 0  0      0 179540 5005692 1072592    0    0    51     7 8860 20471 38 10 52  0  0	
 0  0      0 179144 5005956 1072596    0    0    51    16 8254 20728 38 10 52  0  0	
 1  0      0 178540 5006212 1072628    0    0    51     2 7898 20092 36  8 52  3  0	
 2  0      0 175280 5006476 1072636    0    0    51     7 8751 20214 39 11 51  0  0	
 3  0      0 177924 5006740 1072648    0    0    51     9 8296 21105 39 10 49  2  0	
 3  0      0 177608 5007004 1072652    0    0    51     5 8061 20291 38  8 54  0  0	
 1  0      0 177724 5007268 1072644    0    0    51     5 8570 20865 38 11 51  0  0	
 1  0      0 177624 5007532 1072652    0    0    51    15 7831 19714 35  8 58  0  0	
 0  1      0 177160 5007796 1072652    0    0    51     5 8088 20242 36  9 53  2  0	
 1  0      0 176920 5008052 1072664    0    0    51     0 8577 20254 38  9 52  1  0	
 2  0      0 176796 5008316 1072680    0    0    51     3 8116 20780 37  9 55  0  0	
 4  0      0 176300 5008580 1072684    0    0    51     6 8256 20772 38  8 54  0  0	
 0  0      0 175928 5008844 1072696    0    0    51     5 8522 20304 38  9 52  0  0	
 3  0      0 175804 5009108 1072704    0    0    51    16 8173 20085 36  8 56  0  0	
 1  0      0 175556 5009372 1072728    0    0    51     7 7963 19704 36  9 55  0  0	
 0  0      0 175060 5009636 1072728    0    0    51     5 8685 20230 36  9 55  0  0	
 5  0      0 174788 5009892 1072744    0    0    51     1 8343 20894 37  9 54  0  0	
 1  0      0 174812 5010156 1072752    0    0    51     6 8258 20713 37  9 50  4  0	
 3  0      0 174316 5010420 1072760    0    0    51     7 8406 20122 36 10 54  0  0	
 0  0      0 173988 5010684 1072776    0    0    51    15 8418 20329 39 11 48  3  0	
 0  0      0 173920 5010948 1072784    0    0    51     8 7957 20656 37  8 54  0  0	
procs -----------memory---------- ---swap-- -----io---- --system-- -----cpu-----
 r  b   swpd   free   buff  cache   si   so    bi    bo   in   cs us sy id wa st
 1  0      0 173400 5011212 1072768    0    0    51     5 8536 20631 37  9 54  0  0	
 0  0      0 173416 5011476 1072780    0    0    51     5 8189 20406 37  8 54  0  0	
 0  1      0 172820 5011732 1072796    0    0    51     0 8359 21227 39  9 49  3  0	
 1  0      0 172448 5011996 1072804    0    0    51     4 8801 20557 37 10 52  1  0	
 4  0      0 172216 5012260 1072812    0    0    51    17 8236 21146 38  8 54  0  0	
 1  0      0 172200 5012524 1072832    0    0    51     9 7856 19913 36  9 55  0  0	
 3  0      0 171844 5012788 1072844    0    0    51     5 8451 20685 38  9 53  0  0	
 3  0      0 171440 5013052 1072848    0    0    51     4 8138 19931 37  8 55  0  0	
 2  0      0 171348 5013316 1072864    0    0    51     8 8044 20683 36  8 55  0  0	
 0  0      0 170928 5013580 1072868    0    0    51     6 8422 20834 37 10 52  2  0	
 0  0      0 170704 5013844 1072880    0    0    51    14 8192 20373 35  8 57  0  0	
 0  0      0 170324 5014100 1072896    0    0    51     6 8233 21160 39  9 49  3  0	
 4  0      0 169952 5014364 1072904    0    0    51     5 8443 20357 38  9 53  0  0	
 1  0      0 169648 5014628 1072908    0    0    51     3 8640 20580 40 12 48  0  0	
 0  0      0 169812 5014892 1072916    0    0    51     4 7895 19610 36  8 57  0  0	
 8  0      0 169160 5015156 1072924    0    0    51     3 8377 20237 38  9 53  0  0	
 1  0      0 169068 5015420 1072916    0    0    51    14 8208 19940 36  8 55  0  0	
 0  0      0 168976 5015684 1072932    0    0    51     8 8002 20192 36  8 54  2  0	
 9  0      0 168596 5015948 1072940    0    0    51     8 8072 19932 38  8 54  0  0	
 0  0      0 168200 5016204 1072960    0    0    51     0 8719 19957 37  9 54  0  0	
 0  0      0 168480 5016468 1072968    0    0    51     4 8339 21212 37 10 52  1  0	
procs -----------memory---------- ---swap-- -----io---- --system-- -----cpu-----
 r  b   swpd   free   buff  cache   si   so    bi    bo   in   cs us sy id wa st
 0  0      0 168356 5016732 1072976    0    0    51     4 8135 20996 38  9 54  0  0	
 1  0      0 167736 5016996 1072988    0    0    51    15 8427 19326 35  9 55  0  0	
 2  0      0 167256 5017260 1072992    0    0    51     9 8115 20643 37  8 54  0  0	
 1  0      0 167132 5017524 1073000    0    0    51     5 7858 19699 36  9 54  1  0	
 0  0      0 167256 5017788 1073004    0    0    51     8 8581 19511 36  9 56  0  0	
 2  0      0 166884 5018052 1073008    0    0    51     5 7749 19372 35  9 55  1  0	
 0  0      0 166008 5018316 1073020    0    0    51     4 7726 19427 34  7 59  0  0	
 1  0      0 164640 5018580 1073028    0    0    51    19 8891 20672 39 11 50  0  0	
 0  0      0 165664 5018836 1073044    0    0    51     0 8354 21102 38 10 51  0  0	
 2  0      0 165340 5019100 1073056    0    0    51     5 8100 20459 37  9 54  0  0	
 0  0      0 165216 5019364 1073044    0    0    51     5 8574 20432 37  9 53  0  0	
 0  0      0 165008 5019628 1073048    0    0    51     4 7979 20806 36  9 53  2  0	
 0  0      0 164884 5019892 1073056    0    0    51     5 8067 19978 37  9 54  0  0	
 1  0      0 164512 5020156 1073064    0    0    51    14 8704 20575 37 10 54  0  0	
 2  0      0 163892 5020420 1073068    0    0    51     9 8261 20655 37  8 54  0  0	
 1  0      0 163520 5020684 1073072    0    0    51     6 8245 21274 38  8 54  0  0	
 1  0      0 163768 5020940 1073096    0    0    51     0 8596 20021 37  9 54  0  0	
 1  0      0 163148 5021204 1073100    0    0    51     3 7891 20354 36  9 53  2  0	
 3  0      0 162908 5021468 1073108    0    0    51     4 7843 20247 36  7 57  0  0	
 3  0      0 162604 5021732 1073116    0    0    51    14 8543 20120 35 11 54  0  0	
 0  0      0 162124 5021996 1073140    0    0    51     9 8047 19999 37  9 54  0  0	
procs -----------memory---------- ---swap-- -----io---- --system-- -----cpu-----
 r  b   swpd   free   buff  cache   si   so    bi    bo   in   cs us sy id wa st
 0  0      0 162388 5022260 1073148    0    0    51    10 8232 20984 36  8 55  0  0	
 0  0      0 162280 5022524 1073152    0    0    51     4 8852 20348 38  9 53  0  0	
 0  1      0 161324 5022788 1073168    0    0    51     5 8116 20025 38 12 48  2  0	
 3  0      0 162116 5023044 1073184    0    0    51     1 7884 19930 36  9 55  1  0	
 0  0      0 160604 5023308 1073168    0    0    51    15 8880 20746 37  9 54  0  0	
 0  0      0 160488 5023572 1073184    0    0    51     9 8050 20015 38  8 51  3  0	
 1  0      0 160652 5023836 1073188    0    0    51     7 7895 19980 35  8 57  0  0	
 5  0      0 160404 5024100 1073200    0    0    51    11 8796 21145 38  9 52  0  0	
 3  0      0 159808 5024364 1073200    0    0    51     5 8181 20736 38  9 53  0  0	
 0  0      0 159568 5024628 1073204    0    0    51     4 7948 20057 36  8 56  0  0	
 0  0      0 159320 5024892 1073212    0    0    51    16 8535 20403 37  9 54  0  0	
 0  0      0 158948 5025156 1073236    0    0    51     9 8185 19917 37  9 51  3  0	
 2  0      0 158576 5025420 1073248    0    0    51     5 8186 21046 38  8 53  0  0	
 0  0      0 158668 5025676 1073264    0    0    51     0 8692 20675 38 10 52  0  0	
 3  0      0 158072 5025940 1073276    0    0    51     5 8193 20824 37  9 54  0  0	
 2  0      0 159000 5026204 1073280    0    0    51     6 8105 19902 38  8 53  0  0	
 3  0      0 158420 5026468 1073288    0    0    51    14 8848 21317 37 10 53  0  0	
 1  0      0 157564 5026732 1073300    0    0    51     9 8402 20588 40 11 47  1  0	
 1  0      0 157356 5026996 1073304    0    0    51     5 8179 21244 37  9 55  0  0	
 1  0      0 157040 5027252 1073316    0    0    51     0 8632 19547 37  9 55  0  0	
 1  0      0 157032 5027516 1073304    0    0    51     4 8283 20877 38  9 53  0  0	
procs -----------memory---------- ---swap-- -----io---- --system-- -----cpu-----
 r  b   swpd   free   buff  cache   si   so    bi    bo   in   cs us sy id wa st
 2  0      0 156420 5027780 1073312    0    0    51     3 7998 20544 37  8 53  3  0	
 0  0      0 156088 5028044 1073320    0    0    51    12 8542 20229 37  9 54  0  0	
 0  0      0 155964 5028308 1073336    0    0    51     7 7913 19747 36  9 56  0  0	
 2  0      0 155592 5028572 1073356    0    0    51     8 7942 20200 37  9 52  2  0	
 1  0      0 155592 5028836 1073364    0    0    51     6 8714 20090 36  8 55  0  0	
 1  0      0 155336 5029108 1073356    0    0    51     6 8320 21614 38  9 51  1  0	
 1  0      0 155212 5029372 1073372    0    0    51     4 7912 19587 34  8 58  0  0	
 0  0      0 154948 5029636 1073380    0    0    51    18 8728 20476 36 10 52  1  0	
 4  0      0 154832 5029892 1073392    0    0    51     0 7964 19860 36  8 56  0  0	
 9  0      0 154104 5030156 1073404    0    0    51     5 8015 20238 38  8 54  0  0	
 0  0      0 153864 5030420 1073416    0    0    51     7 8816 20230 38  9 53  0  0	
 3  0      0 153368 5030684 1073424    0    0    51     8 8184 20355 37  9 51  3  0	
 5  0      0 152784 5030948 1073436    0    0    51     6 8322 20411 41 10 49  0  0	
 3  0      0 152732 5031212 1073440    0    0    51    16 8635 20829 38 10 52  0  0	
 1  0      0 152368 5031476 1073440    0    0    51     5 8085 20208 37  9 54  0  0	
 5  0      0 151980 5031740 1073436    0    0    51     8 7906 20158 36  9 54  0  0	
 1  0      0 152004 5031996 1073456    0    0    51     1 8472 19419 36  8 55  0  0	
 1  0      0 152128 5032260 1073460    0    0    51     4 8087 20792 38  9 50  3  0	
 1  0      0 152004 5032524 1073468    0    0    51     9 8118 20586 38  8 55  0  0	
 3  0      0 151632 5032788 1073476    0    0    51    14 8991 21223 38 10 52  0  0	
 4  0      0 151508 5033052 1073484    0    0    51     7 8070 19970 37  8 52  3  0	
procs -----------memory---------- ---swap-- -----io---- --system-- -----cpu-----
 r  b   swpd   free   buff  cache   si   so    bi    bo   in   cs us sy id wa st
 2  0      0 150772 5033316 1073488    0    0    51     7 8172 20688 36  9 55  0  0	
 1  0      0 150648 5033580 1073500    0    0    51     4 8501 19454 36  9 55  0  0	
 2  0      0 150028 5033844 1073504    0    0    51     4 8146 20742 38  9 53  0  0	
 0  0      0 150152 5034108 1073512    0    0    51     3 7888 19698 35  8 56  2  0	
 2  0      0 149780 5034372 1073524    0    0    51    16 8376 19933 37  9 54  0  0	
