procs -----------memory---------- ---swap-- -----io---- --system-- -----cpu-----
 r  b   swpd   free   buff  cache   si   so    bi    bo   in   cs us sy id wa st
 4  0      0 4728884  50192 1669528    0    0     0     1    7   17 27 10 62  1  0	
 3  0      0 4726780  50192 1669560    0    0     0     0 11380 20283 36 14 49  0  0	
 1  0      0 4726152  50192 1669568    0    0     0     9 11240 20902 40 14 45  1  0	
 0  0      0 4726700  50192 1669580    0    0     0     2 11319 20320 39 18 42  0  0	
 4  0      0 4726460  50192 1669588    0    0     0     3 11179 20111 35 12 53  0  0	
 4  0      0 4726204  50192 1669576    0    0     0     3 11120 20990 38 14 47  1  0	
 4  0      0 4726104  50196 1669584    0    0     0     2 11566 19753 37 15 49  0  0	
 1  0      0 4726500  50196 1669592    0    0     0    19 11557 20914 37 13 47  2  0	
 0  0      0 4726244  50196 1669604    0    0     0     8 11163 20272 37 13 50  0  0	
 2  0      0 4726252  50196 1669612    0    0     0     5 11435 19929 35 15 47  3  0	
 0  0      0 4726452  50196 1669624    0    0     0     6 11546 20734 38 14 48  1  0	
 8  0      0 4726080  50196 1669632    0    0     0     6 11134 20576 37 14 46  2  0	
 0  0      0 4726160  50196 1669652    0    0     0     4 11562 19899 38 14 48  1  0	
 1  0      0 4726424  50196 1669664    0    0     0    17 11553 21288 36 14 50  0  0	
 1  0      0 4726580  50196 1669676    0    0     0     0 11010 20362 36 12 51  0  0	
 2  0      0 4726340  50196 1669680    0    0     0     5 11810 20277 36 15 46  3  0	
 3  0      0 4726620  50196 1669688    0    0     0     9 11304 19359 35 12 51  1  0	
 5  0      0 4726380  50196 1669696    0    0     0     4 11230 19962 37 13 50  1  0	
 4  0      0 4726780  50196 1669716    0    0     0     6 11370 20410 39 18 42  1  0	
 2  0      0 4726596  50196 1669716    0    0     0    13 11310 20177 36 12 51  1  0	
 4  0      0 4726340  50196 1669724    0    0     0     7 10999 19968 36 12 49  3  0	
procs -----------memory---------- ---swap-- -----io---- --system-- -----cpu-----
 r  b   swpd   free   buff  cache   si   so    bi    bo   in   cs us sy id wa st
 8  0      0 4725960  50196 1669712    0    0     0     7 11550 21213 37 15 47  1  0	
 1  0      0 4726372  50196 1669720    0    0     0     4 11206 19778 35 12 51  2  0	
 1  0      0 4726496  50196 1669732    0    0     0     0 11267 19902 37 13 50  0  0	
 0  0      0 4726380  50196 1669748    0    0     0     9 11166 20191 36 13 48  4  0	
 0  0      0 4726504  50196 1669756    0    0     0    14 11800 20462 35 15 49  0  0	
 0  0      0 4726512  50196 1669768    0    0     0     7 11163 19577 35 12 50  3  0	
 2  0      0 4726372  50196 1669776    0    0     0     7 11332 20715 36 14 49  1  0	
 2  0      0 4726272  50196 1669780    0    0     0     4 11645 20194 37 14 47  1  0	
 2  0      0 4726404  50196 1669792    0    0     0     0 10946 20497 35 13 52  0  0	
 2  0      0 4726412  50196 1669796    0    0     0     6 11029 19903 35 12 50  2  0	
 1  0      0 4726280  50196 1669804    0    0     0    14 11628 20013 35 14 50  1  0	
 3  0      0 4726288  50196 1669816    0    0     0     8 11068 19685 35 11 52  1  0	
 1  0      0 4725528  50196 1669824    0    0     0     6 11199 20531 37 13 49  1  0	
 2  0      0 4726104  50196 1669832    0    0     0     4 11807 21477 42 18 40  0  0	
 1  0      0 4726284  50196 1669844    0    0     0     0 11065 20519 36 12 50  2  0	
 2  0      0 4726200  50196 1669848    0    0     0     6 11123 20118 38 14 48  1  0	
 0  0      0 4726464  50196 1669856    0    0     0    13 11410 20034 37 15 46  2  0	
 1  0      0 4726488  50196 1669864    0    0     0    10 10951 19608 35 12 51  2  0	
 0  0      0 4726620  50196 1669876    0    0     0     3 11337 20116 36 12 51  1  0	
 0  0      0 4726248  50196 1669880    0    0     0     5 11744 19348 35 14 50  1  0	
 2  0      0 4726272  50196 1669888    0    0     0     7 11501 20190 36 12 49  3  0	
procs -----------memory---------- ---swap-- -----io---- --system-- -----cpu-----
 r  b   swpd   free   buff  cache   si   so    bi    bo   in   cs us sy id wa st
 3  0      0 4726404  50196 1669896    0    0     0     4 11176 20131 35 13 51  1  0	
 4  0      0 4726528  50196 1669904    0    0     0     9 11710 20710 38 15 47  0  0	
 2  0      0 4726544  50196 1669916    0    0     0     8 10945 19647 36 12 51  2  0	
 2  0      0 4726288  50196 1669924    0    0     0     6 11133 20225 37 13 47  3  0	
 1  0      0 4726412  50196 1669932    0    0     0     5 11507 19196 35 14 51  1  0	
 2  0      0 4726412  50200 1669940    0    0     0     6 11260 20115 35 12 51  2  0	
 1  0      0 4726040  50200 1669952    0    0     0     7 11074 19367 36 12 51  1  0	
 1  0      0 4726252  50200 1669960    0    0     0    18 11481 20823 40 20 39  1  0	
 0  0      0 4726316  50200 1669968    0    0     0     6 11130 19891 37 12 49  2  0	
 2  0      0 4726200  50200 1669956    0    0     0     6 11126 21070 36 13 49  1  0	
 2  0      0 4726456  50200 1669964    0    0     0     4 11685 19877 36 14 48  2  0	
 3  0      0 4726124  50200 1669972    0    0     0     6 11082 20373 35 12 52  1  0	
 6  0      0 4726264  50200 1669980    0    0     0     6 11162 20345 38 13 49  1  0	
 2  0      0 4726140  50200 1669988    0    0     0    13 11981 20385 37 15 48  0  0	
 5  0      0 4726148  50200 1670000    0    0     0     8 11034 19836 36 12 50  2  0	
 1  0      0 4726528  50200 1670004    0    0     0     6 11210 20793 37 13 48  1  0	
 1  1      0 4726404  50208 1670016    0    0     0     6 11926 20066 37 14 49  0  0	
 3  1      0 4726156  50208 1670024    0    0     0     6 11566 20938 35 12 51  2  0	
 0  0      0 4726032  50208 1670040    0    0     0     4 11249 20415 35 12 50  3  0	
 4  0      0 4726340  50208 1670052    0    0     0    14 11676 21332 38 17 44  1  0	
 5  0      0 4726124  50208 1670064    0    0     0    10 11342 20148 37 12 48  4  0	
procs -----------memory---------- ---swap-- -----io---- --system-- -----cpu-----
 r  b   swpd   free   buff  cache   si   so    bi    bo   in   cs us sy id wa st
 0  0      0 4725976  50208 1670072    0    0     0     5 11289 20439 35 13 50  1  0	
 0  0      0 4725640  50208 1670080    0    0     0     6 11545 19550 39 16 44  1  0	
 4  0      0 4725936  50208 1670092    0    0     0     6 11288 21011 36 12 50  2  0	
 1  1      0 4725712  50208 1670096    0    0     0     5 10944 19158 35 12 50  2  0	
 0  0      0 4726308  50208 1670084    0    0     0    12 11736 20774 37 15 47  1  0	
 2  0      0 4726248  50208 1670096    0    0     0     7 11047 19914 35 12 51  2  0	
 4  0      0 4726032  50208 1670100    0    0     0     6 11109 20118 37 14 48  1  0	
 0  0      0 4726032  50208 1670112    0    0     0     6 11615 19580 36 13 50  0  0	
 0  0      0 4725924  50208 1670120    0    0     0     6 11180 20890 37 12 48  3  0	
 3  0      0 4726296  50208 1670140    0    0     0     0 11489 20149 37 12 51  0  0	
 2  0      0 4726388  50212 1670148    0    0     0    13 11840 19904 35 16 49  1  0	
 5  0      0 4726016  50212 1670164    0    0     0    14 10839 19220 33 12 53  2  0	
 1  0      0 4725916  50216 1670168    0    0     0     6 10840 20129 37 14 49  1  0	
 1  0      0 4726156  50216 1670176    0    0     0     8 11765 20375 37 14 48  1  0	
 1  0      0 4725916  50216 1670184    0    0     0     6 11101 20708 36 13 49  2  0	
 1  0      0 4725908  50216 1670192    0    0     0     0 11061 20063 36 12 51  0  0	
 2  0      0 4726172  50216 1670196    0    0     0    13 11743 20140 37 14 48  1  0	
 1  0      0 4725640  50216 1670208    0    0     0     8 11398 20807 39 16 44  1  0	
 0  0      0 4725720  50216 1670216    0    0     0     9 11548 21020 38 14 46  3  0	
 2  0      0 4725852  50216 1670204    0    0     0     6 11735 20052 36 13 51  0  0	
 4  0      0 4726024  50216 1670208    0    0     0     6 11011 20128 38 12 48  3  0	
procs -----------memory---------- ---swap-- -----io---- --system-- -----cpu-----
 r  b   swpd   free   buff  cache   si   so    bi    bo   in   cs us sy id wa st
 5  0      0 4725784  50216 1670232    0    0     0     4 10824 19744 36 13 51  1  0	
 3  0      0 4725900  50216 1670240    0    0     0     8 11606 20563 37 14 49  0  0	
 1  0      0 4726016  50216 1670256    0    0     0     8 11467 21149 37 13 48  2  0	
 3  0      0 4725652  50216 1670264    0    0     0     5 11067 19774 35 13 51  2  0	
 5  0      0 4725900  50216 1670276    0    0     0     7 11815 20231 36 15 47  2  0	
 4  0      0 4726016  50216 1670284    0    0     0     7 11310 20021 34 13 52  1  0	
 5  0      0 4725644  50216 1670292    0    0     0     5 10962 19381 35 12 51  1  0	
20  1      0 4725652  50216 1670300    0    0     0    15 11215 20296 36 14 48  2  0	
 4  0      0 4725900  50216 1670308    0    0     0     4 10893 19374 35 11 53  1  0	
 0  0      0 4725668  50216 1670320    0    0     0     9 11197 21229 37 14 48  1  0	
10  0      0 4725792  50216 1670324    0    0     0     4 11454 20319 37 13 48  1  0	
 0  0      0 4725624  50216 1670336    0    0     0    11 11264 19838 39 16 44  1  0	
 5  0      0 4725252  50216 1670344    0    0     0     4 11106 20214 37 13 49  1  0	
 8  0      0 4724984  50216 1670356    0    0     0    17 11599 19479 36 14 48  2  0	
 0  0      0 4725960  50216 1670344    0    0     0     0 11567 21327 39 13 47  1  0	
 0  0      0 4725860  50216 1670352    0    0     0     6 11363 20837 37 13 49  1  0	
 3  0      0 4725644  50216 1670360    0    0     0     5 11590 20796 38 14 44  4  0	
 1  0      0 4725528  50216 1670368    0    0     0     4 11197 19999 36 12 50  1  0	
 1  0      0 4725668  50216 1670372    0    0     0     7 11088 19973 36 13 48  4  0	
 3  0      0 4726024  50216 1670384    0    0     0    17 11606 20494 37 14 47  2  0	
 8  1      0 4726040  50216 1670392    0    0     0     6 11445 20091 36 12 48  3  0	
procs -----------memory---------- ---swap-- -----io---- --system-- -----cpu-----
 r  b   swpd   free   buff  cache   si   so    bi    bo   in   cs us sy id wa st
 3  0      0 4725792  50216 1670400    0    0     0     6 11307 20360 36 13 50  1  0	
21  0      0 4708604  50216 1670412    0    0     0     0 10873 19222 36 12 52  0  0	
 0  0      0 4725676  50216 1670420    0    0     0     4 11578 19830 36 14 50  0  0	
 0  0      0 4725736  50216 1670436    0    0     0     5 10792 19116 34 12 53  1  0	
 0  0      0 4725612  50216 1670448    0    0     0    12 10901 20041 36 13 51  1  0	
 2  0      0 4725348  50216 1670456    0    0     0    10 11854 21447 38 15 45  3  0	
 2  0      0 4725436  50216 1670468    0    0     0     3 11107 20406 39 16 44  2  0	
 3  0      0 4725452  50216 1670476    0    0     0     4 11334 20589 37 12 50  1  0	
 1  0      0 4725172  50216 1670460    0    0     0     1 11712 20164 37 15 47  1  0	
 0  0      0 4725252  50216 1670468    0    0     0     7 11157 20066 35 12 51  1  0	
 1  0      0 4725416  50216 1670476    0    0     0    13 10897 20137 36 12 51  1  0	
 1  0      0 4725548  50216 1670488    0    0     0    10 11439 20033 35 14 50  2  0	
 0  0      0 4725308  50216 1670492    0    0     0    10 11135 20273 37 13 48  2  0	
 1  0      0 4725448  50216 1670500    0    0     0     6 11295 20339 37 12 51  1  0	
 2  0      0 4725548  50216 1670508    0    0     0     0 11750 19684 36 14 49  1  0	
 3  0      0 4723580  50216 1670528    0    0     0     6 11023 19917 35 12 52  1  0	
 6  0      0 4725648  50216 1670532    0    0     0    14 10948 20186 37 14 49  0  0	
 3  0      0 4726036  50216 1670552    0    0     0    10 11942 21120 39 15 46  1  0	
 5  0      0 4725324  50216 1670560    0    0     0     8 11106 20024 35 12 52  1  0	
 0  0      0 4725596  50216 1670568    0    0     0     6 10618 19221 34 12 52  1  0	
 2  0      0 4725596  50216 1670576    0    0     0     7 11700 19516 37 13 48  2  0	
procs -----------memory---------- ---swap-- -----io---- --system-- -----cpu-----
 r  b   swpd   free   buff  cache   si   so    bi    bo   in   cs us sy id wa st
 8  0      0 4725280  50216 1670584    0    0     0     9 10904 20419 39 15 44  2  0	
 2  0      0 4725492  50216 1670588    0    0     0    16 11090 19286 35 12 52  1  0	
 0  0      0 4725136  50216 1670580    0    0     0     1 12125 20587 37 15 48  0  0	
 2  0      0 4725216  50216 1670588    0    0     0     6 11340 20669 39 12 48  2  0	
 4  0      0 4725588  50216 1670600    0    0     0     6 11316 20730 37 13 49  1  0	
 2  0      0 4725348  50216 1670608    0    0     0     6 11599 20360 35 13 50  1  0	
 1  0      0 4725472  50216 1670628    0    0     0     6 10744 19456 35 12 49  3  0	
 2  0      0 4725480  50216 1670632    0    0     0    19 10979 20352 36 13 48  3  0	
 2  0      0 4725820  50216 1670648    0    0     0     6 11433 19815 36 15 47  2  0	
 1  0      0 4725348  50216 1670656    0    0     0     4 11350 21002 37 12 50  1  0	
 0  0      0 4725108  50216 1670660    0    0     0     8 11109 19850 35 13 50  1  0	
 0  0      0 4725596  50216 1670668    0    0     0     0 11883 20555 36 14 50  0  0	
 0  0      0 4725348  50216 1670676    0    0     0     4 11316 20688 37 14 47  3  0	
 1  0      0 4725488  50216 1670684    0    0     0    14 10615 18889 34 12 52  2  0	
 0  0      0 4725488  50216 1670692    0    0     0    11 11559 19558 36 14 47  3  0	
 1  0      0 4725236  50216 1670708    0    0     0     4 11107 20026 39 15 45  0  0	
 1  0      0 4725360  50216 1670712    0    0     0     6 11058 19793 35 13 51  1  0	
 2  0      0 4725548  50216 1670720    0    0     0     3 11835 19904 36 14 49  0  0	
 0  0      0 4725176  50216 1670724    0    0     0     5 11473 20729 37 13 49  1  0	
 1  0      0 4725604  50216 1670732    0    0     0    14 11259 20532 36 13 50  1  0	
 0  0      0 4725656  50216 1670744    0    0     0    10 11868 20500 37 15 47  1  0	
procs -----------memory---------- ---swap-- -----io---- --system-- -----cpu-----
 r  b   swpd   free   buff  cache   si   so    bi    bo   in   cs us sy id wa st
 2  0      0 4725656  50216 1670752    0    0     0     4 10999 19526 35 11 53  2  0	
 0  0      0 4725416  50216 1670760    0    0     0     7 11000 20482 36 13 50  1  0	
 1  0      0 4725300  50216 1670768    0    0     0     4 11570 19880 37 13 49  1  0	
 3  0      0 4725184  50216 1670776    0    0     0     8 11045 19998 35 12 52  1  0	
 7  0      0 4725440  50216 1670780    0    0     0    14 11304 20142 37 13 49  1  0	
 2  0      0 4725440  50216 1670792    0    0     0     6 11727 19465 36 15 48  1  0	
 2  0      0 4725308  50216 1670800    0    0     0     0 11447 20538 37 12 49  2  0	
 1  0      0 4725068  50216 1670808    0    0     0     4 11140 19978 36 12 51  1  0	
 3  0      0 4725332  50216 1670812    0    0     0    10 11973 20332 37 15 48  1  0	
 3  0      0 4725332  50216 1670820    0    0     0     6 10960 20337 35 13 51  1  0	
 0  0      0 4724924  50216 1670828    0    0     0    14 10935 19969 38 15 46  0  0	
 2  0      0 4725628  50216 1670840    0    0     0     7 11687 20248 37 15 46  2  0	
 8  0      0 4725368  50216 1670848    0    0     0     6 11467 20107 37 12 47  4  0	
 1  0      0 4725120  50216 1670844    0    0     0     4 11235 20027 36 14 50  1  0	
 0  0      0 4725044  50216 1670848    0    0     0     0 11322 19655 35 13 51  1  0	
 2  0      0 4725300  50216 1670856    0    0     0     3 11272 20942 37 13 49  1  0	
 3  0      0 4725300  50216 1670864    0    0     0    15 11087 20168 37 13 49  2  0	
 1  0      0 4725424  50216 1670876    0    0     0     7 11281 19850 36 14 49  1  0	
 0  0      0 4725308  50216 1670880    0    0     0     7 10979 19896 36 11 49  4  0	
 0  0      0 4725308  50220 1670888    0    0     0     8 11206 21005 38 13 48  1  0	
 5  1      0 4725060  50220 1670896    0    0     0     4 11451 19376 35 13 51  1  0	
procs -----------memory---------- ---swap-- -----io---- --system-- -----cpu-----
 r  b   swpd   free   buff  cache   si   so    bi    bo   in   cs us sy id wa st
 1  0      0 4725432  50220 1670916    0    0     0     6 11288 20246 37 12 49  2  0	
 1  0      0 4725184  50220 1670920    0    0     0    14 11092 19230 36 12 51  1  0	
 2  0      0 4725052  50220 1670940    0    0     0     5 11654 19988 36 14 48  2  0	
 1  0      0 4725292  50220 1670944    0    0     0     8 11164 20547 35 12 52  1  0	
 2  0      0 4725044  50220 1670952    0    0     0     6 10805 19552 36 13 50  1  0	
 1  0      0 4724948  50220 1670964    0    0     0     6 11564 20365 39 16 43  1  0	
 0  0      0 4725128  50220 1670976    0    0     0     6 11189 20216 36 11 51  3  0	
 3  0      0 4724996  50220 1670964    0    0     0    14 11442 20844 36 13 50  1  0	
 0  0      0 4725160  50220 1670984    0    0     0     6 11835 20298 35 14 50  1  0	
 2  0      0 4725300  50220 1670988    0    0     0     4 11268 19990 36 12 52  0  0	
 4  0      0 4724928  50224 1670996    0    0     0     3 11291 20635 37 13 50  0  0	
 5  0      0 4724936  50224 1671004    0    0     0     9 11642 20295 37 13 48  1  0	
 1  0      0 4725084  50224 1671020    0    0     0     6 11118 20120 35 13 48  5  0	
 4  0      0 4725044  50224 1671028    0    0     0    14 11103 20874 37 14 48  1  0	
 1  0      0 4725068  50224 1671044    0    0     0     8 11303 19619 36 14 49  2  0	
 3  0      0 4725176  50224 1671052    0    0     0     6 11314 20427 34 13 52  1  0	
 4  0      0 4724804  50224 1671056    0    0     0     6 11197 20196 36 12 50  1  0	
 0  0      0 4724672  50224 1671064    0    0     0     7 11672 19938 36 14 49  1  0	
 3  0      0 4725192  50224 1671072    0    0     0     6 11295 20060 36 12 51  1  0	
 3  0      0 4725084  50224 1671080    0    0     0    14 10825 19549 35 12 52  1  0	
10  0      0 4725192  50224 1671084    0    0     0     8 11307 19641 35 14 50  1  0	
procs -----------memory---------- ---swap-- -----io---- --system-- -----cpu-----
 r  b   swpd   free   buff  cache   si   so    bi    bo   in   cs us sy id wa st
 3  0      0 4724576  50224 1671096    0    0     0     2 11282 20721 39 16 44  1  0	
 1  0      0 4725012  50224 1671100    0    0     0     3 11340 20766 36 13 50  1  0	
18  0      0 4663472  50224 1671092    0    0     0     8 11572 19747 36 13 49  1  0	
 0  0      0 4725052  50224 1671112    0    0     0     4 11526 20366 36 13 50  1  0	
 2  0      0 4724928  50224 1671120    0    0     0    14 11282 20670 37 13 48  2  0	
 1  0      0 4725308  50224 1671136    0    0     0     6 11073 20530 36 12 51  1  0	
 8  0      0 4725068  50224 1671148    0    0     0     6 11524 20288 36 15 44  5  0	
 1  0      0 4725084  50224 1671152    0    0     0     4 10805 19463 35 13 52  1  0	
 1  0      0 4725100  50224 1671160    0    0     0     0 10980 20319 36 12 50  2  0	
 2  0      0 4725100  50224 1671168    0    0     0     4 11861 20087 36 14 50  1  0	
 1  0      0 4724736  50224 1671176    0    0     0    16 11193 19600 35 13 52  1  0	
 2  0      0 4724860  50224 1671184    0    0     0     7 11084 19565 35 12 52  2  0	
 0  0      0 4725108  50224 1671192    0    0     0     6 11790 19928 37 13 48  2  0	
 0  0      0 4724984  50224 1671200    0    0     0     6 11077 20524 37 13 47  3  0	
 2  0      0 4725100  50224 1671204    0    0     0     4 10859 19543 35 12 52  1  0	
 0  0      0 4724436  50224 1671212    0    0     0     6 11467 20058 39 17 41  2  0	
 3  0      0 4724492  50224 1671220    0    0     0    17 10809 19777 35 13 52  1  0	
 1  0      0 4724896  50224 1671232    0    0     0     2 10951 19537 34 13 54  0  0	
 6  0      0 4724632  50224 1671220    0    0     0     8 12051 21043 38 16 44  2  0	
 3  0      0 4724524  50224 1671232    0    0     0     6 11488 21580 38 14 46  1  0	
 4  0      0 4724904  50224 1671236    0    0     0     5 11355 19945 36 12 50  1  0	
procs -----------memory---------- ---swap-- -----io---- --system-- -----cpu-----
 r  b   swpd   free   buff  cache   si   so    bi    bo   in   cs us sy id wa st
 2  0      0 4724928  50224 1671244    0    0     0     5 11472 19613 36 14 47  3  0	
 1  0      0 4724820  50224 1671252    0    0     0     5 11035 20484 38 12 49  1  0	
 1  0      0 4724596  50224 1671268    0    0     0    19 11121 20316 37 13 48  2  0	
 1  0      0 4725100  50224 1671272    0    0     0     3 11259 19847 35 14 51  1  0	
 2  0      0 4724976  50224 1671280    0    0     0     5 11171 20342 34 14 51  1  0	
 6  0      0 4724984  50224 1671288    0    0     0     0 11189 20053 37 11 52  0  0	
 0  0      0 4724860  50224 1671308    0    0     0     3 11815 20221 38 14 46  2  0	
 3  0      0 4724868  50224 1671316    0    0     0     5 11426 20539 40 13 47  1  0	
 0  0      0 4724744  50224 1671332    0    0     0    12 10977 20295 36 12 51  1  0	
 0  0      0 4725480  50224 1671340    0    0     0    10 11634 19952 36 14 45  4  0	
 2  0      0 4724420  50224 1671352    0    0     0     9 10991 20652 39 17 42  2  0	
 6  0      0 4724500  50224 1671360    0    0     0     5 10961 19416 35 12 50  3  0	
 5  0      0 4724532  50224 1671364    0    0     0     5 11727 20372 37 15 48  1  0	
 2  0      0 4724260  50224 1671352    0    0     0     0 11195 20380 35 13 52  0  0	
 1  0      0 4724456  50224 1671364    0    0     0    13 11003 19734 36 12 51  1  0	
 1  0      0 4724720  50224 1671372    0    0     0     8 12033 19754 35 14 48  3  0	
 2  0      0 4724604  50224 1671376    0    0     0     7 11030 19794 37 13 49  0  0	
 0  0      0 4724736  50224 1671388    0    0     0    12 11034 20254 37 12 48  3  0	
 0  0      0 4725008  50224 1671404    0    0     0     5 11489 20213 37 14 48  1  0	
 2  0      0 4724512  50224 1671412    0    0     0     6 11048 19734 35 12 51  2  0	
 2  0      0 4724488  50224 1671428    0    0     0    16 10945 19853 36 13 50  1  0	
procs -----------memory---------- ---swap-- -----io---- --system-- -----cpu-----
 r  b   swpd   free   buff  cache   si   so    bi    bo   in   cs us sy id wa st
 2  0      0 4724968  50224 1671436    0    0     0    10 12047 19997 37 15 45  3  0	
 2  0      0 4724960  50224 1671444    0    0     0     9 11272 19925 36 13 51  0  0	
 0  0      0 4724736  50224 1671452    0    0     0     0 11072 19266 35 11 53  0  0	
 2  0      0 4724596  50224 1671460    0    0     0     4 11719 20022 37 13 45  4  0	
 0  0      0 4724736  50224 1671464    0    0     0    11 10959 19990 34 12 53  1  0	
 7  0      0 4724304  50224 1671476    0    0     0    12 10853 20319 38 15 44  2  0	
 2  0      0 4724500  50224 1671480    0    0     0     8 11543 19762 35 14 49  2  0	
11  0      0 4724252  50224 1671472    0    0     0     4 10917 19944 36 12 51  1  0	
 1  0      0 4724488  50224 1671480    0    0     0     6 11357 20564 37 12 50  1  0	
 4  0      0 4724612  50224 1671500    0    0     0     4 11627 19525 36 13 47  5  0	
 1  0      0 4724548  50224 1671504    0    0     0     6 11303 20431 37 15 46  2  0	
 2  0      0 4723424  50224 1671516    0    0     0    18 11133 19901 36 12 47  4  0	
 1  0      0 4724416  50224 1671528    0    0     0     6 11853 20580 36 15 47  2  0	
 2  0      0 4724688  50224 1671536    0    0     0     0 10900 20476 36 14 50  0  0	
 0  0      0 4724572  50224 1671540    0    0     0     6 10949 19969 35 12 52  1  0	
 4  0      0 4724480  50224 1671552    0    0     0     7 11545 19758 36 13 50  1  0	
 0  0      0 4724480  50224 1671560    0    0     0     6 11416 20634 36 14 47  3  0	
 2  0      0 4724480  50224 1671572    0    0     0    13 11290 19943 37 12 50  1  0	
 3  0      0 4724472  50224 1671580    0    0     0     8 12033 20628 37 15 43  5  0	
 0  0      0 4724348  50224 1671584    0    0     0     3 11224 20166 37 13 50  1  0	
 5  0      0 4723956  50224 1671592    0    0     0     5 10751 20620 40 16 44  1  0	
procs -----------memory---------- ---swap-- -----io---- --system-- -----cpu-----
 r  b   swpd   free   buff  cache   si   so    bi    bo   in   cs us sy id wa st
 5  1      0 4724168  50224 1671600    0    0     0     6 11637 20065 37 13 50  0  0	
 1  0      0 4724292  50224 1671592    0    0     0     2 11841 21836 37 13 49  1  0	
 2  0      0 4724440  50224 1671600    0    0     0    14 11066 19830 37 12 50  2  0	
 3  0      0 4724440  50224 1671616    0    0     0     8 11831 20817 38 15 43  5  0	
 0  0      0 4724268  50224 1671620    0    0     0     9 11340 20163 37 13 49  1  0	
 2  0      0 4724532  50224 1671628    0    0     0     5 11557 21058 37 12 50  1  0	
 2  0      0 4724432  50224 1671636    0    0     0     4 11565 19536 35 13 50  1  0	
 2  0      0 4724432  50224 1671644    0    0     0     8 11205 20496 36 13 49  1  0	
 0  0      0 4724060  50224 1671652    0    0     0    10 11238 20546 36 12 52  0  0	
 2  0      0 4724440  50224 1671660    0    0     0     6 11791 20814 38 15 46  1  0	
 3  0      0 4724464  50224 1671672    0    0     0     6 11240 19788 36 12 48  3  0	
 2  0      0 4724332  50224 1671676    0    0     0     8 11259 20396 35 12 51  1  0	
 5  0      0 4724208  50224 1671696    0    0     0     3 12088 20577 38 13 48  1  0	
 1  0      0 4724696  50224 1671708    0    0     0     5 11182 20148 36 14 50  1  0	
 0  0      0 4723972  50224 1671716    0    0     0    14 10953 19670 38 15 46  1  0	
 4  0      0 4724096  50224 1671724    0    0     0     8 11422 20028 36 14 49  1  0	
 0  0      0 4724020  50224 1671736    0    0     0     0 11129 20135 36 14 50  1  0	
 4  0      0 4724252  50224 1671724    0    0     0     5 10953 20113 36 13 50  1  0	
 0  0      0 4724036  50224 1671732    0    0     0     8 11593 19670 37 13 47  3  0	
 0  0      0 4724184  50224 1671740    0    0     0     4 11525 20742 36 14 50  1  0	
 2  0      0 4724184  50224 1671752    0    0     0    13 11333 19547 35 12 52  1  0	
procs -----------memory---------- ---swap-- -----io---- --system-- -----cpu-----
 r  b   swpd   free   buff  cache   si   so    bi    bo   in   cs us sy id wa st
 0  0      0 4724340  50224 1671756    0    0     0    10 11641 20134 35 14 50  1  0	
 1  0      0 4724224  50224 1671768    0    0     0     4 11171 19651 36 12 51  2  0	
 5  0      0 4724216  50224 1671772    0    0     0     0 11009 20064 35 12 53  0  0	
 0  0      0 4723952  50224 1671792    0    0     0     6 11196 19531 36 13 48  3  0	
 0  0      0 4724076  50224 1671800    0    0     0    10 11157 19782 36 13 50  1  0	
 0  0      0 4724316  50224 1671812    0    0     0    13 11145 19770 36 12 51  1  0	
 1  0      0 4724316  50224 1671820    0    0     0    10 11776 21315 39 14 44  3  0	
 1  0      0 4724308  50224 1671828    0    0     0     6 11456 20614 35 14 51  0  0	
 0  0      0 4724316  50224 1671836    0    0     0     0 11572 20978 38 13 49  0  0	
 0  0      0 4723932  50224 1671844    0    0     0     6 11512 20066 39 17 42  1  0	
 1  0      0 4723872  50224 1671852    0    0     0     4 10832 20182 36 16 45  3  0	
 5  0      0 4724112  50224 1671844    0    0     0    19 11300 20899 36 13 47  4  0	
 1  0      0 4723804  50224 1671852    0    0     0     8 11282 19520 37 13 46  5  0	
11  0      0 4724076  50224 1671856    0    0     0     7 11278 20026 36 13 50  1  0	
 2  0      0 4724092  50224 1671868    0    0     0     1 11304 20562 36 12 50  2  0	
10  0      0 4680036  50224 1671884    0    0     0     6 11228 19453 36 13 50  2  0	
 9  0      0 4723968  50224 1671892    0    0     0     4 11781 20158 37 14 48  1  0	
 1  0      0 4724092  50228 1671900    0    0     0    14 11383 20638 36 12 50  2  0	
 4  0      0 4724224  50228 1671916    0    0     0    14 11298 20762 37 13 48  2  0	
 3  0      0 4723912  50228 1671920    0    0     0     6 11704 20431 37 15 44  4  0	
 3  0      0 4723920  50228 1671932    0    0     0     1 11221 20591 36 13 51  0  0	
procs -----------memory---------- ---swap-- -----io---- --system-- -----cpu-----
 r  b   swpd   free   buff  cache   si   so    bi    bo   in   cs us sy id wa st
 1  0      0 4724044  50228 1671936    0    0     0     7 11337 20394 37 12 50  1  0	
 0  0      0 4724200  50228 1671944    0    0     0     4 11829 20214 38 15 45  1  0	
 0  0      0 4724076  50228 1671956    0    0     0    14 11206 19930 36 12 50  2  0	
 7  0      0 4721012  50228 1671964    0    0     0     9 11112 19651 36 12 49  2  0	
 0  0      0 4723856  50236 1671972    0    0     0     6 11816 20476 38 17 44  1  0	
 1  0      0 4723796  50236 1671980    0    0     0     9 11102 19877 34 13 50  3  0	
 2  0      0 4723500  50236 1671980    0    0     0     0 11266 20125 37 13 50  1  0	
 0  0      0 4723484  50236 1671988    0    0     0    10 11880 21089 40 17 41  2  0	
 3  0      0 4692376  50236 1672000    0    0     0    14 11708 20064 39 13 47  2  0	
 3  0      0 4640940  50236 1672012    0    0     0     8 11983 20787 42 13 43  1  0	
 1  0      0 4642552  50236 1672020    0    0     0     6 12200 19976 37 15 47  1  0	
 2  0      0 4642312  50236 1672024    0    0     0     6 11883 21249 37 13 49  1  0	
 2  0      0 4642576  50236 1672040    0    0     0    11 11465 19844 36 11 49  4  0	
 1  0      0 4627944  50236 1672044    0    0     0    10 11753 19001 34 14 50  1  0	
 0  0      0 4628084  50236 1672056    0    0     0    10 11760 20888 40 13 47  0  0	
 2  0      0 4607276  50236 1672064    0    0     0     8 11689 20663 41 14 45  1  0	
 1  0      0 4607848  50236 1672072    0    0     0     8 12032 20212 38 14 46  2  0	
 5  0      0 4608724  50236 1672076    0    0     0     7 11651 20453 37 12 50  1  0	
 2  1      0 4609344  50236 1672096    0    0     0     6 11491 20018 35 12 50  3  0	
 2  0      0 4606532  50236 1672112    0    0     0    15 12010 19410 38 18 44  1  0	
 1  0      0 4608944  50236 1672116    0    0     0    13 11401 20148 36 13 50  1  0	
procs -----------memory---------- ---swap-- -----io---- --system-- -----cpu-----
 r  b   swpd   free   buff  cache   si   so    bi    bo   in   cs us sy id wa st
 7  0      0 4609100  50236 1672128    0    0     0     8 12421 21764 37 12 47  4  0	
 0  1      0 4610000  50236 1672116    0    0     0     6 12125 20045 36 15 48  1  0	
 0  1      0 4609876  50236 1672120    0    0     0     5 11683 20784 38 12 49  1  0	
 6  0      0 4609940  50236 1672132    0    0     0     2 11931 20632 36 12 51  1  0	
 1  0      0 4609940  50236 1672140    0    0     0     6 12273 19927 36 15 48  1  0	
 0  0      0 4636724  50236 1672152    0    0     0    17 11667 20366 35 12 49  4  0	
 0  0      0 4636732  50236 1672156    0    0     0     9 11645 20597 36 12 48  3  0	
 2  0      0 4637228  50236 1672164    0    0     0     7 11788 19679 36 14 48  1  0	
 0  0      0 4636856  50236 1672172    0    0     0     4 11444 21010 36 13 50  1  0	
 1  0      0 4636980  50236 1672188    0    0     0     6 11212 19540 35 11 52  2  0	
 1  0      0 4636972  50236 1672200    0    0     0     6 11805 20264 36 15 48  2  0	
 2  0      0 4636856  50236 1672208    0    0     0    15 11557 20177 36 12 51  1  0	
 1  0      0 4636592  50236 1672220    0    0     0     5 11383 20451 36 13 47  4  0	
 0  0      0 4637476  50236 1672236    0    0     0     9 12041 20241 36 16 47  2  0	
 2  0      0 4636572  50236 1672244    0    0     0     6 11346 20311 38 15 44  2  0	
 2  0      0 4636760  50236 1672248    0    0     0     6 11305 19926 36 12 51  1  0	
 1  0      0 4636792  50236 1672240    0    0     0     7 11980 19902 37 15 47  2  0	
 1  0      0 4637080  50236 1672252    0    0     0    13 11433 19886 36 12 50  1  0	
 2  1      0 4636840  50236 1672260    0    0     0     8 11290 19759 36 12 51  1  0	
 6  1      0 4637088  50236 1672268    0    0     0    10 12780 20578 37 14 45  4  0	
 2  1      0 4637088  50236 1672276    0    0     0     6 12478 21770 37 12 49  2  0	
procs -----------memory---------- ---swap-- -----io---- --system-- -----cpu-----
 r  b   swpd   free   buff  cache   si   so    bi    bo   in   cs us sy id wa st
 4  1      0 4636988  50236 1672296    0    0     0     5 12190 21075 36 12 48  4  0	
 0  0      0 4636740  50236 1672308    0    0     0     0 12213 20201 37 15 48  0  0	
 3  0      0 4636840  50236 1672316    0    0     0    14 11328 20261 37 12 50  2  0	
 0  0      0 4636864  50236 1672328    0    0     0     7 11456 20450 37 13 49  1  0	
 2  0      0 4637296  50236 1672332    0    0     0     6 11667 19832 37 15 47  2  0	
 7  0      0 4636800  50236 1672344    0    0     0     6 11448 20664 36 12 50  1  0	
 7  0      0 4636832  50236 1672348    0    0     0     9 11595 20022 37 12 48  4  0	
 0  0      0 4636700  50236 1672356    0    0     0     0 12149 20218 38 15 48  0  0	
 0  0      0 4636580  50236 1672364    0    0     0    15 11446 20263 39 15 43  3  0	
 3  0      0 4637008  50236 1672372    0    0     0     6 11508 20203 35 12 52  1  0	
 0  0      0 4636612  50236 1672360    0    0     0     6 12180 20126 37 15 43  5  0	
 5  0      0 4636420  50236 1672368    0    0     0     4 11190 19811 36 13 51  1  0	
 0  0      0 4636436  50236 1672388    0    0     0     6 11510 20420 37 13 49  1  0	
 2  0      0 4636444  50236 1672400    0    0     0    10 12023 20425 37 15 45  3  0	
 0  0      0 4636304  50236 1672408    0    0     0    14 11584 19867 35 13 51  1  0	
 0  0      0 4636460  50236 1672424    0    0     0     1 11462 19982 35 12 51  2  0	
 1  0      0 4637188  50236 1672428    0    0     0     5 12119 19797 36 14 48  1  0	
 0  0      0 4636700  50236 1672436    0    0     0     5 11751 20571 35 12 50  2  0	
 0  0      0 4636832  50236 1672448    0    0     0     4 11461 20530 37 12 50  0  0	
 0  0      0 4636460  50236 1672456    0    0     0     4 11973 20378 36 15 48  0  0	
 2  0      0 4636832  50236 1672464    0    0     0    19 11624 20135 36 12 48  4  0	
procs -----------memory---------- ---swap-- -----io---- --system-- -----cpu-----
 r  b   swpd   free   buff  cache   si   so    bi    bo   in   cs us sy id wa st
 4  1      0 4636832  50236 1672472    0    0     0     9 11304 20101 35 13 46  6  0	
 3  0      0 4636708  50236 1672480    0    0     0     1 12057 20321 36 15 49  0  0	
 3  0      0 4636348  50236 1672488    0    0     0     6 11336 19698 38 15 46  1  0	
 3  0      0 4635864  50236 1672496    0    0     0     6 11375 19780 36 14 49  2  0	
 0  0      0 4636240  50236 1672500    0    0     0     6 12098 20731 37 14 47  1  0	
 2  0      0 4636472  50236 1672492    0    0     0    14 11505 20412 36 12 50  1  0	
 0  2      0 4636520  50236 1672504    0    0     0     8 11156 20192 35 13 50  2  0	
 0  0      0 4636436  50236 1672512    0    0     0     6 11883 20210 36 14 50  0  0	
 0  0      0 4636552  50236 1672516    0    0     0     3 11391 20997 38 14 48  1  0	
 2  0      0 4636676  50236 1672524    0    0     0     6 11514 19953 35 12 50  3  0	
 2  0      0 4636584  50236 1672536    0    0     0     4 12307 20337 35 16 48  1  0	
 0  0      0 4636460  50236 1672544    0    0     0    14 11665 19958 35 12 51  1  0	
 0  0      0 4636608  50236 1672548    0    0     0    10 11805 20543 38 12 48  2  0	
 0  0      0 4636856  50236 1672560    0    0     0     0 12068 20231 37 14 48  0  0	
 0  0      0 4636732  50236 1672564    0    0     0     8 11537 20264 37 12 49  1  0	
 1  0      0 4636732  50236 1672588    0    0     0     5 11552 20527 37 12 48  3  0	
 0  0      0 4636344  50236 1672600    0    0     0     4 11653 19653 34 15 50  1  0	
 0  0      0 4636724  50236 1672608    0    0     0    13 11385 19284 35 12 52  1  0	
 1  0      0 4636300  50236 1672616    0    0     0     8 11579 20708 39 16 41  4  0	
 1  0      0 4636456  50236 1672628    0    0     0     6 12211 20274 36 15 48  1  0	
 4  0      0 4636224  50236 1672612    0    0     0     6 11841 21267 38 14 46  2  0	
procs -----------memory---------- ---swap-- -----io---- --system-- -----cpu-----
 r  b   swpd   free   buff  cache   si   so    bi    bo   in   cs us sy id wa st
 1  1      0 4636536  50236 1672616    0    0     0    10 11364 20161 37 12 50  1  0	
 1  0      0 4636196  50236 1672632    0    0     0     1 12249 20908 35 14 50  1  0	
 4  0      0 4636700  50236 1672636    0    0     0    15 11443 20452 37 12 49  2  0	
 1  0      0 4636600  50236 1672644    0    0     0     7 11436 19945 36 12 48  4  0	
 1  0      0 4636212  50236 1672652    0    0     0     6 12101 19537 35 14 49  2  0	
 2  0      0 4636484  50236 1672660    0    0     0     5 11739 20483 36 12 50  2  0	
 2  0      0 4636360  50236 1672676    0    0     0     6 11788 20607 38 12 48  1  0	
 1  0      0 4636236  50236 1672688    0    0     0     4 11939 20141 37 15 48  0  0	
 0  0      0 4636212  50236 1672700    0    0     0    14 11305 19622 34 12 52  2  0	
 0  0      0 4636236  50236 1672712    0    0     0     7 11678 21613 37 13 48  2  0	
 2  0      0 4636484  50236 1672716    0    0     0     6 11511 19605 35 15 46  4  0	
 3  0      0 4636336  50236 1672732    0    0     0     6 11793 21035 38 13 48  1  0	
 0  0      0 4636192  50236 1672736    0    0     0     6 11284 20085 38 15 44  3  0	
 3  0      0 4636364  50236 1672744    0    0     0     5 12073 20524 38 16 46  0  0	
 3  0      0 4636536  50236 1672752    0    0     0    19 11696 19697 36 13 49  2  0	
 1  0      0 4636436  50236 1672748    0    0     0     0 11709 20612 36 12 52  0  0	
10  0      0 4635964  50236 1672752    0    0     0     9 12017 20155 37 14 46  3  0	
 3  0      0 4636228  50236 1672764    0    0     0     4 11610 20162 36 13 51  1  0	
 0  0      0 4636228  50236 1672780    0    0     0     4 11497 20347 35 12 50  4  0	
 2  0      0 4635972  50236 1672788    0    0     0     4 11872 20249 37 16 47  1  0	
 1  1      0 4636112  50236 1672800    0    0     0    18 11830 20176 37 12 51  1  0	
procs -----------memory---------- ---swap-- -----io---- --system-- -----cpu-----
 r  b   swpd   free   buff  cache   si   so    bi    bo   in   cs us sy id wa st
 3  1      0 4636220  50236 1672804    0    0     0    11 11684 20382 36 12 51  1  0	
 1  0      0 4636220  50236 1672816    0    0     0     1 11936 20312 36 15 47  2  0	
 1  0      0 4636352  50236 1672824    0    0     0     4 11837 20380 37 13 49  1  0	
 2  0      0 4636492  50236 1672832    0    0     0     6 11452 20508 37 12 50  1  0	
 1  0      0 4635996  50236 1672840    0    0     0     5 11548 19294 35 14 48  3  0	
 0  0      0 4636128  50236 1672848    0    0     0    16 11526 20504 36 12 50  2  0	
 3  0      0 4636220  50236 1672856    0    0     0     7 11350 20055 36 12 47  4  0	
 9  0      0 4632960  50236 1672864    0    0     0     3 11477 20117 38 16 46  0  0	
12  0      0 4636000  50236 1672872    0    0     0     6 12092 20042 37 13 45  5  0	
 0  0      0 4635892  50236 1672884    0    0     0     6 11446 20073 37 12 49  2  0	
13  0      0 4600764  50236 1672872    0    0     0     3 11643 20048 38 13 48  1  0	
 8  0      0 4636196  50236 1672880    0    0     0    14 12155 20744 38 14 47  1  0	
 1  0      0 4636360  50236 1672888    0    0     0     7 11234 19609 36 12 50  3  0	
 2  0      0 4636252  50236 1672900    0    0     0     0 11233 20224 36 12 52  0  0	
 1  1      0 4636500  50236 1672904    0    0     0    11 12196 20551 38 15 46  0  0	
 1  0      0 4636376  50236 1672912    0    0     0     6 11432 20618 37 13 48  3  0	
 1  0      0 4636252  50236 1672924    0    0     0     4 11716 20416 37 12 50  1  0	
 4  0      0 4635872  50236 1672928    0    0     0    14 12300 19963 36 16 47  1  0	
 5  0      0 4636004  50236 1672940    0    0     0     9 11484 19906 36 12 49  2  0	
 0  0      0 4635880  50236 1672944    0    0     0     0 11422 20856 36 13 51  0  0	
 3  0      0 4636252  50236 1672952    0    0     0     6 11800 19693 37 14 48  2  0	
procs -----------memory---------- ---swap-- -----io---- --system-- -----cpu-----
 r  b   swpd   free   buff  cache   si   so    bi    bo   in   cs us sy id wa st
 0  1      0 4636072  50236 1672972    0    0     0    10 11476 20506 37 14 45  5  0	
 9  0      0 4633028  50236 1672980    0    0     0     6 11112 19682 36 14 48  2  0	
 2  0      0 4635828  50236 1672988    0    0     0    15 11912 19886 37 17 42  4  0	
 4  0      0 4635784  50236 1672996    0    0     0     0 11646 20049 36 12 53  0  0	
 0  0      0 4635932  50236 1672988    0    0     0     8 11605 20105 36 13 49  2  0	
 0  0      0 4636528  50236 1673000    0    0     0     5 12068 20219 37 15 47  1  0	
 3  0      0 4636024  50236 1673004    0    0     0     6 11535 20412 36 13 47  4  0	
 0  0      0 4636072  50236 1673020    0    0     0     8 11008 19339 35 12 53  1  0	
 1  0      0 4636072  50236 1673024    0    0     0    13 11570 19165 35 14 49  1  0	
 0  0      0 4636096  50236 1673032    0    0     0     0 11092 19447 36 11 53  0  0	
 0  0      0 4636476  50236 1673040    0    0     0     7 11636 20476 37 12 50  1  0	
 2  0      0 4636228  50236 1673048    0    0     0     7 12419 19970 36 15 49  0  0	
 0  0      0 4636112  50236 1673064    0    0     0     8 11727 20917 37 13 49  2  0	
 0  0      0 4636128  50236 1673080    0    0     0     4 11794 20265 38 12 49  1  0	
 3  1      0 4635848  50236 1673088    0    0     0    13 11749 19974 35 15 46  4  0	
 1  1      0 4635748  50236 1673096    0    0     0    15 11702 20849 36 12 47  4  0	
 1  0      0 4635864  50236 1673108    0    0     0    10 11994 21530 37 12 48  3  0	
 0  0      0 4636208  50236 1673120    0    0     0     2 11804 20838 40 19 39  2  0	
 1  0      0 4635636  50236 1673124    0    0     0     7 11656 20492 35 13 51  1  0	
 5  0      0 4636024  50236 1673116    0    0     0     6 11663 20434 36 13 49  2  0	
 0  0      0 4636048  50236 1673124    0    0     0    14 12133 20510 38 15 46  2  0	
procs -----------memory---------- ---swap-- -----io---- --system-- -----cpu-----
 r  b   swpd   free   buff  cache   si   so    bi    bo   in   cs us sy id wa st
 0  0      0 4635940  50236 1673132    0    0     0     7 11509 20021 36 12 47  4  0	
 0  1      0 4636088  50236 1673140    0    0     0    10 11170 20315 36 13 49  2  0	
 1  0      0 4636088  50236 1673160    0    0     0     1 12077 19906 36 15 47  2  0	
 1  0      0 4635724  50236 1673168    0    0     0     4 11215 19834 37 13 50  1  0	
 1  0      0 4635848  50236 1673180    0    0     0     8 11358 19974 37 12 49  2  0	
 3  0      0 4635972  50236 1673188    0    0     0    14 12059 19544 37 15 47  2  0	
 2  0      0 4635732  50236 1673204    0    0     0     9 11758 20638 37 13 49  2  0	
 0  0      0 4635608  50236 1673212    0    0     0     6 11556 20819 38 13 47  3  0	
 3  0      0 4636584  50236 1673220    0    0     0     5 12288 20164 37 16 47  0  0	
 5  0      0 4635848  50236 1673228    0    0     0     7 11468 20372 35 12 47  5  0	
 3  0      0 4635740  50236 1673236    0    0     0     7 11171 19877 35 11 52  1  0	
 3  0      0 4635496  50236 1673244    0    0     0    15 11278 19253 38 17 43  1  0	
 2  0      0 4635916  50236 1673252    0    0     0     7 11274 19894 35 12 52  2  0	
 0  0      0 4635832  50236 1673240    0    0     0     6 11691 20172 36 12 50  2  0	
 2  0      0 4635584  50236 1673256    0    0     0     0 12259 20142 37 15 48  0  0	
 0  0      0 4635608  50236 1673268    0    0     0     9 11568 20501 36 13 49  2  0	
 3  0      0 4635616  50236 1673276    0    0     0     6 11681 20313 36 12 50  1  0	
 7  0      0 4635840  50236 1673284    0    0     0    12 11692 20180 35 15 46  4  0	
 2  0      0 4635748  50236 1673292    0    0     0     9 10953 18901 33 11 53  3  0	
 6  0      0 4635764  50236 1673304    0    0     0     6 11276 19998 36 12 50  2  0	
 0  0      0 4635872  50236 1673308    0    0     0     3 12239 20408 37 16 47  1  0	
procs -----------memory---------- ---swap-- -----io---- --system-- -----cpu-----
 r  b   swpd   free   buff  cache   si   so    bi    bo   in   cs us sy id wa st
 5  0      0 4635716  50236 1673324    0    0     0     0 11476 20021 35 13 52  0  0	
 0  0      0 4635608  50236 1673332    0    0     0     9 11666 20222 37 12 48  3  0	
 1  0      0 4635732  50236 1673340    0    0     0    14 11747 20031 37 14 48  1  0	
 2  0      0 4635732  50236 1673348    0    0     0    10 11477 19961 37 12 46  5  0	
 5  0      0 4635988  50236 1673356    0    0     0     6 11580 20925 37 13 49  2  0	
 5  0      0 4635340  50236 1673364    0    0     0     4 11911 19746 39 17 42  2  0	
 1  0      0 4635504  50236 1673368    0    0     0     0 11758 21057 37 13 51  0  0	
 2  0      0 4635312  50236 1673376    0    0     0     6 11479 19899 36 12 50  2  0	
 4  0      0 4635296  50236 1673368    0    0     0    18 11961 20070 36 15 46  3  0	
 2  0      0 4635460  50236 1673376    0    0     0     8 11563 19894 35 13 48  4  0	
 3  0      0 4635840  50236 1673384    0    0     0     6 11620 20057 36 12 50  2  0	
 1  0      0 4635856  50236 1673388    0    0     0     4 12109 19758 36 15 46  2  0	
 4  0      0 4635716  50236 1673400    0    0     0     0 11186 20200 36 13 52  0  0	
11  0      0 4635724  50236 1673412    0    0     0     6 11257 19629 35 12 51  2  0	
12  0      0 4635624  50236 1673416    0    0     0    13 11727 19879 35 15 49  1  0	
 3  0      0 4635748  50236 1673424    0    0     0    10 11378 19619 35 12 52  1  0	
 1  0      0 4635872  50236 1673436    0    0     0     6 11724 20883 38 12 48  2  0	
 1  1      0 4635748  50236 1673452    0    0     0     6 11873 19837 35 15 49  1  0	
14  0      0 4635528  50236 1673460    0    0     0     5 11410 20057 36 14 48  2  0	
 1  0      0 4635568  50236 1673480    0    0     0     0 11541 20125 35 12 53  0  0	
 0  0      0 4635584  50236 1673484    0    0     0    13 11766 20680 37 15 46  2  0	
procs -----------memory---------- ---swap-- -----io---- --system-- -----cpu-----
 r  b   swpd   free   buff  cache   si   so    bi    bo   in   cs us sy id wa st
 1  0      0 4635364  50240 1673492    0    0     0     7 11842 20607 40 15 44  1  0	
 1  0      0 4635320  50240 1673500    0    0     0     4 11275 19935 36 12 50  1  0	
 4  0      0 4635544  50240 1673488    0    0     0    12 11901 20469 37 14 49  0  0	
 0  0      0 4635312  50240 1673496    0    0     0     9 11709 20667 37 14 47  3  0	
 2  0      0 4635436  50240 1673508    0    0     0     0 11382 19821 36 12 52  0  0	
 1  0      0 4635312  50240 1673516    0    0     0    13 12017 20417 36 14 48  2  0	
 0  0      0 4635468  50240 1673520    0    0     0     8 11638 19287 35 12 51  2  0	
 1  0      0 4635476  50240 1673528    0    0     0     4 11246 19942 35 12 52  1  0	
 2  0      0 4635724  50240 1673544    0    0     0     5 11766 19711 35 15 50  0  0	
 0  1      0 4635368  50240 1673556    0    0     0     7 11343 19898 35 12 50  2  0	
 1  0      0 4635368  50240 1673568    0    0     0     6 11392 20009 35 12 52  1  0	
 0  0      0 4635064  50240 1673580    0    0     0    13 11935 19806 35 15 47  3  0	
 0  0      0 4635476  50240 1673584    0    0     0     9 11697 19504 36 11 51  2  0	
 1  0      0 4635368  50240 1673596    0    0     0     5 11536 19789 35 13 51  2  0	
 5  0      0 4614760  50240 1673604    0    0     0     6 11788 19721 36 14 49  1  0	
 1  1      0 4635300  50240 1673616    0    0     0    10 11431 20180 38 18 42  2  0	
 4  0      0 4635224  50240 1673620    0    0     0     1 11341 20241 36 11 52  1  0	
 4  1      0 4635356  50240 1673632    0    0     0    24 12144 21221 38 15 43  4  0	
 4  1      0 4635248  50240 1673620    0    0     0     5 11798 19659 34 11 54  2  0	
 3  0      0 4635676  50240 1673624    0    0     0     1 12055 21117 36 12 51  1  0	
 2  0      0 4635164  50240 1673644    0    0     0     6 11970 19700 36 14 48  2  0	
procs -----------memory---------- ---swap-- -----io---- --system-- -----cpu-----
 r  b   swpd   free   buff  cache   si   so    bi    bo   in   cs us sy id wa st
 0  0      0 4635064  50240 1673652    0    0     0     5 12189 21111 38 13 48  1  0	
 1  0      0 4634932  50240 1673664    0    0     0     5 11330 19849 36 12 51  1  0	
 2  0      0 4635544  50240 1673668    0    0     0    12 11657 20388 37 15 45  3  0	
 1  0      0 4635064  50240 1673680    0    0     0    13 11561 20871 38 13 46  3  0	
 2  1      0 4635196  50240 1673688    0    0     0     6 11645 21151 37 13 48  2  0	
18  0      0 4617380  50240 1673692    0    0     0     0 11617 20813 38 13 48  0  0	
 5  0      0 4635328  50240 1673708    0    0     0     5 12121 20276 36 14 49  1  0	
 1  0      0 4635460  50240 1673716    0    0     0     6 11389 20068 35 12 51  2  0	
 0  0      0 4635220  50240 1673724    0    0     0    14 11394 19516 37 13 49  1  0	
 5  0      0 4632472  50240 1673740    0    0     0     9 11860 19729 36 14 44  5  0	
 2  0      0 4635076  50240 1673744    0    0     0     3 11285 20081 36 15 48  0  0	
 1  1      0 4635496  50240 1673748    0    0     0     7 11206 19802 36 13 49  2  0	
 2  0      0 4635040  50240 1673740    0    0     0     1 12059 21043 36 15 49  0  0	
 0  0      0 4635080  50240 1673748    0    0     0     6 11431 19866 36 12 50  1  0	
 0  0      0 4635228  50240 1673756    0    0     0    15 11406 19383 36 13 50  1  0	
 3  0      0 4635344  50240 1673764    0    0     0     8 12328 20371 37 15 44  5  0	
 0  0      0 4635344  50240 1673772    0    0     0     4 11484 19721 35 12 52  1  0	
 0  0      0 4635352  50240 1673776    0    0     0     6 11481 19939 36 12 48  4  0	
 0  0      0 4635312  50240 1673788    0    0     0    10 12130 20380 37 16 47  1  0	
 3  0      0 4635204  50240 1673800    0    0     0     6 11077 20285 36 12 51  2  0	
 5  0      0 4635096  50240 1673804    0    0     0     9 11428 21084 38 14 48  0  0	
procs -----------memory---------- ---swap-- -----io---- --system-- -----cpu-----
 r  b   swpd   free   buff  cache   si   so    bi    bo   in   cs us sy id wa st
 1  0      0 4635228  50240 1673816    0    0     0     9 12094 20187 36 14 48  2  0	
 2  0      0 4635120  50240 1673824    0    0     0     7 11421 19595 37 12 50  1  0	
 0  0      0 4635236  50240 1673844    0    0     0     7 11523 19924 36 12 51  1  0	
